ARM GAS  C:\Users\cruiser\AppData\Local\Temp\ccvxbPSB.s 			page 1


   1              		.syntax unified
   2              		.cpu cortex-m3
   3              		.fpu softvfp
   4              		.eabi_attribute 20, 1
   5              		.eabi_attribute 21, 1
   6              		.eabi_attribute 23, 3
   7              		.eabi_attribute 24, 1
   8              		.eabi_attribute 25, 1
   9              		.eabi_attribute 26, 1
  10              		.eabi_attribute 30, 1
  11              		.eabi_attribute 34, 1
  12              		.eabi_attribute 18, 4
  13              		.thumb
  14              		.file	"DieTemp.c"
  15              		.text
  16              	.Ltext0:
  17              		.cfi_sections	.debug_frame
  18              		.section	.text.DieTemp_Start,"ax",%progbits
  19              		.align	2
  20              		.global	DieTemp_Start
  21              		.thumb
  22              		.thumb_func
  23              		.type	DieTemp_Start, %function
  24              	DieTemp_Start:
  25              	.LFB0:
  26              		.file 1 ".\\Generated_Source\\PSoC5\\DieTemp.c"
   1:.\Generated_Source\PSoC5/DieTemp.c **** /*******************************************************************************
   2:.\Generated_Source\PSoC5/DieTemp.c **** * File Name: DieTemp_DieTemp.c
   3:.\Generated_Source\PSoC5/DieTemp.c **** * Version 2.0
   4:.\Generated_Source\PSoC5/DieTemp.c **** *
   5:.\Generated_Source\PSoC5/DieTemp.c **** * Description:
   6:.\Generated_Source\PSoC5/DieTemp.c **** *  Provides the API to acquire the die temperature.
   7:.\Generated_Source\PSoC5/DieTemp.c **** *
   8:.\Generated_Source\PSoC5/DieTemp.c **** ********************************************************************************
   9:.\Generated_Source\PSoC5/DieTemp.c **** * Copyright 2008-2012, Cypress Semiconductor Corporation.  All rights reserved.
  10:.\Generated_Source\PSoC5/DieTemp.c **** * You may use this file only in accordance with the license, terms, conditions,
  11:.\Generated_Source\PSoC5/DieTemp.c **** * disclaimers, and limitations in the end user license agreement accompanying
  12:.\Generated_Source\PSoC5/DieTemp.c **** * the software package with which this file was provided.
  13:.\Generated_Source\PSoC5/DieTemp.c **** *******************************************************************************/
  14:.\Generated_Source\PSoC5/DieTemp.c **** 
  15:.\Generated_Source\PSoC5/DieTemp.c **** 
  16:.\Generated_Source\PSoC5/DieTemp.c **** #include <cydevice_trm.H>
  17:.\Generated_Source\PSoC5/DieTemp.c **** #include <DieTemp.h>
  18:.\Generated_Source\PSoC5/DieTemp.c **** 
  19:.\Generated_Source\PSoC5/DieTemp.c **** 
  20:.\Generated_Source\PSoC5/DieTemp.c **** #define DieTemp_NUMBER_OF_SAMPLES      (0x1u)
  21:.\Generated_Source\PSoC5/DieTemp.c **** #define DieTemp_TIMER_PERIOD           (0xFFFu)
  22:.\Generated_Source\PSoC5/DieTemp.c **** #define DieTemp_CLK_DIV_SELECT         (0x4u)
  23:.\Generated_Source\PSoC5/DieTemp.c **** #define DieTemp_SPC_CLK_PERIOD         (120u) /* In nano seconds. */
  24:.\Generated_Source\PSoC5/DieTemp.c **** #define DieTemp_NANO_TO_MILLI_FACTOR   (1000000u)
  25:.\Generated_Source\PSoC5/DieTemp.c **** #define DieTemp_FRM_EXEC_TIME          (1000u) /* In nano seconds. */
  26:.\Generated_Source\PSoC5/DieTemp.c **** 
  27:.\Generated_Source\PSoC5/DieTemp.c **** #define DieTemp_GET_TEMPR_TIME     (uint32)(((((uint32)1u << (DieTemp_NUMBER_OF_SAMPLES + 1u))) * \
  28:.\Generated_Source\PSoC5/DieTemp.c ****                                                 ((uint32)(DieTemp_SPC_CLK_PERIOD * \
  29:.\Generated_Source\PSoC5/DieTemp.c ****                                                 DieTemp_CLK_DIV_SELECT)) * \
  30:.\Generated_Source\PSoC5/DieTemp.c ****                                                 ((uint32)DieTemp_TIMER_PERIOD)) + \
  31:.\Generated_Source\PSoC5/DieTemp.c ****                                                 (uint32)DieTemp_FRM_EXEC_TIME)
ARM GAS  C:\Users\cruiser\AppData\Local\Temp\ccvxbPSB.s 			page 2


  32:.\Generated_Source\PSoC5/DieTemp.c **** 
  33:.\Generated_Source\PSoC5/DieTemp.c **** #define DieTemp_MAX_WAIT           (uint16)(((DieTemp_GET_TEMPR_TIME + \
  34:.\Generated_Source\PSoC5/DieTemp.c ****                                                 DieTemp_NANO_TO_MILLI_FACTOR) - 1u) / \
  35:.\Generated_Source\PSoC5/DieTemp.c ****                                                 DieTemp_NANO_TO_MILLI_FACTOR)  /* In milli seconds.
  36:.\Generated_Source\PSoC5/DieTemp.c **** 
  37:.\Generated_Source\PSoC5/DieTemp.c **** static cystatus DieTemp_GetTempT(int16 * temperature);
  38:.\Generated_Source\PSoC5/DieTemp.c **** 
  39:.\Generated_Source\PSoC5/DieTemp.c **** 
  40:.\Generated_Source\PSoC5/DieTemp.c **** /*******************************************************************************
  41:.\Generated_Source\PSoC5/DieTemp.c **** * Function Name: DieTemp_Start
  42:.\Generated_Source\PSoC5/DieTemp.c **** ********************************************************************************
  43:.\Generated_Source\PSoC5/DieTemp.c **** *
  44:.\Generated_Source\PSoC5/DieTemp.c **** * Summary:
  45:.\Generated_Source\PSoC5/DieTemp.c **** *  Starts the SPC command to get the die temperature. If this function is
  46:.\Generated_Source\PSoC5/DieTemp.c **** *  called successfuly. The SPC will be locked and DieTemp_QueryDieTemp
  47:.\Generated_Source\PSoC5/DieTemp.c **** *  will have to be successfuly called to unlock it. CySpcUnlock() can also
  48:.\Generated_Source\PSoC5/DieTemp.c **** *  be called if the caller decides not to finish the temperature reading.
  49:.\Generated_Source\PSoC5/DieTemp.c **** *
  50:.\Generated_Source\PSoC5/DieTemp.c **** * Parameters:
  51:.\Generated_Source\PSoC5/DieTemp.c **** *  void.
  52:.\Generated_Source\PSoC5/DieTemp.c **** *
  53:.\Generated_Source\PSoC5/DieTemp.c **** * Return:
  54:.\Generated_Source\PSoC5/DieTemp.c **** *  CYRET_STARTED if the spc command was started sucessfuly.
  55:.\Generated_Source\PSoC5/DieTemp.c **** *  CYRET_UNKNOWN if the spc command failed.
  56:.\Generated_Source\PSoC5/DieTemp.c **** *  CYRET_LOCKED if the spc was busy.
  57:.\Generated_Source\PSoC5/DieTemp.c **** *
  58:.\Generated_Source\PSoC5/DieTemp.c **** *******************************************************************************/
  59:.\Generated_Source\PSoC5/DieTemp.c **** cystatus DieTemp_Start(void) 
  60:.\Generated_Source\PSoC5/DieTemp.c **** {
  27              		.loc 1 60 0
  28              		.cfi_startproc
  29              		@ args = 0, pretend = 0, frame = 0
  30              		@ frame_needed = 0, uses_anonymous_args = 0
  31 0000 10B5     		push	{r4, lr}
  32              		.cfi_def_cfa_offset 8
  33              		.cfi_offset 4, -8
  34              		.cfi_offset 14, -4
  35              	.LVL0:
  61:.\Generated_Source\PSoC5/DieTemp.c ****     cystatus status;
  62:.\Generated_Source\PSoC5/DieTemp.c **** 
  63:.\Generated_Source\PSoC5/DieTemp.c ****     /* Plan for failure. */
  64:.\Generated_Source\PSoC5/DieTemp.c ****     status = CYRET_UNKNOWN;
  65:.\Generated_Source\PSoC5/DieTemp.c **** 
  66:.\Generated_Source\PSoC5/DieTemp.c ****     /* Power up the SPC. */
  67:.\Generated_Source\PSoC5/DieTemp.c ****     CySpcStart();
  36              		.loc 1 67 0
  37 0002 FFF7FEFF 		bl	CySpcStart
  38              	.LVL1:
  68:.\Generated_Source\PSoC5/DieTemp.c **** 
  69:.\Generated_Source\PSoC5/DieTemp.c ****     if(CySpcLock() == CYRET_SUCCESS)
  39              		.loc 1 69 0
  40 0006 FFF7FEFF 		bl	CySpcLock
  41              	.LVL2:
  42 000a 58B9     		cbnz	r0, .L4
  70:.\Generated_Source\PSoC5/DieTemp.c ****     {
  71:.\Generated_Source\PSoC5/DieTemp.c ****         #if(CY_PSOC5A)
  72:.\Generated_Source\PSoC5/DieTemp.c ****             if(CYRET_STARTED == CySpcGetTemp(DieTemp_NUMBER_OF_SAMPLES,
ARM GAS  C:\Users\cruiser\AppData\Local\Temp\ccvxbPSB.s 			page 3


  73:.\Generated_Source\PSoC5/DieTemp.c ****                                              DieTemp_TIMER_PERIOD,
  74:.\Generated_Source\PSoC5/DieTemp.c ****                                              DieTemp_CLK_DIV_SELECT))
  75:.\Generated_Source\PSoC5/DieTemp.c ****             {
  76:.\Generated_Source\PSoC5/DieTemp.c ****                 status = CYRET_STARTED;
  77:.\Generated_Source\PSoC5/DieTemp.c ****             }
  78:.\Generated_Source\PSoC5/DieTemp.c ****         #else
  79:.\Generated_Source\PSoC5/DieTemp.c ****             if(CYRET_STARTED == CySpcGetTemp(DieTemp_NUMBER_OF_SAMPLES))
  43              		.loc 1 79 0
  44 000c 0120     		movs	r0, #1
  45 000e FFF7FEFF 		bl	CySpcGetTemp
  46              	.LVL3:
  47 0012 0728     		cmp	r0, #7
  48 0014 02D0     		beq	.L5
  64:.\Generated_Source\PSoC5/DieTemp.c **** 
  49              		.loc 1 64 0
  50 0016 4FF0FF34 		mov	r4, #-1
  51 001a 00E0     		b	.L3
  52              	.L5:
  80:.\Generated_Source\PSoC5/DieTemp.c ****             {
  81:.\Generated_Source\PSoC5/DieTemp.c ****                 status = CYRET_STARTED;
  53              		.loc 1 81 0
  54 001c 0724     		movs	r4, #7
  55              	.L3:
  56              	.LVL4:
  82:.\Generated_Source\PSoC5/DieTemp.c ****             }
  83:.\Generated_Source\PSoC5/DieTemp.c ****         #endif  /* (CY_PSOC5A) */
  84:.\Generated_Source\PSoC5/DieTemp.c ****         CySpcUnlock();
  57              		.loc 1 84 0
  58 001e FFF7FEFF 		bl	CySpcUnlock
  59              	.LVL5:
  60 0022 00E0     		b	.L2
  61              	.LVL6:
  62              	.L4:
  85:.\Generated_Source\PSoC5/DieTemp.c ****     }
  86:.\Generated_Source\PSoC5/DieTemp.c ****     else
  87:.\Generated_Source\PSoC5/DieTemp.c ****     {
  88:.\Generated_Source\PSoC5/DieTemp.c ****         status = CYRET_LOCKED;
  63              		.loc 1 88 0
  64 0024 0424     		movs	r4, #4
  65              	.LVL7:
  66              	.L2:
  89:.\Generated_Source\PSoC5/DieTemp.c ****     }
  90:.\Generated_Source\PSoC5/DieTemp.c ****     return (status);
  91:.\Generated_Source\PSoC5/DieTemp.c **** }
  67              		.loc 1 91 0
  68 0026 2046     		mov	r0, r4
  69 0028 10BD     		pop	{r4, pc}
  70              		.cfi_endproc
  71              	.LFE0:
  72              		.size	DieTemp_Start, .-DieTemp_Start
  73 002a 00BF     		.section	.text.DieTemp_Stop,"ax",%progbits
  74              		.align	2
  75              		.global	DieTemp_Stop
  76              		.thumb
  77              		.thumb_func
  78              		.type	DieTemp_Stop, %function
  79              	DieTemp_Stop:
ARM GAS  C:\Users\cruiser\AppData\Local\Temp\ccvxbPSB.s 			page 4


  80              	.LFB1:
  92:.\Generated_Source\PSoC5/DieTemp.c **** 
  93:.\Generated_Source\PSoC5/DieTemp.c **** 
  94:.\Generated_Source\PSoC5/DieTemp.c **** /*******************************************************************************
  95:.\Generated_Source\PSoC5/DieTemp.c **** * FUNCTION NAME:   DieTemp_Stop
  96:.\Generated_Source\PSoC5/DieTemp.c **** ********************************************************************************
  97:.\Generated_Source\PSoC5/DieTemp.c **** *
  98:.\Generated_Source\PSoC5/DieTemp.c **** * Summary:
  99:.\Generated_Source\PSoC5/DieTemp.c **** *  There is no need to stop or disable this component. This component is
 100:.\Generated_Source\PSoC5/DieTemp.c **** *  naturally a slave that sends request to SPC through SPC API of cy_boot
 101:.\Generated_Source\PSoC5/DieTemp.c **** *  and waits for data to be ready or in case of non-blocking operation it
 102:.\Generated_Source\PSoC5/DieTemp.c **** *  sends request to SPC and user can manually poll the result.
 103:.\Generated_Source\PSoC5/DieTemp.c **** *
 104:.\Generated_Source\PSoC5/DieTemp.c **** * Parameters:
 105:.\Generated_Source\PSoC5/DieTemp.c **** *  void
 106:.\Generated_Source\PSoC5/DieTemp.c **** *
 107:.\Generated_Source\PSoC5/DieTemp.c **** * Return:
 108:.\Generated_Source\PSoC5/DieTemp.c **** *  void
 109:.\Generated_Source\PSoC5/DieTemp.c **** *
 110:.\Generated_Source\PSoC5/DieTemp.c **** *******************************************************************************/
 111:.\Generated_Source\PSoC5/DieTemp.c **** void DieTemp_Stop(void) 
 112:.\Generated_Source\PSoC5/DieTemp.c **** {
  81              		.loc 1 112 0
  82              		.cfi_startproc
  83              		@ args = 0, pretend = 0, frame = 0
  84              		@ frame_needed = 0, uses_anonymous_args = 0
  85              		@ link register save eliminated.
  86 0000 7047     		bx	lr
  87              		.cfi_endproc
  88              	.LFE1:
  89              		.size	DieTemp_Stop, .-DieTemp_Stop
  90 0002 00BF     		.section	.text.DieTemp_Query,"ax",%progbits
  91              		.align	2
  92              		.global	DieTemp_Query
  93              		.thumb
  94              		.thumb_func
  95              		.type	DieTemp_Query, %function
  96              	DieTemp_Query:
  97              	.LFB2:
 113:.\Generated_Source\PSoC5/DieTemp.c ****     /* There aren't anything to stop */
 114:.\Generated_Source\PSoC5/DieTemp.c **** }
 115:.\Generated_Source\PSoC5/DieTemp.c **** 
 116:.\Generated_Source\PSoC5/DieTemp.c **** 
 117:.\Generated_Source\PSoC5/DieTemp.c **** /*******************************************************************************
 118:.\Generated_Source\PSoC5/DieTemp.c **** * Function Name: DieTemp_Query
 119:.\Generated_Source\PSoC5/DieTemp.c **** ********************************************************************************
 120:.\Generated_Source\PSoC5/DieTemp.c **** *
 121:.\Generated_Source\PSoC5/DieTemp.c **** * Summary:
 122:.\Generated_Source\PSoC5/DieTemp.c **** *  Querys the SPC to see if the termperature command is finished.
 123:.\Generated_Source\PSoC5/DieTemp.c **** *
 124:.\Generated_Source\PSoC5/DieTemp.c **** * Parameters:
 125:.\Generated_Source\PSoC5/DieTemp.c **** *  temperature: Address to store the two byte temperature value.
 126:.\Generated_Source\PSoC5/DieTemp.c **** *
 127:.\Generated_Source\PSoC5/DieTemp.c **** * Return:
 128:.\Generated_Source\PSoC5/DieTemp.c **** *  CYRET_SUCCESS if the temperature command completed sucessfully.
 129:.\Generated_Source\PSoC5/DieTemp.c **** *  CYRET_UNKNOWN if the there was an spc failure.
 130:.\Generated_Source\PSoC5/DieTemp.c **** *  CYRET_STARTED if the temperature command has not completed.
ARM GAS  C:\Users\cruiser\AppData\Local\Temp\ccvxbPSB.s 			page 5


 131:.\Generated_Source\PSoC5/DieTemp.c **** *  CYRET_TIMEOUT if waited to long before reading data.
 132:.\Generated_Source\PSoC5/DieTemp.c **** *
 133:.\Generated_Source\PSoC5/DieTemp.c **** *******************************************************************************/
 134:.\Generated_Source\PSoC5/DieTemp.c **** cystatus DieTemp_Query(int16 * temperature) 
 135:.\Generated_Source\PSoC5/DieTemp.c **** {
  98              		.loc 1 135 0
  99              		.cfi_startproc
 100              		@ args = 0, pretend = 0, frame = 8
 101              		@ frame_needed = 0, uses_anonymous_args = 0
 102              	.LVL8:
 103              		.loc 1 135 0
 104 0000 10B5     		push	{r4, lr}
 105              		.cfi_def_cfa_offset 8
 106              		.cfi_offset 4, -8
 107              		.cfi_offset 14, -4
 108 0002 82B0     		sub	sp, sp, #8
 109              		.cfi_def_cfa_offset 16
 136:.\Generated_Source\PSoC5/DieTemp.c ****     uint8 temp[2u];
 137:.\Generated_Source\PSoC5/DieTemp.c ****     cystatus status;
 138:.\Generated_Source\PSoC5/DieTemp.c **** 
 139:.\Generated_Source\PSoC5/DieTemp.c **** 
 140:.\Generated_Source\PSoC5/DieTemp.c ****     if(CY_SPC_BUSY)
 110              		.loc 1 140 0
 111 0004 154B     		ldr	r3, .L16
 112 0006 1B78     		ldrb	r3, [r3]	@ zero_extendqisi2
 113 0008 13F0020F 		tst	r3, #2
 114 000c 19D1     		bne	.L12
 115 000e 0446     		mov	r4, r0
 141:.\Generated_Source\PSoC5/DieTemp.c ****     {
 142:.\Generated_Source\PSoC5/DieTemp.c ****         if((CY_SPC_STATUS_REG>>2u) == CYRET_SUCCESS)
 116              		.loc 1 142 0
 117 0010 124B     		ldr	r3, .L16
 118 0012 1B78     		ldrb	r3, [r3]	@ zero_extendqisi2
 119 0014 9B08     		lsrs	r3, r3, #2
 120 0016 16D1     		bne	.L13
 143:.\Generated_Source\PSoC5/DieTemp.c ****         {
 144:.\Generated_Source\PSoC5/DieTemp.c ****             /* See if any data is ready. */
 145:.\Generated_Source\PSoC5/DieTemp.c ****             if(CySpcReadData(temp, 2u) == 2u)
 121              		.loc 1 145 0
 122 0018 01A8     		add	r0, sp, #4
 123              	.LVL9:
 124 001a 0221     		movs	r1, #2
 125 001c FFF7FEFF 		bl	CySpcReadData
 126              	.LVL10:
 127 0020 0228     		cmp	r0, #2
 128 0022 12D1     		bne	.L14
 146:.\Generated_Source\PSoC5/DieTemp.c ****             {
 147:.\Generated_Source\PSoC5/DieTemp.c ****                 if(temp[0u] == 1u)
 129              		.loc 1 147 0
 130 0024 9DF80430 		ldrb	r3, [sp, #4]	@ zero_extendqisi2
 131 0028 012B     		cmp	r3, #1
 132 002a 04D1     		bne	.L10
 148:.\Generated_Source\PSoC5/DieTemp.c ****                 {
 149:.\Generated_Source\PSoC5/DieTemp.c ****                     *temperature = (int16) ((uint16) temp[1]);
 133              		.loc 1 149 0
 134 002c 9DF80530 		ldrb	r3, [sp, #5]	@ zero_extendqisi2
 135 0030 2380     		strh	r3, [r4]	@ movhi
ARM GAS  C:\Users\cruiser\AppData\Local\Temp\ccvxbPSB.s 			page 6


 150:.\Generated_Source\PSoC5/DieTemp.c ****                 }
 151:.\Generated_Source\PSoC5/DieTemp.c ****                 else
 152:.\Generated_Source\PSoC5/DieTemp.c ****                 {
 153:.\Generated_Source\PSoC5/DieTemp.c ****                     *temperature = (int16) - ((int16) temp[1]);
 154:.\Generated_Source\PSoC5/DieTemp.c ****                 }
 155:.\Generated_Source\PSoC5/DieTemp.c ****                 status = CYRET_SUCCESS;
 136              		.loc 1 155 0
 137 0032 0024     		movs	r4, #0
 138              	.LVL11:
 139 0034 0BE0     		b	.L9
 140              	.LVL12:
 141              	.L10:
 153:.\Generated_Source\PSoC5/DieTemp.c ****                 }
 142              		.loc 1 153 0
 143 0036 9DF80530 		ldrb	r3, [sp, #5]	@ zero_extendqisi2
 144 003a 5B42     		negs	r3, r3
 145 003c 2380     		strh	r3, [r4]	@ movhi
 146              		.loc 1 155 0
 147 003e 0024     		movs	r4, #0
 148              	.LVL13:
 149 0040 05E0     		b	.L9
 150              	.LVL14:
 151              	.L12:
 156:.\Generated_Source\PSoC5/DieTemp.c ****             }
 157:.\Generated_Source\PSoC5/DieTemp.c ****             else
 158:.\Generated_Source\PSoC5/DieTemp.c ****             {
 159:.\Generated_Source\PSoC5/DieTemp.c ****                 status = CYRET_UNKNOWN;
 160:.\Generated_Source\PSoC5/DieTemp.c ****             }
 161:.\Generated_Source\PSoC5/DieTemp.c ****         }
 162:.\Generated_Source\PSoC5/DieTemp.c ****         else
 163:.\Generated_Source\PSoC5/DieTemp.c ****         {
 164:.\Generated_Source\PSoC5/DieTemp.c ****             status = CYRET_STARTED;
 165:.\Generated_Source\PSoC5/DieTemp.c ****         }
 166:.\Generated_Source\PSoC5/DieTemp.c ****     }
 167:.\Generated_Source\PSoC5/DieTemp.c ****     else
 168:.\Generated_Source\PSoC5/DieTemp.c ****     {
 169:.\Generated_Source\PSoC5/DieTemp.c ****         status = CYRET_TIMEOUT;
 152              		.loc 1 169 0
 153 0042 1024     		movs	r4, #16
 154 0044 03E0     		b	.L9
 155              	.L13:
 164:.\Generated_Source\PSoC5/DieTemp.c ****         }
 156              		.loc 1 164 0
 157 0046 0724     		movs	r4, #7
 158 0048 01E0     		b	.L9
 159              	.LVL15:
 160              	.L14:
 159:.\Generated_Source\PSoC5/DieTemp.c ****             }
 161              		.loc 1 159 0
 162 004a 4FF0FF34 		mov	r4, #-1
 163              	.LVL16:
 164              	.L9:
 170:.\Generated_Source\PSoC5/DieTemp.c ****     }
 171:.\Generated_Source\PSoC5/DieTemp.c **** 
 172:.\Generated_Source\PSoC5/DieTemp.c ****     if(status != CYRET_STARTED)
 165              		.loc 1 172 0
 166 004e 072C     		cmp	r4, #7
ARM GAS  C:\Users\cruiser\AppData\Local\Temp\ccvxbPSB.s 			page 7


 167 0050 01D0     		beq	.L11
 173:.\Generated_Source\PSoC5/DieTemp.c ****     {
 174:.\Generated_Source\PSoC5/DieTemp.c ****         /* Unlock the SPC so someone else can use it. */
 175:.\Generated_Source\PSoC5/DieTemp.c ****         CySpcUnlock();
 168              		.loc 1 175 0
 169 0052 FFF7FEFF 		bl	CySpcUnlock
 170              	.LVL17:
 171              	.L11:
 176:.\Generated_Source\PSoC5/DieTemp.c ****     }
 177:.\Generated_Source\PSoC5/DieTemp.c ****     return (status);
 178:.\Generated_Source\PSoC5/DieTemp.c **** }
 172              		.loc 1 178 0
 173 0056 2046     		mov	r0, r4
 174 0058 02B0     		add	sp, sp, #8
 175              		.cfi_def_cfa_offset 8
 176              		@ sp needed
 177 005a 10BD     		pop	{r4, pc}
 178              	.LVL18:
 179              	.L17:
 180              		.align	2
 181              	.L16:
 182 005c 22470040 		.word	1073760034
 183              		.cfi_endproc
 184              	.LFE2:
 185              		.size	DieTemp_Query, .-DieTemp_Query
 186              		.section	.text.DieTemp_GetTempT,"ax",%progbits
 187              		.align	2
 188              		.thumb
 189              		.thumb_func
 190              		.type	DieTemp_GetTempT, %function
 191              	DieTemp_GetTempT:
 192              	.LFB3:
 179:.\Generated_Source\PSoC5/DieTemp.c **** 
 180:.\Generated_Source\PSoC5/DieTemp.c **** 
 181:.\Generated_Source\PSoC5/DieTemp.c **** /*******************************************************************************
 182:.\Generated_Source\PSoC5/DieTemp.c **** * Function Name: DieTemp_GetTemp
 183:.\Generated_Source\PSoC5/DieTemp.c **** ********************************************************************************
 184:.\Generated_Source\PSoC5/DieTemp.c **** *
 185:.\Generated_Source\PSoC5/DieTemp.c **** * Summary:
 186:.\Generated_Source\PSoC5/DieTemp.c **** *  Sets up the command to get the temperature and blocks until finished. After
 187:.\Generated_Source\PSoC5/DieTemp.c **** *  DieTemp_MAX_WAIT ticks the function will return even if the
 188:.\Generated_Source\PSoC5/DieTemp.c **** *  SPC has not finished.
 189:.\Generated_Source\PSoC5/DieTemp.c **** *
 190:.\Generated_Source\PSoC5/DieTemp.c **** * Parameters:
 191:.\Generated_Source\PSoC5/DieTemp.c **** *  temperature: Address to store the two byte temperature value.
 192:.\Generated_Source\PSoC5/DieTemp.c **** *
 193:.\Generated_Source\PSoC5/DieTemp.c **** * Return:
 194:.\Generated_Source\PSoC5/DieTemp.c **** *  CYRET_SUCCESS if the command was completed sucessfuly.
 195:.\Generated_Source\PSoC5/DieTemp.c **** *  Status code from DieTemp_Start or DieTemp_Query
 196:.\Generated_Source\PSoC5/DieTemp.c **** *
 197:.\Generated_Source\PSoC5/DieTemp.c **** *******************************************************************************/
 198:.\Generated_Source\PSoC5/DieTemp.c **** static cystatus DieTemp_GetTempT(int16 * temperature) 
 199:.\Generated_Source\PSoC5/DieTemp.c **** {
 193              		.loc 1 199 0
 194              		.cfi_startproc
 195              		@ args = 0, pretend = 0, frame = 0
 196              		@ frame_needed = 0, uses_anonymous_args = 0
ARM GAS  C:\Users\cruiser\AppData\Local\Temp\ccvxbPSB.s 			page 8


 197              	.LVL19:
 198 0000 70B5     		push	{r4, r5, r6, lr}
 199              		.cfi_def_cfa_offset 16
 200              		.cfi_offset 4, -16
 201              		.cfi_offset 5, -12
 202              		.cfi_offset 6, -8
 203              		.cfi_offset 14, -4
 204 0002 0646     		mov	r6, r0
 200:.\Generated_Source\PSoC5/DieTemp.c ****     uint16 us;
 201:.\Generated_Source\PSoC5/DieTemp.c ****     cystatus status;
 202:.\Generated_Source\PSoC5/DieTemp.c **** 
 203:.\Generated_Source\PSoC5/DieTemp.c ****     /* Start the temp reading */
 204:.\Generated_Source\PSoC5/DieTemp.c ****     status = DieTemp_Start();
 205              		.loc 1 204 0
 206 0004 FFF7FEFF 		bl	DieTemp_Start
 207              	.LVL20:
 208 0008 0546     		mov	r5, r0
 209              	.LVL21:
 205:.\Generated_Source\PSoC5/DieTemp.c **** 
 206:.\Generated_Source\PSoC5/DieTemp.c ****     if(status == CYRET_STARTED)
 210              		.loc 1 206 0
 211 000a 0728     		cmp	r0, #7
 212 000c 17D1     		bne	.L20
 213 000e 12E0     		b	.L24
 214              	.LVL22:
 215              	.L23:
 207:.\Generated_Source\PSoC5/DieTemp.c ****     {
 208:.\Generated_Source\PSoC5/DieTemp.c ****         /**************************************************************************
 209:.\Generated_Source\PSoC5/DieTemp.c ****         * Wait for SPC to finish temperature reading. If state will change and SPC
 210:.\Generated_Source\PSoC5/DieTemp.c ****         * will finish - break cycle.
 211:.\Generated_Source\PSoC5/DieTemp.c ****         * DieTemp_MAX_WAIT is maximum time in ms to wait for SPC.
 212:.\Generated_Source\PSoC5/DieTemp.c ****         **************************************************************************/
 213:.\Generated_Source\PSoC5/DieTemp.c ****         for (us=(DieTemp_MAX_WAIT*1000u); us>0u; us-=10u)
 214:.\Generated_Source\PSoC5/DieTemp.c ****         {
 215:.\Generated_Source\PSoC5/DieTemp.c ****             if((CYRET_STARTED != status)&&(CY_SPC_IDLE))
 216              		.loc 1 215 0
 217 0010 072D     		cmp	r5, #7
 218 0012 04D0     		beq	.L21
 219              		.loc 1 215 0 is_stmt 0 discriminator 1
 220 0014 0B4B     		ldr	r3, .L26
 221 0016 1B78     		ldrb	r3, [r3]	@ zero_extendqisi2
 222 0018 13F0020F 		tst	r3, #2
 223 001c 0FD1     		bne	.L20
 224              	.L21:
 216:.\Generated_Source\PSoC5/DieTemp.c ****             {
 217:.\Generated_Source\PSoC5/DieTemp.c ****                 break;
 218:.\Generated_Source\PSoC5/DieTemp.c ****             }
 219:.\Generated_Source\PSoC5/DieTemp.c ****             else if(CYRET_STARTED == status)
 225              		.loc 1 219 0 is_stmt 1
 226 001e 072D     		cmp	r5, #7
 227 0020 03D1     		bne	.L22
 220:.\Generated_Source\PSoC5/DieTemp.c ****             {
 221:.\Generated_Source\PSoC5/DieTemp.c ****                 status = DieTemp_Query(temperature);
 228              		.loc 1 221 0
 229 0022 3046     		mov	r0, r6
 230 0024 FFF7FEFF 		bl	DieTemp_Query
 231              	.LVL23:
ARM GAS  C:\Users\cruiser\AppData\Local\Temp\ccvxbPSB.s 			page 9


 232 0028 0546     		mov	r5, r0
 233              	.LVL24:
 234              	.L22:
 222:.\Generated_Source\PSoC5/DieTemp.c ****             }
 223:.\Generated_Source\PSoC5/DieTemp.c ****             else
 224:.\Generated_Source\PSoC5/DieTemp.c ****             {
 225:.\Generated_Source\PSoC5/DieTemp.c ****                 /* SPC has not finished reading or isn't idle */
 226:.\Generated_Source\PSoC5/DieTemp.c ****             }
 227:.\Generated_Source\PSoC5/DieTemp.c ****             CyDelayUs(10u);
 235              		.loc 1 227 0 discriminator 2
 236 002a 0A20     		movs	r0, #10
 237 002c FFF7FEFF 		bl	CyDelayUs
 238              	.LVL25:
 213:.\Generated_Source\PSoC5/DieTemp.c ****         {
 239              		.loc 1 213 0 discriminator 2
 240 0030 0A3C     		subs	r4, r4, #10
 241              	.LVL26:
 242 0032 A4B2     		uxth	r4, r4
 243              	.LVL27:
 244 0034 01E0     		b	.L19
 245              	.LVL28:
 246              	.L24:
 247 0036 4FF4FA54 		mov	r4, #8000
 248              	.LVL29:
 249              	.L19:
 213:.\Generated_Source\PSoC5/DieTemp.c ****         {
 250              		.loc 1 213 0 is_stmt 0 discriminator 1
 251 003a 002C     		cmp	r4, #0
 252 003c E8D1     		bne	.L23
 253              	.LVL30:
 254              	.L20:
 228:.\Generated_Source\PSoC5/DieTemp.c ****         }
 229:.\Generated_Source\PSoC5/DieTemp.c ****     }
 230:.\Generated_Source\PSoC5/DieTemp.c **** 
 231:.\Generated_Source\PSoC5/DieTemp.c ****     return status;
 232:.\Generated_Source\PSoC5/DieTemp.c **** }
 255              		.loc 1 232 0 is_stmt 1
 256 003e 2846     		mov	r0, r5
 257 0040 70BD     		pop	{r4, r5, r6, pc}
 258              	.LVL31:
 259              	.L27:
 260 0042 00BF     		.align	2
 261              	.L26:
 262 0044 22470040 		.word	1073760034
 263              		.cfi_endproc
 264              	.LFE3:
 265              		.size	DieTemp_GetTempT, .-DieTemp_GetTempT
 266              		.section	.text.DieTemp_GetTemp,"ax",%progbits
 267              		.align	2
 268              		.global	DieTemp_GetTemp
 269              		.thumb
 270              		.thumb_func
 271              		.type	DieTemp_GetTemp, %function
 272              	DieTemp_GetTemp:
 273              	.LFB4:
 233:.\Generated_Source\PSoC5/DieTemp.c **** cystatus DieTemp_GetTemp(int16 * temperature) 
 234:.\Generated_Source\PSoC5/DieTemp.c **** {
ARM GAS  C:\Users\cruiser\AppData\Local\Temp\ccvxbPSB.s 			page 10


 274              		.loc 1 234 0
 275              		.cfi_startproc
 276              		@ args = 0, pretend = 0, frame = 0
 277              		@ frame_needed = 0, uses_anonymous_args = 0
 278              	.LVL32:
 279 0000 38B5     		push	{r3, r4, r5, lr}
 280              		.cfi_def_cfa_offset 16
 281              		.cfi_offset 3, -16
 282              		.cfi_offset 4, -12
 283              		.cfi_offset 5, -8
 284              		.cfi_offset 14, -4
 285 0002 0546     		mov	r5, r0
 286              	.LVL33:
 235:.\Generated_Source\PSoC5/DieTemp.c ****     cystatus status;
 236:.\Generated_Source\PSoC5/DieTemp.c ****     uint8 count = 2u;
 287              		.loc 1 236 0
 288 0004 0224     		movs	r4, #2
 237:.\Generated_Source\PSoC5/DieTemp.c ****     while (count != 0u)
 289              		.loc 1 237 0
 290 0006 06E0     		b	.L29
 291              	.LVL34:
 292              	.L31:
 238:.\Generated_Source\PSoC5/DieTemp.c ****     {
 239:.\Generated_Source\PSoC5/DieTemp.c ****         status = DieTemp_GetTempT(temperature);
 293              		.loc 1 239 0
 294 0008 2846     		mov	r0, r5
 295 000a FFF7FEFF 		bl	DieTemp_GetTempT
 296              	.LVL35:
 240:.\Generated_Source\PSoC5/DieTemp.c ****         if (status != CYRET_SUCCESS)
 297              		.loc 1 240 0
 298 000e 0346     		mov	r3, r0
 299 0010 18B9     		cbnz	r0, .L30
 241:.\Generated_Source\PSoC5/DieTemp.c ****         {
 242:.\Generated_Source\PSoC5/DieTemp.c ****             break;
 243:.\Generated_Source\PSoC5/DieTemp.c ****         }
 244:.\Generated_Source\PSoC5/DieTemp.c ****         count--;
 300              		.loc 1 244 0
 301 0012 013C     		subs	r4, r4, #1
 302              	.LVL36:
 303 0014 E4B2     		uxtb	r4, r4
 304              	.LVL37:
 305              	.L29:
 237:.\Generated_Source\PSoC5/DieTemp.c ****     {
 306              		.loc 1 237 0
 307 0016 002C     		cmp	r4, #0
 308 0018 F6D1     		bne	.L31
 309              	.L30:
 245:.\Generated_Source\PSoC5/DieTemp.c ****     }
 246:.\Generated_Source\PSoC5/DieTemp.c ****     return status;
 247:.\Generated_Source\PSoC5/DieTemp.c **** }
 310              		.loc 1 247 0
 311 001a 1846     		mov	r0, r3
 312 001c 38BD     		pop	{r3, r4, r5, pc}
 313              		.cfi_endproc
 314              	.LFE4:
 315              		.size	DieTemp_GetTemp, .-DieTemp_GetTemp
 316 001e 00BF     		.text
ARM GAS  C:\Users\cruiser\AppData\Local\Temp\ccvxbPSB.s 			page 11


 317              	.Letext0:
 318              		.file 2 "Generated_Source\\PSoC5/cytypes.h"
 319              		.file 3 "Generated_Source\\PSoC5/CySpc.h"
 320              		.file 4 "Generated_Source\\PSoC5/CyLib.h"
 321              		.section	.debug_info,"",%progbits
 322              	.Ldebug_info0:
 323 0000 DB020000 		.4byte	0x2db
 324 0004 0400     		.2byte	0x4
 325 0006 00000000 		.4byte	.Ldebug_abbrev0
 326 000a 04       		.byte	0x4
 327 000b 01       		.uleb128 0x1
 328 000c 46010000 		.4byte	.LASF30
 329 0010 01       		.byte	0x1
 330 0011 16020000 		.4byte	.LASF31
 331 0015 00000000 		.4byte	.LASF32
 332 0019 00000000 		.4byte	.Ldebug_ranges0+0
 333 001d 00000000 		.4byte	0
 334 0021 00000000 		.4byte	.Ldebug_line0
 335 0025 02       		.uleb128 0x2
 336 0026 01       		.byte	0x1
 337 0027 06       		.byte	0x6
 338 0028 59020000 		.4byte	.LASF0
 339 002c 02       		.uleb128 0x2
 340 002d 01       		.byte	0x1
 341 002e 08       		.byte	0x8
 342 002f A1000000 		.4byte	.LASF1
 343 0033 02       		.uleb128 0x2
 344 0034 02       		.byte	0x2
 345 0035 05       		.byte	0x5
 346 0036 39020000 		.4byte	.LASF2
 347 003a 02       		.uleb128 0x2
 348 003b 02       		.byte	0x2
 349 003c 07       		.byte	0x7
 350 003d 5F000000 		.4byte	.LASF3
 351 0041 02       		.uleb128 0x2
 352 0042 04       		.byte	0x4
 353 0043 05       		.byte	0x5
 354 0044 43020000 		.4byte	.LASF4
 355 0048 02       		.uleb128 0x2
 356 0049 04       		.byte	0x4
 357 004a 07       		.byte	0x7
 358 004b BA000000 		.4byte	.LASF5
 359 004f 02       		.uleb128 0x2
 360 0050 08       		.byte	0x8
 361 0051 05       		.byte	0x5
 362 0052 E9010000 		.4byte	.LASF6
 363 0056 02       		.uleb128 0x2
 364 0057 08       		.byte	0x8
 365 0058 07       		.byte	0x7
 366 0059 2F010000 		.4byte	.LASF7
 367 005d 03       		.uleb128 0x3
 368 005e 04       		.byte	0x4
 369 005f 05       		.byte	0x5
 370 0060 696E7400 		.ascii	"int\000"
 371 0064 02       		.uleb128 0x2
 372 0065 04       		.byte	0x4
 373 0066 07       		.byte	0x7
ARM GAS  C:\Users\cruiser\AppData\Local\Temp\ccvxbPSB.s 			page 12


 374 0067 22010000 		.4byte	.LASF8
 375 006b 04       		.uleb128 0x4
 376 006c D1000000 		.4byte	.LASF9
 377 0070 02       		.byte	0x2
 378 0071 9201     		.2byte	0x192
 379 0073 2C000000 		.4byte	0x2c
 380 0077 04       		.uleb128 0x4
 381 0078 F9000000 		.4byte	.LASF10
 382 007c 02       		.byte	0x2
 383 007d 9301     		.2byte	0x193
 384 007f 3A000000 		.4byte	0x3a
 385 0083 04       		.uleb128 0x4
 386 0084 1B010000 		.4byte	.LASF11
 387 0088 02       		.byte	0x2
 388 0089 9401     		.2byte	0x194
 389 008b 48000000 		.4byte	0x48
 390 008f 04       		.uleb128 0x4
 391 0090 B4000000 		.4byte	.LASF12
 392 0094 02       		.byte	0x2
 393 0095 9601     		.2byte	0x196
 394 0097 33000000 		.4byte	0x33
 395 009b 02       		.uleb128 0x2
 396 009c 04       		.byte	0x4
 397 009d 04       		.byte	0x4
 398 009e 53000000 		.4byte	.LASF13
 399 00a2 02       		.uleb128 0x2
 400 00a3 08       		.byte	0x8
 401 00a4 04       		.byte	0x4
 402 00a5 E5000000 		.4byte	.LASF14
 403 00a9 02       		.uleb128 0x2
 404 00aa 01       		.byte	0x1
 405 00ab 08       		.byte	0x8
 406 00ac 01020000 		.4byte	.LASF15
 407 00b0 04       		.uleb128 0x4
 408 00b1 3F000000 		.4byte	.LASF16
 409 00b5 02       		.byte	0x2
 410 00b6 3402     		.2byte	0x234
 411 00b8 48000000 		.4byte	0x48
 412 00bc 04       		.uleb128 0x4
 413 00bd AF000000 		.4byte	.LASF17
 414 00c1 02       		.byte	0x2
 415 00c2 3C02     		.2byte	0x23c
 416 00c4 C8000000 		.4byte	0xc8
 417 00c8 05       		.uleb128 0x5
 418 00c9 6B000000 		.4byte	0x6b
 419 00cd 02       		.uleb128 0x2
 420 00ce 04       		.byte	0x4
 421 00cf 07       		.byte	0x7
 422 00d0 D4010000 		.4byte	.LASF18
 423 00d4 06       		.uleb128 0x6
 424 00d5 93000000 		.4byte	.LASF19
 425 00d9 01       		.byte	0x1
 426 00da 3B       		.byte	0x3b
 427 00db B0000000 		.4byte	0xb0
 428 00df 00000000 		.4byte	.LFB0
 429 00e3 2A000000 		.4byte	.LFE0-.LFB0
 430 00e7 01       		.uleb128 0x1
ARM GAS  C:\Users\cruiser\AppData\Local\Temp\ccvxbPSB.s 			page 13


 431 00e8 9C       		.byte	0x9c
 432 00e9 2B010000 		.4byte	0x12b
 433 00ed 07       		.uleb128 0x7
 434 00ee 80000000 		.4byte	.LASF21
 435 00f2 01       		.byte	0x1
 436 00f3 3D       		.byte	0x3d
 437 00f4 B0000000 		.4byte	0xb0
 438 00f8 00000000 		.4byte	.LLST0
 439 00fc 08       		.uleb128 0x8
 440 00fd 06000000 		.4byte	.LVL1
 441 0101 83020000 		.4byte	0x283
 442 0105 08       		.uleb128 0x8
 443 0106 0A000000 		.4byte	.LVL2
 444 010a 8A020000 		.4byte	0x28a
 445 010e 09       		.uleb128 0x9
 446 010f 12000000 		.4byte	.LVL3
 447 0113 95020000 		.4byte	0x295
 448 0117 21010000 		.4byte	0x121
 449 011b 0A       		.uleb128 0xa
 450 011c 01       		.uleb128 0x1
 451 011d 50       		.byte	0x50
 452 011e 01       		.uleb128 0x1
 453 011f 31       		.byte	0x31
 454 0120 00       		.byte	0
 455 0121 08       		.uleb128 0x8
 456 0122 22000000 		.4byte	.LVL5
 457 0126 AA020000 		.4byte	0x2aa
 458 012a 00       		.byte	0
 459 012b 0B       		.uleb128 0xb
 460 012c 4C020000 		.4byte	.LASF33
 461 0130 01       		.byte	0x1
 462 0131 6F       		.byte	0x6f
 463 0132 00000000 		.4byte	.LFB1
 464 0136 02000000 		.4byte	.LFE1-.LFB1
 465 013a 01       		.uleb128 0x1
 466 013b 9C       		.byte	0x9c
 467 013c 06       		.uleb128 0x6
 468 013d D7000000 		.4byte	.LASF20
 469 0141 01       		.byte	0x1
 470 0142 86       		.byte	0x86
 471 0143 B0000000 		.4byte	0xb0
 472 0147 00000000 		.4byte	.LFB2
 473 014b 60000000 		.4byte	.LFE2-.LFB2
 474 014f 01       		.uleb128 0x1
 475 0150 9C       		.byte	0x9c
 476 0151 A4010000 		.4byte	0x1a4
 477 0155 0C       		.uleb128 0xc
 478 0156 87000000 		.4byte	.LASF23
 479 015a 01       		.byte	0x1
 480 015b 86       		.byte	0x86
 481 015c A4010000 		.4byte	0x1a4
 482 0160 38000000 		.4byte	.LLST1
 483 0164 0D       		.uleb128 0xd
 484 0165 CC000000 		.4byte	.LASF22
 485 0169 01       		.byte	0x1
 486 016a 88       		.byte	0x88
 487 016b AA010000 		.4byte	0x1aa
ARM GAS  C:\Users\cruiser\AppData\Local\Temp\ccvxbPSB.s 			page 14


 488 016f 02       		.uleb128 0x2
 489 0170 91       		.byte	0x91
 490 0171 74       		.sleb128 -12
 491 0172 07       		.uleb128 0x7
 492 0173 80000000 		.4byte	.LASF21
 493 0177 01       		.byte	0x1
 494 0178 89       		.byte	0x89
 495 0179 B0000000 		.4byte	0xb0
 496 017d A1000000 		.4byte	.LLST2
 497 0181 09       		.uleb128 0x9
 498 0182 20000000 		.4byte	.LVL10
 499 0186 B1020000 		.4byte	0x2b1
 500 018a 9A010000 		.4byte	0x19a
 501 018e 0A       		.uleb128 0xa
 502 018f 01       		.uleb128 0x1
 503 0190 51       		.byte	0x51
 504 0191 01       		.uleb128 0x1
 505 0192 32       		.byte	0x32
 506 0193 0A       		.uleb128 0xa
 507 0194 01       		.uleb128 0x1
 508 0195 50       		.byte	0x50
 509 0196 02       		.uleb128 0x2
 510 0197 91       		.byte	0x91
 511 0198 74       		.sleb128 -12
 512 0199 00       		.byte	0
 513 019a 08       		.uleb128 0x8
 514 019b 56000000 		.4byte	.LVL17
 515 019f AA020000 		.4byte	0x2aa
 516 01a3 00       		.byte	0
 517 01a4 0E       		.uleb128 0xe
 518 01a5 04       		.byte	0x4
 519 01a6 8F000000 		.4byte	0x8f
 520 01aa 0F       		.uleb128 0xf
 521 01ab 6B000000 		.4byte	0x6b
 522 01af BA010000 		.4byte	0x1ba
 523 01b3 10       		.uleb128 0x10
 524 01b4 CD000000 		.4byte	0xcd
 525 01b8 01       		.byte	0x1
 526 01b9 00       		.byte	0
 527 01ba 11       		.uleb128 0x11
 528 01bb 0A010000 		.4byte	.LASF34
 529 01bf 01       		.byte	0x1
 530 01c0 C6       		.byte	0xc6
 531 01c1 B0000000 		.4byte	0xb0
 532 01c5 00000000 		.4byte	.LFB3
 533 01c9 48000000 		.4byte	.LFE3-.LFB3
 534 01cd 01       		.uleb128 0x1
 535 01ce 9C       		.byte	0x9c
 536 01cf 2C020000 		.4byte	0x22c
 537 01d3 0C       		.uleb128 0xc
 538 01d4 87000000 		.4byte	.LASF23
 539 01d8 01       		.byte	0x1
 540 01d9 C6       		.byte	0xc6
 541 01da A4010000 		.4byte	0x1a4
 542 01de BF000000 		.4byte	.LLST3
 543 01e2 12       		.uleb128 0x12
 544 01e3 757300   		.ascii	"us\000"
ARM GAS  C:\Users\cruiser\AppData\Local\Temp\ccvxbPSB.s 			page 15


 545 01e6 01       		.byte	0x1
 546 01e7 C8       		.byte	0xc8
 547 01e8 77000000 		.4byte	0x77
 548 01ec EB000000 		.4byte	.LLST4
 549 01f0 07       		.uleb128 0x7
 550 01f1 80000000 		.4byte	.LASF21
 551 01f5 01       		.byte	0x1
 552 01f6 C9       		.byte	0xc9
 553 01f7 B0000000 		.4byte	0xb0
 554 01fb 14010000 		.4byte	.LLST5
 555 01ff 08       		.uleb128 0x8
 556 0200 08000000 		.4byte	.LVL20
 557 0204 D4000000 		.4byte	0xd4
 558 0208 09       		.uleb128 0x9
 559 0209 28000000 		.4byte	.LVL23
 560 020d 3C010000 		.4byte	0x13c
 561 0211 1C020000 		.4byte	0x21c
 562 0215 0A       		.uleb128 0xa
 563 0216 01       		.uleb128 0x1
 564 0217 50       		.byte	0x50
 565 0218 02       		.uleb128 0x2
 566 0219 76       		.byte	0x76
 567 021a 00       		.sleb128 0
 568 021b 00       		.byte	0
 569 021c 13       		.uleb128 0x13
 570 021d 30000000 		.4byte	.LVL25
 571 0221 D1020000 		.4byte	0x2d1
 572 0225 0A       		.uleb128 0xa
 573 0226 01       		.uleb128 0x1
 574 0227 50       		.byte	0x50
 575 0228 01       		.uleb128 0x1
 576 0229 3A       		.byte	0x3a
 577 022a 00       		.byte	0
 578 022b 00       		.byte	0
 579 022c 06       		.uleb128 0x6
 580 022d 06020000 		.4byte	.LASF24
 581 0231 01       		.byte	0x1
 582 0232 E9       		.byte	0xe9
 583 0233 B0000000 		.4byte	0xb0
 584 0237 00000000 		.4byte	.LFB4
 585 023b 1E000000 		.4byte	.LFE4-.LFB4
 586 023f 01       		.uleb128 0x1
 587 0240 9C       		.byte	0x9c
 588 0241 83020000 		.4byte	0x283
 589 0245 0C       		.uleb128 0xc
 590 0246 87000000 		.4byte	.LASF23
 591 024a 01       		.byte	0x1
 592 024b E9       		.byte	0xe9
 593 024c A4010000 		.4byte	0x1a4
 594 0250 53010000 		.4byte	.LLST6
 595 0254 07       		.uleb128 0x7
 596 0255 80000000 		.4byte	.LASF21
 597 0259 01       		.byte	0x1
 598 025a EB       		.byte	0xeb
 599 025b B0000000 		.4byte	0xb0
 600 025f 71010000 		.4byte	.LLST7
 601 0263 07       		.uleb128 0x7
ARM GAS  C:\Users\cruiser\AppData\Local\Temp\ccvxbPSB.s 			page 16


 602 0264 59000000 		.4byte	.LASF25
 603 0268 01       		.byte	0x1
 604 0269 EC       		.byte	0xec
 605 026a 6B000000 		.4byte	0x6b
 606 026e 9A010000 		.4byte	.LLST8
 607 0272 13       		.uleb128 0x13
 608 0273 0E000000 		.4byte	.LVL35
 609 0277 BA010000 		.4byte	0x1ba
 610 027b 0A       		.uleb128 0xa
 611 027c 01       		.uleb128 0x1
 612 027d 50       		.byte	0x50
 613 027e 02       		.uleb128 0x2
 614 027f 75       		.byte	0x75
 615 0280 00       		.sleb128 0
 616 0281 00       		.byte	0
 617 0282 00       		.byte	0
 618 0283 14       		.uleb128 0x14
 619 0284 48000000 		.4byte	.LASF26
 620 0288 03       		.byte	0x3
 621 0289 22       		.byte	0x22
 622 028a 15       		.uleb128 0x15
 623 028b 00010000 		.4byte	.LASF35
 624 028f 03       		.byte	0x3
 625 0290 2F       		.byte	0x2f
 626 0291 B0000000 		.4byte	0xb0
 627 0295 16       		.uleb128 0x16
 628 0296 EC000000 		.4byte	.LASF28
 629 029a 03       		.byte	0x3
 630 029b 2D       		.byte	0x2d
 631 029c B0000000 		.4byte	0xb0
 632 02a0 AA020000 		.4byte	0x2aa
 633 02a4 17       		.uleb128 0x17
 634 02a5 6B000000 		.4byte	0x6b
 635 02a9 00       		.byte	0
 636 02aa 14       		.uleb128 0x14
 637 02ab DD010000 		.4byte	.LASF27
 638 02af 03       		.byte	0x3
 639 02b0 30       		.byte	0x30
 640 02b1 16       		.uleb128 0x16
 641 02b2 72000000 		.4byte	.LASF29
 642 02b6 03       		.byte	0x3
 643 02b7 24       		.byte	0x24
 644 02b8 6B000000 		.4byte	0x6b
 645 02bc CB020000 		.4byte	0x2cb
 646 02c0 17       		.uleb128 0x17
 647 02c1 CB020000 		.4byte	0x2cb
 648 02c5 17       		.uleb128 0x17
 649 02c6 6B000000 		.4byte	0x6b
 650 02ca 00       		.byte	0
 651 02cb 0E       		.uleb128 0xe
 652 02cc 04       		.byte	0x4
 653 02cd 6B000000 		.4byte	0x6b
 654 02d1 18       		.uleb128 0x18
 655 02d2 F7010000 		.4byte	.LASF36
 656 02d6 04       		.byte	0x4
 657 02d7 77       		.byte	0x77
 658 02d8 17       		.uleb128 0x17
ARM GAS  C:\Users\cruiser\AppData\Local\Temp\ccvxbPSB.s 			page 17


 659 02d9 77000000 		.4byte	0x77
 660 02dd 00       		.byte	0
 661 02de 00       		.byte	0
 662              		.section	.debug_abbrev,"",%progbits
 663              	.Ldebug_abbrev0:
 664 0000 01       		.uleb128 0x1
 665 0001 11       		.uleb128 0x11
 666 0002 01       		.byte	0x1
 667 0003 25       		.uleb128 0x25
 668 0004 0E       		.uleb128 0xe
 669 0005 13       		.uleb128 0x13
 670 0006 0B       		.uleb128 0xb
 671 0007 03       		.uleb128 0x3
 672 0008 0E       		.uleb128 0xe
 673 0009 1B       		.uleb128 0x1b
 674 000a 0E       		.uleb128 0xe
 675 000b 55       		.uleb128 0x55
 676 000c 17       		.uleb128 0x17
 677 000d 11       		.uleb128 0x11
 678 000e 01       		.uleb128 0x1
 679 000f 10       		.uleb128 0x10
 680 0010 17       		.uleb128 0x17
 681 0011 00       		.byte	0
 682 0012 00       		.byte	0
 683 0013 02       		.uleb128 0x2
 684 0014 24       		.uleb128 0x24
 685 0015 00       		.byte	0
 686 0016 0B       		.uleb128 0xb
 687 0017 0B       		.uleb128 0xb
 688 0018 3E       		.uleb128 0x3e
 689 0019 0B       		.uleb128 0xb
 690 001a 03       		.uleb128 0x3
 691 001b 0E       		.uleb128 0xe
 692 001c 00       		.byte	0
 693 001d 00       		.byte	0
 694 001e 03       		.uleb128 0x3
 695 001f 24       		.uleb128 0x24
 696 0020 00       		.byte	0
 697 0021 0B       		.uleb128 0xb
 698 0022 0B       		.uleb128 0xb
 699 0023 3E       		.uleb128 0x3e
 700 0024 0B       		.uleb128 0xb
 701 0025 03       		.uleb128 0x3
 702 0026 08       		.uleb128 0x8
 703 0027 00       		.byte	0
 704 0028 00       		.byte	0
 705 0029 04       		.uleb128 0x4
 706 002a 16       		.uleb128 0x16
 707 002b 00       		.byte	0
 708 002c 03       		.uleb128 0x3
 709 002d 0E       		.uleb128 0xe
 710 002e 3A       		.uleb128 0x3a
 711 002f 0B       		.uleb128 0xb
 712 0030 3B       		.uleb128 0x3b
 713 0031 05       		.uleb128 0x5
 714 0032 49       		.uleb128 0x49
 715 0033 13       		.uleb128 0x13
ARM GAS  C:\Users\cruiser\AppData\Local\Temp\ccvxbPSB.s 			page 18


 716 0034 00       		.byte	0
 717 0035 00       		.byte	0
 718 0036 05       		.uleb128 0x5
 719 0037 35       		.uleb128 0x35
 720 0038 00       		.byte	0
 721 0039 49       		.uleb128 0x49
 722 003a 13       		.uleb128 0x13
 723 003b 00       		.byte	0
 724 003c 00       		.byte	0
 725 003d 06       		.uleb128 0x6
 726 003e 2E       		.uleb128 0x2e
 727 003f 01       		.byte	0x1
 728 0040 3F       		.uleb128 0x3f
 729 0041 19       		.uleb128 0x19
 730 0042 03       		.uleb128 0x3
 731 0043 0E       		.uleb128 0xe
 732 0044 3A       		.uleb128 0x3a
 733 0045 0B       		.uleb128 0xb
 734 0046 3B       		.uleb128 0x3b
 735 0047 0B       		.uleb128 0xb
 736 0048 27       		.uleb128 0x27
 737 0049 19       		.uleb128 0x19
 738 004a 49       		.uleb128 0x49
 739 004b 13       		.uleb128 0x13
 740 004c 11       		.uleb128 0x11
 741 004d 01       		.uleb128 0x1
 742 004e 12       		.uleb128 0x12
 743 004f 06       		.uleb128 0x6
 744 0050 40       		.uleb128 0x40
 745 0051 18       		.uleb128 0x18
 746 0052 9742     		.uleb128 0x2117
 747 0054 19       		.uleb128 0x19
 748 0055 01       		.uleb128 0x1
 749 0056 13       		.uleb128 0x13
 750 0057 00       		.byte	0
 751 0058 00       		.byte	0
 752 0059 07       		.uleb128 0x7
 753 005a 34       		.uleb128 0x34
 754 005b 00       		.byte	0
 755 005c 03       		.uleb128 0x3
 756 005d 0E       		.uleb128 0xe
 757 005e 3A       		.uleb128 0x3a
 758 005f 0B       		.uleb128 0xb
 759 0060 3B       		.uleb128 0x3b
 760 0061 0B       		.uleb128 0xb
 761 0062 49       		.uleb128 0x49
 762 0063 13       		.uleb128 0x13
 763 0064 02       		.uleb128 0x2
 764 0065 17       		.uleb128 0x17
 765 0066 00       		.byte	0
 766 0067 00       		.byte	0
 767 0068 08       		.uleb128 0x8
 768 0069 898201   		.uleb128 0x4109
 769 006c 00       		.byte	0
 770 006d 11       		.uleb128 0x11
 771 006e 01       		.uleb128 0x1
 772 006f 31       		.uleb128 0x31
ARM GAS  C:\Users\cruiser\AppData\Local\Temp\ccvxbPSB.s 			page 19


 773 0070 13       		.uleb128 0x13
 774 0071 00       		.byte	0
 775 0072 00       		.byte	0
 776 0073 09       		.uleb128 0x9
 777 0074 898201   		.uleb128 0x4109
 778 0077 01       		.byte	0x1
 779 0078 11       		.uleb128 0x11
 780 0079 01       		.uleb128 0x1
 781 007a 31       		.uleb128 0x31
 782 007b 13       		.uleb128 0x13
 783 007c 01       		.uleb128 0x1
 784 007d 13       		.uleb128 0x13
 785 007e 00       		.byte	0
 786 007f 00       		.byte	0
 787 0080 0A       		.uleb128 0xa
 788 0081 8A8201   		.uleb128 0x410a
 789 0084 00       		.byte	0
 790 0085 02       		.uleb128 0x2
 791 0086 18       		.uleb128 0x18
 792 0087 9142     		.uleb128 0x2111
 793 0089 18       		.uleb128 0x18
 794 008a 00       		.byte	0
 795 008b 00       		.byte	0
 796 008c 0B       		.uleb128 0xb
 797 008d 2E       		.uleb128 0x2e
 798 008e 00       		.byte	0
 799 008f 3F       		.uleb128 0x3f
 800 0090 19       		.uleb128 0x19
 801 0091 03       		.uleb128 0x3
 802 0092 0E       		.uleb128 0xe
 803 0093 3A       		.uleb128 0x3a
 804 0094 0B       		.uleb128 0xb
 805 0095 3B       		.uleb128 0x3b
 806 0096 0B       		.uleb128 0xb
 807 0097 27       		.uleb128 0x27
 808 0098 19       		.uleb128 0x19
 809 0099 11       		.uleb128 0x11
 810 009a 01       		.uleb128 0x1
 811 009b 12       		.uleb128 0x12
 812 009c 06       		.uleb128 0x6
 813 009d 40       		.uleb128 0x40
 814 009e 18       		.uleb128 0x18
 815 009f 9742     		.uleb128 0x2117
 816 00a1 19       		.uleb128 0x19
 817 00a2 00       		.byte	0
 818 00a3 00       		.byte	0
 819 00a4 0C       		.uleb128 0xc
 820 00a5 05       		.uleb128 0x5
 821 00a6 00       		.byte	0
 822 00a7 03       		.uleb128 0x3
 823 00a8 0E       		.uleb128 0xe
 824 00a9 3A       		.uleb128 0x3a
 825 00aa 0B       		.uleb128 0xb
 826 00ab 3B       		.uleb128 0x3b
 827 00ac 0B       		.uleb128 0xb
 828 00ad 49       		.uleb128 0x49
 829 00ae 13       		.uleb128 0x13
ARM GAS  C:\Users\cruiser\AppData\Local\Temp\ccvxbPSB.s 			page 20


 830 00af 02       		.uleb128 0x2
 831 00b0 17       		.uleb128 0x17
 832 00b1 00       		.byte	0
 833 00b2 00       		.byte	0
 834 00b3 0D       		.uleb128 0xd
 835 00b4 34       		.uleb128 0x34
 836 00b5 00       		.byte	0
 837 00b6 03       		.uleb128 0x3
 838 00b7 0E       		.uleb128 0xe
 839 00b8 3A       		.uleb128 0x3a
 840 00b9 0B       		.uleb128 0xb
 841 00ba 3B       		.uleb128 0x3b
 842 00bb 0B       		.uleb128 0xb
 843 00bc 49       		.uleb128 0x49
 844 00bd 13       		.uleb128 0x13
 845 00be 02       		.uleb128 0x2
 846 00bf 18       		.uleb128 0x18
 847 00c0 00       		.byte	0
 848 00c1 00       		.byte	0
 849 00c2 0E       		.uleb128 0xe
 850 00c3 0F       		.uleb128 0xf
 851 00c4 00       		.byte	0
 852 00c5 0B       		.uleb128 0xb
 853 00c6 0B       		.uleb128 0xb
 854 00c7 49       		.uleb128 0x49
 855 00c8 13       		.uleb128 0x13
 856 00c9 00       		.byte	0
 857 00ca 00       		.byte	0
 858 00cb 0F       		.uleb128 0xf
 859 00cc 01       		.uleb128 0x1
 860 00cd 01       		.byte	0x1
 861 00ce 49       		.uleb128 0x49
 862 00cf 13       		.uleb128 0x13
 863 00d0 01       		.uleb128 0x1
 864 00d1 13       		.uleb128 0x13
 865 00d2 00       		.byte	0
 866 00d3 00       		.byte	0
 867 00d4 10       		.uleb128 0x10
 868 00d5 21       		.uleb128 0x21
 869 00d6 00       		.byte	0
 870 00d7 49       		.uleb128 0x49
 871 00d8 13       		.uleb128 0x13
 872 00d9 2F       		.uleb128 0x2f
 873 00da 0B       		.uleb128 0xb
 874 00db 00       		.byte	0
 875 00dc 00       		.byte	0
 876 00dd 11       		.uleb128 0x11
 877 00de 2E       		.uleb128 0x2e
 878 00df 01       		.byte	0x1
 879 00e0 03       		.uleb128 0x3
 880 00e1 0E       		.uleb128 0xe
 881 00e2 3A       		.uleb128 0x3a
 882 00e3 0B       		.uleb128 0xb
 883 00e4 3B       		.uleb128 0x3b
 884 00e5 0B       		.uleb128 0xb
 885 00e6 27       		.uleb128 0x27
 886 00e7 19       		.uleb128 0x19
ARM GAS  C:\Users\cruiser\AppData\Local\Temp\ccvxbPSB.s 			page 21


 887 00e8 49       		.uleb128 0x49
 888 00e9 13       		.uleb128 0x13
 889 00ea 11       		.uleb128 0x11
 890 00eb 01       		.uleb128 0x1
 891 00ec 12       		.uleb128 0x12
 892 00ed 06       		.uleb128 0x6
 893 00ee 40       		.uleb128 0x40
 894 00ef 18       		.uleb128 0x18
 895 00f0 9742     		.uleb128 0x2117
 896 00f2 19       		.uleb128 0x19
 897 00f3 01       		.uleb128 0x1
 898 00f4 13       		.uleb128 0x13
 899 00f5 00       		.byte	0
 900 00f6 00       		.byte	0
 901 00f7 12       		.uleb128 0x12
 902 00f8 34       		.uleb128 0x34
 903 00f9 00       		.byte	0
 904 00fa 03       		.uleb128 0x3
 905 00fb 08       		.uleb128 0x8
 906 00fc 3A       		.uleb128 0x3a
 907 00fd 0B       		.uleb128 0xb
 908 00fe 3B       		.uleb128 0x3b
 909 00ff 0B       		.uleb128 0xb
 910 0100 49       		.uleb128 0x49
 911 0101 13       		.uleb128 0x13
 912 0102 02       		.uleb128 0x2
 913 0103 17       		.uleb128 0x17
 914 0104 00       		.byte	0
 915 0105 00       		.byte	0
 916 0106 13       		.uleb128 0x13
 917 0107 898201   		.uleb128 0x4109
 918 010a 01       		.byte	0x1
 919 010b 11       		.uleb128 0x11
 920 010c 01       		.uleb128 0x1
 921 010d 31       		.uleb128 0x31
 922 010e 13       		.uleb128 0x13
 923 010f 00       		.byte	0
 924 0110 00       		.byte	0
 925 0111 14       		.uleb128 0x14
 926 0112 2E       		.uleb128 0x2e
 927 0113 00       		.byte	0
 928 0114 3F       		.uleb128 0x3f
 929 0115 19       		.uleb128 0x19
 930 0116 03       		.uleb128 0x3
 931 0117 0E       		.uleb128 0xe
 932 0118 3A       		.uleb128 0x3a
 933 0119 0B       		.uleb128 0xb
 934 011a 3B       		.uleb128 0x3b
 935 011b 0B       		.uleb128 0xb
 936 011c 27       		.uleb128 0x27
 937 011d 19       		.uleb128 0x19
 938 011e 3C       		.uleb128 0x3c
 939 011f 19       		.uleb128 0x19
 940 0120 00       		.byte	0
 941 0121 00       		.byte	0
 942 0122 15       		.uleb128 0x15
 943 0123 2E       		.uleb128 0x2e
ARM GAS  C:\Users\cruiser\AppData\Local\Temp\ccvxbPSB.s 			page 22


 944 0124 00       		.byte	0
 945 0125 3F       		.uleb128 0x3f
 946 0126 19       		.uleb128 0x19
 947 0127 03       		.uleb128 0x3
 948 0128 0E       		.uleb128 0xe
 949 0129 3A       		.uleb128 0x3a
 950 012a 0B       		.uleb128 0xb
 951 012b 3B       		.uleb128 0x3b
 952 012c 0B       		.uleb128 0xb
 953 012d 27       		.uleb128 0x27
 954 012e 19       		.uleb128 0x19
 955 012f 49       		.uleb128 0x49
 956 0130 13       		.uleb128 0x13
 957 0131 3C       		.uleb128 0x3c
 958 0132 19       		.uleb128 0x19
 959 0133 00       		.byte	0
 960 0134 00       		.byte	0
 961 0135 16       		.uleb128 0x16
 962 0136 2E       		.uleb128 0x2e
 963 0137 01       		.byte	0x1
 964 0138 3F       		.uleb128 0x3f
 965 0139 19       		.uleb128 0x19
 966 013a 03       		.uleb128 0x3
 967 013b 0E       		.uleb128 0xe
 968 013c 3A       		.uleb128 0x3a
 969 013d 0B       		.uleb128 0xb
 970 013e 3B       		.uleb128 0x3b
 971 013f 0B       		.uleb128 0xb
 972 0140 27       		.uleb128 0x27
 973 0141 19       		.uleb128 0x19
 974 0142 49       		.uleb128 0x49
 975 0143 13       		.uleb128 0x13
 976 0144 3C       		.uleb128 0x3c
 977 0145 19       		.uleb128 0x19
 978 0146 01       		.uleb128 0x1
 979 0147 13       		.uleb128 0x13
 980 0148 00       		.byte	0
 981 0149 00       		.byte	0
 982 014a 17       		.uleb128 0x17
 983 014b 05       		.uleb128 0x5
 984 014c 00       		.byte	0
 985 014d 49       		.uleb128 0x49
 986 014e 13       		.uleb128 0x13
 987 014f 00       		.byte	0
 988 0150 00       		.byte	0
 989 0151 18       		.uleb128 0x18
 990 0152 2E       		.uleb128 0x2e
 991 0153 01       		.byte	0x1
 992 0154 3F       		.uleb128 0x3f
 993 0155 19       		.uleb128 0x19
 994 0156 03       		.uleb128 0x3
 995 0157 0E       		.uleb128 0xe
 996 0158 3A       		.uleb128 0x3a
 997 0159 0B       		.uleb128 0xb
 998 015a 3B       		.uleb128 0x3b
 999 015b 0B       		.uleb128 0xb
 1000 015c 27       		.uleb128 0x27
ARM GAS  C:\Users\cruiser\AppData\Local\Temp\ccvxbPSB.s 			page 23


 1001 015d 19       		.uleb128 0x19
 1002 015e 3C       		.uleb128 0x3c
 1003 015f 19       		.uleb128 0x19
 1004 0160 00       		.byte	0
 1005 0161 00       		.byte	0
 1006 0162 00       		.byte	0
 1007              		.section	.debug_loc,"",%progbits
 1008              	.Ldebug_loc0:
 1009              	.LLST0:
 1010 0000 02000000 		.4byte	.LVL0
 1011 0004 1E000000 		.4byte	.LVL4
 1012 0008 0300     		.2byte	0x3
 1013 000a 09       		.byte	0x9
 1014 000b FF       		.byte	0xff
 1015 000c 9F       		.byte	0x9f
 1016 000d 1E000000 		.4byte	.LVL4
 1017 0011 24000000 		.4byte	.LVL6
 1018 0015 0100     		.2byte	0x1
 1019 0017 54       		.byte	0x54
 1020 0018 24000000 		.4byte	.LVL6
 1021 001c 26000000 		.4byte	.LVL7
 1022 0020 0300     		.2byte	0x3
 1023 0022 09       		.byte	0x9
 1024 0023 FF       		.byte	0xff
 1025 0024 9F       		.byte	0x9f
 1026 0025 26000000 		.4byte	.LVL7
 1027 0029 2A000000 		.4byte	.LFE0
 1028 002d 0100     		.2byte	0x1
 1029 002f 54       		.byte	0x54
 1030 0030 00000000 		.4byte	0
 1031 0034 00000000 		.4byte	0
 1032              	.LLST1:
 1033 0038 00000000 		.4byte	.LVL8
 1034 003c 1A000000 		.4byte	.LVL9
 1035 0040 0100     		.2byte	0x1
 1036 0042 50       		.byte	0x50
 1037 0043 1A000000 		.4byte	.LVL9
 1038 0047 34000000 		.4byte	.LVL11
 1039 004b 0100     		.2byte	0x1
 1040 004d 54       		.byte	0x54
 1041 004e 34000000 		.4byte	.LVL11
 1042 0052 36000000 		.4byte	.LVL12
 1043 0056 0400     		.2byte	0x4
 1044 0058 F3       		.byte	0xf3
 1045 0059 01       		.uleb128 0x1
 1046 005a 50       		.byte	0x50
 1047 005b 9F       		.byte	0x9f
 1048 005c 36000000 		.4byte	.LVL12
 1049 0060 40000000 		.4byte	.LVL13
 1050 0064 0100     		.2byte	0x1
 1051 0066 54       		.byte	0x54
 1052 0067 40000000 		.4byte	.LVL13
 1053 006b 42000000 		.4byte	.LVL14
 1054 006f 0400     		.2byte	0x4
 1055 0071 F3       		.byte	0xf3
 1056 0072 01       		.uleb128 0x1
 1057 0073 50       		.byte	0x50
ARM GAS  C:\Users\cruiser\AppData\Local\Temp\ccvxbPSB.s 			page 24


 1058 0074 9F       		.byte	0x9f
 1059 0075 42000000 		.4byte	.LVL14
 1060 0079 4A000000 		.4byte	.LVL15
 1061 007d 0100     		.2byte	0x1
 1062 007f 50       		.byte	0x50
 1063 0080 4A000000 		.4byte	.LVL15
 1064 0084 4E000000 		.4byte	.LVL16
 1065 0088 0100     		.2byte	0x1
 1066 008a 54       		.byte	0x54
 1067 008b 4E000000 		.4byte	.LVL16
 1068 008f 60000000 		.4byte	.LFE2
 1069 0093 0400     		.2byte	0x4
 1070 0095 F3       		.byte	0xf3
 1071 0096 01       		.uleb128 0x1
 1072 0097 50       		.byte	0x50
 1073 0098 9F       		.byte	0x9f
 1074 0099 00000000 		.4byte	0
 1075 009d 00000000 		.4byte	0
 1076              	.LLST2:
 1077 00a1 4E000000 		.4byte	.LVL16
 1078 00a5 5C000000 		.4byte	.LVL18
 1079 00a9 0100     		.2byte	0x1
 1080 00ab 54       		.byte	0x54
 1081 00ac 5C000000 		.4byte	.LVL18
 1082 00b0 60000000 		.4byte	.LFE2
 1083 00b4 0100     		.2byte	0x1
 1084 00b6 50       		.byte	0x50
 1085 00b7 00000000 		.4byte	0
 1086 00bb 00000000 		.4byte	0
 1087              	.LLST3:
 1088 00bf 00000000 		.4byte	.LVL19
 1089 00c3 07000000 		.4byte	.LVL20-1
 1090 00c7 0100     		.2byte	0x1
 1091 00c9 50       		.byte	0x50
 1092 00ca 07000000 		.4byte	.LVL20-1
 1093 00ce 42000000 		.4byte	.LVL31
 1094 00d2 0100     		.2byte	0x1
 1095 00d4 56       		.byte	0x56
 1096 00d5 42000000 		.4byte	.LVL31
 1097 00d9 48000000 		.4byte	.LFE3
 1098 00dd 0400     		.2byte	0x4
 1099 00df F3       		.byte	0xf3
 1100 00e0 01       		.uleb128 0x1
 1101 00e1 50       		.byte	0x50
 1102 00e2 9F       		.byte	0x9f
 1103 00e3 00000000 		.4byte	0
 1104 00e7 00000000 		.4byte	0
 1105              	.LLST4:
 1106 00eb 10000000 		.4byte	.LVL22
 1107 00ef 32000000 		.4byte	.LVL26
 1108 00f3 0100     		.2byte	0x1
 1109 00f5 54       		.byte	0x54
 1110 00f6 34000000 		.4byte	.LVL27
 1111 00fa 36000000 		.4byte	.LVL28
 1112 00fe 0100     		.2byte	0x1
 1113 0100 54       		.byte	0x54
 1114 0101 3A000000 		.4byte	.LVL29
ARM GAS  C:\Users\cruiser\AppData\Local\Temp\ccvxbPSB.s 			page 25


 1115 0105 3E000000 		.4byte	.LVL30
 1116 0109 0100     		.2byte	0x1
 1117 010b 54       		.byte	0x54
 1118 010c 00000000 		.4byte	0
 1119 0110 00000000 		.4byte	0
 1120              	.LLST5:
 1121 0114 0A000000 		.4byte	.LVL21
 1122 0118 10000000 		.4byte	.LVL22
 1123 011c 0100     		.2byte	0x1
 1124 011e 50       		.byte	0x50
 1125 011f 10000000 		.4byte	.LVL22
 1126 0123 36000000 		.4byte	.LVL28
 1127 0127 0100     		.2byte	0x1
 1128 0129 55       		.byte	0x55
 1129 012a 36000000 		.4byte	.LVL28
 1130 012e 3A000000 		.4byte	.LVL29
 1131 0132 0100     		.2byte	0x1
 1132 0134 50       		.byte	0x50
 1133 0135 3A000000 		.4byte	.LVL29
 1134 0139 42000000 		.4byte	.LVL31
 1135 013d 0100     		.2byte	0x1
 1136 013f 55       		.byte	0x55
 1137 0140 42000000 		.4byte	.LVL31
 1138 0144 48000000 		.4byte	.LFE3
 1139 0148 0100     		.2byte	0x1
 1140 014a 50       		.byte	0x50
 1141 014b 00000000 		.4byte	0
 1142 014f 00000000 		.4byte	0
 1143              	.LLST6:
 1144 0153 00000000 		.4byte	.LVL32
 1145 0157 08000000 		.4byte	.LVL34
 1146 015b 0100     		.2byte	0x1
 1147 015d 50       		.byte	0x50
 1148 015e 08000000 		.4byte	.LVL34
 1149 0162 1E000000 		.4byte	.LFE4
 1150 0166 0100     		.2byte	0x1
 1151 0168 55       		.byte	0x55
 1152 0169 00000000 		.4byte	0
 1153 016d 00000000 		.4byte	0
 1154              	.LLST7:
 1155 0171 08000000 		.4byte	.LVL34
 1156 0175 0D000000 		.4byte	.LVL35-1
 1157 0179 0100     		.2byte	0x1
 1158 017b 53       		.byte	0x53
 1159 017c 0E000000 		.4byte	.LVL35
 1160 0180 16000000 		.4byte	.LVL37
 1161 0184 0100     		.2byte	0x1
 1162 0186 50       		.byte	0x50
 1163 0187 16000000 		.4byte	.LVL37
 1164 018b 1E000000 		.4byte	.LFE4
 1165 018f 0100     		.2byte	0x1
 1166 0191 53       		.byte	0x53
 1167 0192 00000000 		.4byte	0
 1168 0196 00000000 		.4byte	0
 1169              	.LLST8:
 1170 019a 04000000 		.4byte	.LVL33
 1171 019e 08000000 		.4byte	.LVL34
ARM GAS  C:\Users\cruiser\AppData\Local\Temp\ccvxbPSB.s 			page 26


 1172 01a2 0200     		.2byte	0x2
 1173 01a4 32       		.byte	0x32
 1174 01a5 9F       		.byte	0x9f
 1175 01a6 08000000 		.4byte	.LVL34
 1176 01aa 14000000 		.4byte	.LVL36
 1177 01ae 0100     		.2byte	0x1
 1178 01b0 54       		.byte	0x54
 1179 01b1 16000000 		.4byte	.LVL37
 1180 01b5 1E000000 		.4byte	.LFE4
 1181 01b9 0100     		.2byte	0x1
 1182 01bb 54       		.byte	0x54
 1183 01bc 00000000 		.4byte	0
 1184 01c0 00000000 		.4byte	0
 1185              		.section	.debug_aranges,"",%progbits
 1186 0000 3C000000 		.4byte	0x3c
 1187 0004 0200     		.2byte	0x2
 1188 0006 00000000 		.4byte	.Ldebug_info0
 1189 000a 04       		.byte	0x4
 1190 000b 00       		.byte	0
 1191 000c 0000     		.2byte	0
 1192 000e 0000     		.2byte	0
 1193 0010 00000000 		.4byte	.LFB0
 1194 0014 2A000000 		.4byte	.LFE0-.LFB0
 1195 0018 00000000 		.4byte	.LFB1
 1196 001c 02000000 		.4byte	.LFE1-.LFB1
 1197 0020 00000000 		.4byte	.LFB2
 1198 0024 60000000 		.4byte	.LFE2-.LFB2
 1199 0028 00000000 		.4byte	.LFB3
 1200 002c 48000000 		.4byte	.LFE3-.LFB3
 1201 0030 00000000 		.4byte	.LFB4
 1202 0034 1E000000 		.4byte	.LFE4-.LFB4
 1203 0038 00000000 		.4byte	0
 1204 003c 00000000 		.4byte	0
 1205              		.section	.debug_ranges,"",%progbits
 1206              	.Ldebug_ranges0:
 1207 0000 00000000 		.4byte	.LFB0
 1208 0004 2A000000 		.4byte	.LFE0
 1209 0008 00000000 		.4byte	.LFB1
 1210 000c 02000000 		.4byte	.LFE1
 1211 0010 00000000 		.4byte	.LFB2
 1212 0014 60000000 		.4byte	.LFE2
 1213 0018 00000000 		.4byte	.LFB3
 1214 001c 48000000 		.4byte	.LFE3
 1215 0020 00000000 		.4byte	.LFB4
 1216 0024 1E000000 		.4byte	.LFE4
 1217 0028 00000000 		.4byte	0
 1218 002c 00000000 		.4byte	0
 1219              		.section	.debug_line,"",%progbits
 1220              	.Ldebug_line0:
 1221 0000 18010000 		.section	.debug_str,"MS",%progbits,1
 1221      02007300 
 1221      00000201 
 1221      FB0E0D00 
 1221      01010101 
 1222              	.LASF32:
 1223 0000 433A5C55 		.ascii	"C:\\Users\\cruiser\\Documents\\PSoC Creator\\Voltro"
 1223      73657273 
ARM GAS  C:\Users\cruiser\AppData\Local\Temp\ccvxbPSB.s 			page 27


 1223      5C637275 
 1223      69736572 
 1223      5C446F63 
 1224 002e 6E5C4465 		.ascii	"n\\Design01.cydsn\000"
 1224      7369676E 
 1224      30312E63 
 1224      7964736E 
 1224      00
 1225              	.LASF16:
 1226 003f 63797374 		.ascii	"cystatus\000"
 1226      61747573 
 1226      00
 1227              	.LASF26:
 1228 0048 43795370 		.ascii	"CySpcStart\000"
 1228      63537461 
 1228      727400
 1229              	.LASF13:
 1230 0053 666C6F61 		.ascii	"float\000"
 1230      7400
 1231              	.LASF25:
 1232 0059 636F756E 		.ascii	"count\000"
 1232      7400
 1233              	.LASF3:
 1234 005f 73686F72 		.ascii	"short unsigned int\000"
 1234      7420756E 
 1234      7369676E 
 1234      65642069 
 1234      6E7400
 1235              	.LASF29:
 1236 0072 43795370 		.ascii	"CySpcReadData\000"
 1236      63526561 
 1236      64446174 
 1236      6100
 1237              	.LASF21:
 1238 0080 73746174 		.ascii	"status\000"
 1238      757300
 1239              	.LASF23:
 1240 0087 74656D70 		.ascii	"temperature\000"
 1240      65726174 
 1240      75726500 
 1241              	.LASF19:
 1242 0093 44696554 		.ascii	"DieTemp_Start\000"
 1242      656D705F 
 1242      53746172 
 1242      7400
 1243              	.LASF1:
 1244 00a1 756E7369 		.ascii	"unsigned char\000"
 1244      676E6564 
 1244      20636861 
 1244      7200
 1245              	.LASF17:
 1246 00af 72656738 		.ascii	"reg8\000"
 1246      00
 1247              	.LASF12:
 1248 00b4 696E7431 		.ascii	"int16\000"
 1248      3600
 1249              	.LASF5:
ARM GAS  C:\Users\cruiser\AppData\Local\Temp\ccvxbPSB.s 			page 28


 1250 00ba 6C6F6E67 		.ascii	"long unsigned int\000"
 1250      20756E73 
 1250      69676E65 
 1250      6420696E 
 1250      7400
 1251              	.LASF22:
 1252 00cc 74656D70 		.ascii	"temp\000"
 1252      00
 1253              	.LASF9:
 1254 00d1 75696E74 		.ascii	"uint8\000"
 1254      3800
 1255              	.LASF20:
 1256 00d7 44696554 		.ascii	"DieTemp_Query\000"
 1256      656D705F 
 1256      51756572 
 1256      7900
 1257              	.LASF14:
 1258 00e5 646F7562 		.ascii	"double\000"
 1258      6C6500
 1259              	.LASF28:
 1260 00ec 43795370 		.ascii	"CySpcGetTemp\000"
 1260      63476574 
 1260      54656D70 
 1260      00
 1261              	.LASF10:
 1262 00f9 75696E74 		.ascii	"uint16\000"
 1262      313600
 1263              	.LASF35:
 1264 0100 43795370 		.ascii	"CySpcLock\000"
 1264      634C6F63 
 1264      6B00
 1265              	.LASF34:
 1266 010a 44696554 		.ascii	"DieTemp_GetTempT\000"
 1266      656D705F 
 1266      47657454 
 1266      656D7054 
 1266      00
 1267              	.LASF11:
 1268 011b 75696E74 		.ascii	"uint32\000"
 1268      333200
 1269              	.LASF8:
 1270 0122 756E7369 		.ascii	"unsigned int\000"
 1270      676E6564 
 1270      20696E74 
 1270      00
 1271              	.LASF7:
 1272 012f 6C6F6E67 		.ascii	"long long unsigned int\000"
 1272      206C6F6E 
 1272      6720756E 
 1272      7369676E 
 1272      65642069 
 1273              	.LASF30:
 1274 0146 474E5520 		.ascii	"GNU C 4.9.3 20150303 (release) [ARM/embedded-4_9-br"
 1274      4320342E 
 1274      392E3320 
 1274      32303135 
 1274      30333033 
ARM GAS  C:\Users\cruiser\AppData\Local\Temp\ccvxbPSB.s 			page 29


 1275 0179 616E6368 		.ascii	"anch revision 221220] -mcpu=cortex-m3 -mthumb -g -O"
 1275      20726576 
 1275      6973696F 
 1275      6E203232 
 1275      31323230 
 1276 01ac 67202D66 		.ascii	"g -ffunction-sections -ffat-lto-objects\000"
 1276      66756E63 
 1276      74696F6E 
 1276      2D736563 
 1276      74696F6E 
 1277              	.LASF18:
 1278 01d4 73697A65 		.ascii	"sizetype\000"
 1278      74797065 
 1278      00
 1279              	.LASF27:
 1280 01dd 43795370 		.ascii	"CySpcUnlock\000"
 1280      63556E6C 
 1280      6F636B00 
 1281              	.LASF6:
 1282 01e9 6C6F6E67 		.ascii	"long long int\000"
 1282      206C6F6E 
 1282      6720696E 
 1282      7400
 1283              	.LASF36:
 1284 01f7 43794465 		.ascii	"CyDelayUs\000"
 1284      6C617955 
 1284      7300
 1285              	.LASF15:
 1286 0201 63686172 		.ascii	"char\000"
 1286      00
 1287              	.LASF24:
 1288 0206 44696554 		.ascii	"DieTemp_GetTemp\000"
 1288      656D705F 
 1288      47657454 
 1288      656D7000 
 1289              	.LASF31:
 1290 0216 2E5C4765 		.ascii	".\\Generated_Source\\PSoC5\\DieTemp.c\000"
 1290      6E657261 
 1290      7465645F 
 1290      536F7572 
 1290      63655C50 
 1291              	.LASF2:
 1292 0239 73686F72 		.ascii	"short int\000"
 1292      7420696E 
 1292      7400
 1293              	.LASF4:
 1294 0243 6C6F6E67 		.ascii	"long int\000"
 1294      20696E74 
 1294      00
 1295              	.LASF33:
 1296 024c 44696554 		.ascii	"DieTemp_Stop\000"
 1296      656D705F 
 1296      53746F70 
 1296      00
 1297              	.LASF0:
 1298 0259 7369676E 		.ascii	"signed char\000"
 1298      65642063 
ARM GAS  C:\Users\cruiser\AppData\Local\Temp\ccvxbPSB.s 			page 30


 1298      68617200 
 1299              		.ident	"GCC: (GNU Tools for ARM Embedded Processors) 4.9.3 20150303 (release) [ARM/embedded-4_9-br
