--------------- Build Started: 08/04/2016 21:06:39 Project: Design01, Configuration: ARM GCC 4.9-2015-q1-update Debug ---------------
cydsfit.exe -.appdatapath "C:\Users\cruiser\AppData\Local\Cypress Semiconductor\PSoC Creator\3.3" -.fdsnotice -.fdswarpdepfile=warp_dependencies.txt -.fdselabdepfile=elab_dependencies.txt -.fdsbldfile=generated_files.txt -p "C:\Users\cruiser\Documents\PSoC Creator\Voltron\Design01.cydsn\Design01.cyprj" -d CY8C5888LTI-LP097 -s "C:\Users\cruiser\Documents\PSoC Creator\Voltron\Design01.cydsn\Generated_Source\PSoC5" -- -yv2 -q10 -ygs -o2 -v3 -.fftcfgtype=LE
Elaborating Design...
ADD: sdb.M0065: information: Analog terminal "TIA_2.Vout" on TopDesign is unconnected.
 * C:\Users\cruiser\Documents\PSoC Creator\Voltron\Design01.cydsn\TopDesign\TopDesign.cysch (Signal: Net_942)
 * C:\Users\cruiser\Documents\PSoC Creator\Voltron\Design01.cydsn\TopDesign\TopDesign.cysch (Shape_172.11)
ADD: sdb.M0065: information: Analog terminal "TIA_1.Vout" on TopDesign is unconnected.
 * C:\Users\cruiser\Documents\PSoC Creator\Voltron\Design01.cydsn\TopDesign\TopDesign.cysch (Signal: Net_943)
 * C:\Users\cruiser\Documents\PSoC Creator\Voltron\Design01.cydsn\TopDesign\TopDesign.cysch (Shape_171.11)
HDL Generation ...
Synthesis ...
Place and Route ...
Tech mapping ...
ADD: pft.M0040: information: The following 1 pin(s) will be assigned a location by the fitter: \ADC_SAR_1:Bypass(0)\
Analog Placement ...
Info: apr.M0002: Analog signal "Net_943" is connected to one terminal only. (App=cydsfit)
Info: apr.M0002: Analog signal "Net_942" is connected to one terminal only. (App=cydsfit)
Log: apr.M0058: The analog placement iterative improvement is 31% done. (App=cydsfit)
Log: apr.M0058: The analog placement iterative improvement is 94% done. (App=cydsfit)
Analog Routing ...
Analog Code Generation ...
Digital Placement ...
Digital Routing ...
Bitstream Generation ...
Static timing analysis ...
API Generation ...
Dependency Generation ...
Clean Temporary Files ...
--------------- Build Succeeded: 08/04/2016 21:07:18 ---------------
