ARM GAS  C:\Users\cruiser\AppData\Local\Temp\ccJIyyJg.s 			page 1


   1              		.syntax unified
   2              		.cpu cortex-m3
   3              		.fpu softvfp
   4              		.eabi_attribute 20, 1
   5              		.eabi_attribute 21, 1
   6              		.eabi_attribute 23, 3
   7              		.eabi_attribute 24, 1
   8              		.eabi_attribute 25, 1
   9              		.eabi_attribute 26, 1
  10              		.eabi_attribute 30, 1
  11              		.eabi_attribute 34, 1
  12              		.eabi_attribute 18, 4
  13              		.thumb
  14              		.file	"IDACL.c"
  15              		.text
  16              	.Ltext0:
  17              		.cfi_sections	.debug_frame
  18              		.section	.text.IDACL_Enable,"ax",%progbits
  19              		.align	2
  20              		.global	IDACL_Enable
  21              		.thumb
  22              		.thumb_func
  23              		.type	IDACL_Enable, %function
  24              	IDACL_Enable:
  25              	.LFB1:
  26              		.file 1 ".\\Generated_Source\\PSoC5\\IDACL.c"
   1:.\Generated_Source\PSoC5/IDACL.c **** /*******************************************************************************
   2:.\Generated_Source\PSoC5/IDACL.c **** * File Name: IDACL.c
   3:.\Generated_Source\PSoC5/IDACL.c **** * Version 2.0
   4:.\Generated_Source\PSoC5/IDACL.c **** *
   5:.\Generated_Source\PSoC5/IDACL.c **** * Description:
   6:.\Generated_Source\PSoC5/IDACL.c **** *  This file provides the source code to the API for the 8-bit Current 
   7:.\Generated_Source\PSoC5/IDACL.c **** *  DAC (IDAC8) User Module.
   8:.\Generated_Source\PSoC5/IDACL.c **** *
   9:.\Generated_Source\PSoC5/IDACL.c **** * Note:
  10:.\Generated_Source\PSoC5/IDACL.c **** *  None
  11:.\Generated_Source\PSoC5/IDACL.c **** *
  12:.\Generated_Source\PSoC5/IDACL.c **** ********************************************************************************
  13:.\Generated_Source\PSoC5/IDACL.c **** * Copyright 2008-2012, Cypress Semiconductor Corporation.  All rights reserved.
  14:.\Generated_Source\PSoC5/IDACL.c **** * You may use this file only in accordance with the license, terms, conditions, 
  15:.\Generated_Source\PSoC5/IDACL.c **** * disclaimers, and limitations in the end user license agreement accompanying 
  16:.\Generated_Source\PSoC5/IDACL.c **** * the software package with which this file was provided.
  17:.\Generated_Source\PSoC5/IDACL.c **** *******************************************************************************/
  18:.\Generated_Source\PSoC5/IDACL.c **** 
  19:.\Generated_Source\PSoC5/IDACL.c **** #include "cytypes.h"
  20:.\Generated_Source\PSoC5/IDACL.c **** #include "IDACL.h"   
  21:.\Generated_Source\PSoC5/IDACL.c **** 
  22:.\Generated_Source\PSoC5/IDACL.c **** #if (CY_PSOC5A)
  23:.\Generated_Source\PSoC5/IDACL.c ****     #include <CyLib.h>
  24:.\Generated_Source\PSoC5/IDACL.c **** #endif /* CY_PSOC5A */
  25:.\Generated_Source\PSoC5/IDACL.c **** 
  26:.\Generated_Source\PSoC5/IDACL.c **** 
  27:.\Generated_Source\PSoC5/IDACL.c **** uint8 IDACL_initVar = 0u;
  28:.\Generated_Source\PSoC5/IDACL.c **** 
  29:.\Generated_Source\PSoC5/IDACL.c **** 
  30:.\Generated_Source\PSoC5/IDACL.c **** #if (CY_PSOC5A)
  31:.\Generated_Source\PSoC5/IDACL.c ****     static IDACL_LOWPOWER_BACKUP_STRUCT  IDACL_lowPowerBackup;
ARM GAS  C:\Users\cruiser\AppData\Local\Temp\ccJIyyJg.s 			page 2


  32:.\Generated_Source\PSoC5/IDACL.c **** #endif /* CY_PSOC5A */
  33:.\Generated_Source\PSoC5/IDACL.c **** 
  34:.\Generated_Source\PSoC5/IDACL.c **** /* Variable to decide whether or not to restore control register in Enable()
  35:.\Generated_Source\PSoC5/IDACL.c ****    API. This valid only for PSoC5A */
  36:.\Generated_Source\PSoC5/IDACL.c **** #if (CY_PSOC5A)
  37:.\Generated_Source\PSoC5/IDACL.c ****     static uint8 IDACL_restoreReg = 0u;
  38:.\Generated_Source\PSoC5/IDACL.c **** #endif /* CY_PSOC5A */
  39:.\Generated_Source\PSoC5/IDACL.c **** 
  40:.\Generated_Source\PSoC5/IDACL.c **** 
  41:.\Generated_Source\PSoC5/IDACL.c **** /*******************************************************************************
  42:.\Generated_Source\PSoC5/IDACL.c **** * Function Name: IDACL_Init
  43:.\Generated_Source\PSoC5/IDACL.c **** ********************************************************************************
  44:.\Generated_Source\PSoC5/IDACL.c **** * Summary:
  45:.\Generated_Source\PSoC5/IDACL.c **** *  Initialize to the schematic state.
  46:.\Generated_Source\PSoC5/IDACL.c **** * 
  47:.\Generated_Source\PSoC5/IDACL.c **** * Parameters:
  48:.\Generated_Source\PSoC5/IDACL.c **** *  void:
  49:.\Generated_Source\PSoC5/IDACL.c **** *
  50:.\Generated_Source\PSoC5/IDACL.c **** * Return:
  51:.\Generated_Source\PSoC5/IDACL.c **** *  (void)
  52:.\Generated_Source\PSoC5/IDACL.c **** *
  53:.\Generated_Source\PSoC5/IDACL.c **** * Theory:
  54:.\Generated_Source\PSoC5/IDACL.c **** *
  55:.\Generated_Source\PSoC5/IDACL.c **** * Side Effects:
  56:.\Generated_Source\PSoC5/IDACL.c **** *
  57:.\Generated_Source\PSoC5/IDACL.c **** *******************************************************************************/
  58:.\Generated_Source\PSoC5/IDACL.c **** void IDACL_Init(void) 
  59:.\Generated_Source\PSoC5/IDACL.c **** {
  60:.\Generated_Source\PSoC5/IDACL.c ****     IDACL_CR0 = (IDACL_MODE_I | IDACL_DEFAULT_RANGE );
  61:.\Generated_Source\PSoC5/IDACL.c **** 
  62:.\Generated_Source\PSoC5/IDACL.c ****     /* Set default data source */
  63:.\Generated_Source\PSoC5/IDACL.c ****     #if(IDACL_DEFAULT_DATA_SRC != 0u )    
  64:.\Generated_Source\PSoC5/IDACL.c ****         IDACL_CR1 = (IDACL_DEFAULT_CNTL | IDACL_DACBUS_ENABLE);
  65:.\Generated_Source\PSoC5/IDACL.c ****     #else
  66:.\Generated_Source\PSoC5/IDACL.c ****         IDACL_CR1 = (IDACL_DEFAULT_CNTL | IDACL_DACBUS_DISABLE);
  67:.\Generated_Source\PSoC5/IDACL.c ****     #endif /* (IDACL_DEFAULT_DATA_SRC != 0u ) */
  68:.\Generated_Source\PSoC5/IDACL.c ****     
  69:.\Generated_Source\PSoC5/IDACL.c ****     /*Controls polarity from UDB Control*/
  70:.\Generated_Source\PSoC5/IDACL.c ****     #if(IDACL_DEFAULT_POLARITY == IDACL_HARDWARE_CONTROLLED)
  71:.\Generated_Source\PSoC5/IDACL.c ****         IDACL_CR1 |= IDACL_IDIR_SRC_UDB;
  72:.\Generated_Source\PSoC5/IDACL.c ****     #else
  73:.\Generated_Source\PSoC5/IDACL.c ****         IDACL_CR1 |= IDACL_DEFAULT_POLARITY;
  74:.\Generated_Source\PSoC5/IDACL.c ****     #endif/* (IDACL_DEFAULT_POLARITY == IDACL_HARDWARE_CONTROLLED) */
  75:.\Generated_Source\PSoC5/IDACL.c ****     /*Controls Current Source from UDB Control*/
  76:.\Generated_Source\PSoC5/IDACL.c ****     #if(IDACL_HARDWARE_ENABLE != 0u ) 
  77:.\Generated_Source\PSoC5/IDACL.c ****         IDACL_CR1 |= IDACL_IDIR_CTL_UDB;
  78:.\Generated_Source\PSoC5/IDACL.c ****     #endif /* (IDACL_HARDWARE_ENABLE != 0u ) */ 
  79:.\Generated_Source\PSoC5/IDACL.c ****     
  80:.\Generated_Source\PSoC5/IDACL.c ****     /* Set default strobe mode */
  81:.\Generated_Source\PSoC5/IDACL.c ****     #if(IDACL_DEFAULT_STRB != 0u)
  82:.\Generated_Source\PSoC5/IDACL.c ****         IDACL_Strobe |= IDACL_STRB_EN;
  83:.\Generated_Source\PSoC5/IDACL.c ****     #endif /* (IDACL_DEFAULT_STRB != 0u) */
  84:.\Generated_Source\PSoC5/IDACL.c ****     
  85:.\Generated_Source\PSoC5/IDACL.c ****     /* Set default speed */
  86:.\Generated_Source\PSoC5/IDACL.c ****     IDACL_SetSpeed(IDACL_DEFAULT_SPEED);
  87:.\Generated_Source\PSoC5/IDACL.c ****     
  88:.\Generated_Source\PSoC5/IDACL.c ****     /* Set proper DAC trim */
ARM GAS  C:\Users\cruiser\AppData\Local\Temp\ccJIyyJg.s 			page 3


  89:.\Generated_Source\PSoC5/IDACL.c ****     IDACL_DacTrim();
  90:.\Generated_Source\PSoC5/IDACL.c ****     
  91:.\Generated_Source\PSoC5/IDACL.c **** }
  92:.\Generated_Source\PSoC5/IDACL.c **** 
  93:.\Generated_Source\PSoC5/IDACL.c **** 
  94:.\Generated_Source\PSoC5/IDACL.c **** /*******************************************************************************
  95:.\Generated_Source\PSoC5/IDACL.c **** * Function Name: IDACL_Enable
  96:.\Generated_Source\PSoC5/IDACL.c **** ********************************************************************************
  97:.\Generated_Source\PSoC5/IDACL.c **** * Summary:
  98:.\Generated_Source\PSoC5/IDACL.c **** *  Enable the IDAC8
  99:.\Generated_Source\PSoC5/IDACL.c **** * 
 100:.\Generated_Source\PSoC5/IDACL.c **** * Parameters:
 101:.\Generated_Source\PSoC5/IDACL.c **** *  void:
 102:.\Generated_Source\PSoC5/IDACL.c **** *
 103:.\Generated_Source\PSoC5/IDACL.c **** * Return:
 104:.\Generated_Source\PSoC5/IDACL.c **** *  (void)
 105:.\Generated_Source\PSoC5/IDACL.c **** *
 106:.\Generated_Source\PSoC5/IDACL.c **** * Theory:
 107:.\Generated_Source\PSoC5/IDACL.c **** *
 108:.\Generated_Source\PSoC5/IDACL.c **** * Side Effects:
 109:.\Generated_Source\PSoC5/IDACL.c **** *
 110:.\Generated_Source\PSoC5/IDACL.c **** *******************************************************************************/
 111:.\Generated_Source\PSoC5/IDACL.c **** void IDACL_Enable(void) 
 112:.\Generated_Source\PSoC5/IDACL.c **** {
  27              		.loc 1 112 0
  28              		.cfi_startproc
  29              		@ args = 0, pretend = 0, frame = 0
  30              		@ frame_needed = 0, uses_anonymous_args = 0
  31              		@ link register save eliminated.
 113:.\Generated_Source\PSoC5/IDACL.c ****     IDACL_PWRMGR |= IDACL_ACT_PWR_EN;
  32              		.loc 1 113 0
  33 0000 054A     		ldr	r2, .L2
  34 0002 1378     		ldrb	r3, [r2]	@ zero_extendqisi2
  35 0004 43F00103 		orr	r3, r3, #1
  36 0008 1370     		strb	r3, [r2]
 114:.\Generated_Source\PSoC5/IDACL.c ****     IDACL_STBY_PWRMGR |= IDACL_STBY_PWR_EN;
  37              		.loc 1 114 0
  38 000a 1032     		adds	r2, r2, #16
  39 000c 1378     		ldrb	r3, [r2]	@ zero_extendqisi2
  40 000e 43F00103 		orr	r3, r3, #1
  41 0012 1370     		strb	r3, [r2]
  42 0014 7047     		bx	lr
  43              	.L3:
  44 0016 00BF     		.align	2
  45              	.L2:
  46 0018 A8430040 		.word	1073759144
  47              		.cfi_endproc
  48              	.LFE1:
  49              		.size	IDACL_Enable, .-IDACL_Enable
  50              		.section	.text.IDACL_Stop,"ax",%progbits
  51              		.align	2
  52              		.global	IDACL_Stop
  53              		.thumb
  54              		.thumb_func
  55              		.type	IDACL_Stop, %function
  56              	IDACL_Stop:
  57              	.LFB3:
ARM GAS  C:\Users\cruiser\AppData\Local\Temp\ccJIyyJg.s 			page 4


 115:.\Generated_Source\PSoC5/IDACL.c **** 
 116:.\Generated_Source\PSoC5/IDACL.c ****     /* This is to restore the value of register CR0 which is saved 
 117:.\Generated_Source\PSoC5/IDACL.c ****       in prior to the modification in stop() API */
 118:.\Generated_Source\PSoC5/IDACL.c ****     #if (CY_PSOC5A)
 119:.\Generated_Source\PSoC5/IDACL.c ****         if(IDACL_restoreReg == 1u)
 120:.\Generated_Source\PSoC5/IDACL.c ****         {
 121:.\Generated_Source\PSoC5/IDACL.c ****             IDACL_CR0 = IDACL_lowPowerBackup.DACCR0Reg;
 122:.\Generated_Source\PSoC5/IDACL.c **** 
 123:.\Generated_Source\PSoC5/IDACL.c ****             /* Clear the flag */
 124:.\Generated_Source\PSoC5/IDACL.c ****             IDACL_restoreReg = 0u;
 125:.\Generated_Source\PSoC5/IDACL.c ****         }
 126:.\Generated_Source\PSoC5/IDACL.c ****     #endif /* CY_PSOC5A */
 127:.\Generated_Source\PSoC5/IDACL.c **** }
 128:.\Generated_Source\PSoC5/IDACL.c **** 
 129:.\Generated_Source\PSoC5/IDACL.c **** 
 130:.\Generated_Source\PSoC5/IDACL.c **** /*******************************************************************************
 131:.\Generated_Source\PSoC5/IDACL.c **** * Function Name: IDACL_Start
 132:.\Generated_Source\PSoC5/IDACL.c **** ********************************************************************************
 133:.\Generated_Source\PSoC5/IDACL.c **** * Summary:
 134:.\Generated_Source\PSoC5/IDACL.c **** *  Set power level then turn on IDAC8.
 135:.\Generated_Source\PSoC5/IDACL.c **** *
 136:.\Generated_Source\PSoC5/IDACL.c **** * Parameters:  
 137:.\Generated_Source\PSoC5/IDACL.c **** *  power: Sets power level between off (0) and (3) high power
 138:.\Generated_Source\PSoC5/IDACL.c **** *
 139:.\Generated_Source\PSoC5/IDACL.c **** * Return:
 140:.\Generated_Source\PSoC5/IDACL.c **** *  (void)
 141:.\Generated_Source\PSoC5/IDACL.c **** *
 142:.\Generated_Source\PSoC5/IDACL.c **** * Global variables:
 143:.\Generated_Source\PSoC5/IDACL.c **** *  IDACL_initVar: Is modified when this function is called for 
 144:.\Generated_Source\PSoC5/IDACL.c **** *   the first time. Is used to ensure that initialization happens only once.
 145:.\Generated_Source\PSoC5/IDACL.c **** *
 146:.\Generated_Source\PSoC5/IDACL.c **** *******************************************************************************/
 147:.\Generated_Source\PSoC5/IDACL.c **** void IDACL_Start(void) 
 148:.\Generated_Source\PSoC5/IDACL.c **** {
 149:.\Generated_Source\PSoC5/IDACL.c ****     /* Hardware initiazation only needs to occur the first time */
 150:.\Generated_Source\PSoC5/IDACL.c ****     if ( IDACL_initVar == 0u)  
 151:.\Generated_Source\PSoC5/IDACL.c ****     {
 152:.\Generated_Source\PSoC5/IDACL.c ****         IDACL_Init();
 153:.\Generated_Source\PSoC5/IDACL.c ****         
 154:.\Generated_Source\PSoC5/IDACL.c ****         IDACL_initVar = 1u;
 155:.\Generated_Source\PSoC5/IDACL.c ****     }
 156:.\Generated_Source\PSoC5/IDACL.c ****    
 157:.\Generated_Source\PSoC5/IDACL.c ****     /* Enable power to DAC */
 158:.\Generated_Source\PSoC5/IDACL.c ****     IDACL_Enable();
 159:.\Generated_Source\PSoC5/IDACL.c **** 
 160:.\Generated_Source\PSoC5/IDACL.c ****     /* Set default value */
 161:.\Generated_Source\PSoC5/IDACL.c ****     IDACL_SetValue(IDACL_DEFAULT_DATA);
 162:.\Generated_Source\PSoC5/IDACL.c **** 
 163:.\Generated_Source\PSoC5/IDACL.c **** }
 164:.\Generated_Source\PSoC5/IDACL.c **** 
 165:.\Generated_Source\PSoC5/IDACL.c **** 
 166:.\Generated_Source\PSoC5/IDACL.c **** /*******************************************************************************
 167:.\Generated_Source\PSoC5/IDACL.c **** * Function Name: IDACL_Stop
 168:.\Generated_Source\PSoC5/IDACL.c **** ********************************************************************************
 169:.\Generated_Source\PSoC5/IDACL.c **** * Summary:
 170:.\Generated_Source\PSoC5/IDACL.c **** *  Powers down IDAC8 to lowest power state.
 171:.\Generated_Source\PSoC5/IDACL.c **** *
ARM GAS  C:\Users\cruiser\AppData\Local\Temp\ccJIyyJg.s 			page 5


 172:.\Generated_Source\PSoC5/IDACL.c **** * Parameters:
 173:.\Generated_Source\PSoC5/IDACL.c **** *  (void)
 174:.\Generated_Source\PSoC5/IDACL.c **** *
 175:.\Generated_Source\PSoC5/IDACL.c **** * Return:
 176:.\Generated_Source\PSoC5/IDACL.c **** *  (void)
 177:.\Generated_Source\PSoC5/IDACL.c **** *
 178:.\Generated_Source\PSoC5/IDACL.c **** * Theory:
 179:.\Generated_Source\PSoC5/IDACL.c **** *
 180:.\Generated_Source\PSoC5/IDACL.c **** * Side Effects:
 181:.\Generated_Source\PSoC5/IDACL.c **** *
 182:.\Generated_Source\PSoC5/IDACL.c **** *******************************************************************************/
 183:.\Generated_Source\PSoC5/IDACL.c **** void IDACL_Stop(void) 
 184:.\Generated_Source\PSoC5/IDACL.c **** {
  58              		.loc 1 184 0
  59              		.cfi_startproc
  60              		@ args = 0, pretend = 0, frame = 0
  61              		@ frame_needed = 0, uses_anonymous_args = 0
  62              		@ link register save eliminated.
 185:.\Generated_Source\PSoC5/IDACL.c ****     /* Disble power to DAC */
 186:.\Generated_Source\PSoC5/IDACL.c ****     IDACL_PWRMGR &= (uint8)(~IDACL_ACT_PWR_EN);
  63              		.loc 1 186 0
  64 0000 054A     		ldr	r2, .L5
  65 0002 1378     		ldrb	r3, [r2]	@ zero_extendqisi2
  66 0004 03F0FE03 		and	r3, r3, #254
  67 0008 1370     		strb	r3, [r2]
 187:.\Generated_Source\PSoC5/IDACL.c ****     IDACL_STBY_PWRMGR &= (uint8)(~IDACL_STBY_PWR_EN);
  68              		.loc 1 187 0
  69 000a 1032     		adds	r2, r2, #16
  70 000c 1378     		ldrb	r3, [r2]	@ zero_extendqisi2
  71 000e 03F0FE03 		and	r3, r3, #254
  72 0012 1370     		strb	r3, [r2]
  73 0014 7047     		bx	lr
  74              	.L6:
  75 0016 00BF     		.align	2
  76              	.L5:
  77 0018 A8430040 		.word	1073759144
  78              		.cfi_endproc
  79              	.LFE3:
  80              		.size	IDACL_Stop, .-IDACL_Stop
  81              		.section	.text.IDACL_SetSpeed,"ax",%progbits
  82              		.align	2
  83              		.global	IDACL_SetSpeed
  84              		.thumb
  85              		.thumb_func
  86              		.type	IDACL_SetSpeed, %function
  87              	IDACL_SetSpeed:
  88              	.LFB4:
 188:.\Generated_Source\PSoC5/IDACL.c ****     
 189:.\Generated_Source\PSoC5/IDACL.c ****     #if (CY_PSOC5A)
 190:.\Generated_Source\PSoC5/IDACL.c ****     
 191:.\Generated_Source\PSoC5/IDACL.c ****         /* Set the global variable  */
 192:.\Generated_Source\PSoC5/IDACL.c ****         IDACL_restoreReg = 1u;
 193:.\Generated_Source\PSoC5/IDACL.c **** 
 194:.\Generated_Source\PSoC5/IDACL.c ****         /* Save the control register and then Clear it. */
 195:.\Generated_Source\PSoC5/IDACL.c ****         IDACL_lowPowerBackup.DACCR0Reg = IDACL_CR0;
 196:.\Generated_Source\PSoC5/IDACL.c ****         IDACL_CR0 = (IDACL_MODE_I | IDACL_RANGE_3 | IDACL_HS_HIGHSPEED);
 197:.\Generated_Source\PSoC5/IDACL.c ****     #endif /* CY_PSOC5A */
ARM GAS  C:\Users\cruiser\AppData\Local\Temp\ccJIyyJg.s 			page 6


 198:.\Generated_Source\PSoC5/IDACL.c **** }
 199:.\Generated_Source\PSoC5/IDACL.c **** 
 200:.\Generated_Source\PSoC5/IDACL.c **** 
 201:.\Generated_Source\PSoC5/IDACL.c **** /*******************************************************************************
 202:.\Generated_Source\PSoC5/IDACL.c **** * Function Name: IDACL_SetSpeed
 203:.\Generated_Source\PSoC5/IDACL.c **** ********************************************************************************
 204:.\Generated_Source\PSoC5/IDACL.c **** * Summary:
 205:.\Generated_Source\PSoC5/IDACL.c **** *  Set DAC speed
 206:.\Generated_Source\PSoC5/IDACL.c **** *
 207:.\Generated_Source\PSoC5/IDACL.c **** * Parameters:
 208:.\Generated_Source\PSoC5/IDACL.c **** *  power: Sets speed value
 209:.\Generated_Source\PSoC5/IDACL.c **** *
 210:.\Generated_Source\PSoC5/IDACL.c **** * Return:
 211:.\Generated_Source\PSoC5/IDACL.c **** *  (void)
 212:.\Generated_Source\PSoC5/IDACL.c **** *
 213:.\Generated_Source\PSoC5/IDACL.c **** * Theory:
 214:.\Generated_Source\PSoC5/IDACL.c **** *
 215:.\Generated_Source\PSoC5/IDACL.c **** * Side Effects:
 216:.\Generated_Source\PSoC5/IDACL.c **** *
 217:.\Generated_Source\PSoC5/IDACL.c **** *******************************************************************************/
 218:.\Generated_Source\PSoC5/IDACL.c **** void IDACL_SetSpeed(uint8 speed) 
 219:.\Generated_Source\PSoC5/IDACL.c **** {
  89              		.loc 1 219 0
  90              		.cfi_startproc
  91              		@ args = 0, pretend = 0, frame = 0
  92              		@ frame_needed = 0, uses_anonymous_args = 0
  93              		@ link register save eliminated.
  94              	.LVL0:
 220:.\Generated_Source\PSoC5/IDACL.c ****     /* Clear power mask then write in new value */
 221:.\Generated_Source\PSoC5/IDACL.c ****     IDACL_CR0 &= (uint8)(~IDACL_HS_MASK);
  95              		.loc 1 221 0
  96 0000 054B     		ldr	r3, .L8
  97 0002 1A78     		ldrb	r2, [r3]	@ zero_extendqisi2
  98 0004 02F0FD02 		and	r2, r2, #253
  99 0008 1A70     		strb	r2, [r3]
 222:.\Generated_Source\PSoC5/IDACL.c ****     IDACL_CR0 |=  ( speed & IDACL_HS_MASK);
 100              		.loc 1 222 0
 101 000a 1A78     		ldrb	r2, [r3]	@ zero_extendqisi2
 102 000c 00F00200 		and	r0, r0, #2
 103              	.LVL1:
 104 0010 1043     		orrs	r0, r0, r2
 105 0012 1870     		strb	r0, [r3]
 106 0014 7047     		bx	lr
 107              	.L9:
 108 0016 00BF     		.align	2
 109              	.L8:
 110 0018 20580040 		.word	1073764384
 111              		.cfi_endproc
 112              	.LFE4:
 113              		.size	IDACL_SetSpeed, .-IDACL_SetSpeed
 114              		.section	.text.IDACL_SetValue,"ax",%progbits
 115              		.align	2
 116              		.global	IDACL_SetValue
 117              		.thumb
 118              		.thumb_func
 119              		.type	IDACL_SetValue, %function
 120              	IDACL_SetValue:
ARM GAS  C:\Users\cruiser\AppData\Local\Temp\ccJIyyJg.s 			page 7


 121              	.LFB7:
 223:.\Generated_Source\PSoC5/IDACL.c **** }
 224:.\Generated_Source\PSoC5/IDACL.c **** 
 225:.\Generated_Source\PSoC5/IDACL.c **** 
 226:.\Generated_Source\PSoC5/IDACL.c **** /*******************************************************************************
 227:.\Generated_Source\PSoC5/IDACL.c **** * Function Name: IDACL_SetPolarity
 228:.\Generated_Source\PSoC5/IDACL.c **** ********************************************************************************
 229:.\Generated_Source\PSoC5/IDACL.c **** * Summary:
 230:.\Generated_Source\PSoC5/IDACL.c **** *  Sets IDAC to Sink or Source current.
 231:.\Generated_Source\PSoC5/IDACL.c **** *  
 232:.\Generated_Source\PSoC5/IDACL.c **** * Parameters:
 233:.\Generated_Source\PSoC5/IDACL.c **** *  Polarity: Sets the IDAC to Sink or Source 
 234:.\Generated_Source\PSoC5/IDACL.c **** *  0x00 - Source
 235:.\Generated_Source\PSoC5/IDACL.c **** *  0x04 - Sink
 236:.\Generated_Source\PSoC5/IDACL.c **** *
 237:.\Generated_Source\PSoC5/IDACL.c **** * Return:
 238:.\Generated_Source\PSoC5/IDACL.c **** *  (void)
 239:.\Generated_Source\PSoC5/IDACL.c **** *
 240:.\Generated_Source\PSoC5/IDACL.c **** * Theory:
 241:.\Generated_Source\PSoC5/IDACL.c **** *
 242:.\Generated_Source\PSoC5/IDACL.c **** * Side Effects:
 243:.\Generated_Source\PSoC5/IDACL.c **** *
 244:.\Generated_Source\PSoC5/IDACL.c **** *******************************************************************************/
 245:.\Generated_Source\PSoC5/IDACL.c **** #if(IDACL_DEFAULT_POLARITY != IDACL_HARDWARE_CONTROLLED)
 246:.\Generated_Source\PSoC5/IDACL.c ****     void IDACL_SetPolarity(uint8 polarity) 
 247:.\Generated_Source\PSoC5/IDACL.c ****     {
 248:.\Generated_Source\PSoC5/IDACL.c ****         IDACL_CR1 &= (uint8)(~IDACL_IDIR_MASK);                /* clear polarity bit */
 249:.\Generated_Source\PSoC5/IDACL.c ****         IDACL_CR1 |= (polarity & IDACL_IDIR_MASK);             /* set new value */
 250:.\Generated_Source\PSoC5/IDACL.c ****     
 251:.\Generated_Source\PSoC5/IDACL.c ****         IDACL_DacTrim();
 252:.\Generated_Source\PSoC5/IDACL.c ****     }
 253:.\Generated_Source\PSoC5/IDACL.c **** #endif/*(IDACL_DEFAULT_POLARITY != IDACL_HARDWARE_CONTROLLED)*/
 254:.\Generated_Source\PSoC5/IDACL.c **** 
 255:.\Generated_Source\PSoC5/IDACL.c **** 
 256:.\Generated_Source\PSoC5/IDACL.c **** /*******************************************************************************
 257:.\Generated_Source\PSoC5/IDACL.c **** * Function Name: IDACL_SetRange
 258:.\Generated_Source\PSoC5/IDACL.c **** ********************************************************************************
 259:.\Generated_Source\PSoC5/IDACL.c **** * Summary:
 260:.\Generated_Source\PSoC5/IDACL.c **** *  Set current range
 261:.\Generated_Source\PSoC5/IDACL.c **** *
 262:.\Generated_Source\PSoC5/IDACL.c **** * Parameters:
 263:.\Generated_Source\PSoC5/IDACL.c **** *  Range: Sets on of four valid ranges.
 264:.\Generated_Source\PSoC5/IDACL.c **** *
 265:.\Generated_Source\PSoC5/IDACL.c **** * Return:
 266:.\Generated_Source\PSoC5/IDACL.c **** *  (void)
 267:.\Generated_Source\PSoC5/IDACL.c **** *
 268:.\Generated_Source\PSoC5/IDACL.c **** * Theory:
 269:.\Generated_Source\PSoC5/IDACL.c **** *
 270:.\Generated_Source\PSoC5/IDACL.c **** * Side Effects:
 271:.\Generated_Source\PSoC5/IDACL.c **** *
 272:.\Generated_Source\PSoC5/IDACL.c **** *******************************************************************************/
 273:.\Generated_Source\PSoC5/IDACL.c **** void IDACL_SetRange(uint8 range) 
 274:.\Generated_Source\PSoC5/IDACL.c **** {
 275:.\Generated_Source\PSoC5/IDACL.c ****     IDACL_CR0 &= (uint8)(~IDACL_RANGE_MASK);       /* Clear existing mode */
 276:.\Generated_Source\PSoC5/IDACL.c ****     IDACL_CR0 |= ( range & IDACL_RANGE_MASK );     /*  Set Range  */
 277:.\Generated_Source\PSoC5/IDACL.c ****     IDACL_DacTrim();
 278:.\Generated_Source\PSoC5/IDACL.c **** }
ARM GAS  C:\Users\cruiser\AppData\Local\Temp\ccJIyyJg.s 			page 8


 279:.\Generated_Source\PSoC5/IDACL.c **** 
 280:.\Generated_Source\PSoC5/IDACL.c **** 
 281:.\Generated_Source\PSoC5/IDACL.c **** /*******************************************************************************
 282:.\Generated_Source\PSoC5/IDACL.c **** * Function Name: IDACL_SetValue
 283:.\Generated_Source\PSoC5/IDACL.c **** ********************************************************************************
 284:.\Generated_Source\PSoC5/IDACL.c **** * Summary:
 285:.\Generated_Source\PSoC5/IDACL.c **** *  Set DAC value
 286:.\Generated_Source\PSoC5/IDACL.c **** *
 287:.\Generated_Source\PSoC5/IDACL.c **** * Parameters:
 288:.\Generated_Source\PSoC5/IDACL.c **** *  value: Sets DAC value between 0 and 255.
 289:.\Generated_Source\PSoC5/IDACL.c **** *
 290:.\Generated_Source\PSoC5/IDACL.c **** * Return:
 291:.\Generated_Source\PSoC5/IDACL.c **** *  (void)
 292:.\Generated_Source\PSoC5/IDACL.c **** *
 293:.\Generated_Source\PSoC5/IDACL.c **** * Theory:
 294:.\Generated_Source\PSoC5/IDACL.c **** *
 295:.\Generated_Source\PSoC5/IDACL.c **** * Side Effects:
 296:.\Generated_Source\PSoC5/IDACL.c **** *
 297:.\Generated_Source\PSoC5/IDACL.c **** *******************************************************************************/
 298:.\Generated_Source\PSoC5/IDACL.c **** void IDACL_SetValue(uint8 value) 
 299:.\Generated_Source\PSoC5/IDACL.c **** {
 122              		.loc 1 299 0
 123              		.cfi_startproc
 124              		@ args = 0, pretend = 0, frame = 0
 125              		@ frame_needed = 0, uses_anonymous_args = 0
 126              		@ link register save eliminated.
 127              	.LVL2:
 300:.\Generated_Source\PSoC5/IDACL.c **** 
 301:.\Generated_Source\PSoC5/IDACL.c ****     #if (CY_PSOC5A)
 302:.\Generated_Source\PSoC5/IDACL.c ****         uint8 IDACL_intrStatus = CyEnterCriticalSection();
 303:.\Generated_Source\PSoC5/IDACL.c ****     #endif /* CY_PSOC5A */
 304:.\Generated_Source\PSoC5/IDACL.c **** 
 305:.\Generated_Source\PSoC5/IDACL.c ****     IDACL_Data = value;         /*  Set Value  */
 128              		.loc 1 305 0
 129 0000 014B     		ldr	r3, .L11
 130 0002 1870     		strb	r0, [r3]
 131 0004 7047     		bx	lr
 132              	.L12:
 133 0006 00BF     		.align	2
 134              	.L11:
 135 0008 805B0040 		.word	1073765248
 136              		.cfi_endproc
 137              	.LFE7:
 138              		.size	IDACL_SetValue, .-IDACL_SetValue
 139              		.section	.text.IDACL_DacTrim,"ax",%progbits
 140              		.align	2
 141              		.global	IDACL_DacTrim
 142              		.thumb
 143              		.thumb_func
 144              		.type	IDACL_DacTrim, %function
 145              	IDACL_DacTrim:
 146              	.LFB8:
 306:.\Generated_Source\PSoC5/IDACL.c ****     
 307:.\Generated_Source\PSoC5/IDACL.c ****     /* PSOC5A silicons require a double write */
 308:.\Generated_Source\PSoC5/IDACL.c ****     #if (CY_PSOC5A)
 309:.\Generated_Source\PSoC5/IDACL.c ****         IDACL_Data = value;
 310:.\Generated_Source\PSoC5/IDACL.c ****         CyExitCriticalSection(IDACL_intrStatus);
ARM GAS  C:\Users\cruiser\AppData\Local\Temp\ccJIyyJg.s 			page 9


 311:.\Generated_Source\PSoC5/IDACL.c ****     #endif /* CY_PSOC5A */
 312:.\Generated_Source\PSoC5/IDACL.c **** }
 313:.\Generated_Source\PSoC5/IDACL.c **** 
 314:.\Generated_Source\PSoC5/IDACL.c **** 
 315:.\Generated_Source\PSoC5/IDACL.c **** /*******************************************************************************
 316:.\Generated_Source\PSoC5/IDACL.c **** * Function Name: IDACL_DacTrim
 317:.\Generated_Source\PSoC5/IDACL.c **** ********************************************************************************
 318:.\Generated_Source\PSoC5/IDACL.c **** * Summary:
 319:.\Generated_Source\PSoC5/IDACL.c **** *  Set the trim value for the given range.
 320:.\Generated_Source\PSoC5/IDACL.c **** *
 321:.\Generated_Source\PSoC5/IDACL.c **** * Parameters:
 322:.\Generated_Source\PSoC5/IDACL.c **** *  None
 323:.\Generated_Source\PSoC5/IDACL.c **** *
 324:.\Generated_Source\PSoC5/IDACL.c **** * Return:
 325:.\Generated_Source\PSoC5/IDACL.c **** *  (void) 
 326:.\Generated_Source\PSoC5/IDACL.c **** *
 327:.\Generated_Source\PSoC5/IDACL.c **** * Theory:
 328:.\Generated_Source\PSoC5/IDACL.c **** *  Trim values for the IDAC blocks are stored in the "Customer Table" area in 
 329:.\Generated_Source\PSoC5/IDACL.c **** *  Row 1 of the Hidden Flash.  There are 8 bytes of trim data for each 
 330:.\Generated_Source\PSoC5/IDACL.c **** *  IDAC block.
 331:.\Generated_Source\PSoC5/IDACL.c **** *  The values are:
 332:.\Generated_Source\PSoC5/IDACL.c **** *       I Gain offset, min range, Sourcing
 333:.\Generated_Source\PSoC5/IDACL.c **** *       I Gain offset, min range, Sinking
 334:.\Generated_Source\PSoC5/IDACL.c **** *       I Gain offset, med range, Sourcing
 335:.\Generated_Source\PSoC5/IDACL.c **** *       I Gain offset, med range, Sinking
 336:.\Generated_Source\PSoC5/IDACL.c **** *       I Gain offset, max range, Sourcing
 337:.\Generated_Source\PSoC5/IDACL.c **** *       I Gain offset, max range, Sinking
 338:.\Generated_Source\PSoC5/IDACL.c **** *       V Gain offset, 1V range
 339:.\Generated_Source\PSoC5/IDACL.c **** *       V Gain offset, 4V range
 340:.\Generated_Source\PSoC5/IDACL.c **** *
 341:.\Generated_Source\PSoC5/IDACL.c **** * Side Effects:
 342:.\Generated_Source\PSoC5/IDACL.c **** *
 343:.\Generated_Source\PSoC5/IDACL.c **** *******************************************************************************/
 344:.\Generated_Source\PSoC5/IDACL.c **** void IDACL_DacTrim(void) 
 345:.\Generated_Source\PSoC5/IDACL.c **** {
 147              		.loc 1 345 0
 148              		.cfi_startproc
 149              		@ args = 0, pretend = 0, frame = 0
 150              		@ frame_needed = 0, uses_anonymous_args = 0
 151              		@ link register save eliminated.
 346:.\Generated_Source\PSoC5/IDACL.c ****     uint8 mode;
 347:.\Generated_Source\PSoC5/IDACL.c **** 
 348:.\Generated_Source\PSoC5/IDACL.c ****     mode = ((IDACL_CR0 & IDACL_RANGE_MASK) >> 1u);
 152              		.loc 1 348 0
 153 0000 094B     		ldr	r3, .L15
 154 0002 1B78     		ldrb	r3, [r3]	@ zero_extendqisi2
 155 0004 03F00C03 		and	r3, r3, #12
 156 0008 5B08     		lsrs	r3, r3, #1
 157              	.LVL3:
 349:.\Generated_Source\PSoC5/IDACL.c ****     
 350:.\Generated_Source\PSoC5/IDACL.c ****     if((IDACL_IDIR_MASK & IDACL_CR1) == IDACL_IDIR_SINK)
 158              		.loc 1 350 0
 159 000a 084A     		ldr	r2, .L15+4
 160 000c 1278     		ldrb	r2, [r2]	@ zero_extendqisi2
 161 000e 12F0040F 		tst	r2, #4
 162 0012 00D0     		beq	.L14
 351:.\Generated_Source\PSoC5/IDACL.c ****     {
ARM GAS  C:\Users\cruiser\AppData\Local\Temp\ccJIyyJg.s 			page 10


 352:.\Generated_Source\PSoC5/IDACL.c ****         mode++;
 163              		.loc 1 352 0
 164 0014 0133     		adds	r3, r3, #1
 165              	.LVL4:
 166              	.L14:
 353:.\Generated_Source\PSoC5/IDACL.c ****     }
 354:.\Generated_Source\PSoC5/IDACL.c **** 
 355:.\Generated_Source\PSoC5/IDACL.c ****     IDACL_TR = CY_GET_XTND_REG8((uint8 *)(IDACL_DAC_TRIM_BASE + mode));
 167              		.loc 1 355 0
 168 0016 03F19243 		add	r3, r3, #1224736768
 169              	.LVL5:
 170 001a 93F82031 		ldrb	r3, [r3, #288]	@ zero_extendqisi2
 171 001e DBB2     		uxtb	r3, r3
 172 0020 034A     		ldr	r2, .L15+8
 173 0022 1370     		strb	r3, [r2]
 174 0024 7047     		bx	lr
 175              	.L16:
 176 0026 00BF     		.align	2
 177              	.L15:
 178 0028 20580040 		.word	1073764384
 179 002c 21580040 		.word	1073764385
 180 0030 08460040 		.word	1073759752
 181              		.cfi_endproc
 182              	.LFE8:
 183              		.size	IDACL_DacTrim, .-IDACL_DacTrim
 184              		.section	.text.IDACL_Init,"ax",%progbits
 185              		.align	2
 186              		.global	IDACL_Init
 187              		.thumb
 188              		.thumb_func
 189              		.type	IDACL_Init, %function
 190              	IDACL_Init:
 191              	.LFB0:
  59:.\Generated_Source\PSoC5/IDACL.c ****     IDACL_CR0 = (IDACL_MODE_I | IDACL_DEFAULT_RANGE );
 192              		.loc 1 59 0
 193              		.cfi_startproc
 194              		@ args = 0, pretend = 0, frame = 0
 195              		@ frame_needed = 0, uses_anonymous_args = 0
 196 0000 08B5     		push	{r3, lr}
 197              		.cfi_def_cfa_offset 8
 198              		.cfi_offset 3, -8
 199              		.cfi_offset 14, -4
  60:.\Generated_Source\PSoC5/IDACL.c **** 
 200              		.loc 1 60 0
 201 0002 1022     		movs	r2, #16
 202 0004 064B     		ldr	r3, .L19
 203 0006 1A70     		strb	r2, [r3]
  66:.\Generated_Source\PSoC5/IDACL.c ****     #endif /* (IDACL_DEFAULT_DATA_SRC != 0u ) */
 204              		.loc 1 66 0
 205 0008 0133     		adds	r3, r3, #1
 206 000a 0020     		movs	r0, #0
 207 000c 1870     		strb	r0, [r3]
  73:.\Generated_Source\PSoC5/IDACL.c ****     #endif/* (IDACL_DEFAULT_POLARITY == IDACL_HARDWARE_CONTROLLED) */
 208              		.loc 1 73 0
 209 000e 1A78     		ldrb	r2, [r3]	@ zero_extendqisi2
 210 0010 D2B2     		uxtb	r2, r2
 211 0012 1A70     		strb	r2, [r3]
ARM GAS  C:\Users\cruiser\AppData\Local\Temp\ccJIyyJg.s 			page 11


  86:.\Generated_Source\PSoC5/IDACL.c ****     
 212              		.loc 1 86 0
 213 0014 FFF7FEFF 		bl	IDACL_SetSpeed
 214              	.LVL6:
  89:.\Generated_Source\PSoC5/IDACL.c ****     
 215              		.loc 1 89 0
 216 0018 FFF7FEFF 		bl	IDACL_DacTrim
 217              	.LVL7:
 218 001c 08BD     		pop	{r3, pc}
 219              	.L20:
 220 001e 00BF     		.align	2
 221              	.L19:
 222 0020 20580040 		.word	1073764384
 223              		.cfi_endproc
 224              	.LFE0:
 225              		.size	IDACL_Init, .-IDACL_Init
 226              		.section	.text.IDACL_Start,"ax",%progbits
 227              		.align	2
 228              		.global	IDACL_Start
 229              		.thumb
 230              		.thumb_func
 231              		.type	IDACL_Start, %function
 232              	IDACL_Start:
 233              	.LFB2:
 148:.\Generated_Source\PSoC5/IDACL.c ****     /* Hardware initiazation only needs to occur the first time */
 234              		.loc 1 148 0
 235              		.cfi_startproc
 236              		@ args = 0, pretend = 0, frame = 0
 237              		@ frame_needed = 0, uses_anonymous_args = 0
 238 0000 08B5     		push	{r3, lr}
 239              		.cfi_def_cfa_offset 8
 240              		.cfi_offset 3, -8
 241              		.cfi_offset 14, -4
 150:.\Generated_Source\PSoC5/IDACL.c ****     {
 242              		.loc 1 150 0
 243 0002 074B     		ldr	r3, .L24
 244 0004 1B78     		ldrb	r3, [r3]	@ zero_extendqisi2
 245 0006 23B9     		cbnz	r3, .L22
 152:.\Generated_Source\PSoC5/IDACL.c ****         
 246              		.loc 1 152 0
 247 0008 FFF7FEFF 		bl	IDACL_Init
 248              	.LVL8:
 154:.\Generated_Source\PSoC5/IDACL.c ****     }
 249              		.loc 1 154 0
 250 000c 0122     		movs	r2, #1
 251 000e 044B     		ldr	r3, .L24
 252 0010 1A70     		strb	r2, [r3]
 253              	.L22:
 158:.\Generated_Source\PSoC5/IDACL.c **** 
 254              		.loc 1 158 0
 255 0012 FFF7FEFF 		bl	IDACL_Enable
 256              	.LVL9:
 161:.\Generated_Source\PSoC5/IDACL.c **** 
 257              		.loc 1 161 0
 258 0016 7820     		movs	r0, #120
 259 0018 FFF7FEFF 		bl	IDACL_SetValue
 260              	.LVL10:
ARM GAS  C:\Users\cruiser\AppData\Local\Temp\ccJIyyJg.s 			page 12


 261 001c 08BD     		pop	{r3, pc}
 262              	.L25:
 263 001e 00BF     		.align	2
 264              	.L24:
 265 0020 00000000 		.word	.LANCHOR0
 266              		.cfi_endproc
 267              	.LFE2:
 268              		.size	IDACL_Start, .-IDACL_Start
 269              		.section	.text.IDACL_SetPolarity,"ax",%progbits
 270              		.align	2
 271              		.global	IDACL_SetPolarity
 272              		.thumb
 273              		.thumb_func
 274              		.type	IDACL_SetPolarity, %function
 275              	IDACL_SetPolarity:
 276              	.LFB5:
 247:.\Generated_Source\PSoC5/IDACL.c ****         IDACL_CR1 &= (uint8)(~IDACL_IDIR_MASK);                /* clear polarity bit */
 277              		.loc 1 247 0
 278              		.cfi_startproc
 279              		@ args = 0, pretend = 0, frame = 0
 280              		@ frame_needed = 0, uses_anonymous_args = 0
 281              	.LVL11:
 282 0000 08B5     		push	{r3, lr}
 283              		.cfi_def_cfa_offset 8
 284              		.cfi_offset 3, -8
 285              		.cfi_offset 14, -4
 248:.\Generated_Source\PSoC5/IDACL.c ****         IDACL_CR1 |= (polarity & IDACL_IDIR_MASK);             /* set new value */
 286              		.loc 1 248 0
 287 0002 064B     		ldr	r3, .L28
 288 0004 1A78     		ldrb	r2, [r3]	@ zero_extendqisi2
 289 0006 02F0FB02 		and	r2, r2, #251
 290 000a 1A70     		strb	r2, [r3]
 249:.\Generated_Source\PSoC5/IDACL.c ****     
 291              		.loc 1 249 0
 292 000c 1A78     		ldrb	r2, [r3]	@ zero_extendqisi2
 293 000e 00F00400 		and	r0, r0, #4
 294              	.LVL12:
 295 0012 1043     		orrs	r0, r0, r2
 296 0014 1870     		strb	r0, [r3]
 251:.\Generated_Source\PSoC5/IDACL.c ****     }
 297              		.loc 1 251 0
 298 0016 FFF7FEFF 		bl	IDACL_DacTrim
 299              	.LVL13:
 300 001a 08BD     		pop	{r3, pc}
 301              	.L29:
 302              		.align	2
 303              	.L28:
 304 001c 21580040 		.word	1073764385
 305              		.cfi_endproc
 306              	.LFE5:
 307              		.size	IDACL_SetPolarity, .-IDACL_SetPolarity
 308              		.section	.text.IDACL_SetRange,"ax",%progbits
 309              		.align	2
 310              		.global	IDACL_SetRange
 311              		.thumb
 312              		.thumb_func
 313              		.type	IDACL_SetRange, %function
ARM GAS  C:\Users\cruiser\AppData\Local\Temp\ccJIyyJg.s 			page 13


 314              	IDACL_SetRange:
 315              	.LFB6:
 274:.\Generated_Source\PSoC5/IDACL.c ****     IDACL_CR0 &= (uint8)(~IDACL_RANGE_MASK);       /* Clear existing mode */
 316              		.loc 1 274 0
 317              		.cfi_startproc
 318              		@ args = 0, pretend = 0, frame = 0
 319              		@ frame_needed = 0, uses_anonymous_args = 0
 320              	.LVL14:
 321 0000 08B5     		push	{r3, lr}
 322              		.cfi_def_cfa_offset 8
 323              		.cfi_offset 3, -8
 324              		.cfi_offset 14, -4
 275:.\Generated_Source\PSoC5/IDACL.c ****     IDACL_CR0 |= ( range & IDACL_RANGE_MASK );     /*  Set Range  */
 325              		.loc 1 275 0
 326 0002 064B     		ldr	r3, .L32
 327 0004 1A78     		ldrb	r2, [r3]	@ zero_extendqisi2
 328 0006 02F0F302 		and	r2, r2, #243
 329 000a 1A70     		strb	r2, [r3]
 276:.\Generated_Source\PSoC5/IDACL.c ****     IDACL_DacTrim();
 330              		.loc 1 276 0
 331 000c 1A78     		ldrb	r2, [r3]	@ zero_extendqisi2
 332 000e 00F00C00 		and	r0, r0, #12
 333              	.LVL15:
 334 0012 1043     		orrs	r0, r0, r2
 335 0014 1870     		strb	r0, [r3]
 277:.\Generated_Source\PSoC5/IDACL.c **** }
 336              		.loc 1 277 0
 337 0016 FFF7FEFF 		bl	IDACL_DacTrim
 338              	.LVL16:
 339 001a 08BD     		pop	{r3, pc}
 340              	.L33:
 341              		.align	2
 342              	.L32:
 343 001c 20580040 		.word	1073764384
 344              		.cfi_endproc
 345              	.LFE6:
 346              		.size	IDACL_SetRange, .-IDACL_SetRange
 347              		.global	IDACL_initVar
 348              		.bss
 349              		.set	.LANCHOR0,. + 0
 350              		.type	IDACL_initVar, %object
 351              		.size	IDACL_initVar, 1
 352              	IDACL_initVar:
 353 0000 00       		.space	1
 354              		.text
 355              	.Letext0:
 356              		.file 2 ".\\Generated_Source\\PSoC5\\cytypes.h"
 357              		.section	.debug_info,"",%progbits
 358              	.Ldebug_info0:
 359 0000 06020000 		.4byte	0x206
 360 0004 0400     		.2byte	0x4
 361 0006 00000000 		.4byte	.Ldebug_abbrev0
 362 000a 04       		.byte	0x4
 363 000b 01       		.uleb128 0x1
 364 000c 3E010000 		.4byte	.LASF27
 365 0010 01       		.byte	0x1
 366 0011 0A020000 		.4byte	.LASF28
ARM GAS  C:\Users\cruiser\AppData\Local\Temp\ccJIyyJg.s 			page 14


 367 0015 8C000000 		.4byte	.LASF29
 368 0019 00000000 		.4byte	.Ldebug_ranges0+0
 369 001d 00000000 		.4byte	0
 370 0021 00000000 		.4byte	.Ldebug_line0
 371 0025 02       		.uleb128 0x2
 372 0026 01       		.byte	0x1
 373 0027 06       		.byte	0x6
 374 0028 F0000000 		.4byte	.LASF0
 375 002c 02       		.uleb128 0x2
 376 002d 01       		.byte	0x1
 377 002e 08       		.byte	0x8
 378 002f D9000000 		.4byte	.LASF1
 379 0033 02       		.uleb128 0x2
 380 0034 02       		.byte	0x2
 381 0035 05       		.byte	0x5
 382 0036 0D000000 		.4byte	.LASF2
 383 003a 02       		.uleb128 0x2
 384 003b 02       		.byte	0x2
 385 003c 07       		.byte	0x7
 386 003d 26010000 		.4byte	.LASF3
 387 0041 02       		.uleb128 0x2
 388 0042 04       		.byte	0x4
 389 0043 05       		.byte	0x5
 390 0044 83000000 		.4byte	.LASF4
 391 0048 02       		.uleb128 0x2
 392 0049 04       		.byte	0x4
 393 004a 07       		.byte	0x7
 394 004b DC010000 		.4byte	.LASF5
 395 004f 02       		.uleb128 0x2
 396 0050 08       		.byte	0x8
 397 0051 05       		.byte	0x5
 398 0052 63000000 		.4byte	.LASF6
 399 0056 02       		.uleb128 0x2
 400 0057 08       		.byte	0x8
 401 0058 07       		.byte	0x7
 402 0059 FC000000 		.4byte	.LASF7
 403 005d 03       		.uleb128 0x3
 404 005e 04       		.byte	0x4
 405 005f 05       		.byte	0x5
 406 0060 696E7400 		.ascii	"int\000"
 407 0064 02       		.uleb128 0x2
 408 0065 04       		.byte	0x4
 409 0066 07       		.byte	0x7
 410 0067 13010000 		.4byte	.LASF8
 411 006b 04       		.uleb128 0x4
 412 006c 48000000 		.4byte	.LASF12
 413 0070 02       		.byte	0x2
 414 0071 9201     		.2byte	0x192
 415 0073 2C000000 		.4byte	0x2c
 416 0077 02       		.uleb128 0x2
 417 0078 04       		.byte	0x4
 418 0079 04       		.byte	0x4
 419 007a 5D000000 		.4byte	.LASF9
 420 007e 02       		.uleb128 0x2
 421 007f 08       		.byte	0x8
 422 0080 04       		.byte	0x4
 423 0081 EE010000 		.4byte	.LASF10
ARM GAS  C:\Users\cruiser\AppData\Local\Temp\ccJIyyJg.s 			page 15


 424 0085 02       		.uleb128 0x2
 425 0086 01       		.byte	0x1
 426 0087 08       		.byte	0x8
 427 0088 39010000 		.4byte	.LASF11
 428 008c 04       		.uleb128 0x4
 429 008d D7010000 		.4byte	.LASF13
 430 0091 02       		.byte	0x2
 431 0092 3C02     		.2byte	0x23c
 432 0094 98000000 		.4byte	0x98
 433 0098 05       		.uleb128 0x5
 434 0099 6B000000 		.4byte	0x6b
 435 009d 06       		.uleb128 0x6
 436 009e 00000000 		.4byte	.LASF14
 437 00a2 01       		.byte	0x1
 438 00a3 6F       		.byte	0x6f
 439 00a4 00000000 		.4byte	.LFB1
 440 00a8 1C000000 		.4byte	.LFE1-.LFB1
 441 00ac 01       		.uleb128 0x1
 442 00ad 9C       		.byte	0x9c
 443 00ae 06       		.uleb128 0x6
 444 00af 26000000 		.4byte	.LASF15
 445 00b3 01       		.byte	0x1
 446 00b4 B7       		.byte	0xb7
 447 00b5 00000000 		.4byte	.LFB3
 448 00b9 1C000000 		.4byte	.LFE3-.LFB3
 449 00bd 01       		.uleb128 0x1
 450 00be 9C       		.byte	0x9c
 451 00bf 07       		.uleb128 0x7
 452 00c0 17000000 		.4byte	.LASF16
 453 00c4 01       		.byte	0x1
 454 00c5 DA       		.byte	0xda
 455 00c6 00000000 		.4byte	.LFB4
 456 00ca 1C000000 		.4byte	.LFE4-.LFB4
 457 00ce 01       		.uleb128 0x1
 458 00cf 9C       		.byte	0x9c
 459 00d0 E4000000 		.4byte	0xe4
 460 00d4 08       		.uleb128 0x8
 461 00d5 20010000 		.4byte	.LASF18
 462 00d9 01       		.byte	0x1
 463 00da DA       		.byte	0xda
 464 00db 6B000000 		.4byte	0x6b
 465 00df 00000000 		.4byte	.LLST0
 466 00e3 00       		.byte	0
 467 00e4 09       		.uleb128 0x9
 468 00e5 4E000000 		.4byte	.LASF17
 469 00e9 01       		.byte	0x1
 470 00ea 2A01     		.2byte	0x12a
 471 00ec 00000000 		.4byte	.LFB7
 472 00f0 0C000000 		.4byte	.LFE7-.LFB7
 473 00f4 01       		.uleb128 0x1
 474 00f5 9C       		.byte	0x9c
 475 00f6 09010000 		.4byte	0x109
 476 00fa 0A       		.uleb128 0xa
 477 00fb 42000000 		.4byte	.LASF19
 478 00ff 01       		.byte	0x1
 479 0100 2A01     		.2byte	0x12a
 480 0102 6B000000 		.4byte	0x6b
ARM GAS  C:\Users\cruiser\AppData\Local\Temp\ccJIyyJg.s 			page 16


 481 0106 01       		.uleb128 0x1
 482 0107 50       		.byte	0x50
 483 0108 00       		.byte	0
 484 0109 09       		.uleb128 0x9
 485 010a 2B020000 		.4byte	.LASF20
 486 010e 01       		.byte	0x1
 487 010f 5801     		.2byte	0x158
 488 0111 00000000 		.4byte	.LFB8
 489 0115 34000000 		.4byte	.LFE8-.LFB8
 490 0119 01       		.uleb128 0x1
 491 011a 9C       		.byte	0x9c
 492 011b 30010000 		.4byte	0x130
 493 011f 0B       		.uleb128 0xb
 494 0120 31000000 		.4byte	.LASF30
 495 0124 01       		.byte	0x1
 496 0125 5A01     		.2byte	0x15a
 497 0127 6B000000 		.4byte	0x6b
 498 012b 21000000 		.4byte	.LLST1
 499 012f 00       		.byte	0
 500 0130 07       		.uleb128 0x7
 501 0131 CC010000 		.4byte	.LASF21
 502 0135 01       		.byte	0x1
 503 0136 3A       		.byte	0x3a
 504 0137 00000000 		.4byte	.LFB0
 505 013b 24000000 		.4byte	.LFE0-.LFB0
 506 013f 01       		.uleb128 0x1
 507 0140 9C       		.byte	0x9c
 508 0141 62010000 		.4byte	0x162
 509 0145 0C       		.uleb128 0xc
 510 0146 18000000 		.4byte	.LVL6
 511 014a BF000000 		.4byte	0xbf
 512 014e 58010000 		.4byte	0x158
 513 0152 0D       		.uleb128 0xd
 514 0153 01       		.uleb128 0x1
 515 0154 50       		.byte	0x50
 516 0155 01       		.uleb128 0x1
 517 0156 30       		.byte	0x30
 518 0157 00       		.byte	0
 519 0158 0E       		.uleb128 0xe
 520 0159 1C000000 		.4byte	.LVL7
 521 015d 09010000 		.4byte	0x109
 522 0161 00       		.byte	0
 523 0162 07       		.uleb128 0x7
 524 0163 36000000 		.4byte	.LASF22
 525 0167 01       		.byte	0x1
 526 0168 93       		.byte	0x93
 527 0169 00000000 		.4byte	.LFB2
 528 016d 24000000 		.4byte	.LFE2-.LFB2
 529 0171 01       		.uleb128 0x1
 530 0172 9C       		.byte	0x9c
 531 0173 9A010000 		.4byte	0x19a
 532 0177 0E       		.uleb128 0xe
 533 0178 0C000000 		.4byte	.LVL8
 534 017c 30010000 		.4byte	0x130
 535 0180 0E       		.uleb128 0xe
 536 0181 16000000 		.4byte	.LVL9
 537 0185 9D000000 		.4byte	0x9d
ARM GAS  C:\Users\cruiser\AppData\Local\Temp\ccJIyyJg.s 			page 17


 538 0189 0F       		.uleb128 0xf
 539 018a 1C000000 		.4byte	.LVL10
 540 018e E4000000 		.4byte	0xe4
 541 0192 0D       		.uleb128 0xd
 542 0193 01       		.uleb128 0x1
 543 0194 50       		.byte	0x50
 544 0195 02       		.uleb128 0x2
 545 0196 08       		.byte	0x8
 546 0197 78       		.byte	0x78
 547 0198 00       		.byte	0
 548 0199 00       		.byte	0
 549 019a 07       		.uleb128 0x7
 550 019b 71000000 		.4byte	.LASF23
 551 019f 01       		.byte	0x1
 552 01a0 F6       		.byte	0xf6
 553 01a1 00000000 		.4byte	.LFB5
 554 01a5 20000000 		.4byte	.LFE5-.LFB5
 555 01a9 01       		.uleb128 0x1
 556 01aa 9C       		.byte	0x9c
 557 01ab C8010000 		.4byte	0x1c8
 558 01af 08       		.uleb128 0x8
 559 01b0 E7000000 		.4byte	.LASF24
 560 01b4 01       		.byte	0x1
 561 01b5 F6       		.byte	0xf6
 562 01b6 6B000000 		.4byte	0x6b
 563 01ba 34000000 		.4byte	.LLST2
 564 01be 0E       		.uleb128 0xe
 565 01bf 1A000000 		.4byte	.LVL13
 566 01c3 09010000 		.4byte	0x109
 567 01c7 00       		.byte	0
 568 01c8 09       		.uleb128 0x9
 569 01c9 FB010000 		.4byte	.LASF25
 570 01cd 01       		.byte	0x1
 571 01ce 1101     		.2byte	0x111
 572 01d0 00000000 		.4byte	.LFB6
 573 01d4 20000000 		.4byte	.LFE6-.LFB6
 574 01d8 01       		.uleb128 0x1
 575 01d9 9C       		.byte	0x9c
 576 01da F8010000 		.4byte	0x1f8
 577 01de 10       		.uleb128 0x10
 578 01df F5010000 		.4byte	.LASF26
 579 01e3 01       		.byte	0x1
 580 01e4 1101     		.2byte	0x111
 581 01e6 6B000000 		.4byte	0x6b
 582 01ea 55000000 		.4byte	.LLST3
 583 01ee 0E       		.uleb128 0xe
 584 01ef 1A000000 		.4byte	.LVL16
 585 01f3 09010000 		.4byte	0x109
 586 01f7 00       		.byte	0
 587 01f8 11       		.uleb128 0x11
 588 01f9 CB000000 		.4byte	.LASF31
 589 01fd 01       		.byte	0x1
 590 01fe 1B       		.byte	0x1b
 591 01ff 6B000000 		.4byte	0x6b
 592 0203 05       		.uleb128 0x5
 593 0204 03       		.byte	0x3
 594 0205 00000000 		.4byte	IDACL_initVar
ARM GAS  C:\Users\cruiser\AppData\Local\Temp\ccJIyyJg.s 			page 18


 595 0209 00       		.byte	0
 596              		.section	.debug_abbrev,"",%progbits
 597              	.Ldebug_abbrev0:
 598 0000 01       		.uleb128 0x1
 599 0001 11       		.uleb128 0x11
 600 0002 01       		.byte	0x1
 601 0003 25       		.uleb128 0x25
 602 0004 0E       		.uleb128 0xe
 603 0005 13       		.uleb128 0x13
 604 0006 0B       		.uleb128 0xb
 605 0007 03       		.uleb128 0x3
 606 0008 0E       		.uleb128 0xe
 607 0009 1B       		.uleb128 0x1b
 608 000a 0E       		.uleb128 0xe
 609 000b 55       		.uleb128 0x55
 610 000c 17       		.uleb128 0x17
 611 000d 11       		.uleb128 0x11
 612 000e 01       		.uleb128 0x1
 613 000f 10       		.uleb128 0x10
 614 0010 17       		.uleb128 0x17
 615 0011 00       		.byte	0
 616 0012 00       		.byte	0
 617 0013 02       		.uleb128 0x2
 618 0014 24       		.uleb128 0x24
 619 0015 00       		.byte	0
 620 0016 0B       		.uleb128 0xb
 621 0017 0B       		.uleb128 0xb
 622 0018 3E       		.uleb128 0x3e
 623 0019 0B       		.uleb128 0xb
 624 001a 03       		.uleb128 0x3
 625 001b 0E       		.uleb128 0xe
 626 001c 00       		.byte	0
 627 001d 00       		.byte	0
 628 001e 03       		.uleb128 0x3
 629 001f 24       		.uleb128 0x24
 630 0020 00       		.byte	0
 631 0021 0B       		.uleb128 0xb
 632 0022 0B       		.uleb128 0xb
 633 0023 3E       		.uleb128 0x3e
 634 0024 0B       		.uleb128 0xb
 635 0025 03       		.uleb128 0x3
 636 0026 08       		.uleb128 0x8
 637 0027 00       		.byte	0
 638 0028 00       		.byte	0
 639 0029 04       		.uleb128 0x4
 640 002a 16       		.uleb128 0x16
 641 002b 00       		.byte	0
 642 002c 03       		.uleb128 0x3
 643 002d 0E       		.uleb128 0xe
 644 002e 3A       		.uleb128 0x3a
 645 002f 0B       		.uleb128 0xb
 646 0030 3B       		.uleb128 0x3b
 647 0031 05       		.uleb128 0x5
 648 0032 49       		.uleb128 0x49
 649 0033 13       		.uleb128 0x13
 650 0034 00       		.byte	0
 651 0035 00       		.byte	0
ARM GAS  C:\Users\cruiser\AppData\Local\Temp\ccJIyyJg.s 			page 19


 652 0036 05       		.uleb128 0x5
 653 0037 35       		.uleb128 0x35
 654 0038 00       		.byte	0
 655 0039 49       		.uleb128 0x49
 656 003a 13       		.uleb128 0x13
 657 003b 00       		.byte	0
 658 003c 00       		.byte	0
 659 003d 06       		.uleb128 0x6
 660 003e 2E       		.uleb128 0x2e
 661 003f 00       		.byte	0
 662 0040 3F       		.uleb128 0x3f
 663 0041 19       		.uleb128 0x19
 664 0042 03       		.uleb128 0x3
 665 0043 0E       		.uleb128 0xe
 666 0044 3A       		.uleb128 0x3a
 667 0045 0B       		.uleb128 0xb
 668 0046 3B       		.uleb128 0x3b
 669 0047 0B       		.uleb128 0xb
 670 0048 27       		.uleb128 0x27
 671 0049 19       		.uleb128 0x19
 672 004a 11       		.uleb128 0x11
 673 004b 01       		.uleb128 0x1
 674 004c 12       		.uleb128 0x12
 675 004d 06       		.uleb128 0x6
 676 004e 40       		.uleb128 0x40
 677 004f 18       		.uleb128 0x18
 678 0050 9742     		.uleb128 0x2117
 679 0052 19       		.uleb128 0x19
 680 0053 00       		.byte	0
 681 0054 00       		.byte	0
 682 0055 07       		.uleb128 0x7
 683 0056 2E       		.uleb128 0x2e
 684 0057 01       		.byte	0x1
 685 0058 3F       		.uleb128 0x3f
 686 0059 19       		.uleb128 0x19
 687 005a 03       		.uleb128 0x3
 688 005b 0E       		.uleb128 0xe
 689 005c 3A       		.uleb128 0x3a
 690 005d 0B       		.uleb128 0xb
 691 005e 3B       		.uleb128 0x3b
 692 005f 0B       		.uleb128 0xb
 693 0060 27       		.uleb128 0x27
 694 0061 19       		.uleb128 0x19
 695 0062 11       		.uleb128 0x11
 696 0063 01       		.uleb128 0x1
 697 0064 12       		.uleb128 0x12
 698 0065 06       		.uleb128 0x6
 699 0066 40       		.uleb128 0x40
 700 0067 18       		.uleb128 0x18
 701 0068 9742     		.uleb128 0x2117
 702 006a 19       		.uleb128 0x19
 703 006b 01       		.uleb128 0x1
 704 006c 13       		.uleb128 0x13
 705 006d 00       		.byte	0
 706 006e 00       		.byte	0
 707 006f 08       		.uleb128 0x8
 708 0070 05       		.uleb128 0x5
ARM GAS  C:\Users\cruiser\AppData\Local\Temp\ccJIyyJg.s 			page 20


 709 0071 00       		.byte	0
 710 0072 03       		.uleb128 0x3
 711 0073 0E       		.uleb128 0xe
 712 0074 3A       		.uleb128 0x3a
 713 0075 0B       		.uleb128 0xb
 714 0076 3B       		.uleb128 0x3b
 715 0077 0B       		.uleb128 0xb
 716 0078 49       		.uleb128 0x49
 717 0079 13       		.uleb128 0x13
 718 007a 02       		.uleb128 0x2
 719 007b 17       		.uleb128 0x17
 720 007c 00       		.byte	0
 721 007d 00       		.byte	0
 722 007e 09       		.uleb128 0x9
 723 007f 2E       		.uleb128 0x2e
 724 0080 01       		.byte	0x1
 725 0081 3F       		.uleb128 0x3f
 726 0082 19       		.uleb128 0x19
 727 0083 03       		.uleb128 0x3
 728 0084 0E       		.uleb128 0xe
 729 0085 3A       		.uleb128 0x3a
 730 0086 0B       		.uleb128 0xb
 731 0087 3B       		.uleb128 0x3b
 732 0088 05       		.uleb128 0x5
 733 0089 27       		.uleb128 0x27
 734 008a 19       		.uleb128 0x19
 735 008b 11       		.uleb128 0x11
 736 008c 01       		.uleb128 0x1
 737 008d 12       		.uleb128 0x12
 738 008e 06       		.uleb128 0x6
 739 008f 40       		.uleb128 0x40
 740 0090 18       		.uleb128 0x18
 741 0091 9742     		.uleb128 0x2117
 742 0093 19       		.uleb128 0x19
 743 0094 01       		.uleb128 0x1
 744 0095 13       		.uleb128 0x13
 745 0096 00       		.byte	0
 746 0097 00       		.byte	0
 747 0098 0A       		.uleb128 0xa
 748 0099 05       		.uleb128 0x5
 749 009a 00       		.byte	0
 750 009b 03       		.uleb128 0x3
 751 009c 0E       		.uleb128 0xe
 752 009d 3A       		.uleb128 0x3a
 753 009e 0B       		.uleb128 0xb
 754 009f 3B       		.uleb128 0x3b
 755 00a0 05       		.uleb128 0x5
 756 00a1 49       		.uleb128 0x49
 757 00a2 13       		.uleb128 0x13
 758 00a3 02       		.uleb128 0x2
 759 00a4 18       		.uleb128 0x18
 760 00a5 00       		.byte	0
 761 00a6 00       		.byte	0
 762 00a7 0B       		.uleb128 0xb
 763 00a8 34       		.uleb128 0x34
 764 00a9 00       		.byte	0
 765 00aa 03       		.uleb128 0x3
ARM GAS  C:\Users\cruiser\AppData\Local\Temp\ccJIyyJg.s 			page 21


 766 00ab 0E       		.uleb128 0xe
 767 00ac 3A       		.uleb128 0x3a
 768 00ad 0B       		.uleb128 0xb
 769 00ae 3B       		.uleb128 0x3b
 770 00af 05       		.uleb128 0x5
 771 00b0 49       		.uleb128 0x49
 772 00b1 13       		.uleb128 0x13
 773 00b2 02       		.uleb128 0x2
 774 00b3 17       		.uleb128 0x17
 775 00b4 00       		.byte	0
 776 00b5 00       		.byte	0
 777 00b6 0C       		.uleb128 0xc
 778 00b7 898201   		.uleb128 0x4109
 779 00ba 01       		.byte	0x1
 780 00bb 11       		.uleb128 0x11
 781 00bc 01       		.uleb128 0x1
 782 00bd 31       		.uleb128 0x31
 783 00be 13       		.uleb128 0x13
 784 00bf 01       		.uleb128 0x1
 785 00c0 13       		.uleb128 0x13
 786 00c1 00       		.byte	0
 787 00c2 00       		.byte	0
 788 00c3 0D       		.uleb128 0xd
 789 00c4 8A8201   		.uleb128 0x410a
 790 00c7 00       		.byte	0
 791 00c8 02       		.uleb128 0x2
 792 00c9 18       		.uleb128 0x18
 793 00ca 9142     		.uleb128 0x2111
 794 00cc 18       		.uleb128 0x18
 795 00cd 00       		.byte	0
 796 00ce 00       		.byte	0
 797 00cf 0E       		.uleb128 0xe
 798 00d0 898201   		.uleb128 0x4109
 799 00d3 00       		.byte	0
 800 00d4 11       		.uleb128 0x11
 801 00d5 01       		.uleb128 0x1
 802 00d6 31       		.uleb128 0x31
 803 00d7 13       		.uleb128 0x13
 804 00d8 00       		.byte	0
 805 00d9 00       		.byte	0
 806 00da 0F       		.uleb128 0xf
 807 00db 898201   		.uleb128 0x4109
 808 00de 01       		.byte	0x1
 809 00df 11       		.uleb128 0x11
 810 00e0 01       		.uleb128 0x1
 811 00e1 31       		.uleb128 0x31
 812 00e2 13       		.uleb128 0x13
 813 00e3 00       		.byte	0
 814 00e4 00       		.byte	0
 815 00e5 10       		.uleb128 0x10
 816 00e6 05       		.uleb128 0x5
 817 00e7 00       		.byte	0
 818 00e8 03       		.uleb128 0x3
 819 00e9 0E       		.uleb128 0xe
 820 00ea 3A       		.uleb128 0x3a
 821 00eb 0B       		.uleb128 0xb
 822 00ec 3B       		.uleb128 0x3b
ARM GAS  C:\Users\cruiser\AppData\Local\Temp\ccJIyyJg.s 			page 22


 823 00ed 05       		.uleb128 0x5
 824 00ee 49       		.uleb128 0x49
 825 00ef 13       		.uleb128 0x13
 826 00f0 02       		.uleb128 0x2
 827 00f1 17       		.uleb128 0x17
 828 00f2 00       		.byte	0
 829 00f3 00       		.byte	0
 830 00f4 11       		.uleb128 0x11
 831 00f5 34       		.uleb128 0x34
 832 00f6 00       		.byte	0
 833 00f7 03       		.uleb128 0x3
 834 00f8 0E       		.uleb128 0xe
 835 00f9 3A       		.uleb128 0x3a
 836 00fa 0B       		.uleb128 0xb
 837 00fb 3B       		.uleb128 0x3b
 838 00fc 0B       		.uleb128 0xb
 839 00fd 49       		.uleb128 0x49
 840 00fe 13       		.uleb128 0x13
 841 00ff 3F       		.uleb128 0x3f
 842 0100 19       		.uleb128 0x19
 843 0101 02       		.uleb128 0x2
 844 0102 18       		.uleb128 0x18
 845 0103 00       		.byte	0
 846 0104 00       		.byte	0
 847 0105 00       		.byte	0
 848              		.section	.debug_loc,"",%progbits
 849              	.Ldebug_loc0:
 850              	.LLST0:
 851 0000 00000000 		.4byte	.LVL0
 852 0004 10000000 		.4byte	.LVL1
 853 0008 0100     		.2byte	0x1
 854 000a 50       		.byte	0x50
 855 000b 10000000 		.4byte	.LVL1
 856 000f 1C000000 		.4byte	.LFE4
 857 0013 0400     		.2byte	0x4
 858 0015 F3       		.byte	0xf3
 859 0016 01       		.uleb128 0x1
 860 0017 50       		.byte	0x50
 861 0018 9F       		.byte	0x9f
 862 0019 00000000 		.4byte	0
 863 001d 00000000 		.4byte	0
 864              	.LLST1:
 865 0021 0A000000 		.4byte	.LVL3
 866 0025 1A000000 		.4byte	.LVL5
 867 0029 0100     		.2byte	0x1
 868 002b 53       		.byte	0x53
 869 002c 00000000 		.4byte	0
 870 0030 00000000 		.4byte	0
 871              	.LLST2:
 872 0034 00000000 		.4byte	.LVL11
 873 0038 12000000 		.4byte	.LVL12
 874 003c 0100     		.2byte	0x1
 875 003e 50       		.byte	0x50
 876 003f 12000000 		.4byte	.LVL12
 877 0043 20000000 		.4byte	.LFE5
 878 0047 0400     		.2byte	0x4
 879 0049 F3       		.byte	0xf3
ARM GAS  C:\Users\cruiser\AppData\Local\Temp\ccJIyyJg.s 			page 23


 880 004a 01       		.uleb128 0x1
 881 004b 50       		.byte	0x50
 882 004c 9F       		.byte	0x9f
 883 004d 00000000 		.4byte	0
 884 0051 00000000 		.4byte	0
 885              	.LLST3:
 886 0055 00000000 		.4byte	.LVL14
 887 0059 12000000 		.4byte	.LVL15
 888 005d 0100     		.2byte	0x1
 889 005f 50       		.byte	0x50
 890 0060 12000000 		.4byte	.LVL15
 891 0064 20000000 		.4byte	.LFE6
 892 0068 0400     		.2byte	0x4
 893 006a F3       		.byte	0xf3
 894 006b 01       		.uleb128 0x1
 895 006c 50       		.byte	0x50
 896 006d 9F       		.byte	0x9f
 897 006e 00000000 		.4byte	0
 898 0072 00000000 		.4byte	0
 899              		.section	.debug_aranges,"",%progbits
 900 0000 5C000000 		.4byte	0x5c
 901 0004 0200     		.2byte	0x2
 902 0006 00000000 		.4byte	.Ldebug_info0
 903 000a 04       		.byte	0x4
 904 000b 00       		.byte	0
 905 000c 0000     		.2byte	0
 906 000e 0000     		.2byte	0
 907 0010 00000000 		.4byte	.LFB1
 908 0014 1C000000 		.4byte	.LFE1-.LFB1
 909 0018 00000000 		.4byte	.LFB3
 910 001c 1C000000 		.4byte	.LFE3-.LFB3
 911 0020 00000000 		.4byte	.LFB4
 912 0024 1C000000 		.4byte	.LFE4-.LFB4
 913 0028 00000000 		.4byte	.LFB7
 914 002c 0C000000 		.4byte	.LFE7-.LFB7
 915 0030 00000000 		.4byte	.LFB8
 916 0034 34000000 		.4byte	.LFE8-.LFB8
 917 0038 00000000 		.4byte	.LFB0
 918 003c 24000000 		.4byte	.LFE0-.LFB0
 919 0040 00000000 		.4byte	.LFB2
 920 0044 24000000 		.4byte	.LFE2-.LFB2
 921 0048 00000000 		.4byte	.LFB5
 922 004c 20000000 		.4byte	.LFE5-.LFB5
 923 0050 00000000 		.4byte	.LFB6
 924 0054 20000000 		.4byte	.LFE6-.LFB6
 925 0058 00000000 		.4byte	0
 926 005c 00000000 		.4byte	0
 927              		.section	.debug_ranges,"",%progbits
 928              	.Ldebug_ranges0:
 929 0000 00000000 		.4byte	.LFB1
 930 0004 1C000000 		.4byte	.LFE1
 931 0008 00000000 		.4byte	.LFB3
 932 000c 1C000000 		.4byte	.LFE3
 933 0010 00000000 		.4byte	.LFB4
 934 0014 1C000000 		.4byte	.LFE4
 935 0018 00000000 		.4byte	.LFB7
 936 001c 0C000000 		.4byte	.LFE7
ARM GAS  C:\Users\cruiser\AppData\Local\Temp\ccJIyyJg.s 			page 24


 937 0020 00000000 		.4byte	.LFB8
 938 0024 34000000 		.4byte	.LFE8
 939 0028 00000000 		.4byte	.LFB0
 940 002c 24000000 		.4byte	.LFE0
 941 0030 00000000 		.4byte	.LFB2
 942 0034 24000000 		.4byte	.LFE2
 943 0038 00000000 		.4byte	.LFB5
 944 003c 20000000 		.4byte	.LFE5
 945 0040 00000000 		.4byte	.LFB6
 946 0044 20000000 		.4byte	.LFE6
 947 0048 00000000 		.4byte	0
 948 004c 00000000 		.4byte	0
 949              		.section	.debug_line,"",%progbits
 950              	.Ldebug_line0:
 951 0000 F6000000 		.section	.debug_str,"MS",%progbits,1
 951      02004400 
 951      00000201 
 951      FB0E0D00 
 951      01010101 
 952              	.LASF14:
 953 0000 49444143 		.ascii	"IDACL_Enable\000"
 953      4C5F456E 
 953      61626C65 
 953      00
 954              	.LASF2:
 955 000d 73686F72 		.ascii	"short int\000"
 955      7420696E 
 955      7400
 956              	.LASF16:
 957 0017 49444143 		.ascii	"IDACL_SetSpeed\000"
 957      4C5F5365 
 957      74537065 
 957      656400
 958              	.LASF15:
 959 0026 49444143 		.ascii	"IDACL_Stop\000"
 959      4C5F5374 
 959      6F7000
 960              	.LASF30:
 961 0031 6D6F6465 		.ascii	"mode\000"
 961      00
 962              	.LASF22:
 963 0036 49444143 		.ascii	"IDACL_Start\000"
 963      4C5F5374 
 963      61727400 
 964              	.LASF19:
 965 0042 76616C75 		.ascii	"value\000"
 965      6500
 966              	.LASF12:
 967 0048 75696E74 		.ascii	"uint8\000"
 967      3800
 968              	.LASF17:
 969 004e 49444143 		.ascii	"IDACL_SetValue\000"
 969      4C5F5365 
 969      7456616C 
 969      756500
 970              	.LASF9:
 971 005d 666C6F61 		.ascii	"float\000"
ARM GAS  C:\Users\cruiser\AppData\Local\Temp\ccJIyyJg.s 			page 25


 971      7400
 972              	.LASF6:
 973 0063 6C6F6E67 		.ascii	"long long int\000"
 973      206C6F6E 
 973      6720696E 
 973      7400
 974              	.LASF23:
 975 0071 49444143 		.ascii	"IDACL_SetPolarity\000"
 975      4C5F5365 
 975      74506F6C 
 975      61726974 
 975      7900
 976              	.LASF4:
 977 0083 6C6F6E67 		.ascii	"long int\000"
 977      20696E74 
 977      00
 978              	.LASF29:
 979 008c 433A5C55 		.ascii	"C:\\Users\\cruiser\\Documents\\PSoC Creator\\Voltro"
 979      73657273 
 979      5C637275 
 979      69736572 
 979      5C446F63 
 980 00ba 6E5C4465 		.ascii	"n\\Design01.cydsn\000"
 980      7369676E 
 980      30312E63 
 980      7964736E 
 980      00
 981              	.LASF31:
 982 00cb 49444143 		.ascii	"IDACL_initVar\000"
 982      4C5F696E 
 982      69745661 
 982      7200
 983              	.LASF1:
 984 00d9 756E7369 		.ascii	"unsigned char\000"
 984      676E6564 
 984      20636861 
 984      7200
 985              	.LASF24:
 986 00e7 706F6C61 		.ascii	"polarity\000"
 986      72697479 
 986      00
 987              	.LASF0:
 988 00f0 7369676E 		.ascii	"signed char\000"
 988      65642063 
 988      68617200 
 989              	.LASF7:
 990 00fc 6C6F6E67 		.ascii	"long long unsigned int\000"
 990      206C6F6E 
 990      6720756E 
 990      7369676E 
 990      65642069 
 991              	.LASF8:
 992 0113 756E7369 		.ascii	"unsigned int\000"
 992      676E6564 
 992      20696E74 
 992      00
 993              	.LASF18:
ARM GAS  C:\Users\cruiser\AppData\Local\Temp\ccJIyyJg.s 			page 26


 994 0120 73706565 		.ascii	"speed\000"
 994      6400
 995              	.LASF3:
 996 0126 73686F72 		.ascii	"short unsigned int\000"
 996      7420756E 
 996      7369676E 
 996      65642069 
 996      6E7400
 997              	.LASF11:
 998 0139 63686172 		.ascii	"char\000"
 998      00
 999              	.LASF27:
 1000 013e 474E5520 		.ascii	"GNU C 4.9.3 20150303 (release) [ARM/embedded-4_9-br"
 1000      4320342E 
 1000      392E3320 
 1000      32303135 
 1000      30333033 
 1001 0171 616E6368 		.ascii	"anch revision 221220] -mcpu=cortex-m3 -mthumb -g -O"
 1001      20726576 
 1001      6973696F 
 1001      6E203232 
 1001      31323230 
 1002 01a4 67202D66 		.ascii	"g -ffunction-sections -ffat-lto-objects\000"
 1002      66756E63 
 1002      74696F6E 
 1002      2D736563 
 1002      74696F6E 
 1003              	.LASF21:
 1004 01cc 49444143 		.ascii	"IDACL_Init\000"
 1004      4C5F496E 
 1004      697400
 1005              	.LASF13:
 1006 01d7 72656738 		.ascii	"reg8\000"
 1006      00
 1007              	.LASF5:
 1008 01dc 6C6F6E67 		.ascii	"long unsigned int\000"
 1008      20756E73 
 1008      69676E65 
 1008      6420696E 
 1008      7400
 1009              	.LASF10:
 1010 01ee 646F7562 		.ascii	"double\000"
 1010      6C6500
 1011              	.LASF26:
 1012 01f5 72616E67 		.ascii	"range\000"
 1012      6500
 1013              	.LASF25:
 1014 01fb 49444143 		.ascii	"IDACL_SetRange\000"
 1014      4C5F5365 
 1014      7452616E 
 1014      676500
 1015              	.LASF28:
 1016 020a 2E5C4765 		.ascii	".\\Generated_Source\\PSoC5\\IDACL.c\000"
 1016      6E657261 
 1016      7465645F 
 1016      536F7572 
 1016      63655C50 
ARM GAS  C:\Users\cruiser\AppData\Local\Temp\ccJIyyJg.s 			page 27


 1017              	.LASF20:
 1018 022b 49444143 		.ascii	"IDACL_DacTrim\000"
 1018      4C5F4461 
 1018      63547269 
 1018      6D00
 1019              		.ident	"GCC: (GNU Tools for ARM Embedded Processors) 4.9.3 20150303 (release) [ARM/embedded-4_9-br
