ARM GAS  C:\Users\cruiser\AppData\Local\Temp\ccj9BDd1.s 			page 1


   1              		.syntax unified
   2              		.cpu cortex-m3
   3              		.fpu softvfp
   4              		.eabi_attribute 20, 1
   5              		.eabi_attribute 21, 1
   6              		.eabi_attribute 23, 3
   7              		.eabi_attribute 24, 1
   8              		.eabi_attribute 25, 1
   9              		.eabi_attribute 26, 1
  10              		.eabi_attribute 30, 1
  11              		.eabi_attribute 34, 1
  12              		.eabi_attribute 18, 4
  13              		.thumb
  14              		.file	"Pin_1.c"
  15              		.text
  16              	.Ltext0:
  17              		.cfi_sections	.debug_frame
  18              		.section	.text.Pin_1_Write,"ax",%progbits
  19              		.align	2
  20              		.global	Pin_1_Write
  21              		.thumb
  22              		.thumb_func
  23              		.type	Pin_1_Write, %function
  24              	Pin_1_Write:
  25              	.LFB0:
  26              		.file 1 ".\\Generated_Source\\PSoC5\\Pin_1.c"
   1:.\Generated_Source\PSoC5/Pin_1.c **** /*******************************************************************************
   2:.\Generated_Source\PSoC5/Pin_1.c **** * File Name: Pin_1.c  
   3:.\Generated_Source\PSoC5/Pin_1.c **** * Version 2.20
   4:.\Generated_Source\PSoC5/Pin_1.c **** *
   5:.\Generated_Source\PSoC5/Pin_1.c **** * Description:
   6:.\Generated_Source\PSoC5/Pin_1.c **** *  This file contains API to enable firmware control of a Pins component.
   7:.\Generated_Source\PSoC5/Pin_1.c **** *
   8:.\Generated_Source\PSoC5/Pin_1.c **** * Note:
   9:.\Generated_Source\PSoC5/Pin_1.c **** *
  10:.\Generated_Source\PSoC5/Pin_1.c **** ********************************************************************************
  11:.\Generated_Source\PSoC5/Pin_1.c **** * Copyright 2008-2015, Cypress Semiconductor Corporation.  All rights reserved.
  12:.\Generated_Source\PSoC5/Pin_1.c **** * You may use this file only in accordance with the license, terms, conditions, 
  13:.\Generated_Source\PSoC5/Pin_1.c **** * disclaimers, and limitations in the end user license agreement accompanying 
  14:.\Generated_Source\PSoC5/Pin_1.c **** * the software package with which this file was provided.
  15:.\Generated_Source\PSoC5/Pin_1.c **** *******************************************************************************/
  16:.\Generated_Source\PSoC5/Pin_1.c **** 
  17:.\Generated_Source\PSoC5/Pin_1.c **** #include "cytypes.h"
  18:.\Generated_Source\PSoC5/Pin_1.c **** #include "Pin_1.h"
  19:.\Generated_Source\PSoC5/Pin_1.c **** 
  20:.\Generated_Source\PSoC5/Pin_1.c **** /* APIs are not generated for P15[7:6] on PSoC 5 */
  21:.\Generated_Source\PSoC5/Pin_1.c **** #if !(CY_PSOC5A &&\
  22:.\Generated_Source\PSoC5/Pin_1.c **** 	 Pin_1__PORT == 15 && ((Pin_1__MASK & 0xC0) != 0))
  23:.\Generated_Source\PSoC5/Pin_1.c **** 
  24:.\Generated_Source\PSoC5/Pin_1.c **** 
  25:.\Generated_Source\PSoC5/Pin_1.c **** /*******************************************************************************
  26:.\Generated_Source\PSoC5/Pin_1.c **** * Function Name: Pin_1_Write
  27:.\Generated_Source\PSoC5/Pin_1.c **** ****************************************************************************//**
  28:.\Generated_Source\PSoC5/Pin_1.c **** *
  29:.\Generated_Source\PSoC5/Pin_1.c **** * \brief Writes the value to the physical port (data output register), masking
  30:.\Generated_Source\PSoC5/Pin_1.c **** *  and shifting the bits appropriately. 
  31:.\Generated_Source\PSoC5/Pin_1.c **** *
ARM GAS  C:\Users\cruiser\AppData\Local\Temp\ccj9BDd1.s 			page 2


  32:.\Generated_Source\PSoC5/Pin_1.c **** * The data output register controls the signal applied to the physical pin in 
  33:.\Generated_Source\PSoC5/Pin_1.c **** * conjunction with the drive mode parameter. This function avoids changing 
  34:.\Generated_Source\PSoC5/Pin_1.c **** * other bits in the port by using the appropriate method (read-modify-write or
  35:.\Generated_Source\PSoC5/Pin_1.c **** * bit banding).
  36:.\Generated_Source\PSoC5/Pin_1.c **** *
  37:.\Generated_Source\PSoC5/Pin_1.c **** * <b>Note</b> This function should not be used on a hardware digital output pin 
  38:.\Generated_Source\PSoC5/Pin_1.c **** * as it is driven by the hardware signal attached to it.
  39:.\Generated_Source\PSoC5/Pin_1.c **** *
  40:.\Generated_Source\PSoC5/Pin_1.c **** * \param value
  41:.\Generated_Source\PSoC5/Pin_1.c **** *  Value to write to the component instance.
  42:.\Generated_Source\PSoC5/Pin_1.c **** *
  43:.\Generated_Source\PSoC5/Pin_1.c **** * \return 
  44:.\Generated_Source\PSoC5/Pin_1.c **** *  None 
  45:.\Generated_Source\PSoC5/Pin_1.c **** *
  46:.\Generated_Source\PSoC5/Pin_1.c **** * \sideeffect
  47:.\Generated_Source\PSoC5/Pin_1.c **** *  If you use read-modify-write operations that are not atomic; the Interrupt 
  48:.\Generated_Source\PSoC5/Pin_1.c **** *  Service Routines (ISR) can cause corruption of this function. An ISR that 
  49:.\Generated_Source\PSoC5/Pin_1.c **** *  interrupts this function and performs writes to the Pins component data 
  50:.\Generated_Source\PSoC5/Pin_1.c **** *  register can cause corrupted port data. To avoid this issue, you should 
  51:.\Generated_Source\PSoC5/Pin_1.c **** *  either use the Per-Pin APIs (primary method) or disable interrupts around 
  52:.\Generated_Source\PSoC5/Pin_1.c **** *  this function.
  53:.\Generated_Source\PSoC5/Pin_1.c **** *
  54:.\Generated_Source\PSoC5/Pin_1.c **** * \funcusage
  55:.\Generated_Source\PSoC5/Pin_1.c **** *  \snippet Pin_1_SUT.c usage_Pin_1_Write
  56:.\Generated_Source\PSoC5/Pin_1.c **** *******************************************************************************/
  57:.\Generated_Source\PSoC5/Pin_1.c **** void Pin_1_Write(uint8 value)
  58:.\Generated_Source\PSoC5/Pin_1.c **** {
  27              		.loc 1 58 0
  28              		.cfi_startproc
  29              		@ args = 0, pretend = 0, frame = 0
  30              		@ frame_needed = 0, uses_anonymous_args = 0
  31              		@ link register save eliminated.
  32              	.LVL0:
  59:.\Generated_Source\PSoC5/Pin_1.c ****     uint8 staticBits = (Pin_1_DR & (uint8)(~Pin_1_MASK));
  33              		.loc 1 59 0
  34 0000 044A     		ldr	r2, .L2
  35 0002 1378     		ldrb	r3, [r2]	@ zero_extendqisi2
  36 0004 03F0FC03 		and	r3, r3, #252
  37              	.LVL1:
  60:.\Generated_Source\PSoC5/Pin_1.c ****     Pin_1_DR = staticBits | ((uint8)(value << Pin_1_SHIFT) & Pin_1_MASK);
  38              		.loc 1 60 0
  39 0008 00F00300 		and	r0, r0, #3
  40              	.LVL2:
  41 000c 1843     		orrs	r0, r0, r3
  42 000e 1070     		strb	r0, [r2]
  43 0010 7047     		bx	lr
  44              	.L3:
  45 0012 00BF     		.align	2
  46              	.L2:
  47 0014 C0510040 		.word	1073762752
  48              		.cfi_endproc
  49              	.LFE0:
  50              		.size	Pin_1_Write, .-Pin_1_Write
  51              		.section	.text.Pin_1_SetDriveMode,"ax",%progbits
  52              		.align	2
  53              		.global	Pin_1_SetDriveMode
  54              		.thumb
ARM GAS  C:\Users\cruiser\AppData\Local\Temp\ccj9BDd1.s 			page 3


  55              		.thumb_func
  56              		.type	Pin_1_SetDriveMode, %function
  57              	Pin_1_SetDriveMode:
  58              	.LFB1:
  61:.\Generated_Source\PSoC5/Pin_1.c **** }
  62:.\Generated_Source\PSoC5/Pin_1.c **** 
  63:.\Generated_Source\PSoC5/Pin_1.c **** 
  64:.\Generated_Source\PSoC5/Pin_1.c **** /*******************************************************************************
  65:.\Generated_Source\PSoC5/Pin_1.c **** * Function Name: Pin_1_SetDriveMode
  66:.\Generated_Source\PSoC5/Pin_1.c **** ****************************************************************************//**
  67:.\Generated_Source\PSoC5/Pin_1.c **** *
  68:.\Generated_Source\PSoC5/Pin_1.c **** * \brief Sets the drive mode for each of the Pins component's pins.
  69:.\Generated_Source\PSoC5/Pin_1.c **** * 
  70:.\Generated_Source\PSoC5/Pin_1.c **** * <b>Note</b> This affects all pins in the Pins component instance. Use the
  71:.\Generated_Source\PSoC5/Pin_1.c **** * Per-Pin APIs if you wish to control individual pin's drive modes.
  72:.\Generated_Source\PSoC5/Pin_1.c **** *
  73:.\Generated_Source\PSoC5/Pin_1.c **** * \param mode
  74:.\Generated_Source\PSoC5/Pin_1.c **** *  Mode for the selected signals. Valid options are documented in 
  75:.\Generated_Source\PSoC5/Pin_1.c **** *  \ref driveMode.
  76:.\Generated_Source\PSoC5/Pin_1.c **** *
  77:.\Generated_Source\PSoC5/Pin_1.c **** * \return
  78:.\Generated_Source\PSoC5/Pin_1.c **** *  None
  79:.\Generated_Source\PSoC5/Pin_1.c **** *
  80:.\Generated_Source\PSoC5/Pin_1.c **** * \sideeffect
  81:.\Generated_Source\PSoC5/Pin_1.c **** *  If you use read-modify-write operations that are not atomic, the ISR can
  82:.\Generated_Source\PSoC5/Pin_1.c **** *  cause corruption of this function. An ISR that interrupts this function 
  83:.\Generated_Source\PSoC5/Pin_1.c **** *  and performs writes to the Pins component Drive Mode registers can cause 
  84:.\Generated_Source\PSoC5/Pin_1.c **** *  corrupted port data. To avoid this issue, you should either use the Per-Pin
  85:.\Generated_Source\PSoC5/Pin_1.c **** *  APIs (primary method) or disable interrupts around this function.
  86:.\Generated_Source\PSoC5/Pin_1.c **** *
  87:.\Generated_Source\PSoC5/Pin_1.c **** * \funcusage
  88:.\Generated_Source\PSoC5/Pin_1.c **** *  \snippet Pin_1_SUT.c usage_Pin_1_SetDriveMode
  89:.\Generated_Source\PSoC5/Pin_1.c **** *******************************************************************************/
  90:.\Generated_Source\PSoC5/Pin_1.c **** void Pin_1_SetDriveMode(uint8 mode)
  91:.\Generated_Source\PSoC5/Pin_1.c **** {
  59              		.loc 1 91 0
  60              		.cfi_startproc
  61              		@ args = 0, pretend = 0, frame = 0
  62              		@ frame_needed = 0, uses_anonymous_args = 0
  63              		@ link register save eliminated.
  64              	.LVL3:
  92:.\Generated_Source\PSoC5/Pin_1.c **** 	CyPins_SetPinDriveMode(Pin_1_0, mode);
  65              		.loc 1 92 0
  66 0000 074A     		ldr	r2, .L5
  67 0002 1378     		ldrb	r3, [r2]	@ zero_extendqisi2
  68 0004 00F00E00 		and	r0, r0, #14
  69              	.LVL4:
  70 0008 03F0F103 		and	r3, r3, #241
  71 000c 0343     		orrs	r3, r3, r0
  72 000e 1370     		strb	r3, [r2]
  93:.\Generated_Source\PSoC5/Pin_1.c **** 	CyPins_SetPinDriveMode(Pin_1_1, mode);
  73              		.loc 1 93 0
  74 0010 0132     		adds	r2, r2, #1
  75 0012 1378     		ldrb	r3, [r2]	@ zero_extendqisi2
  76 0014 03F0F103 		and	r3, r3, #241
  77 0018 1843     		orrs	r0, r0, r3
  78 001a 1070     		strb	r0, [r2]
ARM GAS  C:\Users\cruiser\AppData\Local\Temp\ccj9BDd1.s 			page 4


  79 001c 7047     		bx	lr
  80              	.L6:
  81 001e 00BF     		.align	2
  82              	.L5:
  83 0020 60500040 		.word	1073762400
  84              		.cfi_endproc
  85              	.LFE1:
  86              		.size	Pin_1_SetDriveMode, .-Pin_1_SetDriveMode
  87              		.section	.text.Pin_1_Read,"ax",%progbits
  88              		.align	2
  89              		.global	Pin_1_Read
  90              		.thumb
  91              		.thumb_func
  92              		.type	Pin_1_Read, %function
  93              	Pin_1_Read:
  94              	.LFB2:
  94:.\Generated_Source\PSoC5/Pin_1.c **** }
  95:.\Generated_Source\PSoC5/Pin_1.c **** 
  96:.\Generated_Source\PSoC5/Pin_1.c **** 
  97:.\Generated_Source\PSoC5/Pin_1.c **** /*******************************************************************************
  98:.\Generated_Source\PSoC5/Pin_1.c **** * Function Name: Pin_1_Read
  99:.\Generated_Source\PSoC5/Pin_1.c **** ****************************************************************************//**
 100:.\Generated_Source\PSoC5/Pin_1.c **** *
 101:.\Generated_Source\PSoC5/Pin_1.c **** * \brief Reads the associated physical port (pin status register) and masks 
 102:.\Generated_Source\PSoC5/Pin_1.c **** *  the required bits according to the width and bit position of the component
 103:.\Generated_Source\PSoC5/Pin_1.c **** *  instance. 
 104:.\Generated_Source\PSoC5/Pin_1.c **** *
 105:.\Generated_Source\PSoC5/Pin_1.c **** * The pin's status register returns the current logic level present on the 
 106:.\Generated_Source\PSoC5/Pin_1.c **** * physical pin.
 107:.\Generated_Source\PSoC5/Pin_1.c **** *
 108:.\Generated_Source\PSoC5/Pin_1.c **** * \return 
 109:.\Generated_Source\PSoC5/Pin_1.c **** *  The current value for the pins in the component as a right justified number.
 110:.\Generated_Source\PSoC5/Pin_1.c **** *
 111:.\Generated_Source\PSoC5/Pin_1.c **** * \funcusage
 112:.\Generated_Source\PSoC5/Pin_1.c **** *  \snippet Pin_1_SUT.c usage_Pin_1_Read  
 113:.\Generated_Source\PSoC5/Pin_1.c **** *******************************************************************************/
 114:.\Generated_Source\PSoC5/Pin_1.c **** uint8 Pin_1_Read(void)
 115:.\Generated_Source\PSoC5/Pin_1.c **** {
  95              		.loc 1 115 0
  96              		.cfi_startproc
  97              		@ args = 0, pretend = 0, frame = 0
  98              		@ frame_needed = 0, uses_anonymous_args = 0
  99              		@ link register save eliminated.
 116:.\Generated_Source\PSoC5/Pin_1.c ****     return (Pin_1_PS & Pin_1_MASK) >> Pin_1_SHIFT;
 100              		.loc 1 116 0
 101 0000 024B     		ldr	r3, .L8
 102 0002 1878     		ldrb	r0, [r3]	@ zero_extendqisi2
 117:.\Generated_Source\PSoC5/Pin_1.c **** }
 103              		.loc 1 117 0
 104 0004 00F00300 		and	r0, r0, #3
 105 0008 7047     		bx	lr
 106              	.L9:
 107 000a 00BF     		.align	2
 108              	.L8:
 109 000c C1510040 		.word	1073762753
 110              		.cfi_endproc
 111              	.LFE2:
ARM GAS  C:\Users\cruiser\AppData\Local\Temp\ccj9BDd1.s 			page 5


 112              		.size	Pin_1_Read, .-Pin_1_Read
 113              		.section	.text.Pin_1_ReadDataReg,"ax",%progbits
 114              		.align	2
 115              		.global	Pin_1_ReadDataReg
 116              		.thumb
 117              		.thumb_func
 118              		.type	Pin_1_ReadDataReg, %function
 119              	Pin_1_ReadDataReg:
 120              	.LFB3:
 118:.\Generated_Source\PSoC5/Pin_1.c **** 
 119:.\Generated_Source\PSoC5/Pin_1.c **** 
 120:.\Generated_Source\PSoC5/Pin_1.c **** /*******************************************************************************
 121:.\Generated_Source\PSoC5/Pin_1.c **** * Function Name: Pin_1_ReadDataReg
 122:.\Generated_Source\PSoC5/Pin_1.c **** ****************************************************************************//**
 123:.\Generated_Source\PSoC5/Pin_1.c **** *
 124:.\Generated_Source\PSoC5/Pin_1.c **** * \brief Reads the associated physical port's data output register and masks 
 125:.\Generated_Source\PSoC5/Pin_1.c **** *  the correct bits according to the width and bit position of the component 
 126:.\Generated_Source\PSoC5/Pin_1.c **** *  instance. 
 127:.\Generated_Source\PSoC5/Pin_1.c **** *
 128:.\Generated_Source\PSoC5/Pin_1.c **** * The data output register controls the signal applied to the physical pin in 
 129:.\Generated_Source\PSoC5/Pin_1.c **** * conjunction with the drive mode parameter. This is not the same as the 
 130:.\Generated_Source\PSoC5/Pin_1.c **** * preferred Pin_1_Read() API because the 
 131:.\Generated_Source\PSoC5/Pin_1.c **** * Pin_1_ReadDataReg() reads the data register instead of the status 
 132:.\Generated_Source\PSoC5/Pin_1.c **** * register. For output pins this is a useful function to determine the value 
 133:.\Generated_Source\PSoC5/Pin_1.c **** * just written to the pin.
 134:.\Generated_Source\PSoC5/Pin_1.c **** *
 135:.\Generated_Source\PSoC5/Pin_1.c **** * \return 
 136:.\Generated_Source\PSoC5/Pin_1.c **** *  The current value of the data register masked and shifted into a right 
 137:.\Generated_Source\PSoC5/Pin_1.c **** *  justified number for the component instance.
 138:.\Generated_Source\PSoC5/Pin_1.c **** *
 139:.\Generated_Source\PSoC5/Pin_1.c **** * \funcusage
 140:.\Generated_Source\PSoC5/Pin_1.c **** *  \snippet Pin_1_SUT.c usage_Pin_1_ReadDataReg 
 141:.\Generated_Source\PSoC5/Pin_1.c **** *******************************************************************************/
 142:.\Generated_Source\PSoC5/Pin_1.c **** uint8 Pin_1_ReadDataReg(void)
 143:.\Generated_Source\PSoC5/Pin_1.c **** {
 121              		.loc 1 143 0
 122              		.cfi_startproc
 123              		@ args = 0, pretend = 0, frame = 0
 124              		@ frame_needed = 0, uses_anonymous_args = 0
 125              		@ link register save eliminated.
 144:.\Generated_Source\PSoC5/Pin_1.c ****     return (Pin_1_DR & Pin_1_MASK) >> Pin_1_SHIFT;
 126              		.loc 1 144 0
 127 0000 024B     		ldr	r3, .L11
 128 0002 1878     		ldrb	r0, [r3]	@ zero_extendqisi2
 145:.\Generated_Source\PSoC5/Pin_1.c **** }
 129              		.loc 1 145 0
 130 0004 00F00300 		and	r0, r0, #3
 131 0008 7047     		bx	lr
 132              	.L12:
 133 000a 00BF     		.align	2
 134              	.L11:
 135 000c C0510040 		.word	1073762752
 136              		.cfi_endproc
 137              	.LFE3:
 138              		.size	Pin_1_ReadDataReg, .-Pin_1_ReadDataReg
 139              		.text
 140              	.Letext0:
ARM GAS  C:\Users\cruiser\AppData\Local\Temp\ccj9BDd1.s 			page 6


 141              		.file 2 ".\\Generated_Source\\PSoC5\\cytypes.h"
 142              		.section	.debug_info,"",%progbits
 143              	.Ldebug_info0:
 144 0000 1B010000 		.4byte	0x11b
 145 0004 0400     		.2byte	0x4
 146 0006 00000000 		.4byte	.Ldebug_abbrev0
 147 000a 04       		.byte	0x4
 148 000b 01       		.uleb128 0x1
 149 000c A8000000 		.4byte	.LASF20
 150 0010 01       		.byte	0x1
 151 0011 8D010000 		.4byte	.LASF21
 152 0015 06000000 		.4byte	.LASF22
 153 0019 00000000 		.4byte	.Ldebug_ranges0+0
 154 001d 00000000 		.4byte	0
 155 0021 00000000 		.4byte	.Ldebug_line0
 156 0025 02       		.uleb128 0x2
 157 0026 01       		.byte	0x1
 158 0027 06       		.byte	0x6
 159 0028 C9010000 		.4byte	.LASF0
 160 002c 02       		.uleb128 0x2
 161 002d 01       		.byte	0x1
 162 002e 08       		.byte	0x8
 163 002f 56000000 		.4byte	.LASF1
 164 0033 02       		.uleb128 0x2
 165 0034 02       		.byte	0x2
 166 0035 05       		.byte	0x5
 167 0036 7D010000 		.4byte	.LASF2
 168 003a 02       		.uleb128 0x2
 169 003b 02       		.byte	0x2
 170 003c 07       		.byte	0x7
 171 003d 7B000000 		.4byte	.LASF3
 172 0041 02       		.uleb128 0x2
 173 0042 04       		.byte	0x4
 174 0043 05       		.byte	0x5
 175 0044 C0010000 		.4byte	.LASF4
 176 0048 02       		.uleb128 0x2
 177 0049 04       		.byte	0x4
 178 004a 07       		.byte	0x7
 179 004b 69000000 		.4byte	.LASF5
 180 004f 02       		.uleb128 0x2
 181 0050 08       		.byte	0x8
 182 0051 05       		.byte	0x5
 183 0052 6A010000 		.4byte	.LASF6
 184 0056 02       		.uleb128 0x2
 185 0057 08       		.byte	0x8
 186 0058 07       		.byte	0x7
 187 0059 43010000 		.4byte	.LASF7
 188 005d 03       		.uleb128 0x3
 189 005e 04       		.byte	0x4
 190 005f 05       		.byte	0x5
 191 0060 696E7400 		.ascii	"int\000"
 192 0064 02       		.uleb128 0x2
 193 0065 04       		.byte	0x4
 194 0066 07       		.byte	0x7
 195 0067 36010000 		.4byte	.LASF8
 196 006b 04       		.uleb128 0x4
 197 006c 87010000 		.4byte	.LASF12
ARM GAS  C:\Users\cruiser\AppData\Local\Temp\ccj9BDd1.s 			page 7


 198 0070 02       		.byte	0x2
 199 0071 9201     		.2byte	0x192
 200 0073 2C000000 		.4byte	0x2c
 201 0077 02       		.uleb128 0x2
 202 0078 04       		.byte	0x4
 203 0079 04       		.byte	0x4
 204 007a 50000000 		.4byte	.LASF9
 205 007e 02       		.uleb128 0x2
 206 007f 08       		.byte	0x8
 207 0080 04       		.byte	0x4
 208 0081 8E000000 		.4byte	.LASF10
 209 0085 02       		.uleb128 0x2
 210 0086 01       		.byte	0x1
 211 0087 08       		.byte	0x8
 212 0088 78010000 		.4byte	.LASF11
 213 008c 04       		.uleb128 0x4
 214 008d 64000000 		.4byte	.LASF13
 215 0091 02       		.byte	0x2
 216 0092 3C02     		.2byte	0x23c
 217 0094 98000000 		.4byte	0x98
 218 0098 05       		.uleb128 0x5
 219 0099 6B000000 		.4byte	0x6b
 220 009d 06       		.uleb128 0x6
 221 009e D5010000 		.4byte	.LASF14
 222 00a2 01       		.byte	0x1
 223 00a3 39       		.byte	0x39
 224 00a4 00000000 		.4byte	.LFB0
 225 00a8 18000000 		.4byte	.LFE0-.LFB0
 226 00ac 01       		.uleb128 0x1
 227 00ad 9C       		.byte	0x9c
 228 00ae CF000000 		.4byte	0xcf
 229 00b2 07       		.uleb128 0x7
 230 00b3 00000000 		.4byte	.LASF16
 231 00b7 01       		.byte	0x1
 232 00b8 39       		.byte	0x39
 233 00b9 6B000000 		.4byte	0x6b
 234 00bd 00000000 		.4byte	.LLST0
 235 00c1 08       		.uleb128 0x8
 236 00c2 45000000 		.4byte	.LASF23
 237 00c6 01       		.byte	0x1
 238 00c7 3B       		.byte	0x3b
 239 00c8 6B000000 		.4byte	0x6b
 240 00cc 01       		.uleb128 0x1
 241 00cd 53       		.byte	0x53
 242 00ce 00       		.byte	0
 243 00cf 06       		.uleb128 0x6
 244 00d0 95000000 		.4byte	.LASF15
 245 00d4 01       		.byte	0x1
 246 00d5 5A       		.byte	0x5a
 247 00d6 00000000 		.4byte	.LFB1
 248 00da 24000000 		.4byte	.LFE1-.LFB1
 249 00de 01       		.uleb128 0x1
 250 00df 9C       		.byte	0x9c
 251 00e0 F4000000 		.4byte	0xf4
 252 00e4 07       		.uleb128 0x7
 253 00e5 5A010000 		.4byte	.LASF17
 254 00e9 01       		.byte	0x1
ARM GAS  C:\Users\cruiser\AppData\Local\Temp\ccj9BDd1.s 			page 8


 255 00ea 5A       		.byte	0x5a
 256 00eb 6B000000 		.4byte	0x6b
 257 00ef 21000000 		.4byte	.LLST1
 258 00f3 00       		.byte	0
 259 00f4 09       		.uleb128 0x9
 260 00f5 5F010000 		.4byte	.LASF18
 261 00f9 01       		.byte	0x1
 262 00fa 72       		.byte	0x72
 263 00fb 6B000000 		.4byte	0x6b
 264 00ff 00000000 		.4byte	.LFB2
 265 0103 10000000 		.4byte	.LFE2-.LFB2
 266 0107 01       		.uleb128 0x1
 267 0108 9C       		.byte	0x9c
 268 0109 09       		.uleb128 0x9
 269 010a AE010000 		.4byte	.LASF19
 270 010e 01       		.byte	0x1
 271 010f 8E       		.byte	0x8e
 272 0110 6B000000 		.4byte	0x6b
 273 0114 00000000 		.4byte	.LFB3
 274 0118 10000000 		.4byte	.LFE3-.LFB3
 275 011c 01       		.uleb128 0x1
 276 011d 9C       		.byte	0x9c
 277 011e 00       		.byte	0
 278              		.section	.debug_abbrev,"",%progbits
 279              	.Ldebug_abbrev0:
 280 0000 01       		.uleb128 0x1
 281 0001 11       		.uleb128 0x11
 282 0002 01       		.byte	0x1
 283 0003 25       		.uleb128 0x25
 284 0004 0E       		.uleb128 0xe
 285 0005 13       		.uleb128 0x13
 286 0006 0B       		.uleb128 0xb
 287 0007 03       		.uleb128 0x3
 288 0008 0E       		.uleb128 0xe
 289 0009 1B       		.uleb128 0x1b
 290 000a 0E       		.uleb128 0xe
 291 000b 55       		.uleb128 0x55
 292 000c 17       		.uleb128 0x17
 293 000d 11       		.uleb128 0x11
 294 000e 01       		.uleb128 0x1
 295 000f 10       		.uleb128 0x10
 296 0010 17       		.uleb128 0x17
 297 0011 00       		.byte	0
 298 0012 00       		.byte	0
 299 0013 02       		.uleb128 0x2
 300 0014 24       		.uleb128 0x24
 301 0015 00       		.byte	0
 302 0016 0B       		.uleb128 0xb
 303 0017 0B       		.uleb128 0xb
 304 0018 3E       		.uleb128 0x3e
 305 0019 0B       		.uleb128 0xb
 306 001a 03       		.uleb128 0x3
 307 001b 0E       		.uleb128 0xe
 308 001c 00       		.byte	0
 309 001d 00       		.byte	0
 310 001e 03       		.uleb128 0x3
 311 001f 24       		.uleb128 0x24
ARM GAS  C:\Users\cruiser\AppData\Local\Temp\ccj9BDd1.s 			page 9


 312 0020 00       		.byte	0
 313 0021 0B       		.uleb128 0xb
 314 0022 0B       		.uleb128 0xb
 315 0023 3E       		.uleb128 0x3e
 316 0024 0B       		.uleb128 0xb
 317 0025 03       		.uleb128 0x3
 318 0026 08       		.uleb128 0x8
 319 0027 00       		.byte	0
 320 0028 00       		.byte	0
 321 0029 04       		.uleb128 0x4
 322 002a 16       		.uleb128 0x16
 323 002b 00       		.byte	0
 324 002c 03       		.uleb128 0x3
 325 002d 0E       		.uleb128 0xe
 326 002e 3A       		.uleb128 0x3a
 327 002f 0B       		.uleb128 0xb
 328 0030 3B       		.uleb128 0x3b
 329 0031 05       		.uleb128 0x5
 330 0032 49       		.uleb128 0x49
 331 0033 13       		.uleb128 0x13
 332 0034 00       		.byte	0
 333 0035 00       		.byte	0
 334 0036 05       		.uleb128 0x5
 335 0037 35       		.uleb128 0x35
 336 0038 00       		.byte	0
 337 0039 49       		.uleb128 0x49
 338 003a 13       		.uleb128 0x13
 339 003b 00       		.byte	0
 340 003c 00       		.byte	0
 341 003d 06       		.uleb128 0x6
 342 003e 2E       		.uleb128 0x2e
 343 003f 01       		.byte	0x1
 344 0040 3F       		.uleb128 0x3f
 345 0041 19       		.uleb128 0x19
 346 0042 03       		.uleb128 0x3
 347 0043 0E       		.uleb128 0xe
 348 0044 3A       		.uleb128 0x3a
 349 0045 0B       		.uleb128 0xb
 350 0046 3B       		.uleb128 0x3b
 351 0047 0B       		.uleb128 0xb
 352 0048 27       		.uleb128 0x27
 353 0049 19       		.uleb128 0x19
 354 004a 11       		.uleb128 0x11
 355 004b 01       		.uleb128 0x1
 356 004c 12       		.uleb128 0x12
 357 004d 06       		.uleb128 0x6
 358 004e 40       		.uleb128 0x40
 359 004f 18       		.uleb128 0x18
 360 0050 9742     		.uleb128 0x2117
 361 0052 19       		.uleb128 0x19
 362 0053 01       		.uleb128 0x1
 363 0054 13       		.uleb128 0x13
 364 0055 00       		.byte	0
 365 0056 00       		.byte	0
 366 0057 07       		.uleb128 0x7
 367 0058 05       		.uleb128 0x5
 368 0059 00       		.byte	0
ARM GAS  C:\Users\cruiser\AppData\Local\Temp\ccj9BDd1.s 			page 10


 369 005a 03       		.uleb128 0x3
 370 005b 0E       		.uleb128 0xe
 371 005c 3A       		.uleb128 0x3a
 372 005d 0B       		.uleb128 0xb
 373 005e 3B       		.uleb128 0x3b
 374 005f 0B       		.uleb128 0xb
 375 0060 49       		.uleb128 0x49
 376 0061 13       		.uleb128 0x13
 377 0062 02       		.uleb128 0x2
 378 0063 17       		.uleb128 0x17
 379 0064 00       		.byte	0
 380 0065 00       		.byte	0
 381 0066 08       		.uleb128 0x8
 382 0067 34       		.uleb128 0x34
 383 0068 00       		.byte	0
 384 0069 03       		.uleb128 0x3
 385 006a 0E       		.uleb128 0xe
 386 006b 3A       		.uleb128 0x3a
 387 006c 0B       		.uleb128 0xb
 388 006d 3B       		.uleb128 0x3b
 389 006e 0B       		.uleb128 0xb
 390 006f 49       		.uleb128 0x49
 391 0070 13       		.uleb128 0x13
 392 0071 02       		.uleb128 0x2
 393 0072 18       		.uleb128 0x18
 394 0073 00       		.byte	0
 395 0074 00       		.byte	0
 396 0075 09       		.uleb128 0x9
 397 0076 2E       		.uleb128 0x2e
 398 0077 00       		.byte	0
 399 0078 3F       		.uleb128 0x3f
 400 0079 19       		.uleb128 0x19
 401 007a 03       		.uleb128 0x3
 402 007b 0E       		.uleb128 0xe
 403 007c 3A       		.uleb128 0x3a
 404 007d 0B       		.uleb128 0xb
 405 007e 3B       		.uleb128 0x3b
 406 007f 0B       		.uleb128 0xb
 407 0080 27       		.uleb128 0x27
 408 0081 19       		.uleb128 0x19
 409 0082 49       		.uleb128 0x49
 410 0083 13       		.uleb128 0x13
 411 0084 11       		.uleb128 0x11
 412 0085 01       		.uleb128 0x1
 413 0086 12       		.uleb128 0x12
 414 0087 06       		.uleb128 0x6
 415 0088 40       		.uleb128 0x40
 416 0089 18       		.uleb128 0x18
 417 008a 9742     		.uleb128 0x2117
 418 008c 19       		.uleb128 0x19
 419 008d 00       		.byte	0
 420 008e 00       		.byte	0
 421 008f 00       		.byte	0
 422              		.section	.debug_loc,"",%progbits
 423              	.Ldebug_loc0:
 424              	.LLST0:
 425 0000 00000000 		.4byte	.LVL0
ARM GAS  C:\Users\cruiser\AppData\Local\Temp\ccj9BDd1.s 			page 11


 426 0004 0C000000 		.4byte	.LVL2
 427 0008 0100     		.2byte	0x1
 428 000a 50       		.byte	0x50
 429 000b 0C000000 		.4byte	.LVL2
 430 000f 18000000 		.4byte	.LFE0
 431 0013 0400     		.2byte	0x4
 432 0015 F3       		.byte	0xf3
 433 0016 01       		.uleb128 0x1
 434 0017 50       		.byte	0x50
 435 0018 9F       		.byte	0x9f
 436 0019 00000000 		.4byte	0
 437 001d 00000000 		.4byte	0
 438              	.LLST1:
 439 0021 00000000 		.4byte	.LVL3
 440 0025 08000000 		.4byte	.LVL4
 441 0029 0100     		.2byte	0x1
 442 002b 50       		.byte	0x50
 443 002c 08000000 		.4byte	.LVL4
 444 0030 24000000 		.4byte	.LFE1
 445 0034 0400     		.2byte	0x4
 446 0036 F3       		.byte	0xf3
 447 0037 01       		.uleb128 0x1
 448 0038 50       		.byte	0x50
 449 0039 9F       		.byte	0x9f
 450 003a 00000000 		.4byte	0
 451 003e 00000000 		.4byte	0
 452              		.section	.debug_aranges,"",%progbits
 453 0000 34000000 		.4byte	0x34
 454 0004 0200     		.2byte	0x2
 455 0006 00000000 		.4byte	.Ldebug_info0
 456 000a 04       		.byte	0x4
 457 000b 00       		.byte	0
 458 000c 0000     		.2byte	0
 459 000e 0000     		.2byte	0
 460 0010 00000000 		.4byte	.LFB0
 461 0014 18000000 		.4byte	.LFE0-.LFB0
 462 0018 00000000 		.4byte	.LFB1
 463 001c 24000000 		.4byte	.LFE1-.LFB1
 464 0020 00000000 		.4byte	.LFB2
 465 0024 10000000 		.4byte	.LFE2-.LFB2
 466 0028 00000000 		.4byte	.LFB3
 467 002c 10000000 		.4byte	.LFE3-.LFB3
 468 0030 00000000 		.4byte	0
 469 0034 00000000 		.4byte	0
 470              		.section	.debug_ranges,"",%progbits
 471              	.Ldebug_ranges0:
 472 0000 00000000 		.4byte	.LFB0
 473 0004 18000000 		.4byte	.LFE0
 474 0008 00000000 		.4byte	.LFB1
 475 000c 24000000 		.4byte	.LFE1
 476 0010 00000000 		.4byte	.LFB2
 477 0014 10000000 		.4byte	.LFE2
 478 0018 00000000 		.4byte	.LFB3
 479 001c 10000000 		.4byte	.LFE3
 480 0020 00000000 		.4byte	0
 481 0024 00000000 		.4byte	0
 482              		.section	.debug_line,"",%progbits
ARM GAS  C:\Users\cruiser\AppData\Local\Temp\ccj9BDd1.s 			page 12


 483              	.Ldebug_line0:
 484 0000 91000000 		.section	.debug_str,"MS",%progbits,1
 484      02004400 
 484      00000201 
 484      FB0E0D00 
 484      01010101 
 485              	.LASF16:
 486 0000 76616C75 		.ascii	"value\000"
 486      6500
 487              	.LASF22:
 488 0006 433A5C55 		.ascii	"C:\\Users\\cruiser\\Documents\\PSoC Creator\\Voltro"
 488      73657273 
 488      5C637275 
 488      69736572 
 488      5C446F63 
 489 0034 6E5C4465 		.ascii	"n\\Design01.cydsn\000"
 489      7369676E 
 489      30312E63 
 489      7964736E 
 489      00
 490              	.LASF23:
 491 0045 73746174 		.ascii	"staticBits\000"
 491      69634269 
 491      747300
 492              	.LASF9:
 493 0050 666C6F61 		.ascii	"float\000"
 493      7400
 494              	.LASF1:
 495 0056 756E7369 		.ascii	"unsigned char\000"
 495      676E6564 
 495      20636861 
 495      7200
 496              	.LASF13:
 497 0064 72656738 		.ascii	"reg8\000"
 497      00
 498              	.LASF5:
 499 0069 6C6F6E67 		.ascii	"long unsigned int\000"
 499      20756E73 
 499      69676E65 
 499      6420696E 
 499      7400
 500              	.LASF3:
 501 007b 73686F72 		.ascii	"short unsigned int\000"
 501      7420756E 
 501      7369676E 
 501      65642069 
 501      6E7400
 502              	.LASF10:
 503 008e 646F7562 		.ascii	"double\000"
 503      6C6500
 504              	.LASF15:
 505 0095 50696E5F 		.ascii	"Pin_1_SetDriveMode\000"
 505      315F5365 
 505      74447269 
 505      76654D6F 
 505      646500
 506              	.LASF20:
ARM GAS  C:\Users\cruiser\AppData\Local\Temp\ccj9BDd1.s 			page 13


 507 00a8 474E5520 		.ascii	"GNU C 4.9.3 20150303 (release) [ARM/embedded-4_9-br"
 507      4320342E 
 507      392E3320 
 507      32303135 
 507      30333033 
 508 00db 616E6368 		.ascii	"anch revision 221220] -mcpu=cortex-m3 -mthumb -g -O"
 508      20726576 
 508      6973696F 
 508      6E203232 
 508      31323230 
 509 010e 67202D66 		.ascii	"g -ffunction-sections -ffat-lto-objects\000"
 509      66756E63 
 509      74696F6E 
 509      2D736563 
 509      74696F6E 
 510              	.LASF8:
 511 0136 756E7369 		.ascii	"unsigned int\000"
 511      676E6564 
 511      20696E74 
 511      00
 512              	.LASF7:
 513 0143 6C6F6E67 		.ascii	"long long unsigned int\000"
 513      206C6F6E 
 513      6720756E 
 513      7369676E 
 513      65642069 
 514              	.LASF17:
 515 015a 6D6F6465 		.ascii	"mode\000"
 515      00
 516              	.LASF18:
 517 015f 50696E5F 		.ascii	"Pin_1_Read\000"
 517      315F5265 
 517      616400
 518              	.LASF6:
 519 016a 6C6F6E67 		.ascii	"long long int\000"
 519      206C6F6E 
 519      6720696E 
 519      7400
 520              	.LASF11:
 521 0178 63686172 		.ascii	"char\000"
 521      00
 522              	.LASF2:
 523 017d 73686F72 		.ascii	"short int\000"
 523      7420696E 
 523      7400
 524              	.LASF12:
 525 0187 75696E74 		.ascii	"uint8\000"
 525      3800
 526              	.LASF21:
 527 018d 2E5C4765 		.ascii	".\\Generated_Source\\PSoC5\\Pin_1.c\000"
 527      6E657261 
 527      7465645F 
 527      536F7572 
 527      63655C50 
 528              	.LASF19:
 529 01ae 50696E5F 		.ascii	"Pin_1_ReadDataReg\000"
 529      315F5265 
ARM GAS  C:\Users\cruiser\AppData\Local\Temp\ccj9BDd1.s 			page 14


 529      61644461 
 529      74615265 
 529      6700
 530              	.LASF4:
 531 01c0 6C6F6E67 		.ascii	"long int\000"
 531      20696E74 
 531      00
 532              	.LASF0:
 533 01c9 7369676E 		.ascii	"signed char\000"
 533      65642063 
 533      68617200 
 534              	.LASF14:
 535 01d5 50696E5F 		.ascii	"Pin_1_Write\000"
 535      315F5772 
 535      69746500 
 536              		.ident	"GCC: (GNU Tools for ARM Embedded Processors) 4.9.3 20150303 (release) [ARM/embedded-4_9-br
