ARM GAS  C:\Users\cruiser\AppData\Local\Temp\ccZ4ojZN.s 			page 1


   1              		.syntax unified
   2              		.cpu cortex-m3
   3              		.fpu softvfp
   4              		.eabi_attribute 20, 1
   5              		.eabi_attribute 21, 1
   6              		.eabi_attribute 23, 3
   7              		.eabi_attribute 24, 1
   8              		.eabi_attribute 25, 1
   9              		.eabi_attribute 26, 1
  10              		.eabi_attribute 30, 1
  11              		.eabi_attribute 34, 1
  12              		.eabi_attribute 18, 4
  13              		.thumb
  14              		.file	"TIA_1.c"
  15              		.text
  16              	.Ltext0:
  17              		.cfi_sections	.debug_frame
  18              		.section	.text.TIA_1_Enable,"ax",%progbits
  19              		.align	2
  20              		.global	TIA_1_Enable
  21              		.thumb
  22              		.thumb_func
  23              		.type	TIA_1_Enable, %function
  24              	TIA_1_Enable:
  25              	.LFB1:
  26              		.file 1 ".\\Generated_Source\\PSoC5\\TIA_1.c"
   1:.\Generated_Source\PSoC5/TIA_1.c **** /*******************************************************************************
   2:.\Generated_Source\PSoC5/TIA_1.c **** * File Name: TIA_1.c  
   3:.\Generated_Source\PSoC5/TIA_1.c **** * Version 2.0
   4:.\Generated_Source\PSoC5/TIA_1.c **** *
   5:.\Generated_Source\PSoC5/TIA_1.c **** * Description:
   6:.\Generated_Source\PSoC5/TIA_1.c **** *  This file provides the source code to the API for the TIA User Module.
   7:.\Generated_Source\PSoC5/TIA_1.c **** *
   8:.\Generated_Source\PSoC5/TIA_1.c **** * Note:
   9:.\Generated_Source\PSoC5/TIA_1.c **** *
  10:.\Generated_Source\PSoC5/TIA_1.c **** ********************************************************************************
  11:.\Generated_Source\PSoC5/TIA_1.c **** * Copyright 2008-2012, Cypress Semiconductor Corporation.  All rights reserved.
  12:.\Generated_Source\PSoC5/TIA_1.c **** * You may use this file only in accordance with the license, terms, conditions, 
  13:.\Generated_Source\PSoC5/TIA_1.c **** * disclaimers, and limitations in the end user license agreement accompanying 
  14:.\Generated_Source\PSoC5/TIA_1.c **** * the software package with which this file was provided.
  15:.\Generated_Source\PSoC5/TIA_1.c **** *******************************************************************************/
  16:.\Generated_Source\PSoC5/TIA_1.c **** 
  17:.\Generated_Source\PSoC5/TIA_1.c **** #include "TIA_1.h"
  18:.\Generated_Source\PSoC5/TIA_1.c **** 
  19:.\Generated_Source\PSoC5/TIA_1.c **** #if (!CY_PSOC5A)
  20:.\Generated_Source\PSoC5/TIA_1.c ****     #if (CYDEV_VARIABLE_VDDA == 1u)
  21:.\Generated_Source\PSoC5/TIA_1.c ****         #include "CyScBoostClk.h"
  22:.\Generated_Source\PSoC5/TIA_1.c ****     #endif /* (CYDEV_VARIABLE_VDDA == 1u) */
  23:.\Generated_Source\PSoC5/TIA_1.c **** #endif /* (!CY_PSOC5A) */
  24:.\Generated_Source\PSoC5/TIA_1.c **** 
  25:.\Generated_Source\PSoC5/TIA_1.c **** /* Fixed configuration of SC Block only performed once */
  26:.\Generated_Source\PSoC5/TIA_1.c **** uint8 TIA_1_initVar = 0u;
  27:.\Generated_Source\PSoC5/TIA_1.c **** 
  28:.\Generated_Source\PSoC5/TIA_1.c **** #if (CY_PSOC5A)
  29:.\Generated_Source\PSoC5/TIA_1.c ****     static TIA_1_BACKUP_STRUCT  TIA_1_P5backup;
  30:.\Generated_Source\PSoC5/TIA_1.c **** #endif /* (CY_PSOC5A) */
  31:.\Generated_Source\PSoC5/TIA_1.c **** 
ARM GAS  C:\Users\cruiser\AppData\Local\Temp\ccZ4ojZN.s 			page 2


  32:.\Generated_Source\PSoC5/TIA_1.c **** 
  33:.\Generated_Source\PSoC5/TIA_1.c **** /*******************************************************************************   
  34:.\Generated_Source\PSoC5/TIA_1.c **** * Function Name: TIA_1_Init
  35:.\Generated_Source\PSoC5/TIA_1.c **** ********************************************************************************
  36:.\Generated_Source\PSoC5/TIA_1.c **** *
  37:.\Generated_Source\PSoC5/TIA_1.c **** * Summary:
  38:.\Generated_Source\PSoC5/TIA_1.c **** *  Initialize component's parameters to the parameters set by user in the 
  39:.\Generated_Source\PSoC5/TIA_1.c **** *  customizer of the component placed onto schematic. Usually called in 
  40:.\Generated_Source\PSoC5/TIA_1.c **** *  TIA_1_Start().
  41:.\Generated_Source\PSoC5/TIA_1.c **** *
  42:.\Generated_Source\PSoC5/TIA_1.c **** * Parameters:
  43:.\Generated_Source\PSoC5/TIA_1.c **** *  void
  44:.\Generated_Source\PSoC5/TIA_1.c **** *
  45:.\Generated_Source\PSoC5/TIA_1.c **** * Return:
  46:.\Generated_Source\PSoC5/TIA_1.c **** *  void
  47:.\Generated_Source\PSoC5/TIA_1.c **** *
  48:.\Generated_Source\PSoC5/TIA_1.c **** *******************************************************************************/
  49:.\Generated_Source\PSoC5/TIA_1.c **** void TIA_1_Init(void) 
  50:.\Generated_Source\PSoC5/TIA_1.c **** {
  51:.\Generated_Source\PSoC5/TIA_1.c ****     /* Set SC Block Mode to TIA - SCxx_CR0[3:1] */
  52:.\Generated_Source\PSoC5/TIA_1.c ****     TIA_1_CR0_REG = TIA_1_MODE_TIA;
  53:.\Generated_Source\PSoC5/TIA_1.c ****     
  54:.\Generated_Source\PSoC5/TIA_1.c ****     /*    Set SC Block CR1 Control Register fields to support TIA mode 
  55:.\Generated_Source\PSoC5/TIA_1.c ****             drive field set by SetPower() API
  56:.\Generated_Source\PSoC5/TIA_1.c ****             compensation Cap - 5.1 pF
  57:.\Generated_Source\PSoC5/TIA_1.c ****             div2 - disable, n/a for TIA mode
  58:.\Generated_Source\PSoC5/TIA_1.c ****             Mixer/PGA Gain - 0db, n/a for TIA mode   */
  59:.\Generated_Source\PSoC5/TIA_1.c **** 
  60:.\Generated_Source\PSoC5/TIA_1.c ****     TIA_1_CR1_REG = (TIA_1_COMP_5P1PF |
  61:.\Generated_Source\PSoC5/TIA_1.c ****                                 TIA_1_DIV2_DISABLE |
  62:.\Generated_Source\PSoC5/TIA_1.c ****                                 TIA_1_GAIN_0DB);
  63:.\Generated_Source\PSoC5/TIA_1.c **** 
  64:.\Generated_Source\PSoC5/TIA_1.c **** 
  65:.\Generated_Source\PSoC5/TIA_1.c ****     /*    Set SC Block CR2 Control Register fields to support TIA mode
  66:.\Generated_Source\PSoC5/TIA_1.c ****             Bias - Low
  67:.\Generated_Source\PSoC5/TIA_1.c ****             r20_r40 - 40K, n/a for TIA mode
  68:.\Generated_Source\PSoC5/TIA_1.c ****             redc - set by SetCapFB() API
  69:.\Generated_Source\PSoC5/TIA_1.c ****             rval - set by SetResFB() API
  70:.\Generated_Source\PSoC5/TIA_1.c ****             PGA Ground Ref - disable, n/a for TIA mode    */
  71:.\Generated_Source\PSoC5/TIA_1.c **** 
  72:.\Generated_Source\PSoC5/TIA_1.c ****     TIA_1_CR2_REG = (TIA_1_BIAS_LOW |
  73:.\Generated_Source\PSoC5/TIA_1.c ****                                 TIA_1_R20_40B_40K |
  74:.\Generated_Source\PSoC5/TIA_1.c ****                                 TIA_1_GNDVREF_DI);
  75:.\Generated_Source\PSoC5/TIA_1.c ****                           
  76:.\Generated_Source\PSoC5/TIA_1.c ****     /* Set default resistive feedback value */
  77:.\Generated_Source\PSoC5/TIA_1.c ****     TIA_1_SetResFB(TIA_1_INIT_RES_FEEDBACK);
  78:.\Generated_Source\PSoC5/TIA_1.c ****       
  79:.\Generated_Source\PSoC5/TIA_1.c ****     /* Set default capacitive feedback value */
  80:.\Generated_Source\PSoC5/TIA_1.c ****     TIA_1_SetCapFB(TIA_1_INIT_CAP_FEEDBACK);
  81:.\Generated_Source\PSoC5/TIA_1.c **** 
  82:.\Generated_Source\PSoC5/TIA_1.c ****     /* Set default power */
  83:.\Generated_Source\PSoC5/TIA_1.c ****     TIA_1_SetPower(TIA_1_INIT_POWER);
  84:.\Generated_Source\PSoC5/TIA_1.c **** }
  85:.\Generated_Source\PSoC5/TIA_1.c **** 
  86:.\Generated_Source\PSoC5/TIA_1.c **** 
  87:.\Generated_Source\PSoC5/TIA_1.c **** /*******************************************************************************   
  88:.\Generated_Source\PSoC5/TIA_1.c **** * Function Name: TIA_1_Enable
ARM GAS  C:\Users\cruiser\AppData\Local\Temp\ccZ4ojZN.s 			page 3


  89:.\Generated_Source\PSoC5/TIA_1.c **** ********************************************************************************
  90:.\Generated_Source\PSoC5/TIA_1.c **** *
  91:.\Generated_Source\PSoC5/TIA_1.c **** * Summary:
  92:.\Generated_Source\PSoC5/TIA_1.c **** *  Enables the TIA block operation
  93:.\Generated_Source\PSoC5/TIA_1.c **** *
  94:.\Generated_Source\PSoC5/TIA_1.c **** * Parameters:
  95:.\Generated_Source\PSoC5/TIA_1.c **** *  void
  96:.\Generated_Source\PSoC5/TIA_1.c **** *
  97:.\Generated_Source\PSoC5/TIA_1.c **** * Return:
  98:.\Generated_Source\PSoC5/TIA_1.c **** *  void
  99:.\Generated_Source\PSoC5/TIA_1.c **** *
 100:.\Generated_Source\PSoC5/TIA_1.c **** *******************************************************************************/
 101:.\Generated_Source\PSoC5/TIA_1.c **** void TIA_1_Enable(void) 
 102:.\Generated_Source\PSoC5/TIA_1.c **** {
  27              		.loc 1 102 0
  28              		.cfi_startproc
  29              		@ args = 0, pretend = 0, frame = 0
  30              		@ frame_needed = 0, uses_anonymous_args = 0
  31              		@ link register save eliminated.
 103:.\Generated_Source\PSoC5/TIA_1.c **** 	/* This is to restore the value of register CR1 and CR2 which is saved 
 104:.\Generated_Source\PSoC5/TIA_1.c ****       in prior to the modifications in stop() API */
 105:.\Generated_Source\PSoC5/TIA_1.c **** 	#if (CY_PSOC5A)
 106:.\Generated_Source\PSoC5/TIA_1.c ****         if(TIA_1_P5backup.enableState == 1u)
 107:.\Generated_Source\PSoC5/TIA_1.c ****         {
 108:.\Generated_Source\PSoC5/TIA_1.c **** 			TIA_1_CR1_REG = TIA_1_P5backup.scCR1Reg;
 109:.\Generated_Source\PSoC5/TIA_1.c ****             TIA_1_CR2_REG =TIA_1_P5backup.scCR2Reg;
 110:.\Generated_Source\PSoC5/TIA_1.c ****             TIA_1_P5backup.enableState = 0u;
 111:.\Generated_Source\PSoC5/TIA_1.c ****         }
 112:.\Generated_Source\PSoC5/TIA_1.c ****     #endif
 113:.\Generated_Source\PSoC5/TIA_1.c ****     /* Enable power to Amp in Active mode */
 114:.\Generated_Source\PSoC5/TIA_1.c ****     TIA_1_PM_ACT_CFG_REG |= TIA_1_ACT_PWR_EN;
  32              		.loc 1 114 0
  33 0000 084A     		ldr	r2, .L2
  34 0002 1378     		ldrb	r3, [r2]	@ zero_extendqisi2
  35 0004 43F00103 		orr	r3, r3, #1
  36 0008 1370     		strb	r3, [r2]
 115:.\Generated_Source\PSoC5/TIA_1.c **** 
 116:.\Generated_Source\PSoC5/TIA_1.c ****     /* Enable the power to Amp in Alternative active mode*/
 117:.\Generated_Source\PSoC5/TIA_1.c ****     TIA_1_PM_STBY_CFG_REG |= TIA_1_STBY_PWR_EN;
  37              		.loc 1 117 0
  38 000a 1032     		adds	r2, r2, #16
  39 000c 1378     		ldrb	r3, [r2]	@ zero_extendqisi2
  40 000e 43F00103 		orr	r3, r3, #1
  41 0012 1370     		strb	r3, [r2]
 118:.\Generated_Source\PSoC5/TIA_1.c ****     
 119:.\Generated_Source\PSoC5/TIA_1.c ****     TIA_1_PUMP_CR1_REG |= TIA_1_PUMP_CR1_SC_CLKSEL;
  42              		.loc 1 119 0
  43 0014 02F5A552 		add	r2, r2, #5280
  44 0018 1E32     		adds	r2, r2, #30
  45 001a 1378     		ldrb	r3, [r2]	@ zero_extendqisi2
  46 001c 43F08003 		orr	r3, r3, #128
  47 0020 1370     		strb	r3, [r2]
  48 0022 7047     		bx	lr
  49              	.L3:
  50              		.align	2
  51              	.L2:
  52 0024 A9430040 		.word	1073759145
ARM GAS  C:\Users\cruiser\AppData\Local\Temp\ccZ4ojZN.s 			page 4


  53              		.cfi_endproc
  54              	.LFE1:
  55              		.size	TIA_1_Enable, .-TIA_1_Enable
  56              		.section	.text.TIA_1_Stop,"ax",%progbits
  57              		.align	2
  58              		.global	TIA_1_Stop
  59              		.thumb
  60              		.thumb_func
  61              		.type	TIA_1_Stop, %function
  62              	TIA_1_Stop:
  63              	.LFB3:
 120:.\Generated_Source\PSoC5/TIA_1.c ****     
 121:.\Generated_Source\PSoC5/TIA_1.c ****     #if (!CY_PSOC5A)
 122:.\Generated_Source\PSoC5/TIA_1.c ****         #if (CYDEV_VARIABLE_VDDA == 1u)
 123:.\Generated_Source\PSoC5/TIA_1.c ****             if(CyScPumpEnabled == 1u)
 124:.\Generated_Source\PSoC5/TIA_1.c ****             {
 125:.\Generated_Source\PSoC5/TIA_1.c ****                 TIA_1_BSTCLK_REG &= (uint8)(~TIA_1_BST_CLK_INDEX_MASK);
 126:.\Generated_Source\PSoC5/TIA_1.c ****                 TIA_1_BSTCLK_REG |= TIA_1_BST_CLK_EN | CyScBoostClk__INDEX;
 127:.\Generated_Source\PSoC5/TIA_1.c ****                 TIA_1_SC_MISC_REG |= TIA_1_PUMP_FORCE;
 128:.\Generated_Source\PSoC5/TIA_1.c ****                 CyScBoostClk_Start();
 129:.\Generated_Source\PSoC5/TIA_1.c ****             }
 130:.\Generated_Source\PSoC5/TIA_1.c ****             else
 131:.\Generated_Source\PSoC5/TIA_1.c ****             {
 132:.\Generated_Source\PSoC5/TIA_1.c ****                 TIA_1_BSTCLK_REG &= (uint8)(~TIA_1_BST_CLK_EN);
 133:.\Generated_Source\PSoC5/TIA_1.c ****                 TIA_1_SC_MISC_REG &= (uint8)(~TIA_1_PUMP_FORCE);
 134:.\Generated_Source\PSoC5/TIA_1.c ****             }
 135:.\Generated_Source\PSoC5/TIA_1.c ****         #endif /* (CYDEV_VARIABLE_VDDA == 1u) */
 136:.\Generated_Source\PSoC5/TIA_1.c ****     #endif /* (!CY_PSOC5A) */
 137:.\Generated_Source\PSoC5/TIA_1.c **** }
 138:.\Generated_Source\PSoC5/TIA_1.c **** 
 139:.\Generated_Source\PSoC5/TIA_1.c **** 
 140:.\Generated_Source\PSoC5/TIA_1.c **** /*******************************************************************************
 141:.\Generated_Source\PSoC5/TIA_1.c **** * Function Name: TIA_1_Start
 142:.\Generated_Source\PSoC5/TIA_1.c **** ********************************************************************************
 143:.\Generated_Source\PSoC5/TIA_1.c **** *
 144:.\Generated_Source\PSoC5/TIA_1.c **** * Summary:
 145:.\Generated_Source\PSoC5/TIA_1.c **** *  The start function initializes the TIA with the default values and enables
 146:.\Generated_Source\PSoC5/TIA_1.c **** *  power to the SC block.
 147:.\Generated_Source\PSoC5/TIA_1.c **** *
 148:.\Generated_Source\PSoC5/TIA_1.c **** * Parameters:
 149:.\Generated_Source\PSoC5/TIA_1.c **** *  void
 150:.\Generated_Source\PSoC5/TIA_1.c **** *
 151:.\Generated_Source\PSoC5/TIA_1.c **** * Return:
 152:.\Generated_Source\PSoC5/TIA_1.c **** *  void 
 153:.\Generated_Source\PSoC5/TIA_1.c **** *
 154:.\Generated_Source\PSoC5/TIA_1.c **** * Global variables:
 155:.\Generated_Source\PSoC5/TIA_1.c **** *  TIA_1_initVar: Used to check the initial configuration, modified 
 156:.\Generated_Source\PSoC5/TIA_1.c **** *  when this function is called for the first time.
 157:.\Generated_Source\PSoC5/TIA_1.c **** *
 158:.\Generated_Source\PSoC5/TIA_1.c **** * Theory:
 159:.\Generated_Source\PSoC5/TIA_1.c **** *  Full initialization of the SC Block configuration registers is only perfomed
 160:.\Generated_Source\PSoC5/TIA_1.c **** *  the first time the routine executes - global variable  is used to
 161:.\Generated_Source\PSoC5/TIA_1.c **** *  TIA_1_initVar is used to indicate that the static configuration 
 162:.\Generated_Source\PSoC5/TIA_1.c **** *  has been completed.
 163:.\Generated_Source\PSoC5/TIA_1.c **** *
 164:.\Generated_Source\PSoC5/TIA_1.c **** *******************************************************************************/
 165:.\Generated_Source\PSoC5/TIA_1.c **** void TIA_1_Start(void) 
ARM GAS  C:\Users\cruiser\AppData\Local\Temp\ccZ4ojZN.s 			page 5


 166:.\Generated_Source\PSoC5/TIA_1.c **** {
 167:.\Generated_Source\PSoC5/TIA_1.c ****     if(TIA_1_initVar == 0u)
 168:.\Generated_Source\PSoC5/TIA_1.c ****     {
 169:.\Generated_Source\PSoC5/TIA_1.c ****         TIA_1_initVar = 1u;  
 170:.\Generated_Source\PSoC5/TIA_1.c ****         TIA_1_Init();
 171:.\Generated_Source\PSoC5/TIA_1.c ****     }
 172:.\Generated_Source\PSoC5/TIA_1.c **** 
 173:.\Generated_Source\PSoC5/TIA_1.c ****     TIA_1_Enable();
 174:.\Generated_Source\PSoC5/TIA_1.c **** }
 175:.\Generated_Source\PSoC5/TIA_1.c **** 
 176:.\Generated_Source\PSoC5/TIA_1.c **** 
 177:.\Generated_Source\PSoC5/TIA_1.c **** /*******************************************************************************
 178:.\Generated_Source\PSoC5/TIA_1.c **** * Function Name: TIA_1_Stop
 179:.\Generated_Source\PSoC5/TIA_1.c **** ********************************************************************************
 180:.\Generated_Source\PSoC5/TIA_1.c **** *
 181:.\Generated_Source\PSoC5/TIA_1.c **** * Summary: 
 182:.\Generated_Source\PSoC5/TIA_1.c **** *  Disables power to SC block.
 183:.\Generated_Source\PSoC5/TIA_1.c **** *
 184:.\Generated_Source\PSoC5/TIA_1.c **** * Parameters:
 185:.\Generated_Source\PSoC5/TIA_1.c **** *  void
 186:.\Generated_Source\PSoC5/TIA_1.c **** *
 187:.\Generated_Source\PSoC5/TIA_1.c **** * Return:
 188:.\Generated_Source\PSoC5/TIA_1.c **** *  void
 189:.\Generated_Source\PSoC5/TIA_1.c **** *
 190:.\Generated_Source\PSoC5/TIA_1.c **** *******************************************************************************/
 191:.\Generated_Source\PSoC5/TIA_1.c **** void TIA_1_Stop(void) 
 192:.\Generated_Source\PSoC5/TIA_1.c **** {
  64              		.loc 1 192 0
  65              		.cfi_startproc
  66              		@ args = 0, pretend = 0, frame = 0
  67              		@ frame_needed = 0, uses_anonymous_args = 0
  68              		@ link register save eliminated.
 193:.\Generated_Source\PSoC5/TIA_1.c ****      /* Disble power to the Amp in Active mode template*/
 194:.\Generated_Source\PSoC5/TIA_1.c ****     TIA_1_PM_ACT_CFG_REG &= (uint8)(~TIA_1_ACT_PWR_EN);
  69              		.loc 1 194 0
  70 0000 054A     		ldr	r2, .L5
  71 0002 1378     		ldrb	r3, [r2]	@ zero_extendqisi2
  72 0004 03F0FE03 		and	r3, r3, #254
  73 0008 1370     		strb	r3, [r2]
 195:.\Generated_Source\PSoC5/TIA_1.c **** 
 196:.\Generated_Source\PSoC5/TIA_1.c ****     /* Disble power to the Amp in Alternative active mode template*/
 197:.\Generated_Source\PSoC5/TIA_1.c ****     TIA_1_PM_STBY_CFG_REG &= (uint8)(~TIA_1_STBY_PWR_EN);
  74              		.loc 1 197 0
  75 000a 1032     		adds	r2, r2, #16
  76 000c 1378     		ldrb	r3, [r2]	@ zero_extendqisi2
  77 000e 03F0FE03 		and	r3, r3, #254
  78 0012 1370     		strb	r3, [r2]
  79 0014 7047     		bx	lr
  80              	.L6:
  81 0016 00BF     		.align	2
  82              	.L5:
  83 0018 A9430040 		.word	1073759145
  84              		.cfi_endproc
  85              	.LFE3:
  86              		.size	TIA_1_Stop, .-TIA_1_Stop
  87              		.section	.text.TIA_1_SetPower,"ax",%progbits
  88              		.align	2
ARM GAS  C:\Users\cruiser\AppData\Local\Temp\ccZ4ojZN.s 			page 6


  89              		.global	TIA_1_SetPower
  90              		.thumb
  91              		.thumb_func
  92              		.type	TIA_1_SetPower, %function
  93              	TIA_1_SetPower:
  94              	.LFB4:
 198:.\Generated_Source\PSoC5/TIA_1.c ****     
 199:.\Generated_Source\PSoC5/TIA_1.c ****     #if (!CY_PSOC5A)
 200:.\Generated_Source\PSoC5/TIA_1.c ****         #if (CYDEV_VARIABLE_VDDA == 1u)
 201:.\Generated_Source\PSoC5/TIA_1.c ****             TIA_1_BSTCLK_REG &= (uint8)(~TIA_1_BST_CLK_EN);
 202:.\Generated_Source\PSoC5/TIA_1.c ****             /* Disable pumps only if there aren't any SC block in use */
 203:.\Generated_Source\PSoC5/TIA_1.c ****             if ((TIA_1_PM_ACT_CFG_REG & TIA_1_PM_ACT_CFG_MASK) == 0u)
 204:.\Generated_Source\PSoC5/TIA_1.c ****             {
 205:.\Generated_Source\PSoC5/TIA_1.c ****                 TIA_1_SC_MISC_REG &= (uint8)(~TIA_1_PUMP_FORCE);
 206:.\Generated_Source\PSoC5/TIA_1.c ****                 TIA_1_PUMP_CR1_REG &= (uint8)(~TIA_1_PUMP_CR1_SC_CLKSEL);
 207:.\Generated_Source\PSoC5/TIA_1.c ****                 CyScBoostClk_Stop();
 208:.\Generated_Source\PSoC5/TIA_1.c ****             }
 209:.\Generated_Source\PSoC5/TIA_1.c ****         #endif /* CYDEV_VARIABLE_VDDA == 1u */
 210:.\Generated_Source\PSoC5/TIA_1.c ****     #endif /* (CY_PSOC3 || CY_PSOC5LP) */
 211:.\Generated_Source\PSoC5/TIA_1.c ****         
 212:.\Generated_Source\PSoC5/TIA_1.c ****     /* This sets TIA in zero current mode and output routes are valid */
 213:.\Generated_Source\PSoC5/TIA_1.c ****     #if (CY_PSOC5A)
 214:.\Generated_Source\PSoC5/TIA_1.c ****         TIA_1_P5backup.scCR1Reg = TIA_1_CR1_REG;
 215:.\Generated_Source\PSoC5/TIA_1.c ****         TIA_1_P5backup.scCR2Reg = TIA_1_CR2_REG;
 216:.\Generated_Source\PSoC5/TIA_1.c ****         TIA_1_CR1_REG = 0x00u;
 217:.\Generated_Source\PSoC5/TIA_1.c ****         TIA_1_CR2_REG = 0x00u;
 218:.\Generated_Source\PSoC5/TIA_1.c ****         TIA_1_P5backup.enableState = 1u;
 219:.\Generated_Source\PSoC5/TIA_1.c ****     #endif /* (CY_PSOC5A) */
 220:.\Generated_Source\PSoC5/TIA_1.c **** }
 221:.\Generated_Source\PSoC5/TIA_1.c **** 
 222:.\Generated_Source\PSoC5/TIA_1.c **** 
 223:.\Generated_Source\PSoC5/TIA_1.c **** /*******************************************************************************
 224:.\Generated_Source\PSoC5/TIA_1.c **** * Function Name: TIA_1_SetPower
 225:.\Generated_Source\PSoC5/TIA_1.c **** ********************************************************************************
 226:.\Generated_Source\PSoC5/TIA_1.c **** *
 227:.\Generated_Source\PSoC5/TIA_1.c **** * Summary:
 228:.\Generated_Source\PSoC5/TIA_1.c **** *  Set the drive power of the TIA.
 229:.\Generated_Source\PSoC5/TIA_1.c **** *
 230:.\Generated_Source\PSoC5/TIA_1.c **** * Parameters:
 231:.\Generated_Source\PSoC5/TIA_1.c **** *  Power: Sets power level between (0) and (3) high power.
 232:.\Generated_Source\PSoC5/TIA_1.c **** *
 233:.\Generated_Source\PSoC5/TIA_1.c **** * Return:
 234:.\Generated_Source\PSoC5/TIA_1.c **** *  void
 235:.\Generated_Source\PSoC5/TIA_1.c **** *
 236:.\Generated_Source\PSoC5/TIA_1.c **** *******************************************************************************/
 237:.\Generated_Source\PSoC5/TIA_1.c **** void TIA_1_SetPower(uint8 power) 
 238:.\Generated_Source\PSoC5/TIA_1.c **** {
  95              		.loc 1 238 0
  96              		.cfi_startproc
  97              		@ args = 0, pretend = 0, frame = 0
  98              		@ frame_needed = 0, uses_anonymous_args = 0
  99              		@ link register save eliminated.
 100              	.LVL0:
 239:.\Generated_Source\PSoC5/TIA_1.c ****     uint8 tmpCR;
 240:.\Generated_Source\PSoC5/TIA_1.c **** 
 241:.\Generated_Source\PSoC5/TIA_1.c ****     /* Sets drive bits in SC Block Control Register 1:  SCxx_CR[1:0] */
 242:.\Generated_Source\PSoC5/TIA_1.c ****     tmpCR = TIA_1_CR1_REG & (uint8)(~TIA_1_DRIVE_MASK);
ARM GAS  C:\Users\cruiser\AppData\Local\Temp\ccZ4ojZN.s 			page 7


 101              		.loc 1 242 0
 102 0000 044A     		ldr	r2, .L8
 103 0002 1378     		ldrb	r3, [r2]	@ zero_extendqisi2
 104 0004 03F0FC03 		and	r3, r3, #252
 105              	.LVL1:
 243:.\Generated_Source\PSoC5/TIA_1.c ****     tmpCR |= (power & TIA_1_DRIVE_MASK);
 106              		.loc 1 243 0
 107 0008 00F00300 		and	r0, r0, #3
 108              	.LVL2:
 109 000c 1843     		orrs	r0, r0, r3
 110              	.LVL3:
 244:.\Generated_Source\PSoC5/TIA_1.c ****     TIA_1_CR1_REG = tmpCR;  
 111              		.loc 1 244 0
 112 000e 1070     		strb	r0, [r2]
 113 0010 7047     		bx	lr
 114              	.L9:
 115 0012 00BF     		.align	2
 116              	.L8:
 117 0014 01580040 		.word	1073764353
 118              		.cfi_endproc
 119              	.LFE4:
 120              		.size	TIA_1_SetPower, .-TIA_1_SetPower
 121              		.section	.text.TIA_1_SetResFB,"ax",%progbits
 122              		.align	2
 123              		.global	TIA_1_SetResFB
 124              		.thumb
 125              		.thumb_func
 126              		.type	TIA_1_SetResFB, %function
 127              	TIA_1_SetResFB:
 128              	.LFB5:
 245:.\Generated_Source\PSoC5/TIA_1.c **** }
 246:.\Generated_Source\PSoC5/TIA_1.c **** 
 247:.\Generated_Source\PSoC5/TIA_1.c **** 
 248:.\Generated_Source\PSoC5/TIA_1.c **** /*******************************************************************************
 249:.\Generated_Source\PSoC5/TIA_1.c **** * Function Name: TIA_1_SetResFB
 250:.\Generated_Source\PSoC5/TIA_1.c **** ********************************************************************************
 251:.\Generated_Source\PSoC5/TIA_1.c **** *
 252:.\Generated_Source\PSoC5/TIA_1.c **** * Summary:
 253:.\Generated_Source\PSoC5/TIA_1.c **** *  This function sets value for the resistive feedback of the amplifier.
 254:.\Generated_Source\PSoC5/TIA_1.c **** *
 255:.\Generated_Source\PSoC5/TIA_1.c **** * Parameters:
 256:.\Generated_Source\PSoC5/TIA_1.c **** *  res_feedback: specifies resistive feedback value (see header file for gain 
 257:.\Generated_Source\PSoC5/TIA_1.c **** *                values.)
 258:.\Generated_Source\PSoC5/TIA_1.c **** *
 259:.\Generated_Source\PSoC5/TIA_1.c **** * Return:
 260:.\Generated_Source\PSoC5/TIA_1.c **** *  void
 261:.\Generated_Source\PSoC5/TIA_1.c **** *
 262:.\Generated_Source\PSoC5/TIA_1.c **** *******************************************************************************/
 263:.\Generated_Source\PSoC5/TIA_1.c **** void TIA_1_SetResFB(uint8 res_feedback) 
 264:.\Generated_Source\PSoC5/TIA_1.c **** {
 129              		.loc 1 264 0
 130              		.cfi_startproc
 131              		@ args = 0, pretend = 0, frame = 0
 132              		@ frame_needed = 0, uses_anonymous_args = 0
 133              		@ link register save eliminated.
 134              	.LVL4:
 265:.\Generated_Source\PSoC5/TIA_1.c ****     /* Only set new gain if it is a valid gain */
ARM GAS  C:\Users\cruiser\AppData\Local\Temp\ccZ4ojZN.s 			page 8


 266:.\Generated_Source\PSoC5/TIA_1.c ****     if( res_feedback <= TIA_1_RES_FEEDBACK_MAX)
 135              		.loc 1 266 0
 136 0000 0728     		cmp	r0, #7
 137 0002 09D8     		bhi	.L10
 267:.\Generated_Source\PSoC5/TIA_1.c ****     {
 268:.\Generated_Source\PSoC5/TIA_1.c ****         /* Clear SCxx_CR2 rval bits - SCxx_CR2[6:4] */
 269:.\Generated_Source\PSoC5/TIA_1.c ****         TIA_1_CR2_REG &= (uint8)(~TIA_1_RVAL_MASK);
 138              		.loc 1 269 0
 139 0004 054B     		ldr	r3, .L12
 140 0006 1A78     		ldrb	r2, [r3]	@ zero_extendqisi2
 141 0008 02F08F02 		and	r2, r2, #143
 142 000c 1A70     		strb	r2, [r3]
 270:.\Generated_Source\PSoC5/TIA_1.c **** 
 271:.\Generated_Source\PSoC5/TIA_1.c ****         /* Set resistive feedback value */
 272:.\Generated_Source\PSoC5/TIA_1.c ****         TIA_1_CR2_REG |= (uint8)(res_feedback << 4);
 143              		.loc 1 272 0
 144 000e 1A78     		ldrb	r2, [r3]	@ zero_extendqisi2
 145 0010 0001     		lsls	r0, r0, #4
 146              	.LVL5:
 147 0012 C0B2     		uxtb	r0, r0
 148 0014 1043     		orrs	r0, r0, r2
 149 0016 1870     		strb	r0, [r3]
 150              	.L10:
 151 0018 7047     		bx	lr
 152              	.L13:
 153 001a 00BF     		.align	2
 154              	.L12:
 155 001c 02580040 		.word	1073764354
 156              		.cfi_endproc
 157              	.LFE5:
 158              		.size	TIA_1_SetResFB, .-TIA_1_SetResFB
 159              		.section	.text.TIA_1_SetCapFB,"ax",%progbits
 160              		.align	2
 161              		.global	TIA_1_SetCapFB
 162              		.thumb
 163              		.thumb_func
 164              		.type	TIA_1_SetCapFB, %function
 165              	TIA_1_SetCapFB:
 166              	.LFB6:
 273:.\Generated_Source\PSoC5/TIA_1.c ****     }
 274:.\Generated_Source\PSoC5/TIA_1.c **** }
 275:.\Generated_Source\PSoC5/TIA_1.c **** 
 276:.\Generated_Source\PSoC5/TIA_1.c **** 
 277:.\Generated_Source\PSoC5/TIA_1.c **** /*******************************************************************************
 278:.\Generated_Source\PSoC5/TIA_1.c **** * Function Name: TIA_1_SetCapFB
 279:.\Generated_Source\PSoC5/TIA_1.c **** ********************************************************************************
 280:.\Generated_Source\PSoC5/TIA_1.c **** *
 281:.\Generated_Source\PSoC5/TIA_1.c **** * Summary:
 282:.\Generated_Source\PSoC5/TIA_1.c **** *  This function sets the value for the capacitive feedback of the amplifier.
 283:.\Generated_Source\PSoC5/TIA_1.c **** *
 284:.\Generated_Source\PSoC5/TIA_1.c **** * Parameters:
 285:.\Generated_Source\PSoC5/TIA_1.c **** *  cap_feedback: specifies capacitive feedback value (see header file for gain 
 286:.\Generated_Source\PSoC5/TIA_1.c **** *                values.)
 287:.\Generated_Source\PSoC5/TIA_1.c **** *
 288:.\Generated_Source\PSoC5/TIA_1.c **** * Return:
 289:.\Generated_Source\PSoC5/TIA_1.c **** *  void
 290:.\Generated_Source\PSoC5/TIA_1.c **** *
ARM GAS  C:\Users\cruiser\AppData\Local\Temp\ccZ4ojZN.s 			page 9


 291:.\Generated_Source\PSoC5/TIA_1.c **** *******************************************************************************/
 292:.\Generated_Source\PSoC5/TIA_1.c **** void TIA_1_SetCapFB(uint8 cap_feedback) 
 293:.\Generated_Source\PSoC5/TIA_1.c **** {
 167              		.loc 1 293 0
 168              		.cfi_startproc
 169              		@ args = 0, pretend = 0, frame = 0
 170              		@ frame_needed = 0, uses_anonymous_args = 0
 171              		@ link register save eliminated.
 172              	.LVL6:
 294:.\Generated_Source\PSoC5/TIA_1.c ****     /* Only set new gain if it is a valid gain */
 295:.\Generated_Source\PSoC5/TIA_1.c ****     if( cap_feedback <= TIA_1_CAP_FEEDBACK_MAX)
 173              		.loc 1 295 0
 174 0000 0328     		cmp	r0, #3
 175 0002 09D8     		bhi	.L14
 296:.\Generated_Source\PSoC5/TIA_1.c ****     {
 297:.\Generated_Source\PSoC5/TIA_1.c ****         /* Clear SCxx_CR2 redc bits -  - CR2[3:2] */
 298:.\Generated_Source\PSoC5/TIA_1.c ****         TIA_1_CR2_REG &= (uint8)(~TIA_1_REDC_MASK);
 176              		.loc 1 298 0
 177 0004 054B     		ldr	r3, .L16
 178 0006 1A78     		ldrb	r2, [r3]	@ zero_extendqisi2
 179 0008 02F0F302 		and	r2, r2, #243
 180 000c 1A70     		strb	r2, [r3]
 299:.\Generated_Source\PSoC5/TIA_1.c **** 
 300:.\Generated_Source\PSoC5/TIA_1.c ****         /* Set redc capacitive feedback value */
 301:.\Generated_Source\PSoC5/TIA_1.c ****         TIA_1_CR2_REG |= (uint8)(cap_feedback << 2);
 181              		.loc 1 301 0
 182 000e 1A78     		ldrb	r2, [r3]	@ zero_extendqisi2
 183 0010 8000     		lsls	r0, r0, #2
 184              	.LVL7:
 185 0012 C0B2     		uxtb	r0, r0
 186 0014 1043     		orrs	r0, r0, r2
 187 0016 1870     		strb	r0, [r3]
 188              	.L14:
 189 0018 7047     		bx	lr
 190              	.L17:
 191 001a 00BF     		.align	2
 192              	.L16:
 193 001c 02580040 		.word	1073764354
 194              		.cfi_endproc
 195              	.LFE6:
 196              		.size	TIA_1_SetCapFB, .-TIA_1_SetCapFB
 197              		.section	.text.TIA_1_Init,"ax",%progbits
 198              		.align	2
 199              		.global	TIA_1_Init
 200              		.thumb
 201              		.thumb_func
 202              		.type	TIA_1_Init, %function
 203              	TIA_1_Init:
 204              	.LFB0:
  50:.\Generated_Source\PSoC5/TIA_1.c ****     /* Set SC Block Mode to TIA - SCxx_CR0[3:1] */
 205              		.loc 1 50 0
 206              		.cfi_startproc
 207              		@ args = 0, pretend = 0, frame = 0
 208              		@ frame_needed = 0, uses_anonymous_args = 0
 209 0000 10B5     		push	{r4, lr}
 210              		.cfi_def_cfa_offset 8
 211              		.cfi_offset 4, -8
ARM GAS  C:\Users\cruiser\AppData\Local\Temp\ccZ4ojZN.s 			page 10


 212              		.cfi_offset 14, -4
  52:.\Generated_Source\PSoC5/TIA_1.c ****     
 213              		.loc 1 52 0
 214 0002 0224     		movs	r4, #2
 215 0004 084B     		ldr	r3, .L20
 216 0006 1C70     		strb	r4, [r3]
  60:.\Generated_Source\PSoC5/TIA_1.c ****                                 TIA_1_DIV2_DISABLE |
 217              		.loc 1 60 0
 218 0008 0C22     		movs	r2, #12
 219 000a 0133     		adds	r3, r3, #1
 220 000c 1A70     		strb	r2, [r3]
  72:.\Generated_Source\PSoC5/TIA_1.c ****                                 TIA_1_R20_40B_40K |
 221              		.loc 1 72 0
 222 000e 0122     		movs	r2, #1
 223 0010 0133     		adds	r3, r3, #1
 224 0012 1A70     		strb	r2, [r3]
  77:.\Generated_Source\PSoC5/TIA_1.c ****       
 225              		.loc 1 77 0
 226 0014 0020     		movs	r0, #0
 227 0016 FFF7FEFF 		bl	TIA_1_SetResFB
 228              	.LVL8:
  80:.\Generated_Source\PSoC5/TIA_1.c **** 
 229              		.loc 1 80 0
 230 001a 0320     		movs	r0, #3
 231 001c FFF7FEFF 		bl	TIA_1_SetCapFB
 232              	.LVL9:
  83:.\Generated_Source\PSoC5/TIA_1.c **** }
 233              		.loc 1 83 0
 234 0020 2046     		mov	r0, r4
 235 0022 FFF7FEFF 		bl	TIA_1_SetPower
 236              	.LVL10:
 237 0026 10BD     		pop	{r4, pc}
 238              	.L21:
 239              		.align	2
 240              	.L20:
 241 0028 00580040 		.word	1073764352
 242              		.cfi_endproc
 243              	.LFE0:
 244              		.size	TIA_1_Init, .-TIA_1_Init
 245              		.section	.text.TIA_1_Start,"ax",%progbits
 246              		.align	2
 247              		.global	TIA_1_Start
 248              		.thumb
 249              		.thumb_func
 250              		.type	TIA_1_Start, %function
 251              	TIA_1_Start:
 252              	.LFB2:
 166:.\Generated_Source\PSoC5/TIA_1.c ****     if(TIA_1_initVar == 0u)
 253              		.loc 1 166 0
 254              		.cfi_startproc
 255              		@ args = 0, pretend = 0, frame = 0
 256              		@ frame_needed = 0, uses_anonymous_args = 0
 257 0000 08B5     		push	{r3, lr}
 258              		.cfi_def_cfa_offset 8
 259              		.cfi_offset 3, -8
 260              		.cfi_offset 14, -4
 167:.\Generated_Source\PSoC5/TIA_1.c ****     {
ARM GAS  C:\Users\cruiser\AppData\Local\Temp\ccZ4ojZN.s 			page 11


 261              		.loc 1 167 0
 262 0002 054B     		ldr	r3, .L25
 263 0004 1B78     		ldrb	r3, [r3]	@ zero_extendqisi2
 264 0006 23B9     		cbnz	r3, .L23
 169:.\Generated_Source\PSoC5/TIA_1.c ****         TIA_1_Init();
 265              		.loc 1 169 0
 266 0008 0122     		movs	r2, #1
 267 000a 034B     		ldr	r3, .L25
 268 000c 1A70     		strb	r2, [r3]
 170:.\Generated_Source\PSoC5/TIA_1.c ****     }
 269              		.loc 1 170 0
 270 000e FFF7FEFF 		bl	TIA_1_Init
 271              	.LVL11:
 272              	.L23:
 173:.\Generated_Source\PSoC5/TIA_1.c **** }
 273              		.loc 1 173 0
 274 0012 FFF7FEFF 		bl	TIA_1_Enable
 275              	.LVL12:
 276 0016 08BD     		pop	{r3, pc}
 277              	.L26:
 278              		.align	2
 279              	.L25:
 280 0018 00000000 		.word	.LANCHOR0
 281              		.cfi_endproc
 282              	.LFE2:
 283              		.size	TIA_1_Start, .-TIA_1_Start
 284              		.global	TIA_1_initVar
 285              		.bss
 286              		.set	.LANCHOR0,. + 0
 287              		.type	TIA_1_initVar, %object
 288              		.size	TIA_1_initVar, 1
 289              	TIA_1_initVar:
 290 0000 00       		.space	1
 291              		.text
 292              	.Letext0:
 293              		.file 2 ".\\Generated_Source\\PSoC5\\cytypes.h"
 294              		.section	.debug_info,"",%progbits
 295              	.Ldebug_info0:
 296 0000 CA010000 		.4byte	0x1ca
 297 0004 0400     		.2byte	0x4
 298 0006 00000000 		.4byte	.Ldebug_abbrev0
 299 000a 04       		.byte	0x4
 300 000b 01       		.uleb128 0x1
 301 000c D9000000 		.4byte	.LASF25
 302 0010 01       		.byte	0x1
 303 0011 54000000 		.4byte	.LASF26
 304 0015 15000000 		.4byte	.LASF27
 305 0019 00000000 		.4byte	.Ldebug_ranges0+0
 306 001d 00000000 		.4byte	0
 307 0021 00000000 		.4byte	.Ldebug_line0
 308 0025 02       		.uleb128 0x2
 309 0026 01       		.byte	0x1
 310 0027 06       		.byte	0x6
 311 0028 09020000 		.4byte	.LASF0
 312 002c 02       		.uleb128 0x2
 313 002d 01       		.byte	0x1
 314 002e 08       		.byte	0x8
ARM GAS  C:\Users\cruiser\AppData\Local\Temp\ccZ4ojZN.s 			page 12


 315 002f 8C000000 		.4byte	.LASF1
 316 0033 02       		.uleb128 0x2
 317 0034 02       		.byte	0x2
 318 0035 05       		.byte	0x5
 319 0036 B6010000 		.4byte	.LASF2
 320 003a 02       		.uleb128 0x2
 321 003b 02       		.byte	0x2
 322 003c 07       		.byte	0x7
 323 003d 15020000 		.4byte	.LASF3
 324 0041 02       		.uleb128 0x2
 325 0042 04       		.byte	0x4
 326 0043 05       		.byte	0x5
 327 0044 00020000 		.4byte	.LASF4
 328 0048 02       		.uleb128 0x2
 329 0049 04       		.byte	0x4
 330 004a 07       		.byte	0x7
 331 004b 9F000000 		.4byte	.LASF5
 332 004f 02       		.uleb128 0x2
 333 0050 08       		.byte	0x8
 334 0051 05       		.byte	0x5
 335 0052 A3010000 		.4byte	.LASF6
 336 0056 02       		.uleb128 0x2
 337 0057 08       		.byte	0x8
 338 0058 07       		.byte	0x7
 339 0059 74010000 		.4byte	.LASF7
 340 005d 03       		.uleb128 0x3
 341 005e 04       		.byte	0x4
 342 005f 05       		.byte	0x5
 343 0060 696E7400 		.ascii	"int\000"
 344 0064 02       		.uleb128 0x2
 345 0065 04       		.byte	0x4
 346 0066 07       		.byte	0x7
 347 0067 67010000 		.4byte	.LASF8
 348 006b 04       		.uleb128 0x4
 349 006c B1000000 		.4byte	.LASF12
 350 0070 02       		.byte	0x2
 351 0071 9201     		.2byte	0x192
 352 0073 2C000000 		.4byte	0x2c
 353 0077 02       		.uleb128 0x2
 354 0078 04       		.byte	0x4
 355 0079 04       		.byte	0x4
 356 007a 86000000 		.4byte	.LASF9
 357 007e 02       		.uleb128 0x2
 358 007f 08       		.byte	0x8
 359 0080 04       		.byte	0x4
 360 0081 C6000000 		.4byte	.LASF10
 361 0085 02       		.uleb128 0x2
 362 0086 01       		.byte	0x1
 363 0087 08       		.byte	0x8
 364 0088 B1010000 		.4byte	.LASF11
 365 008c 04       		.uleb128 0x4
 366 008d 9A000000 		.4byte	.LASF13
 367 0091 02       		.byte	0x2
 368 0092 3C02     		.2byte	0x23c
 369 0094 98000000 		.4byte	0x98
 370 0098 05       		.uleb128 0x5
 371 0099 6B000000 		.4byte	0x6b
ARM GAS  C:\Users\cruiser\AppData\Local\Temp\ccZ4ojZN.s 			page 13


 372 009d 02       		.uleb128 0x2
 373 009e 04       		.byte	0x4
 374 009f 07       		.byte	0x7
 375 00a0 9A010000 		.4byte	.LASF14
 376 00a4 06       		.uleb128 0x6
 377 00a5 DA010000 		.4byte	.LASF15
 378 00a9 01       		.byte	0x1
 379 00aa 65       		.byte	0x65
 380 00ab 00000000 		.4byte	.LFB1
 381 00af 28000000 		.4byte	.LFE1-.LFB1
 382 00b3 01       		.uleb128 0x1
 383 00b4 9C       		.byte	0x9c
 384 00b5 06       		.uleb128 0x6
 385 00b6 75000000 		.4byte	.LASF16
 386 00ba 01       		.byte	0x1
 387 00bb BF       		.byte	0xbf
 388 00bc 00000000 		.4byte	.LFB3
 389 00c0 1C000000 		.4byte	.LFE3-.LFB3
 390 00c4 01       		.uleb128 0x1
 391 00c5 9C       		.byte	0x9c
 392 00c6 07       		.uleb128 0x7
 393 00c7 B7000000 		.4byte	.LASF17
 394 00cb 01       		.byte	0x1
 395 00cc ED       		.byte	0xed
 396 00cd 00000000 		.4byte	.LFB4
 397 00d1 18000000 		.4byte	.LFE4-.LFB4
 398 00d5 01       		.uleb128 0x1
 399 00d6 9C       		.byte	0x9c
 400 00d7 FA000000 		.4byte	0xfa
 401 00db 08       		.uleb128 0x8
 402 00dc 80000000 		.4byte	.LASF19
 403 00e0 01       		.byte	0x1
 404 00e1 ED       		.byte	0xed
 405 00e2 6B000000 		.4byte	0x6b
 406 00e6 00000000 		.4byte	.LLST0
 407 00ea 09       		.uleb128 0x9
 408 00eb 00000000 		.4byte	.LASF28
 409 00ef 01       		.byte	0x1
 410 00f0 EF       		.byte	0xef
 411 00f1 6B000000 		.4byte	0x6b
 412 00f5 21000000 		.4byte	.LLST1
 413 00f9 00       		.byte	0
 414 00fa 0A       		.uleb128 0xa
 415 00fb 8B010000 		.4byte	.LASF18
 416 00ff 01       		.byte	0x1
 417 0100 0701     		.2byte	0x107
 418 0102 00000000 		.4byte	.LFB5
 419 0106 20000000 		.4byte	.LFE5-.LFB5
 420 010a 01       		.uleb128 0x1
 421 010b 9C       		.byte	0x9c
 422 010c 21010000 		.4byte	0x121
 423 0110 0B       		.uleb128 0xb
 424 0111 C0010000 		.4byte	.LASF20
 425 0115 01       		.byte	0x1
 426 0116 0701     		.2byte	0x107
 427 0118 6B000000 		.4byte	0x6b
 428 011c 3F000000 		.4byte	.LLST2
ARM GAS  C:\Users\cruiser\AppData\Local\Temp\ccZ4ojZN.s 			page 14


 429 0120 00       		.byte	0
 430 0121 0A       		.uleb128 0xa
 431 0122 06000000 		.4byte	.LASF21
 432 0126 01       		.byte	0x1
 433 0127 2401     		.2byte	0x124
 434 0129 00000000 		.4byte	.LFB6
 435 012d 20000000 		.4byte	.LFE6-.LFB6
 436 0131 01       		.uleb128 0x1
 437 0132 9C       		.byte	0x9c
 438 0133 48010000 		.4byte	0x148
 439 0137 0B       		.uleb128 0xb
 440 0138 CD010000 		.4byte	.LASF22
 441 013c 01       		.byte	0x1
 442 013d 2401     		.2byte	0x124
 443 013f 6B000000 		.4byte	0x6b
 444 0143 60000000 		.4byte	.LLST3
 445 0147 00       		.byte	0
 446 0148 07       		.uleb128 0x7
 447 0149 E7010000 		.4byte	.LASF23
 448 014d 01       		.byte	0x1
 449 014e 31       		.byte	0x31
 450 014f 00000000 		.4byte	.LFB0
 451 0153 2C000000 		.4byte	.LFE0-.LFB0
 452 0157 01       		.uleb128 0x1
 453 0158 9C       		.byte	0x9c
 454 0159 94010000 		.4byte	0x194
 455 015d 0C       		.uleb128 0xc
 456 015e 1A000000 		.4byte	.LVL8
 457 0162 FA000000 		.4byte	0xfa
 458 0166 70010000 		.4byte	0x170
 459 016a 0D       		.uleb128 0xd
 460 016b 01       		.uleb128 0x1
 461 016c 50       		.byte	0x50
 462 016d 01       		.uleb128 0x1
 463 016e 30       		.byte	0x30
 464 016f 00       		.byte	0
 465 0170 0C       		.uleb128 0xc
 466 0171 20000000 		.4byte	.LVL9
 467 0175 21010000 		.4byte	0x121
 468 0179 83010000 		.4byte	0x183
 469 017d 0D       		.uleb128 0xd
 470 017e 01       		.uleb128 0x1
 471 017f 50       		.byte	0x50
 472 0180 01       		.uleb128 0x1
 473 0181 33       		.byte	0x33
 474 0182 00       		.byte	0
 475 0183 0E       		.uleb128 0xe
 476 0184 26000000 		.4byte	.LVL10
 477 0188 C6000000 		.4byte	0xc6
 478 018c 0D       		.uleb128 0xd
 479 018d 01       		.uleb128 0x1
 480 018e 50       		.byte	0x50
 481 018f 02       		.uleb128 0x2
 482 0190 74       		.byte	0x74
 483 0191 00       		.sleb128 0
 484 0192 00       		.byte	0
 485 0193 00       		.byte	0
ARM GAS  C:\Users\cruiser\AppData\Local\Temp\ccZ4ojZN.s 			page 15


 486 0194 07       		.uleb128 0x7
 487 0195 CD000000 		.4byte	.LASF24
 488 0199 01       		.byte	0x1
 489 019a A5       		.byte	0xa5
 490 019b 00000000 		.4byte	.LFB2
 491 019f 1C000000 		.4byte	.LFE2-.LFB2
 492 01a3 01       		.uleb128 0x1
 493 01a4 9C       		.byte	0x9c
 494 01a5 BC010000 		.4byte	0x1bc
 495 01a9 0F       		.uleb128 0xf
 496 01aa 12000000 		.4byte	.LVL11
 497 01ae 48010000 		.4byte	0x148
 498 01b2 0F       		.uleb128 0xf
 499 01b3 16000000 		.4byte	.LVL12
 500 01b7 A4000000 		.4byte	0xa4
 501 01bb 00       		.byte	0
 502 01bc 10       		.uleb128 0x10
 503 01bd F2010000 		.4byte	.LASF29
 504 01c1 01       		.byte	0x1
 505 01c2 1A       		.byte	0x1a
 506 01c3 6B000000 		.4byte	0x6b
 507 01c7 05       		.uleb128 0x5
 508 01c8 03       		.byte	0x3
 509 01c9 00000000 		.4byte	TIA_1_initVar
 510 01cd 00       		.byte	0
 511              		.section	.debug_abbrev,"",%progbits
 512              	.Ldebug_abbrev0:
 513 0000 01       		.uleb128 0x1
 514 0001 11       		.uleb128 0x11
 515 0002 01       		.byte	0x1
 516 0003 25       		.uleb128 0x25
 517 0004 0E       		.uleb128 0xe
 518 0005 13       		.uleb128 0x13
 519 0006 0B       		.uleb128 0xb
 520 0007 03       		.uleb128 0x3
 521 0008 0E       		.uleb128 0xe
 522 0009 1B       		.uleb128 0x1b
 523 000a 0E       		.uleb128 0xe
 524 000b 55       		.uleb128 0x55
 525 000c 17       		.uleb128 0x17
 526 000d 11       		.uleb128 0x11
 527 000e 01       		.uleb128 0x1
 528 000f 10       		.uleb128 0x10
 529 0010 17       		.uleb128 0x17
 530 0011 00       		.byte	0
 531 0012 00       		.byte	0
 532 0013 02       		.uleb128 0x2
 533 0014 24       		.uleb128 0x24
 534 0015 00       		.byte	0
 535 0016 0B       		.uleb128 0xb
 536 0017 0B       		.uleb128 0xb
 537 0018 3E       		.uleb128 0x3e
 538 0019 0B       		.uleb128 0xb
 539 001a 03       		.uleb128 0x3
 540 001b 0E       		.uleb128 0xe
 541 001c 00       		.byte	0
 542 001d 00       		.byte	0
ARM GAS  C:\Users\cruiser\AppData\Local\Temp\ccZ4ojZN.s 			page 16


 543 001e 03       		.uleb128 0x3
 544 001f 24       		.uleb128 0x24
 545 0020 00       		.byte	0
 546 0021 0B       		.uleb128 0xb
 547 0022 0B       		.uleb128 0xb
 548 0023 3E       		.uleb128 0x3e
 549 0024 0B       		.uleb128 0xb
 550 0025 03       		.uleb128 0x3
 551 0026 08       		.uleb128 0x8
 552 0027 00       		.byte	0
 553 0028 00       		.byte	0
 554 0029 04       		.uleb128 0x4
 555 002a 16       		.uleb128 0x16
 556 002b 00       		.byte	0
 557 002c 03       		.uleb128 0x3
 558 002d 0E       		.uleb128 0xe
 559 002e 3A       		.uleb128 0x3a
 560 002f 0B       		.uleb128 0xb
 561 0030 3B       		.uleb128 0x3b
 562 0031 05       		.uleb128 0x5
 563 0032 49       		.uleb128 0x49
 564 0033 13       		.uleb128 0x13
 565 0034 00       		.byte	0
 566 0035 00       		.byte	0
 567 0036 05       		.uleb128 0x5
 568 0037 35       		.uleb128 0x35
 569 0038 00       		.byte	0
 570 0039 49       		.uleb128 0x49
 571 003a 13       		.uleb128 0x13
 572 003b 00       		.byte	0
 573 003c 00       		.byte	0
 574 003d 06       		.uleb128 0x6
 575 003e 2E       		.uleb128 0x2e
 576 003f 00       		.byte	0
 577 0040 3F       		.uleb128 0x3f
 578 0041 19       		.uleb128 0x19
 579 0042 03       		.uleb128 0x3
 580 0043 0E       		.uleb128 0xe
 581 0044 3A       		.uleb128 0x3a
 582 0045 0B       		.uleb128 0xb
 583 0046 3B       		.uleb128 0x3b
 584 0047 0B       		.uleb128 0xb
 585 0048 27       		.uleb128 0x27
 586 0049 19       		.uleb128 0x19
 587 004a 11       		.uleb128 0x11
 588 004b 01       		.uleb128 0x1
 589 004c 12       		.uleb128 0x12
 590 004d 06       		.uleb128 0x6
 591 004e 40       		.uleb128 0x40
 592 004f 18       		.uleb128 0x18
 593 0050 9742     		.uleb128 0x2117
 594 0052 19       		.uleb128 0x19
 595 0053 00       		.byte	0
 596 0054 00       		.byte	0
 597 0055 07       		.uleb128 0x7
 598 0056 2E       		.uleb128 0x2e
 599 0057 01       		.byte	0x1
ARM GAS  C:\Users\cruiser\AppData\Local\Temp\ccZ4ojZN.s 			page 17


 600 0058 3F       		.uleb128 0x3f
 601 0059 19       		.uleb128 0x19
 602 005a 03       		.uleb128 0x3
 603 005b 0E       		.uleb128 0xe
 604 005c 3A       		.uleb128 0x3a
 605 005d 0B       		.uleb128 0xb
 606 005e 3B       		.uleb128 0x3b
 607 005f 0B       		.uleb128 0xb
 608 0060 27       		.uleb128 0x27
 609 0061 19       		.uleb128 0x19
 610 0062 11       		.uleb128 0x11
 611 0063 01       		.uleb128 0x1
 612 0064 12       		.uleb128 0x12
 613 0065 06       		.uleb128 0x6
 614 0066 40       		.uleb128 0x40
 615 0067 18       		.uleb128 0x18
 616 0068 9742     		.uleb128 0x2117
 617 006a 19       		.uleb128 0x19
 618 006b 01       		.uleb128 0x1
 619 006c 13       		.uleb128 0x13
 620 006d 00       		.byte	0
 621 006e 00       		.byte	0
 622 006f 08       		.uleb128 0x8
 623 0070 05       		.uleb128 0x5
 624 0071 00       		.byte	0
 625 0072 03       		.uleb128 0x3
 626 0073 0E       		.uleb128 0xe
 627 0074 3A       		.uleb128 0x3a
 628 0075 0B       		.uleb128 0xb
 629 0076 3B       		.uleb128 0x3b
 630 0077 0B       		.uleb128 0xb
 631 0078 49       		.uleb128 0x49
 632 0079 13       		.uleb128 0x13
 633 007a 02       		.uleb128 0x2
 634 007b 17       		.uleb128 0x17
 635 007c 00       		.byte	0
 636 007d 00       		.byte	0
 637 007e 09       		.uleb128 0x9
 638 007f 34       		.uleb128 0x34
 639 0080 00       		.byte	0
 640 0081 03       		.uleb128 0x3
 641 0082 0E       		.uleb128 0xe
 642 0083 3A       		.uleb128 0x3a
 643 0084 0B       		.uleb128 0xb
 644 0085 3B       		.uleb128 0x3b
 645 0086 0B       		.uleb128 0xb
 646 0087 49       		.uleb128 0x49
 647 0088 13       		.uleb128 0x13
 648 0089 02       		.uleb128 0x2
 649 008a 17       		.uleb128 0x17
 650 008b 00       		.byte	0
 651 008c 00       		.byte	0
 652 008d 0A       		.uleb128 0xa
 653 008e 2E       		.uleb128 0x2e
 654 008f 01       		.byte	0x1
 655 0090 3F       		.uleb128 0x3f
 656 0091 19       		.uleb128 0x19
ARM GAS  C:\Users\cruiser\AppData\Local\Temp\ccZ4ojZN.s 			page 18


 657 0092 03       		.uleb128 0x3
 658 0093 0E       		.uleb128 0xe
 659 0094 3A       		.uleb128 0x3a
 660 0095 0B       		.uleb128 0xb
 661 0096 3B       		.uleb128 0x3b
 662 0097 05       		.uleb128 0x5
 663 0098 27       		.uleb128 0x27
 664 0099 19       		.uleb128 0x19
 665 009a 11       		.uleb128 0x11
 666 009b 01       		.uleb128 0x1
 667 009c 12       		.uleb128 0x12
 668 009d 06       		.uleb128 0x6
 669 009e 40       		.uleb128 0x40
 670 009f 18       		.uleb128 0x18
 671 00a0 9742     		.uleb128 0x2117
 672 00a2 19       		.uleb128 0x19
 673 00a3 01       		.uleb128 0x1
 674 00a4 13       		.uleb128 0x13
 675 00a5 00       		.byte	0
 676 00a6 00       		.byte	0
 677 00a7 0B       		.uleb128 0xb
 678 00a8 05       		.uleb128 0x5
 679 00a9 00       		.byte	0
 680 00aa 03       		.uleb128 0x3
 681 00ab 0E       		.uleb128 0xe
 682 00ac 3A       		.uleb128 0x3a
 683 00ad 0B       		.uleb128 0xb
 684 00ae 3B       		.uleb128 0x3b
 685 00af 05       		.uleb128 0x5
 686 00b0 49       		.uleb128 0x49
 687 00b1 13       		.uleb128 0x13
 688 00b2 02       		.uleb128 0x2
 689 00b3 17       		.uleb128 0x17
 690 00b4 00       		.byte	0
 691 00b5 00       		.byte	0
 692 00b6 0C       		.uleb128 0xc
 693 00b7 898201   		.uleb128 0x4109
 694 00ba 01       		.byte	0x1
 695 00bb 11       		.uleb128 0x11
 696 00bc 01       		.uleb128 0x1
 697 00bd 31       		.uleb128 0x31
 698 00be 13       		.uleb128 0x13
 699 00bf 01       		.uleb128 0x1
 700 00c0 13       		.uleb128 0x13
 701 00c1 00       		.byte	0
 702 00c2 00       		.byte	0
 703 00c3 0D       		.uleb128 0xd
 704 00c4 8A8201   		.uleb128 0x410a
 705 00c7 00       		.byte	0
 706 00c8 02       		.uleb128 0x2
 707 00c9 18       		.uleb128 0x18
 708 00ca 9142     		.uleb128 0x2111
 709 00cc 18       		.uleb128 0x18
 710 00cd 00       		.byte	0
 711 00ce 00       		.byte	0
 712 00cf 0E       		.uleb128 0xe
 713 00d0 898201   		.uleb128 0x4109
ARM GAS  C:\Users\cruiser\AppData\Local\Temp\ccZ4ojZN.s 			page 19


 714 00d3 01       		.byte	0x1
 715 00d4 11       		.uleb128 0x11
 716 00d5 01       		.uleb128 0x1
 717 00d6 31       		.uleb128 0x31
 718 00d7 13       		.uleb128 0x13
 719 00d8 00       		.byte	0
 720 00d9 00       		.byte	0
 721 00da 0F       		.uleb128 0xf
 722 00db 898201   		.uleb128 0x4109
 723 00de 00       		.byte	0
 724 00df 11       		.uleb128 0x11
 725 00e0 01       		.uleb128 0x1
 726 00e1 31       		.uleb128 0x31
 727 00e2 13       		.uleb128 0x13
 728 00e3 00       		.byte	0
 729 00e4 00       		.byte	0
 730 00e5 10       		.uleb128 0x10
 731 00e6 34       		.uleb128 0x34
 732 00e7 00       		.byte	0
 733 00e8 03       		.uleb128 0x3
 734 00e9 0E       		.uleb128 0xe
 735 00ea 3A       		.uleb128 0x3a
 736 00eb 0B       		.uleb128 0xb
 737 00ec 3B       		.uleb128 0x3b
 738 00ed 0B       		.uleb128 0xb
 739 00ee 49       		.uleb128 0x49
 740 00ef 13       		.uleb128 0x13
 741 00f0 3F       		.uleb128 0x3f
 742 00f1 19       		.uleb128 0x19
 743 00f2 02       		.uleb128 0x2
 744 00f3 18       		.uleb128 0x18
 745 00f4 00       		.byte	0
 746 00f5 00       		.byte	0
 747 00f6 00       		.byte	0
 748              		.section	.debug_loc,"",%progbits
 749              	.Ldebug_loc0:
 750              	.LLST0:
 751 0000 00000000 		.4byte	.LVL0
 752 0004 0C000000 		.4byte	.LVL2
 753 0008 0100     		.2byte	0x1
 754 000a 50       		.byte	0x50
 755 000b 0C000000 		.4byte	.LVL2
 756 000f 18000000 		.4byte	.LFE4
 757 0013 0400     		.2byte	0x4
 758 0015 F3       		.byte	0xf3
 759 0016 01       		.uleb128 0x1
 760 0017 50       		.byte	0x50
 761 0018 9F       		.byte	0x9f
 762 0019 00000000 		.4byte	0
 763 001d 00000000 		.4byte	0
 764              	.LLST1:
 765 0021 08000000 		.4byte	.LVL1
 766 0025 0E000000 		.4byte	.LVL3
 767 0029 0100     		.2byte	0x1
 768 002b 53       		.byte	0x53
 769 002c 0E000000 		.4byte	.LVL3
 770 0030 18000000 		.4byte	.LFE4
ARM GAS  C:\Users\cruiser\AppData\Local\Temp\ccZ4ojZN.s 			page 20


 771 0034 0100     		.2byte	0x1
 772 0036 50       		.byte	0x50
 773 0037 00000000 		.4byte	0
 774 003b 00000000 		.4byte	0
 775              	.LLST2:
 776 003f 00000000 		.4byte	.LVL4
 777 0043 12000000 		.4byte	.LVL5
 778 0047 0100     		.2byte	0x1
 779 0049 50       		.byte	0x50
 780 004a 12000000 		.4byte	.LVL5
 781 004e 20000000 		.4byte	.LFE5
 782 0052 0400     		.2byte	0x4
 783 0054 F3       		.byte	0xf3
 784 0055 01       		.uleb128 0x1
 785 0056 50       		.byte	0x50
 786 0057 9F       		.byte	0x9f
 787 0058 00000000 		.4byte	0
 788 005c 00000000 		.4byte	0
 789              	.LLST3:
 790 0060 00000000 		.4byte	.LVL6
 791 0064 12000000 		.4byte	.LVL7
 792 0068 0100     		.2byte	0x1
 793 006a 50       		.byte	0x50
 794 006b 12000000 		.4byte	.LVL7
 795 006f 20000000 		.4byte	.LFE6
 796 0073 0400     		.2byte	0x4
 797 0075 F3       		.byte	0xf3
 798 0076 01       		.uleb128 0x1
 799 0077 50       		.byte	0x50
 800 0078 9F       		.byte	0x9f
 801 0079 00000000 		.4byte	0
 802 007d 00000000 		.4byte	0
 803              		.section	.debug_aranges,"",%progbits
 804 0000 4C000000 		.4byte	0x4c
 805 0004 0200     		.2byte	0x2
 806 0006 00000000 		.4byte	.Ldebug_info0
 807 000a 04       		.byte	0x4
 808 000b 00       		.byte	0
 809 000c 0000     		.2byte	0
 810 000e 0000     		.2byte	0
 811 0010 00000000 		.4byte	.LFB1
 812 0014 28000000 		.4byte	.LFE1-.LFB1
 813 0018 00000000 		.4byte	.LFB3
 814 001c 1C000000 		.4byte	.LFE3-.LFB3
 815 0020 00000000 		.4byte	.LFB4
 816 0024 18000000 		.4byte	.LFE4-.LFB4
 817 0028 00000000 		.4byte	.LFB5
 818 002c 20000000 		.4byte	.LFE5-.LFB5
 819 0030 00000000 		.4byte	.LFB6
 820 0034 20000000 		.4byte	.LFE6-.LFB6
 821 0038 00000000 		.4byte	.LFB0
 822 003c 2C000000 		.4byte	.LFE0-.LFB0
 823 0040 00000000 		.4byte	.LFB2
 824 0044 1C000000 		.4byte	.LFE2-.LFB2
 825 0048 00000000 		.4byte	0
 826 004c 00000000 		.4byte	0
 827              		.section	.debug_ranges,"",%progbits
ARM GAS  C:\Users\cruiser\AppData\Local\Temp\ccZ4ojZN.s 			page 21


 828              	.Ldebug_ranges0:
 829 0000 00000000 		.4byte	.LFB1
 830 0004 28000000 		.4byte	.LFE1
 831 0008 00000000 		.4byte	.LFB3
 832 000c 1C000000 		.4byte	.LFE3
 833 0010 00000000 		.4byte	.LFB4
 834 0014 18000000 		.4byte	.LFE4
 835 0018 00000000 		.4byte	.LFB5
 836 001c 20000000 		.4byte	.LFE5
 837 0020 00000000 		.4byte	.LFB6
 838 0024 20000000 		.4byte	.LFE6
 839 0028 00000000 		.4byte	.LFB0
 840 002c 2C000000 		.4byte	.LFE0
 841 0030 00000000 		.4byte	.LFB2
 842 0034 1C000000 		.4byte	.LFE2
 843 0038 00000000 		.4byte	0
 844 003c 00000000 		.4byte	0
 845              		.section	.debug_line,"",%progbits
 846              	.Ldebug_line0:
 847 0000 D5000000 		.section	.debug_str,"MS",%progbits,1
 847      02004400 
 847      00000201 
 847      FB0E0D00 
 847      01010101 
 848              	.LASF28:
 849 0000 746D7043 		.ascii	"tmpCR\000"
 849      5200
 850              	.LASF21:
 851 0006 5449415F 		.ascii	"TIA_1_SetCapFB\000"
 851      315F5365 
 851      74436170 
 851      464200
 852              	.LASF27:
 853 0015 433A5C55 		.ascii	"C:\\Users\\cruiser\\Documents\\PSoC Creator\\Voltro"
 853      73657273 
 853      5C637275 
 853      69736572 
 853      5C446F63 
 854 0043 6E5C4465 		.ascii	"n\\Design01.cydsn\000"
 854      7369676E 
 854      30312E63 
 854      7964736E 
 854      00
 855              	.LASF26:
 856 0054 2E5C4765 		.ascii	".\\Generated_Source\\PSoC5\\TIA_1.c\000"
 856      6E657261 
 856      7465645F 
 856      536F7572 
 856      63655C50 
 857              	.LASF16:
 858 0075 5449415F 		.ascii	"TIA_1_Stop\000"
 858      315F5374 
 858      6F7000
 859              	.LASF19:
 860 0080 706F7765 		.ascii	"power\000"
 860      7200
 861              	.LASF9:
ARM GAS  C:\Users\cruiser\AppData\Local\Temp\ccZ4ojZN.s 			page 22


 862 0086 666C6F61 		.ascii	"float\000"
 862      7400
 863              	.LASF1:
 864 008c 756E7369 		.ascii	"unsigned char\000"
 864      676E6564 
 864      20636861 
 864      7200
 865              	.LASF13:
 866 009a 72656738 		.ascii	"reg8\000"
 866      00
 867              	.LASF5:
 868 009f 6C6F6E67 		.ascii	"long unsigned int\000"
 868      20756E73 
 868      69676E65 
 868      6420696E 
 868      7400
 869              	.LASF12:
 870 00b1 75696E74 		.ascii	"uint8\000"
 870      3800
 871              	.LASF17:
 872 00b7 5449415F 		.ascii	"TIA_1_SetPower\000"
 872      315F5365 
 872      74506F77 
 872      657200
 873              	.LASF10:
 874 00c6 646F7562 		.ascii	"double\000"
 874      6C6500
 875              	.LASF24:
 876 00cd 5449415F 		.ascii	"TIA_1_Start\000"
 876      315F5374 
 876      61727400 
 877              	.LASF25:
 878 00d9 474E5520 		.ascii	"GNU C 4.9.3 20150303 (release) [ARM/embedded-4_9-br"
 878      4320342E 
 878      392E3320 
 878      32303135 
 878      30333033 
 879 010c 616E6368 		.ascii	"anch revision 221220] -mcpu=cortex-m3 -mthumb -g -O"
 879      20726576 
 879      6973696F 
 879      6E203232 
 879      31323230 
 880 013f 67202D66 		.ascii	"g -ffunction-sections -ffat-lto-objects\000"
 880      66756E63 
 880      74696F6E 
 880      2D736563 
 880      74696F6E 
 881              	.LASF8:
 882 0167 756E7369 		.ascii	"unsigned int\000"
 882      676E6564 
 882      20696E74 
 882      00
 883              	.LASF7:
 884 0174 6C6F6E67 		.ascii	"long long unsigned int\000"
 884      206C6F6E 
 884      6720756E 
 884      7369676E 
ARM GAS  C:\Users\cruiser\AppData\Local\Temp\ccZ4ojZN.s 			page 23


 884      65642069 
 885              	.LASF18:
 886 018b 5449415F 		.ascii	"TIA_1_SetResFB\000"
 886      315F5365 
 886      74526573 
 886      464200
 887              	.LASF14:
 888 019a 73697A65 		.ascii	"sizetype\000"
 888      74797065 
 888      00
 889              	.LASF6:
 890 01a3 6C6F6E67 		.ascii	"long long int\000"
 890      206C6F6E 
 890      6720696E 
 890      7400
 891              	.LASF11:
 892 01b1 63686172 		.ascii	"char\000"
 892      00
 893              	.LASF2:
 894 01b6 73686F72 		.ascii	"short int\000"
 894      7420696E 
 894      7400
 895              	.LASF20:
 896 01c0 7265735F 		.ascii	"res_feedback\000"
 896      66656564 
 896      6261636B 
 896      00
 897              	.LASF22:
 898 01cd 6361705F 		.ascii	"cap_feedback\000"
 898      66656564 
 898      6261636B 
 898      00
 899              	.LASF15:
 900 01da 5449415F 		.ascii	"TIA_1_Enable\000"
 900      315F456E 
 900      61626C65 
 900      00
 901              	.LASF23:
 902 01e7 5449415F 		.ascii	"TIA_1_Init\000"
 902      315F496E 
 902      697400
 903              	.LASF29:
 904 01f2 5449415F 		.ascii	"TIA_1_initVar\000"
 904      315F696E 
 904      69745661 
 904      7200
 905              	.LASF4:
 906 0200 6C6F6E67 		.ascii	"long int\000"
 906      20696E74 
 906      00
 907              	.LASF0:
 908 0209 7369676E 		.ascii	"signed char\000"
 908      65642063 
 908      68617200 
 909              	.LASF3:
 910 0215 73686F72 		.ascii	"short unsigned int\000"
 910      7420756E 
ARM GAS  C:\Users\cruiser\AppData\Local\Temp\ccZ4ojZN.s 			page 24


 910      7369676E 
 910      65642069 
 910      6E7400
 911              		.ident	"GCC: (GNU Tools for ARM Embedded Processors) 4.9.3 20150303 (release) [ARM/embedded-4_9-br
