--------------- Build Started: 09/09/2016 23:00:09 Project: Voltron Main, Configuration: ARM GCC 4.9-2015-q1-update Debug ---------------
cydsfit.exe -.appdatapath "C:\Users\cruiser\AppData\Local\Cypress Semiconductor\PSoC Creator\3.3" -.fdsnotice -.fdswarpdepfile=warp_dependencies.txt -.fdselabdepfile=elab_dependencies.txt -.fdsbldfile=generated_files.txt -p "C:\Users\cruiser\Documents\PSoC Creator\Voltron\Voltron Main.cydsn\Voltron Main.cyprj" -d CY8C5888LTI-LP097 -s "C:\Users\cruiser\Documents\PSoC Creator\Voltron\Voltron Main.cydsn\Generated_Source\PSoC5" -- -yv2 -q10 -ygs -o2 -v3 -.fftcfgtype=LE
Elaborating Design...
ADD: sdb.M0065: information: Analog terminal "AMux_DelSig.BinTerm3" on TopDesign is unconnected.
 * C:\Users\cruiser\Documents\PSoC Creator\Voltron\Voltron Main.cydsn\TopDesign\TopDesign.cysch (Signal: Net_6990)
 * C:\Users\cruiser\Documents\PSoC Creator\Voltron\Voltron Main.cydsn\TopDesign\TopDesign.cysch (Shape_503.8)
ADD: sdb.M0065: information: Analog terminal "AMux_DelSig.AinTerm2" on TopDesign is unconnected.
 * C:\Users\cruiser\Documents\PSoC Creator\Voltron\Voltron Main.cydsn\TopDesign\TopDesign.cysch (Signal: Net_6987)
 * C:\Users\cruiser\Documents\PSoC Creator\Voltron\Voltron Main.cydsn\TopDesign\TopDesign.cysch (Shape_503.5)
ADD: sdb.M0065: information: Analog terminal "AMux_DelSig.BinTerm2" on TopDesign is unconnected.
 * C:\Users\cruiser\Documents\PSoC Creator\Voltron\Voltron Main.cydsn\TopDesign\TopDesign.cysch (Signal: Net_6988)
 * C:\Users\cruiser\Documents\PSoC Creator\Voltron\Voltron Main.cydsn\TopDesign\TopDesign.cysch (Shape_503.6)
ADD: sdb.M0065: information: Analog terminal "AMux_DelSig.AinTerm3" on TopDesign is unconnected.
 * C:\Users\cruiser\Documents\PSoC Creator\Voltron\Voltron Main.cydsn\TopDesign\TopDesign.cysch (Signal: Net_6989)
 * C:\Users\cruiser\Documents\PSoC Creator\Voltron\Voltron Main.cydsn\TopDesign\TopDesign.cysch (Shape_503.7)
ADD: pft.M0035: information: Voltage Reference Information: Vref 'Vdda/2' is connected to terminal 'analog_0' of 'Pin_VDDAdiv2' but no direct hardware connection exists.
 * C:\Users\cruiser\Documents\PSoC Creator\Voltron\Voltron Main.cydsn\TopDesign\TopDesign.cysch (Instance:vRef_1)
 * C:\Users\cruiser\Documents\PSoC Creator\Voltron\Voltron Main.cydsn\TopDesign\TopDesign.cysch (Instance:Pin_VDDAdiv2)
ADD: pft.M0035: information: Voltage Reference Information: Vref '0.256V' is connected to terminal 'analog_0' of 'Pin_DACREF' but no direct hardware connection exists.
 * C:\Users\cruiser\Documents\PSoC Creator\Voltron\Voltron Main.cydsn\TopDesign\TopDesign.cysch (Instance:vRef_4)
 * C:\Users\cruiser\Documents\PSoC Creator\Voltron\Voltron Main.cydsn\TopDesign\TopDesign.cysch (Instance:Pin_DACREF)
HDL Generation ...
Synthesis ...
Place and Route ...
Tech mapping ...
Analog Placement ...
Info: apr.M0002: Analog signal "Net_6987" is connected to one terminal only. (App=cydsfit)
Info: apr.M0002: Analog signal "Net_6989" is connected to one terminal only. (App=cydsfit)
Info: apr.M0002: Analog signal "Net_6988" is connected to one terminal only. (App=cydsfit)
Info: apr.M0002: Analog signal "Net_6990" is connected to one terminal only. (App=cydsfit)
Log: apr.M0058: The analog placement iterative improvement is 38% done. (App=cydsfit)
Log: apr.M0058: The analog placement iterative improvement is 84% done. (App=cydsfit)
Analog Routing ...
Analog Code Generation ...
Digital Placement ...
Digital Routing ...
Bitstream Generation ...
Static timing analysis ...
Warning: sta.M0019: Voltron Main_timing.html: Warning-1366: Setup time violation found in a path from clock ( CyBUS_CLK ) to clock ( SPIS_IntClock ). (File=C:\Users\cruiser\Documents\PSoC Creator\Voltron\Voltron Main.cydsn\Voltron Main_timing.html)
API Generation ...
Dependency Generation ...
Clean Temporary Files ...
arm-none-eabi-gcc.exe -mcpu=cortex-m3 -mthumb -Wno-main -I. -IGenerated_Source\PSoC5 -Wa,-alh=.\CortexM3\ARM_GCC_493\Debug/main.lst -g -D DEBUG -Wall -ffunction-sections -Og -ffat-lto-objects -c .\main.c -o .\CortexM3\ARM_GCC_493\Debug\main.o
arm-none-eabi-gcc.exe -mcpu=cortex-m3 -mthumb -Wno-main -I. -IGenerated_Source\PSoC5 -Wa,-alh=.\CortexM3\ARM_GCC_493\Debug/cyfitter_cfg.lst -g -D DEBUG -Wall -ffunction-sections -Og -ffat-lto-objects -c .\Generated_Source\PSoC5\cyfitter_cfg.c -o .\CortexM3\ARM_GCC_493\Debug\cyfitter_cfg.o
arm-none-eabi-gcc.exe -mcpu=cortex-m3 -mthumb -Wno-main -I. -IGenerated_Source\PSoC5 -Wa,-alh=.\CortexM3\ARM_GCC_493\Debug/cymetadata.lst -g -D DEBUG -Wall -ffunction-sections -Og -ffat-lto-objects -c .\Generated_Source\PSoC5\cymetadata.c -o .\CortexM3\ARM_GCC_493\Debug\cymetadata.o
arm-none-eabi-gcc.exe -mcpu=cortex-m3 -mthumb -Wno-main -I. -IGenerated_Source\PSoC5 -Wa,-alh=.\CortexM3\ARM_GCC_493\Debug/Opamp_1.lst -g -D DEBUG -Wall -ffunction-sections -Og -ffat-lto-objects -c .\Generated_Source\PSoC5\Opamp_1.c -o .\CortexM3\ARM_GCC_493\Debug\Opamp_1.o
arm-none-eabi-gcc.exe -mcpu=cortex-m3 -mthumb -Wno-main -I. -IGenerated_Source\PSoC5 -Wa,-alh=.\CortexM3\ARM_GCC_493\Debug/Opamp_1_PM.lst -g -D DEBUG -Wall -ffunction-sections -Og -ffat-lto-objects -c .\Generated_Source\PSoC5\Opamp_1_PM.c -o .\CortexM3\ARM_GCC_493\Debug\Opamp_1_PM.o
arm-none-eabi-gcc.exe -mcpu=cortex-m3 -mthumb -Wno-main -I. -IGenerated_Source\PSoC5 -Wa,-alh=.\CortexM3\ARM_GCC_493\Debug/Opamp_2.lst -g -D DEBUG -Wall -ffunction-sections -Og -ffat-lto-objects -c .\Generated_Source\PSoC5\Opamp_2.c -o .\CortexM3\ARM_GCC_493\Debug\Opamp_2.o
arm-none-eabi-gcc.exe -mcpu=cortex-m3 -mthumb -Wno-main -I. -IGenerated_Source\PSoC5 -Wa,-alh=.\CortexM3\ARM_GCC_493\Debug/Opamp_2_PM.lst -g -D DEBUG -Wall -ffunction-sections -Og -ffat-lto-objects -c .\Generated_Source\PSoC5\Opamp_2_PM.c -o .\CortexM3\ARM_GCC_493\Debug\Opamp_2_PM.o
arm-none-eabi-gcc.exe -mcpu=cortex-m3 -mthumb -Wno-main -I. -IGenerated_Source\PSoC5 -Wa,-alh=.\CortexM3\ARM_GCC_493\Debug/Cm3Start.lst -g -D DEBUG -Wall -ffunction-sections -Og -ffat-lto-objects -c .\Generated_Source\PSoC5\Cm3Start.c -o .\CortexM3\ARM_GCC_493\Debug\Cm3Start.o
arm-none-eabi-as.exe -mcpu=cortex-m3 -mthumb -I. -IGenerated_Source\PSoC5 -alh=.\CortexM3\ARM_GCC_493\Debug/CyBootAsmGnu.lst -g -W -o .\CortexM3\ARM_GCC_493\Debug\CyBootAsmGnu.o .\Generated_Source\PSoC5\CyBootAsmGnu.s
arm-none-eabi-gcc.exe -mcpu=cortex-m3 -mthumb -Wno-main -I. -IGenerated_Source\PSoC5 -Wa,-alh=.\CortexM3\ARM_GCC_493\Debug/CyDmac.lst -g -D DEBUG -Wall -ffunction-sections -Og -ffat-lto-objects -c .\Generated_Source\PSoC5\CyDmac.c -o .\CortexM3\ARM_GCC_493\Debug\CyDmac.o
arm-none-eabi-gcc.exe -mcpu=cortex-m3 -mthumb -Wno-main -I. -IGenerated_Source\PSoC5 -Wa,-alh=.\CortexM3\ARM_GCC_493\Debug/CyFlash.lst -g -D DEBUG -Wall -ffunction-sections -Og -ffat-lto-objects -c .\Generated_Source\PSoC5\CyFlash.c -o .\CortexM3\ARM_GCC_493\Debug\CyFlash.o
arm-none-eabi-gcc.exe -mcpu=cortex-m3 -mthumb -Wno-main -I. -IGenerated_Source\PSoC5 -Wa,-alh=.\CortexM3\ARM_GCC_493\Debug/CyLib.lst -g -D DEBUG -Wall -ffunction-sections -Og -ffat-lto-objects -c .\Generated_Source\PSoC5\CyLib.c -o .\CortexM3\ARM_GCC_493\Debug\CyLib.o
arm-none-eabi-gcc.exe -mcpu=cortex-m3 -mthumb -Wno-main -I. -IGenerated_Source\PSoC5 -Wa,-alh=.\CortexM3\ARM_GCC_493\Debug/cyPm.lst -g -D DEBUG -Wall -ffunction-sections -Og -ffat-lto-objects -c .\Generated_Source\PSoC5\cyPm.c -o .\CortexM3\ARM_GCC_493\Debug\cyPm.o
arm-none-eabi-gcc.exe -mcpu=cortex-m3 -mthumb -Wno-main -I. -IGenerated_Source\PSoC5 -Wa,-alh=.\CortexM3\ARM_GCC_493\Debug/CySpc.lst -g -D DEBUG -Wall -ffunction-sections -Og -ffat-lto-objects -c .\Generated_Source\PSoC5\CySpc.c -o .\CortexM3\ARM_GCC_493\Debug\CySpc.o
arm-none-eabi-gcc.exe -mcpu=cortex-m3 -mthumb -Wno-main -I. -IGenerated_Source\PSoC5 -Wa,-alh=.\CortexM3\ARM_GCC_493\Debug/cyutils.lst -g -D DEBUG -Wall -ffunction-sections -Og -ffat-lto-objects -c .\Generated_Source\PSoC5\cyutils.c -o .\CortexM3\ARM_GCC_493\Debug\cyutils.o
arm-none-eabi-gcc.exe -mcpu=cortex-m3 -mthumb -Wno-main -I. -IGenerated_Source\PSoC5 -Wa,-alh=.\CortexM3\ARM_GCC_493\Debug/Pin_TIA1.lst -g -D DEBUG -Wall -ffunction-sections -Og -ffat-lto-objects -c .\Generated_Source\PSoC5\Pin_TIA1.c -o .\CortexM3\ARM_GCC_493\Debug\Pin_TIA1.o
arm-none-eabi-gcc.exe -mcpu=cortex-m3 -mthumb -Wno-main -I. -IGenerated_Source\PSoC5 -Wa,-alh=.\CortexM3\ARM_GCC_493\Debug/Pin_TIA2.lst -g -D DEBUG -Wall -ffunction-sections -Og -ffat-lto-objects -c .\Generated_Source\PSoC5\Pin_TIA2.c -o .\CortexM3\ARM_GCC_493\Debug\Pin_TIA2.o
arm-none-eabi-gcc.exe -mcpu=cortex-m3 -mthumb -Wno-main -I. -IGenerated_Source\PSoC5 -Wa,-alh=.\CortexM3\ARM_GCC_493\Debug/Pin_TIA3.lst -g -D DEBUG -Wall -ffunction-sections -Og -ffat-lto-objects -c .\Generated_Source\PSoC5\Pin_TIA3.c -o .\CortexM3\ARM_GCC_493\Debug\Pin_TIA3.o
arm-none-eabi-gcc.exe -mcpu=cortex-m3 -mthumb -Wno-main -I. -IGenerated_Source\PSoC5 -Wa,-alh=.\CortexM3\ARM_GCC_493\Debug/Pin_TIA4.lst -g -D DEBUG -Wall -ffunction-sections -Og -ffat-lto-objects -c .\Generated_Source\PSoC5\Pin_TIA4.c -o .\CortexM3\ARM_GCC_493\Debug\Pin_TIA4.o
arm-none-eabi-gcc.exe -mcpu=cortex-m3 -mthumb -Wno-main -I. -IGenerated_Source\PSoC5 -Wa,-alh=.\CortexM3\ARM_GCC_493\Debug/Opamp_3.lst -g -D DEBUG -Wall -ffunction-sections -Og -ffat-lto-objects -c .\Generated_Source\PSoC5\Opamp_3.c -o .\CortexM3\ARM_GCC_493\Debug\Opamp_3.o
arm-none-eabi-gcc.exe -mcpu=cortex-m3 -mthumb -Wno-main -I. -IGenerated_Source\PSoC5 -Wa,-alh=.\CortexM3\ARM_GCC_493\Debug/Opamp_3_PM.lst -g -D DEBUG -Wall -ffunction-sections -Og -ffat-lto-objects -c .\Generated_Source\PSoC5\Opamp_3_PM.c -o .\CortexM3\ARM_GCC_493\Debug\Opamp_3_PM.o
arm-none-eabi-gcc.exe -mcpu=cortex-m3 -mthumb -Wno-main -I. -IGenerated_Source\PSoC5 -Wa,-alh=.\CortexM3\ARM_GCC_493\Debug/Opamp_4.lst -g -D DEBUG -Wall -ffunction-sections -Og -ffat-lto-objects -c .\Generated_Source\PSoC5\Opamp_4.c -o .\CortexM3\ARM_GCC_493\Debug\Opamp_4.o
arm-none-eabi-gcc.exe -mcpu=cortex-m3 -mthumb -Wno-main -I. -IGenerated_Source\PSoC5 -Wa,-alh=.\CortexM3\ARM_GCC_493\Debug/Opamp_4_PM.lst -g -D DEBUG -Wall -ffunction-sections -Og -ffat-lto-objects -c .\Generated_Source\PSoC5\Opamp_4_PM.c -o .\CortexM3\ARM_GCC_493\Debug\Opamp_4_PM.o
arm-none-eabi-gcc.exe -mcpu=cortex-m3 -mthumb -Wno-main -I. -IGenerated_Source\PSoC5 -Wa,-alh=.\CortexM3\ARM_GCC_493\Debug/Filter.lst -g -D DEBUG -Wall -ffunction-sections -Og -ffat-lto-objects -c .\Generated_Source\PSoC5\Filter.c -o .\CortexM3\ARM_GCC_493\Debug\Filter.o
arm-none-eabi-gcc.exe -mcpu=cortex-m3 -mthumb -Wno-main -I. -IGenerated_Source\PSoC5 -Wa,-alh=.\CortexM3\ARM_GCC_493\Debug/Filter_PM.lst -g -D DEBUG -Wall -ffunction-sections -Og -ffat-lto-objects -c .\Generated_Source\PSoC5\Filter_PM.c -o .\CortexM3\ARM_GCC_493\Debug\Filter_PM.o
arm-none-eabi-gcc.exe -mcpu=cortex-m3 -mthumb -Wno-main -I. -IGenerated_Source\PSoC5 -Wa,-alh=.\CortexM3\ARM_GCC_493\Debug/Filter_PVT.lst -g -D DEBUG -Wall -ffunction-sections -Og -ffat-lto-objects -c .\Generated_Source\PSoC5\Filter_PVT.c -o .\CortexM3\ARM_GCC_493\Debug\Filter_PVT.o
arm-none-eabi-gcc.exe -mcpu=cortex-m3 -mthumb -Wno-main -I. -IGenerated_Source\PSoC5 -Wa,-alh=.\CortexM3\ARM_GCC_493\Debug/Filter_RAM_Data.lst -g -D DEBUG -Wall -ffunction-sections -Og -ffat-lto-objects -c .\Generated_Source\PSoC5\Filter_RAM_Data.c -o .\CortexM3\ARM_GCC_493\Debug\Filter_RAM_Data.o
arm-none-eabi-gcc.exe -mcpu=cortex-m3 -mthumb -Wno-main -I. -IGenerated_Source\PSoC5 -Wa,-alh=.\CortexM3\ARM_GCC_493\Debug/Filter_Coefficients.lst -g -D DEBUG -Wall -ffunction-sections -Og -ffat-lto-objects -c .\Generated_Source\PSoC5\Filter_Coefficients.c -o .\CortexM3\ARM_GCC_493\Debug\Filter_Coefficients.o
arm-none-eabi-gcc.exe -mcpu=cortex-m3 -mthumb -Wno-main -I. -IGenerated_Source\PSoC5 -Wa,-alh=.\CortexM3\ARM_GCC_493\Debug/AMux_DelSig.lst -g -D DEBUG -Wall -ffunction-sections -Og -ffat-lto-objects -c .\Generated_Source\PSoC5\AMux_DelSig.c -o .\CortexM3\ARM_GCC_493\Debug\AMux_DelSig.o
arm-none-eabi-gcc.exe -mcpu=cortex-m3 -mthumb -Wno-main -I. -IGenerated_Source\PSoC5 -Wa,-alh=.\CortexM3\ARM_GCC_493\Debug/PGA_Inv_2.lst -g -D DEBUG -Wall -ffunction-sections -Og -ffat-lto-objects -c .\Generated_Source\PSoC5\PGA_Inv_2.c -o .\CortexM3\ARM_GCC_493\Debug\PGA_Inv_2.o
arm-none-eabi-gcc.exe -mcpu=cortex-m3 -mthumb -Wno-main -I. -IGenerated_Source\PSoC5 -Wa,-alh=.\CortexM3\ARM_GCC_493\Debug/PGA_Inv_2_PM.lst -g -D DEBUG -Wall -ffunction-sections -Og -ffat-lto-objects -c .\Generated_Source\PSoC5\PGA_Inv_2_PM.c -o .\CortexM3\ARM_GCC_493\Debug\PGA_Inv_2_PM.o
arm-none-eabi-gcc.exe -mcpu=cortex-m3 -mthumb -Wno-main -I. -IGenerated_Source\PSoC5 -Wa,-alh=.\CortexM3\ARM_GCC_493\Debug/PGA_Inv_1.lst -g -D DEBUG -Wall -ffunction-sections -Og -ffat-lto-objects -c .\Generated_Source\PSoC5\PGA_Inv_1.c -o .\CortexM3\ARM_GCC_493\Debug\PGA_Inv_1.o
arm-none-eabi-gcc.exe -mcpu=cortex-m3 -mthumb -Wno-main -I. -IGenerated_Source\PSoC5 -Wa,-alh=.\CortexM3\ARM_GCC_493\Debug/PGA_Inv_1_PM.lst -g -D DEBUG -Wall -ffunction-sections -Og -ffat-lto-objects -c .\Generated_Source\PSoC5\PGA_Inv_1_PM.c -o .\CortexM3\ARM_GCC_493\Debug\PGA_Inv_1_PM.o
arm-none-eabi-gcc.exe -mcpu=cortex-m3 -mthumb -Wno-main -I. -IGenerated_Source\PSoC5 -Wa,-alh=.\CortexM3\ARM_GCC_493\Debug/Pin_DAC1.lst -g -D DEBUG -Wall -ffunction-sections -Og -ffat-lto-objects -c .\Generated_Source\PSoC5\Pin_DAC1.c -o .\CortexM3\ARM_GCC_493\Debug\Pin_DAC1.o
arm-none-eabi-gcc.exe -mcpu=cortex-m3 -mthumb -Wno-main -I. -IGenerated_Source\PSoC5 -Wa,-alh=.\CortexM3\ARM_GCC_493\Debug/Pin_DAC2.lst -g -D DEBUG -Wall -ffunction-sections -Og -ffat-lto-objects -c .\Generated_Source\PSoC5\Pin_DAC2.c -o .\CortexM3\ARM_GCC_493\Debug\Pin_DAC2.o
arm-none-eabi-gcc.exe -mcpu=cortex-m3 -mthumb -Wno-main -I. -IGenerated_Source\PSoC5 -Wa,-alh=.\CortexM3\ARM_GCC_493\Debug/Pin_DAC3.lst -g -D DEBUG -Wall -ffunction-sections -Og -ffat-lto-objects -c .\Generated_Source\PSoC5\Pin_DAC3.c -o .\CortexM3\ARM_GCC_493\Debug\Pin_DAC3.o
arm-none-eabi-gcc.exe -mcpu=cortex-m3 -mthumb -Wno-main -I. -IGenerated_Source\PSoC5 -Wa,-alh=.\CortexM3\ARM_GCC_493\Debug/Pin_DAC4.lst -g -D DEBUG -Wall -ffunction-sections -Og -ffat-lto-objects -c .\Generated_Source\PSoC5\Pin_DAC4.c -o .\CortexM3\ARM_GCC_493\Debug\Pin_DAC4.o
arm-none-eabi-gcc.exe -mcpu=cortex-m3 -mthumb -Wno-main -I. -IGenerated_Source\PSoC5 -Wa,-alh=.\CortexM3\ARM_GCC_493\Debug/Pin_LED_PWMB.lst -g -D DEBUG -Wall -ffunction-sections -Og -ffat-lto-objects -c .\Generated_Source\PSoC5\Pin_LED_PWMB.c -o .\CortexM3\ARM_GCC_493\Debug\Pin_LED_PWMB.o
arm-none-eabi-gcc.exe -mcpu=cortex-m3 -mthumb -Wno-main -I. -IGenerated_Source\PSoC5 -Wa,-alh=.\CortexM3\ARM_GCC_493\Debug/Pin_LED_PWMA.lst -g -D DEBUG -Wall -ffunction-sections -Og -ffat-lto-objects -c .\Generated_Source\PSoC5\Pin_LED_PWMA.c -o .\CortexM3\ARM_GCC_493\Debug\Pin_LED_PWMA.o
arm-none-eabi-gcc.exe -mcpu=cortex-m3 -mthumb -Wno-main -I. -IGenerated_Source\PSoC5 -Wa,-alh=.\CortexM3\ARM_GCC_493\Debug/Pin_TIA1P5.lst -g -D DEBUG -Wall -ffunction-sections -Og -ffat-lto-objects -c .\Generated_Source\PSoC5\Pin_TIA1P5.c -o .\CortexM3\ARM_GCC_493\Debug\Pin_TIA1P5.o
arm-none-eabi-gcc.exe -mcpu=cortex-m3 -mthumb -Wno-main -I. -IGenerated_Source\PSoC5 -Wa,-alh=.\CortexM3\ARM_GCC_493\Debug/Pin_TIA3P5.lst -g -D DEBUG -Wall -ffunction-sections -Og -ffat-lto-objects -c .\Generated_Source\PSoC5\Pin_TIA3P5.c -o .\CortexM3\ARM_GCC_493\Debug\Pin_TIA3P5.o
arm-none-eabi-gcc.exe -mcpu=cortex-m3 -mthumb -Wno-main -I. -IGenerated_Source\PSoC5 -Wa,-alh=.\CortexM3\ARM_GCC_493\Debug/Pin_VDDAdiv2.lst -g -D DEBUG -Wall -ffunction-sections -Og -ffat-lto-objects -c .\Generated_Source\PSoC5\Pin_VDDAdiv2.c -o .\CortexM3\ARM_GCC_493\Debug\Pin_VDDAdiv2.o
arm-none-eabi-gcc.exe -mcpu=cortex-m3 -mthumb -Wno-main -I. -IGenerated_Source\PSoC5 -Wa,-alh=.\CortexM3\ARM_GCC_493\Debug/Pin_LED_AMPA.lst -g -D DEBUG -Wall -ffunction-sections -Og -ffat-lto-objects -c .\Generated_Source\PSoC5\Pin_LED_AMPA.c -o .\CortexM3\ARM_GCC_493\Debug\Pin_LED_AMPA.o
arm-none-eabi-gcc.exe -mcpu=cortex-m3 -mthumb -Wno-main -I. -IGenerated_Source\PSoC5 -Wa,-alh=.\CortexM3\ARM_GCC_493\Debug/Pin_LED_AMPB.lst -g -D DEBUG -Wall -ffunction-sections -Og -ffat-lto-objects -c .\Generated_Source\PSoC5\Pin_LED_AMPB.c -o .\CortexM3\ARM_GCC_493\Debug\Pin_LED_AMPB.o
arm-none-eabi-gcc.exe -mcpu=cortex-m3 -mthumb -Wno-main -I. -IGenerated_Source\PSoC5 -Wa,-alh=.\CortexM3\ARM_GCC_493\Debug/I2C.lst -g -D DEBUG -Wall -ffunction-sections -Og -ffat-lto-objects -c .\Generated_Source\PSoC5\I2C.c -o .\CortexM3\ARM_GCC_493\Debug\I2C.o
arm-none-eabi-gcc.exe -mcpu=cortex-m3 -mthumb -Wno-main -I. -IGenerated_Source\PSoC5 -Wa,-alh=.\CortexM3\ARM_GCC_493\Debug/I2C_PM.lst -g -D DEBUG -Wall -ffunction-sections -Og -ffat-lto-objects -c .\Generated_Source\PSoC5\I2C_PM.c -o .\CortexM3\ARM_GCC_493\Debug\I2C_PM.o
arm-none-eabi-gcc.exe -mcpu=cortex-m3 -mthumb -Wno-main -I. -IGenerated_Source\PSoC5 -Wa,-alh=.\CortexM3\ARM_GCC_493\Debug/I2C_INT.lst -g -D DEBUG -Wall -ffunction-sections -Og -ffat-lto-objects -c .\Generated_Source\PSoC5\I2C_INT.c -o .\CortexM3\ARM_GCC_493\Debug\I2C_INT.o
arm-none-eabi-gcc.exe -mcpu=cortex-m3 -mthumb -Wno-main -I. -IGenerated_Source\PSoC5 -Wa,-alh=.\CortexM3\ARM_GCC_493\Debug/SPIS.lst -g -D DEBUG -Wall -ffunction-sections -Og -ffat-lto-objects -c .\Generated_Source\PSoC5\SPIS.c -o .\CortexM3\ARM_GCC_493\Debug\SPIS.o
arm-none-eabi-gcc.exe -mcpu=cortex-m3 -mthumb -Wno-main -I. -IGenerated_Source\PSoC5 -Wa,-alh=.\CortexM3\ARM_GCC_493\Debug/SPIS_PM.lst -g -D DEBUG -Wall -ffunction-sections -Og -ffat-lto-objects -c .\Generated_Source\PSoC5\SPIS_PM.c -o .\CortexM3\ARM_GCC_493\Debug\SPIS_PM.o
arm-none-eabi-gcc.exe -mcpu=cortex-m3 -mthumb -Wno-main -I. -IGenerated_Source\PSoC5 -Wa,-alh=.\CortexM3\ARM_GCC_493\Debug/SPIS_INT.lst -g -D DEBUG -Wall -ffunction-sections -Og -ffat-lto-objects -c .\Generated_Source\PSoC5\SPIS_INT.c -o .\CortexM3\ARM_GCC_493\Debug\SPIS_INT.o
arm-none-eabi-gcc.exe -mcpu=cortex-m3 -mthumb -Wno-main -I. -IGenerated_Source\PSoC5 -Wa,-alh=.\CortexM3\ARM_GCC_493\Debug/SPIS_BOOT.lst -g -D DEBUG -Wall -ffunction-sections -Og -ffat-lto-objects -c .\Generated_Source\PSoC5\SPIS_BOOT.c -o .\CortexM3\ARM_GCC_493\Debug\SPIS_BOOT.o
arm-none-eabi-gcc.exe -mcpu=cortex-m3 -mthumb -Wno-main -I. -IGenerated_Source\PSoC5 -Wa,-alh=.\CortexM3\ARM_GCC_493\Debug/SPIS_IntClock.lst -g -D DEBUG -Wall -ffunction-sections -Og -ffat-lto-objects -c .\Generated_Source\PSoC5\SPIS_IntClock.c -o .\CortexM3\ARM_GCC_493\Debug\SPIS_IntClock.o
arm-none-eabi-gcc.exe -mcpu=cortex-m3 -mthumb -Wno-main -I. -IGenerated_Source\PSoC5 -Wa,-alh=.\CortexM3\ARM_GCC_493\Debug/SPI_MOSI.lst -g -D DEBUG -Wall -ffunction-sections -Og -ffat-lto-objects -c .\Generated_Source\PSoC5\SPI_MOSI.c -o .\CortexM3\ARM_GCC_493\Debug\SPI_MOSI.o
arm-none-eabi-gcc.exe -mcpu=cortex-m3 -mthumb -Wno-main -I. -IGenerated_Source\PSoC5 -Wa,-alh=.\CortexM3\ARM_GCC_493\Debug/SPI_MISO.lst -g -D DEBUG -Wall -ffunction-sections -Og -ffat-lto-objects -c .\Generated_Source\PSoC5\SPI_MISO.c -o .\CortexM3\ARM_GCC_493\Debug\SPI_MISO.o
arm-none-eabi-gcc.exe -mcpu=cortex-m3 -mthumb -Wno-main -I. -IGenerated_Source\PSoC5 -Wa,-alh=.\CortexM3\ARM_GCC_493\Debug/SPI_SCLK.lst -g -D DEBUG -Wall -ffunction-sections -Og -ffat-lto-objects -c .\Generated_Source\PSoC5\SPI_SCLK.c -o .\CortexM3\ARM_GCC_493\Debug\SPI_SCLK.o
arm-none-eabi-gcc.exe -mcpu=cortex-m3 -mthumb -Wno-main -I. -IGenerated_Source\PSoC5 -Wa,-alh=.\CortexM3\ARM_GCC_493\Debug/SPI_SS.lst -g -D DEBUG -Wall -ffunction-sections -Og -ffat-lto-objects -c .\Generated_Source\PSoC5\SPI_SS.c -o .\CortexM3\ARM_GCC_493\Debug\SPI_SS.o
arm-none-eabi-gcc.exe -mcpu=cortex-m3 -mthumb -Wno-main -I. -IGenerated_Source\PSoC5 -Wa,-alh=.\CortexM3\ARM_GCC_493\Debug/Pin_DACREF.lst -g -D DEBUG -Wall -ffunction-sections -Og -ffat-lto-objects -c .\Generated_Source\PSoC5\Pin_DACREF.c -o .\CortexM3\ARM_GCC_493\Debug\Pin_DACREF.o
arm-none-eabi-gcc.exe -mcpu=cortex-m3 -mthumb -Wno-main -I. -IGenerated_Source\PSoC5 -Wa,-alh=.\CortexM3\ARM_GCC_493\Debug/VDAC4.lst -g -D DEBUG -Wall -ffunction-sections -Og -ffat-lto-objects -c .\Generated_Source\PSoC5\VDAC4.c -o .\CortexM3\ARM_GCC_493\Debug\VDAC4.o
arm-none-eabi-gcc.exe -mcpu=cortex-m3 -mthumb -Wno-main -I. -IGenerated_Source\PSoC5 -Wa,-alh=.\CortexM3\ARM_GCC_493\Debug/VDAC4_PM.lst -g -D DEBUG -Wall -ffunction-sections -Og -ffat-lto-objects -c .\Generated_Source\PSoC5\VDAC4_PM.c -o .\CortexM3\ARM_GCC_493\Debug\VDAC4_PM.o
arm-none-eabi-gcc.exe -mcpu=cortex-m3 -mthumb -Wno-main -I. -IGenerated_Source\PSoC5 -Wa,-alh=.\CortexM3\ARM_GCC_493\Debug/VDAC3.lst -g -D DEBUG -Wall -ffunction-sections -Og -ffat-lto-objects -c .\Generated_Source\PSoC5\VDAC3.c -o .\CortexM3\ARM_GCC_493\Debug\VDAC3.o
arm-none-eabi-gcc.exe -mcpu=cortex-m3 -mthumb -Wno-main -I. -IGenerated_Source\PSoC5 -Wa,-alh=.\CortexM3\ARM_GCC_493\Debug/VDAC3_PM.lst -g -D DEBUG -Wall -ffunction-sections -Og -ffat-lto-objects -c .\Generated_Source\PSoC5\VDAC3_PM.c -o .\CortexM3\ARM_GCC_493\Debug\VDAC3_PM.o
arm-none-eabi-gcc.exe -mcpu=cortex-m3 -mthumb -Wno-main -I. -IGenerated_Source\PSoC5 -Wa,-alh=.\CortexM3\ARM_GCC_493\Debug/VDAC2.lst -g -D DEBUG -Wall -ffunction-sections -Og -ffat-lto-objects -c .\Generated_Source\PSoC5\VDAC2.c -o .\CortexM3\ARM_GCC_493\Debug\VDAC2.o
arm-none-eabi-gcc.exe -mcpu=cortex-m3 -mthumb -Wno-main -I. -IGenerated_Source\PSoC5 -Wa,-alh=.\CortexM3\ARM_GCC_493\Debug/VDAC2_PM.lst -g -D DEBUG -Wall -ffunction-sections -Og -ffat-lto-objects -c .\Generated_Source\PSoC5\VDAC2_PM.c -o .\CortexM3\ARM_GCC_493\Debug\VDAC2_PM.o
arm-none-eabi-gcc.exe -mcpu=cortex-m3 -mthumb -Wno-main -I. -IGenerated_Source\PSoC5 -Wa,-alh=.\CortexM3\ARM_GCC_493\Debug/VDAC1.lst -g -D DEBUG -Wall -ffunction-sections -Og -ffat-lto-objects -c .\Generated_Source\PSoC5\VDAC1.c -o .\CortexM3\ARM_GCC_493\Debug\VDAC1.o
arm-none-eabi-gcc.exe -mcpu=cortex-m3 -mthumb -Wno-main -I. -IGenerated_Source\PSoC5 -Wa,-alh=.\CortexM3\ARM_GCC_493\Debug/VDAC1_PM.lst -g -D DEBUG -Wall -ffunction-sections -Og -ffat-lto-objects -c .\Generated_Source\PSoC5\VDAC1_PM.c -o .\CortexM3\ARM_GCC_493\Debug\VDAC1_PM.o
arm-none-eabi-gcc.exe -mcpu=cortex-m3 -mthumb -Wno-main -I. -IGenerated_Source\PSoC5 -Wa,-alh=.\CortexM3\ARM_GCC_493\Debug/PWM2.lst -g -D DEBUG -Wall -ffunction-sections -Og -ffat-lto-objects -c .\Generated_Source\PSoC5\PWM2.c -o .\CortexM3\ARM_GCC_493\Debug\PWM2.o
arm-none-eabi-gcc.exe -mcpu=cortex-m3 -mthumb -Wno-main -I. -IGenerated_Source\PSoC5 -Wa,-alh=.\CortexM3\ARM_GCC_493\Debug/PWM2_PM.lst -g -D DEBUG -Wall -ffunction-sections -Og -ffat-lto-objects -c .\Generated_Source\PSoC5\PWM2_PM.c -o .\CortexM3\ARM_GCC_493\Debug\PWM2_PM.o
arm-none-eabi-gcc.exe -mcpu=cortex-m3 -mthumb -Wno-main -I. -IGenerated_Source\PSoC5 -Wa,-alh=.\CortexM3\ARM_GCC_493\Debug/PWM1.lst -g -D DEBUG -Wall -ffunction-sections -Og -ffat-lto-objects -c .\Generated_Source\PSoC5\PWM1.c -o .\CortexM3\ARM_GCC_493\Debug\PWM1.o
arm-none-eabi-gcc.exe -mcpu=cortex-m3 -mthumb -Wno-main -I. -IGenerated_Source\PSoC5 -Wa,-alh=.\CortexM3\ARM_GCC_493\Debug/PWM1_PM.lst -g -D DEBUG -Wall -ffunction-sections -Og -ffat-lto-objects -c .\Generated_Source\PSoC5\PWM1_PM.c -o .\CortexM3\ARM_GCC_493\Debug\PWM1_PM.o
arm-none-eabi-gcc.exe -mcpu=cortex-m3 -mthumb -Wno-main -I. -IGenerated_Source\PSoC5 -Wa,-alh=.\CortexM3\ARM_GCC_493\Debug/FILTER2RAM1_dma.lst -g -D DEBUG -Wall -ffunction-sections -Og -ffat-lto-objects -c .\Generated_Source\PSoC5\FILTER2RAM1_dma.c -o .\CortexM3\ARM_GCC_493\Debug\FILTER2RAM1_dma.o
arm-none-eabi-gcc.exe -mcpu=cortex-m3 -mthumb -Wno-main -I. -IGenerated_Source\PSoC5 -Wa,-alh=.\CortexM3\ARM_GCC_493\Debug/FILTER2RAM2_dma.lst -g -D DEBUG -Wall -ffunction-sections -Og -ffat-lto-objects -c .\Generated_Source\PSoC5\FILTER2RAM2_dma.c -o .\CortexM3\ARM_GCC_493\Debug\FILTER2RAM2_dma.o
arm-none-eabi-gcc.exe -mcpu=cortex-m3 -mthumb -Wno-main -I. -IGenerated_Source\PSoC5 -Wa,-alh=.\CortexM3\ARM_GCC_493\Debug/DelSig.lst -g -D DEBUG -Wall -ffunction-sections -Og -ffat-lto-objects -c .\Generated_Source\PSoC5\DelSig.c -o .\CortexM3\ARM_GCC_493\Debug\DelSig.o
arm-none-eabi-gcc.exe -mcpu=cortex-m3 -mthumb -Wno-main -I. -IGenerated_Source\PSoC5 -Wa,-alh=.\CortexM3\ARM_GCC_493\Debug/DelSig_PM.lst -g -D DEBUG -Wall -ffunction-sections -Og -ffat-lto-objects -c .\Generated_Source\PSoC5\DelSig_PM.c -o .\CortexM3\ARM_GCC_493\Debug\DelSig_PM.o
arm-none-eabi-gcc.exe -mcpu=cortex-m3 -mthumb -Wno-main -I. -IGenerated_Source\PSoC5 -Wa,-alh=.\CortexM3\ARM_GCC_493\Debug/DelSig_INT.lst -g -D DEBUG -Wall -ffunction-sections -Og -ffat-lto-objects -c .\Generated_Source\PSoC5\DelSig_INT.c -o .\CortexM3\ARM_GCC_493\Debug\DelSig_INT.o
arm-none-eabi-gcc.exe -mcpu=cortex-m3 -mthumb -Wno-main -I. -IGenerated_Source\PSoC5 -Wa,-alh=.\CortexM3\ARM_GCC_493\Debug/SAR2FILTER1_dma.lst -g -D DEBUG -Wall -ffunction-sections -Og -ffat-lto-objects -c .\Generated_Source\PSoC5\SAR2FILTER1_dma.c -o .\CortexM3\ARM_GCC_493\Debug\SAR2FILTER1_dma.o
arm-none-eabi-gcc.exe -mcpu=cortex-m3 -mthumb -Wno-main -I. -IGenerated_Source\PSoC5 -Wa,-alh=.\CortexM3\ARM_GCC_493\Debug/SAR2.lst -g -D DEBUG -Wall -ffunction-sections -Og -ffat-lto-objects -c .\Generated_Source\PSoC5\SAR2.c -o .\CortexM3\ARM_GCC_493\Debug\SAR2.o
arm-none-eabi-gcc.exe -mcpu=cortex-m3 -mthumb -Wno-main -I. -IGenerated_Source\PSoC5 -Wa,-alh=.\CortexM3\ARM_GCC_493\Debug/SAR2_INT.lst -g -D DEBUG -Wall -ffunction-sections -Og -ffat-lto-objects -c .\Generated_Source\PSoC5\SAR2_INT.c -o .\CortexM3\ARM_GCC_493\Debug\SAR2_INT.o
arm-none-eabi-gcc.exe -mcpu=cortex-m3 -mthumb -Wno-main -I. -IGenerated_Source\PSoC5 -Wa,-alh=.\CortexM3\ARM_GCC_493\Debug/SAR2_PM.lst -g -D DEBUG -Wall -ffunction-sections -Og -ffat-lto-objects -c .\Generated_Source\PSoC5\SAR2_PM.c -o .\CortexM3\ARM_GCC_493\Debug\SAR2_PM.o
arm-none-eabi-gcc.exe -mcpu=cortex-m3 -mthumb -Wno-main -I. -IGenerated_Source\PSoC5 -Wa,-alh=.\CortexM3\ARM_GCC_493\Debug/SAR1.lst -g -D DEBUG -Wall -ffunction-sections -Og -ffat-lto-objects -c .\Generated_Source\PSoC5\SAR1.c -o .\CortexM3\ARM_GCC_493\Debug\SAR1.o
arm-none-eabi-gcc.exe -mcpu=cortex-m3 -mthumb -Wno-main -I. -IGenerated_Source\PSoC5 -Wa,-alh=.\CortexM3\ARM_GCC_493\Debug/SAR1_INT.lst -g -D DEBUG -Wall -ffunction-sections -Og -ffat-lto-objects -c .\Generated_Source\PSoC5\SAR1_INT.c -o .\CortexM3\ARM_GCC_493\Debug\SAR1_INT.o
arm-none-eabi-gcc.exe -mcpu=cortex-m3 -mthumb -Wno-main -I. -IGenerated_Source\PSoC5 -Wa,-alh=.\CortexM3\ARM_GCC_493\Debug/SAR1_PM.lst -g -D DEBUG -Wall -ffunction-sections -Og -ffat-lto-objects -c .\Generated_Source\PSoC5\SAR1_PM.c -o .\CortexM3\ARM_GCC_493\Debug\SAR1_PM.o
arm-none-eabi-gcc.exe -mcpu=cortex-m3 -mthumb -Wno-main -I. -IGenerated_Source\PSoC5 -Wa,-alh=.\CortexM3\ARM_GCC_493\Debug/SAR2FILTER2_dma.lst -g -D DEBUG -Wall -ffunction-sections -Og -ffat-lto-objects -c .\Generated_Source\PSoC5\SAR2FILTER2_dma.c -o .\CortexM3\ARM_GCC_493\Debug\SAR2FILTER2_dma.o
arm-none-eabi-gcc.exe -mcpu=cortex-m3 -mthumb -Wno-main -I. -IGenerated_Source\PSoC5 -Wa,-alh=.\CortexM3\ARM_GCC_493\Debug/DelSig_Ext_CP_Clk.lst -g -D DEBUG -Wall -ffunction-sections -Og -ffat-lto-objects -c .\Generated_Source\PSoC5\DelSig_Ext_CP_Clk.c -o .\CortexM3\ARM_GCC_493\Debug\DelSig_Ext_CP_Clk.o
arm-none-eabi-gcc.exe -mcpu=cortex-m3 -mthumb -Wno-main -I. -IGenerated_Source\PSoC5 -Wa,-alh=.\CortexM3\ARM_GCC_493\Debug/DelSig_Bypass_P03.lst -g -D DEBUG -Wall -ffunction-sections -Og -ffat-lto-objects -c .\Generated_Source\PSoC5\DelSig_Bypass_P03.c -o .\CortexM3\ARM_GCC_493\Debug\DelSig_Bypass_P03.o
arm-none-eabi-gcc.exe -mcpu=cortex-m3 -mthumb -Wno-main -I. -IGenerated_Source\PSoC5 -Wa,-alh=.\CortexM3\ARM_GCC_493\Debug/DelSig_IRQ.lst -g -D DEBUG -Wall -ffunction-sections -Og -ffat-lto-objects -c .\Generated_Source\PSoC5\DelSig_IRQ.c -o .\CortexM3\ARM_GCC_493\Debug\DelSig_IRQ.o
arm-none-eabi-gcc.exe -mcpu=cortex-m3 -mthumb -Wno-main -I. -IGenerated_Source\PSoC5 -Wa,-alh=.\CortexM3\ARM_GCC_493\Debug/DelSig_theACLK.lst -g -D DEBUG -Wall -ffunction-sections -Og -ffat-lto-objects -c .\Generated_Source\PSoC5\DelSig_theACLK.c -o .\CortexM3\ARM_GCC_493\Debug\DelSig_theACLK.o
arm-none-eabi-gcc.exe -mcpu=cortex-m3 -mthumb -Wno-main -I. -IGenerated_Source\PSoC5 -Wa,-alh=.\CortexM3\ARM_GCC_493\Debug/SAR2_IRQ.lst -g -D DEBUG -Wall -ffunction-sections -Og -ffat-lto-objects -c .\Generated_Source\PSoC5\SAR2_IRQ.c -o .\CortexM3\ARM_GCC_493\Debug\SAR2_IRQ.o
arm-none-eabi-gcc.exe -mcpu=cortex-m3 -mthumb -Wno-main -I. -IGenerated_Source\PSoC5 -Wa,-alh=.\CortexM3\ARM_GCC_493\Debug/SAR2_theACLK.lst -g -D DEBUG -Wall -ffunction-sections -Og -ffat-lto-objects -c .\Generated_Source\PSoC5\SAR2_theACLK.c -o .\CortexM3\ARM_GCC_493\Debug\SAR2_theACLK.o
arm-none-eabi-gcc.exe -mcpu=cortex-m3 -mthumb -Wno-main -I. -IGenerated_Source\PSoC5 -Wa,-alh=.\CortexM3\ARM_GCC_493\Debug/SAR2_Bypass.lst -g -D DEBUG -Wall -ffunction-sections -Og -ffat-lto-objects -c .\Generated_Source\PSoC5\SAR2_Bypass.c -o .\CortexM3\ARM_GCC_493\Debug\SAR2_Bypass.o
arm-none-eabi-gcc.exe -mcpu=cortex-m3 -mthumb -Wno-main -I. -IGenerated_Source\PSoC5 -Wa,-alh=.\CortexM3\ARM_GCC_493\Debug/SAR1_IRQ.lst -g -D DEBUG -Wall -ffunction-sections -Og -ffat-lto-objects -c .\Generated_Source\PSoC5\SAR1_IRQ.c -o .\CortexM3\ARM_GCC_493\Debug\SAR1_IRQ.o
arm-none-eabi-gcc.exe -mcpu=cortex-m3 -mthumb -Wno-main -I. -IGenerated_Source\PSoC5 -Wa,-alh=.\CortexM3\ARM_GCC_493\Debug/SAR1_theACLK.lst -g -D DEBUG -Wall -ffunction-sections -Og -ffat-lto-objects -c .\Generated_Source\PSoC5\SAR1_theACLK.c -o .\CortexM3\ARM_GCC_493\Debug\SAR1_theACLK.o
arm-none-eabi-gcc.exe -mcpu=cortex-m3 -mthumb -Wno-main -I. -IGenerated_Source\PSoC5 -Wa,-alh=.\CortexM3\ARM_GCC_493\Debug/SAR1_Bypass.lst -g -D DEBUG -Wall -ffunction-sections -Og -ffat-lto-objects -c .\Generated_Source\PSoC5\SAR1_Bypass.c -o .\CortexM3\ARM_GCC_493\Debug\SAR1_Bypass.o
arm-none-eabi-gcc.exe -mcpu=cortex-m3 -mthumb -Wno-main -I. -IGenerated_Source\PSoC5 -Wa,-alh=.\CortexM3\ARM_GCC_493\Debug/isr_shift_sar1.lst -g -D DEBUG -Wall -ffunction-sections -Og -ffat-lto-objects -c .\Generated_Source\PSoC5\isr_shift_sar1.c -o .\CortexM3\ARM_GCC_493\Debug\isr_shift_sar1.o
arm-none-eabi-gcc.exe -mcpu=cortex-m3 -mthumb -Wno-main -I. -IGenerated_Source\PSoC5 -Wa,-alh=.\CortexM3\ARM_GCC_493\Debug/isr_shift_sar2.lst -g -D DEBUG -Wall -ffunction-sections -Og -ffat-lto-objects -c .\Generated_Source\PSoC5\isr_shift_sar2.c -o .\CortexM3\ARM_GCC_493\Debug\isr_shift_sar2.o
arm-none-eabi-gcc.exe -mcpu=cortex-m3 -mthumb -Wno-main -I. -IGenerated_Source\PSoC5 -Wa,-alh=.\CortexM3\ARM_GCC_493\Debug/SAR2RAM1_dma.lst -g -D DEBUG -Wall -ffunction-sections -Og -ffat-lto-objects -c .\Generated_Source\PSoC5\SAR2RAM1_dma.c -o .\CortexM3\ARM_GCC_493\Debug\SAR2RAM1_dma.o
arm-none-eabi-gcc.exe -mcpu=cortex-m3 -mthumb -Wno-main -I. -IGenerated_Source\PSoC5 -Wa,-alh=.\CortexM3\ARM_GCC_493\Debug/RAM2FILTER2_dma.lst -g -D DEBUG -Wall -ffunction-sections -Og -ffat-lto-objects -c .\Generated_Source\PSoC5\RAM2FILTER2_dma.c -o .\CortexM3\ARM_GCC_493\Debug\RAM2FILTER2_dma.o
arm-none-eabi-gcc.exe -mcpu=cortex-m3 -mthumb -Wno-main -I. -IGenerated_Source\PSoC5 -Wa,-alh=.\CortexM3\ARM_GCC_493\Debug/RAM2FILTER1_dma.lst -g -D DEBUG -Wall -ffunction-sections -Og -ffat-lto-objects -c .\Generated_Source\PSoC5\RAM2FILTER1_dma.c -o .\CortexM3\ARM_GCC_493\Debug\RAM2FILTER1_dma.o
arm-none-eabi-gcc.exe -mcpu=cortex-m3 -mthumb -Wno-main -I. -IGenerated_Source\PSoC5 -Wa,-alh=.\CortexM3\ARM_GCC_493\Debug/SAR2RAM2_dma.lst -g -D DEBUG -Wall -ffunction-sections -Og -ffat-lto-objects -c .\Generated_Source\PSoC5\SAR2RAM2_dma.c -o .\CortexM3\ARM_GCC_493\Debug\SAR2RAM2_dma.o
arm-none-eabi-gcc.exe -mcpu=cortex-m3 -mthumb -Wno-main -I. -IGenerated_Source\PSoC5 -Wa,-alh=.\CortexM3\ARM_GCC_493\Debug/I2C_Pins.lst -g -D DEBUG -Wall -ffunction-sections -Og -ffat-lto-objects -c .\Generated_Source\PSoC5\I2C_Pins.c -o .\CortexM3\ARM_GCC_493\Debug\I2C_Pins.o
arm-none-eabi-gcc.exe -mcpu=cortex-m3 -mthumb -Wno-main -I. -IGenerated_Source\PSoC5 -Wa,-alh=.\CortexM3\ARM_GCC_493\Debug/Pin_test1.lst -g -D DEBUG -Wall -ffunction-sections -Og -ffat-lto-objects -c .\Generated_Source\PSoC5\Pin_test1.c -o .\CortexM3\ARM_GCC_493\Debug\Pin_test1.o
arm-none-eabi-gcc.exe -mcpu=cortex-m3 -mthumb -Wno-main -I. -IGenerated_Source\PSoC5 -Wa,-alh=.\CortexM3\ARM_GCC_493\Debug/isr_filter_ready1.lst -g -D DEBUG -Wall -ffunction-sections -Og -ffat-lto-objects -c .\Generated_Source\PSoC5\isr_filter_ready1.c -o .\CortexM3\ARM_GCC_493\Debug\isr_filter_ready1.o
arm-none-eabi-gcc.exe -mcpu=cortex-m3 -mthumb -Wno-main -I. -IGenerated_Source\PSoC5 -Wa,-alh=.\CortexM3\ARM_GCC_493\Debug/isr_filter_ready2.lst -g -D DEBUG -Wall -ffunction-sections -Og -ffat-lto-objects -c .\Generated_Source\PSoC5\isr_filter_ready2.c -o .\CortexM3\ARM_GCC_493\Debug\isr_filter_ready2.o
arm-none-eabi-gcc.exe -mcpu=cortex-m3 -mthumb -Wno-main -I. -IGenerated_Source\PSoC5 -Wa,-alh=.\CortexM3\ARM_GCC_493\Debug/USB.lst -g -D DEBUG -Wall -ffunction-sections -Og -ffat-lto-objects -c .\Generated_Source\PSoC5\USB.c -o .\CortexM3\ARM_GCC_493\Debug\USB.o
arm-none-eabi-gcc.exe -mcpu=cortex-m3 -mthumb -Wno-main -I. -IGenerated_Source\PSoC5 -Wa,-alh=.\CortexM3\ARM_GCC_493\Debug/USB_audio.lst -g -D DEBUG -Wall -ffunction-sections -Og -ffat-lto-objects -c .\Generated_Source\PSoC5\USB_audio.c -o .\CortexM3\ARM_GCC_493\Debug\USB_audio.o
arm-none-eabi-gcc.exe -mcpu=cortex-m3 -mthumb -Wno-main -I. -IGenerated_Source\PSoC5 -Wa,-alh=.\CortexM3\ARM_GCC_493\Debug/USB_boot.lst -g -D DEBUG -Wall -ffunction-sections -Og -ffat-lto-objects -c .\Generated_Source\PSoC5\USB_boot.c -o .\CortexM3\ARM_GCC_493\Debug\USB_boot.o
arm-none-eabi-gcc.exe -mcpu=cortex-m3 -mthumb -Wno-main -I. -IGenerated_Source\PSoC5 -Wa,-alh=.\CortexM3\ARM_GCC_493\Debug/USB_cdc.lst -g -D DEBUG -Wall -ffunction-sections -Og -ffat-lto-objects -c .\Generated_Source\PSoC5\USB_cdc.c -o .\CortexM3\ARM_GCC_493\Debug\USB_cdc.o
arm-none-eabi-gcc.exe -mcpu=cortex-m3 -mthumb -Wno-main -I. -IGenerated_Source\PSoC5 -Wa,-alh=.\CortexM3\ARM_GCC_493\Debug/USB_cls.lst -g -D DEBUG -Wall -ffunction-sections -Og -ffat-lto-objects -c .\Generated_Source\PSoC5\USB_cls.c -o .\CortexM3\ARM_GCC_493\Debug\USB_cls.o
arm-none-eabi-gcc.exe -mcpu=cortex-m3 -mthumb -Wno-main -I. -IGenerated_Source\PSoC5 -Wa,-alh=.\CortexM3\ARM_GCC_493\Debug/USB_descr.lst -g -D DEBUG -Wall -ffunction-sections -Og -ffat-lto-objects -c .\Generated_Source\PSoC5\USB_descr.c -o .\CortexM3\ARM_GCC_493\Debug\USB_descr.o
arm-none-eabi-gcc.exe -mcpu=cortex-m3 -mthumb -Wno-main -I. -IGenerated_Source\PSoC5 -Wa,-alh=.\CortexM3\ARM_GCC_493\Debug/USB_drv.lst -g -D DEBUG -Wall -ffunction-sections -Og -ffat-lto-objects -c .\Generated_Source\PSoC5\USB_drv.c -o .\CortexM3\ARM_GCC_493\Debug\USB_drv.o
arm-none-eabi-gcc.exe -mcpu=cortex-m3 -mthumb -Wno-main -I. -IGenerated_Source\PSoC5 -Wa,-alh=.\CortexM3\ARM_GCC_493\Debug/USB_episr.lst -g -D DEBUG -Wall -ffunction-sections -Og -ffat-lto-objects -c .\Generated_Source\PSoC5\USB_episr.c -o .\CortexM3\ARM_GCC_493\Debug\USB_episr.o
arm-none-eabi-gcc.exe -mcpu=cortex-m3 -mthumb -Wno-main -I. -IGenerated_Source\PSoC5 -Wa,-alh=.\CortexM3\ARM_GCC_493\Debug/USB_hid.lst -g -D DEBUG -Wall -ffunction-sections -Og -ffat-lto-objects -c .\Generated_Source\PSoC5\USB_hid.c -o .\CortexM3\ARM_GCC_493\Debug\USB_hid.o
arm-none-eabi-gcc.exe -mcpu=cortex-m3 -mthumb -Wno-main -I. -IGenerated_Source\PSoC5 -Wa,-alh=.\CortexM3\ARM_GCC_493\Debug/USB_pm.lst -g -D DEBUG -Wall -ffunction-sections -Og -ffat-lto-objects -c .\Generated_Source\PSoC5\USB_pm.c -o .\CortexM3\ARM_GCC_493\Debug\USB_pm.o
arm-none-eabi-gcc.exe -mcpu=cortex-m3 -mthumb -Wno-main -I. -IGenerated_Source\PSoC5 -Wa,-alh=.\CortexM3\ARM_GCC_493\Debug/USB_std.lst -g -D DEBUG -Wall -ffunction-sections -Og -ffat-lto-objects -c .\Generated_Source\PSoC5\USB_std.c -o .\CortexM3\ARM_GCC_493\Debug\USB_std.o
arm-none-eabi-gcc.exe -mcpu=cortex-m3 -mthumb -Wno-main -I. -IGenerated_Source\PSoC5 -Wa,-alh=.\CortexM3\ARM_GCC_493\Debug/USB_vnd.lst -g -D DEBUG -Wall -ffunction-sections -Og -ffat-lto-objects -c .\Generated_Source\PSoC5\USB_vnd.c -o .\CortexM3\ARM_GCC_493\Debug\USB_vnd.o
arm-none-eabi-gcc.exe -mcpu=cortex-m3 -mthumb -Wno-main -I. -IGenerated_Source\PSoC5 -Wa,-alh=.\CortexM3\ARM_GCC_493\Debug/USB_midi.lst -g -D DEBUG -Wall -ffunction-sections -Og -ffat-lto-objects -c .\Generated_Source\PSoC5\USB_midi.c -o .\CortexM3\ARM_GCC_493\Debug\USB_midi.o
arm-none-eabi-gcc.exe -mcpu=cortex-m3 -mthumb -Wno-main -I. -IGenerated_Source\PSoC5 -Wa,-alh=.\CortexM3\ARM_GCC_493\Debug/USB_msc.lst -g -D DEBUG -Wall -ffunction-sections -Og -ffat-lto-objects -c .\Generated_Source\PSoC5\USB_msc.c -o .\CortexM3\ARM_GCC_493\Debug\USB_msc.o
arm-none-eabi-gcc.exe -mcpu=cortex-m3 -mthumb -Wno-main -I. -IGenerated_Source\PSoC5 -Wa,-alh=.\CortexM3\ARM_GCC_493\Debug/USB_Dm.lst -g -D DEBUG -Wall -ffunction-sections -Og -ffat-lto-objects -c .\Generated_Source\PSoC5\USB_Dm.c -o .\CortexM3\ARM_GCC_493\Debug\USB_Dm.o
arm-none-eabi-gcc.exe -mcpu=cortex-m3 -mthumb -Wno-main -I. -IGenerated_Source\PSoC5 -Wa,-alh=.\CortexM3\ARM_GCC_493\Debug/USB_Dp.lst -g -D DEBUG -Wall -ffunction-sections -Og -ffat-lto-objects -c .\Generated_Source\PSoC5\USB_Dp.c -o .\CortexM3\ARM_GCC_493\Debug\USB_Dp.o
arm-none-eabi-gcc.exe -mcpu=cortex-m3 -mthumb -Wno-main -I. -IGenerated_Source\PSoC5 -Wa,-alh=.\CortexM3\ARM_GCC_493\Debug/isr_spi_rx.lst -g -D DEBUG -Wall -ffunction-sections -Og -ffat-lto-objects -c .\Generated_Source\PSoC5\isr_spi_rx.c -o .\CortexM3\ARM_GCC_493\Debug\isr_spi_rx.o
arm-none-eabi-ar.exe -rs ".\CortexM3\ARM_GCC_493\Debug\Voltron Main.a" .\CortexM3\ARM_GCC_493\Debug\cyfitter_cfg.o .\CortexM3\ARM_GCC_493\Debug\Opamp_1.o .\CortexM3\ARM_GCC_493\Debug\Opamp_1_PM.o .\CortexM3\ARM_GCC_493\Debug\Opamp_2.o .\CortexM3\ARM_GCC_493\Debug\Opamp_2_PM.o .\CortexM3\ARM_GCC_493\Debug\CyBootAsmGnu.o .\CortexM3\ARM_GCC_493\Debug\CyDmac.o .\CortexM3\ARM_GCC_493\Debug\CyFlash.o .\CortexM3\ARM_GCC_493\Debug\CyLib.o .\CortexM3\ARM_GCC_493\Debug\cyPm.o .\CortexM3\ARM_GCC_493\Debug\CySpc.o .\CortexM3\ARM_GCC_493\Debug\cyutils.o .\CortexM3\ARM_GCC_493\Debug\Pin_TIA1.o .\CortexM3\ARM_GCC_493\Debug\Pin_TIA2.o .\CortexM3\ARM_GCC_493\Debug\Pin_TIA3.o .\CortexM3\ARM_GCC_493\Debug\Pin_TIA4.o .\CortexM3\ARM_GCC_493\Debug\Opamp_3.o .\CortexM3\ARM_GCC_493\Debug\Opamp_3_PM.o .\CortexM3\ARM_GCC_493\Debug\Opamp_4.o .\CortexM3\ARM_GCC_493\Debug\Opamp_4_PM.o .\CortexM3\ARM_GCC_493\Debug\Filter.o .\CortexM3\ARM_GCC_493\Debug\Filter_PM.o .\CortexM3\ARM_GCC_493\Debug\Filter_PVT.o .\CortexM3\ARM_GCC_493\Debug\Filter_RAM_Data.o .\CortexM3\ARM_GCC_493\Debug\Filter_Coefficients.o .\CortexM3\ARM_GCC_493\Debug\AMux_DelSig.o .\CortexM3\ARM_GCC_493\Debug\PGA_Inv_2.o .\CortexM3\ARM_GCC_493\Debug\PGA_Inv_2_PM.o .\CortexM3\ARM_GCC_493\Debug\PGA_Inv_1.o .\CortexM3\ARM_GCC_493\Debug\PGA_Inv_1_PM.o .\CortexM3\ARM_GCC_493\Debug\Pin_DAC1.o .\CortexM3\ARM_GCC_493\Debug\Pin_DAC2.o .\CortexM3\ARM_GCC_493\Debug\Pin_DAC3.o .\CortexM3\ARM_GCC_493\Debug\Pin_DAC4.o .\CortexM3\ARM_GCC_493\Debug\Pin_LED_PWMB.o .\CortexM3\ARM_GCC_493\Debug\Pin_LED_PWMA.o .\CortexM3\ARM_GCC_493\Debug\Pin_TIA1P5.o .\CortexM3\ARM_GCC_493\Debug\Pin_TIA3P5.o .\CortexM3\ARM_GCC_493\Debug\Pin_VDDAdiv2.o .\CortexM3\ARM_GCC_493\Debug\Pin_LED_AMPA.o .\CortexM3\ARM_GCC_493\Debug\Pin_LED_AMPB.o .\CortexM3\ARM_GCC_493\Debug\I2C.o .\CortexM3\ARM_GCC_493\Debug\I2C_PM.o .\CortexM3\ARM_GCC_493\Debug\I2C_INT.o .\CortexM3\ARM_GCC_493\Debug\SPIS.o .\CortexM3\ARM_GCC_493\Debug\SPIS_PM.o .\CortexM3\ARM_GCC_493\Debug\SPIS_INT.o .\CortexM3\ARM_GCC_493\Debug\SPIS_BOOT.o .\CortexM3\ARM_GCC_493\Debug\SPIS_IntClock.o .\CortexM3\ARM_GCC_493\Debug\SPI_MOSI.o .\CortexM3\ARM_GCC_493\Debug\SPI_MISO.o .\CortexM3\ARM_GCC_493\Debug\SPI_SCLK.o .\CortexM3\ARM_GCC_493\Debug\SPI_SS.o .\CortexM3\ARM_GCC_493\Debug\Pin_DACREF.o .\CortexM3\ARM_GCC_493\Debug\VDAC4.o .\CortexM3\ARM_GCC_493\Debug\VDAC4_PM.o .\CortexM3\ARM_GCC_493\Debug\VDAC3.o .\CortexM3\ARM_GCC_493\Debug\VDAC3_PM.o .\CortexM3\ARM_GCC_493\Debug\VDAC2.o .\CortexM3\ARM_GCC_493\Debug\VDAC2_PM.o .\CortexM3\ARM_GCC_493\Debug\VDAC1.o .\CortexM3\ARM_GCC_493\Debug\VDAC1_PM.o .\CortexM3\ARM_GCC_493\Debug\PWM2.o .\CortexM3\ARM_GCC_493\Debug\PWM2_PM.o .\CortexM3\ARM_GCC_493\Debug\PWM1.o .\CortexM3\ARM_GCC_493\Debug\PWM1_PM.o .\CortexM3\ARM_GCC_493\Debug\FILTER2RAM1_dma.o .\CortexM3\ARM_GCC_493\Debug\FILTER2RAM2_dma.o .\CortexM3\ARM_GCC_493\Debug\DelSig.o .\CortexM3\ARM_GCC_493\Debug\DelSig_PM.o .\CortexM3\ARM_GCC_493\Debug\DelSig_INT.o .\CortexM3\ARM_GCC_493\Debug\SAR2FILTER1_dma.o .\CortexM3\ARM_GCC_493\Debug\SAR2.o .\CortexM3\ARM_GCC_493\Debug\SAR2_INT.o .\CortexM3\ARM_GCC_493\Debug\SAR2_PM.o .\CortexM3\ARM_GCC_493\Debug\SAR1.o .\CortexM3\ARM_GCC_493\Debug\SAR1_INT.o .\CortexM3\ARM_GCC_493\Debug\SAR1_PM.o .\CortexM3\ARM_GCC_493\Debug\SAR2FILTER2_dma.o .\CortexM3\ARM_GCC_493\Debug\DelSig_Ext_CP_Clk.o .\CortexM3\ARM_GCC_493\Debug\DelSig_Bypass_P03.o .\CortexM3\ARM_GCC_493\Debug\DelSig_IRQ.o .\CortexM3\ARM_GCC_493\Debug\DelSig_theACLK.o .\CortexM3\ARM_GCC_493\Debug\SAR2_IRQ.o .\CortexM3\ARM_GCC_493\Debug\SAR2_theACLK.o .\CortexM3\ARM_GCC_493\Debug\SAR2_Bypass.o .\CortexM3\ARM_GCC_493\Debug\SAR1_IRQ.o .\CortexM3\ARM_GCC_493\Debug\SAR1_theACLK.o .\CortexM3\ARM_GCC_493\Debug\SAR1_Bypass.o .\CortexM3\ARM_GCC_493\Debug\isr_shift_sar1.o .\CortexM3\ARM_GCC_493\Debug\isr_shift_sar2.o .\CortexM3\ARM_GCC_493\Debug\SAR2RAM1_dma.o .\CortexM3\ARM_GCC_493\Debug\RAM2FILTER2_dma.o .\CortexM3\ARM_GCC_493\Debug\RAM2FILTER1_dma.o .\CortexM3\ARM_GCC_493\Debug\SAR2RAM2_dma.o .\CortexM3\ARM_GCC_493\Debug\I2C_Pins.o .\CortexM3\ARM_GCC_493\Debug\Pin_test1.o .\CortexM3\ARM_GCC_493\Debug\isr_filter_ready1.o .\CortexM3\ARM_GCC_493\Debug\isr_filter_ready2.o .\CortexM3\ARM_GCC_493\Debug\USB.o .\CortexM3\ARM_GCC_493\Debug\USB_audio.o .\CortexM3\ARM_GCC_493\Debug\USB_boot.o .\CortexM3\ARM_GCC_493\Debug\USB_cdc.o .\CortexM3\ARM_GCC_493\Debug\USB_cls.o .\CortexM3\ARM_GCC_493\Debug\USB_descr.o .\CortexM3\ARM_GCC_493\Debug\USB_drv.o .\CortexM3\ARM_GCC_493\Debug\USB_episr.o .\CortexM3\ARM_GCC_493\Debug\USB_hid.o .\CortexM3\ARM_GCC_493\Debug\USB_pm.o .\CortexM3\ARM_GCC_493\Debug\USB_std.o .\CortexM3\ARM_GCC_493\Debug\USB_vnd.o .\CortexM3\ARM_GCC_493\Debug\USB_midi.o .\CortexM3\ARM_GCC_493\Debug\USB_msc.o .\CortexM3\ARM_GCC_493\Debug\USB_Dm.o .\CortexM3\ARM_GCC_493\Debug\USB_Dp.o .\CortexM3\ARM_GCC_493\Debug\isr_spi_rx.o
arm-none-eabi-ar.exe: creating .\CortexM3\ARM_GCC_493\Debug\Voltron Main.a
arm-none-eabi-gcc.exe -Wl,--start-group -o ".\CortexM3\ARM_GCC_493\Debug\Voltron Main.elf" .\CortexM3\ARM_GCC_493\Debug\main.o .\CortexM3\ARM_GCC_493\Debug\cymetadata.o .\CortexM3\ARM_GCC_493\Debug\Cm3Start.o ".\CortexM3\ARM_GCC_493\Debug\Voltron Main.a" "C:\Program Files (x86)\Cypress\PSoC Creator\3.3\PSoC Creator\psoc\content\cycomponentlibrary\CyComponentLibrary.cylib\CortexM3\ARM_GCC_493\Debug\CyComponentLibrary.a" -mcpu=cortex-m3 -mthumb -g -ffunction-sections -Og -ffat-lto-objects -L Generated_Source\PSoC5 "-Wl,-Map,.\CortexM3\ARM_GCC_493\Debug/Voltron Main.map" -T Generated_Source\PSoC5\cm3gcc.ld -specs=nano.specs -Wl,--gc-sections -Wl,--end-group
cyelftool.exe -C "C:\Users\cruiser\Documents\PSoC Creator\Voltron\Voltron Main.cydsn\CortexM3\ARM_GCC_493\Debug\Voltron Main.elf" --flash_row_size 256 --flash_size 262144
cyelftool.exe -S "C:\Users\cruiser\Documents\PSoC Creator\Voltron\Voltron Main.cydsn\CortexM3\ARM_GCC_493\Debug\Voltron Main.elf"
Flash used: 8448 of 262144 bytes (3.2 %).
SRAM used: 2773 of 65536 bytes (4.2 %). Stack: 2048 bytes. Heap: 128 bytes.
--------------- Build Succeeded: 09/09/2016 23:01:02 ---------------
