ARM GAS  C:\Users\cruiser\AppData\Local\Temp\ccMp22A7.s 			page 1


   1              		.syntax unified
   2              		.cpu cortex-m3
   3              		.fpu softvfp
   4              		.eabi_attribute 20, 1
   5              		.eabi_attribute 21, 1
   6              		.eabi_attribute 23, 3
   7              		.eabi_attribute 24, 1
   8              		.eabi_attribute 25, 1
   9              		.eabi_attribute 26, 1
  10              		.eabi_attribute 30, 1
  11              		.eabi_attribute 34, 1
  12              		.eabi_attribute 18, 4
  13              		.thumb
  14              		.file	"cymetadata.c"
  15              		.text
  16              	.Ltext0:
  17              		.cfi_sections	.debug_frame
  18              		.global	cy_metadata
  19              		.global	cy_meta_flashprotect
  20              		.global	cy_meta_wonvl
  21              		.global	cy_meta_custnvl
  22              		.global	cy_meta_configecc
  23              		.section	.cyconfigecc,"a",%progbits
  24              		.align	2
  25              		.type	cy_meta_configecc, %object
  26              		.size	cy_meta_configecc, 944
  27              	cy_meta_configecc:
  28 0000 01       		.byte	1
  29 0001 45       		.byte	69
  30 0002 00       		.byte	0
  31 0003 40       		.byte	64
  32 0004 04       		.byte	4
  33 0005 4F       		.byte	79
  34 0006 00       		.byte	0
  35 0007 40       		.byte	64
  36 0008 04       		.byte	4
  37 0009 52       		.byte	82
  38 000a 00       		.byte	0
  39 000b 40       		.byte	64
  40 000c 02       		.byte	2
  41 000d 5B       		.byte	91
  42 000e 00       		.byte	0
  43 000f 40       		.byte	64
  44 0010 03       		.byte	3
  45 0011 64       		.byte	100
  46 0012 00       		.byte	0
  47 0013 40       		.byte	64
  48 0014 03       		.byte	3
  49 0015 03       		.byte	3
  50 0016 01       		.byte	1
  51 0017 40       		.byte	64
  52 0018 02       		.byte	2
  53 0019 05       		.byte	5
  54 001a 01       		.byte	1
  55 001b 40       		.byte	64
  56 001c 02       		.byte	2
  57 001d 07       		.byte	7
ARM GAS  C:\Users\cruiser\AppData\Local\Temp\ccMp22A7.s 			page 2


  58 001e 01       		.byte	1
  59 001f 40       		.byte	64
  60 0020 01       		.byte	1
  61 0021 09       		.byte	9
  62 0022 01       		.byte	1
  63 0023 40       		.byte	64
  64 0024 13       		.byte	19
  65 0025 0A       		.byte	10
  66 0026 01       		.byte	1
  67 0027 40       		.byte	64
  68 0028 1F       		.byte	31
  69 0029 0B       		.byte	11
  70 002a 01       		.byte	1
  71 002b 40       		.byte	64
  72 002c 45       		.byte	69
  73 002d 0C       		.byte	12
  74 002e 01       		.byte	1
  75 002f 40       		.byte	64
  76 0030 36       		.byte	54
  77 0031 0D       		.byte	13
  78 0032 01       		.byte	1
  79 0033 40       		.byte	64
  80 0034 06       		.byte	6
  81 0035 0E       		.byte	14
  82 0036 01       		.byte	1
  83 0037 40       		.byte	64
  84 0038 05       		.byte	5
  85 0039 0F       		.byte	15
  86 003a 01       		.byte	1
  87 003b 40       		.byte	64
  88 003c 03       		.byte	3
  89 003d 15       		.byte	21
  90 003e 01       		.byte	1
  91 003f 40       		.byte	64
  92 0040 04       		.byte	4
  93 0041 16       		.byte	22
  94 0042 01       		.byte	1
  95 0043 40       		.byte	64
  96 0044 05       		.byte	5
  97 0045 17       		.byte	23
  98 0046 01       		.byte	1
  99 0047 40       		.byte	64
 100 0048 03       		.byte	3
 101 0049 19       		.byte	25
 102 004a 01       		.byte	1
 103 004b 40       		.byte	64
 104 004c 02       		.byte	2
 105 004d 1B       		.byte	27
 106 004e 01       		.byte	1
 107 004f 40       		.byte	64
 108 0050 0C       		.byte	12
 109 0051 40       		.byte	64
 110 0052 01       		.byte	1
 111 0053 40       		.byte	64
 112 0054 0F       		.byte	15
 113 0055 41       		.byte	65
 114 0056 01       		.byte	1
ARM GAS  C:\Users\cruiser\AppData\Local\Temp\ccMp22A7.s 			page 3


 115 0057 40       		.byte	64
 116 0058 0C       		.byte	12
 117 0059 42       		.byte	66
 118 005a 01       		.byte	1
 119 005b 40       		.byte	64
 120 005c 09       		.byte	9
 121 005d 43       		.byte	67
 122 005e 01       		.byte	1
 123 005f 40       		.byte	64
 124 0060 05       		.byte	5
 125 0061 44       		.byte	68
 126 0062 01       		.byte	1
 127 0063 40       		.byte	64
 128 0064 0C       		.byte	12
 129 0065 45       		.byte	69
 130 0066 01       		.byte	1
 131 0067 40       		.byte	64
 132 0068 0D       		.byte	13
 133 0069 46       		.byte	70
 134 006a 01       		.byte	1
 135 006b 40       		.byte	64
 136 006c 08       		.byte	8
 137 006d 47       		.byte	71
 138 006e 01       		.byte	1
 139 006f 40       		.byte	64
 140 0070 0F       		.byte	15
 141 0071 48       		.byte	72
 142 0072 01       		.byte	1
 143 0073 40       		.byte	64
 144 0074 06       		.byte	6
 145 0075 49       		.byte	73
 146 0076 01       		.byte	1
 147 0077 40       		.byte	64
 148 0078 0F       		.byte	15
 149 0079 4C       		.byte	76
 150 007a 01       		.byte	1
 151 007b 40       		.byte	64
 152 007c 06       		.byte	6
 153 007d 4D       		.byte	77
 154 007e 01       		.byte	1
 155 007f 40       		.byte	64
 156 0080 07       		.byte	7
 157 0081 50       		.byte	80
 158 0082 01       		.byte	1
 159 0083 40       		.byte	64
 160 0084 05       		.byte	5
 161 0085 51       		.byte	81
 162 0086 01       		.byte	1
 163 0087 40       		.byte	64
 164 0088 7E       		.byte	126
 165 0089 02       		.byte	2
 166 008a 01       		.byte	1
 167 008b 80       		.byte	-128
 168 008c 0A       		.byte	10
 169 008d 36       		.byte	54
 170 008e 0D       		.byte	13
 171 008f 80       		.byte	-128
ARM GAS  C:\Users\cruiser\AppData\Local\Temp\ccMp22A7.s 			page 4


 172 0090 16       		.byte	22
 173 0091 36       		.byte	54
 174 0092 11       		.byte	17
 175 0093 20       		.byte	32
 176 0094 60       		.byte	96
 177 0095 24       		.byte	36
 178 0096 61       		.byte	97
 179 0097 36       		.byte	54
 180 0098 7C       		.byte	124
 181 0099 40       		.byte	64
 182 009a 27       		.byte	39
 183 009b 84       		.byte	-124
 184 009c 2F       		.byte	47
 185 009d 84       		.byte	-124
 186 009e 8B       		.byte	-117
 187 009f 78       		.byte	120
 188 00a0 8C       		.byte	-116
 189 00a1 47       		.byte	71
 190 00a2 8D       		.byte	-115
 191 00a3 07       		.byte	7
 192 00a4 9F       		.byte	-97
 193 00a5 20       		.byte	32
 194 00a6 AB       		.byte	-85
 195 00a7 20       		.byte	32
 196 00a8 E8       		.byte	-24
 197 00a9 01       		.byte	1
 198 00aa 9F       		.byte	-97
 199 00ab 20       		.byte	32
 200 00ac E2       		.byte	-30
 201 00ad 08       		.byte	8
 202 00ae 9F       		.byte	-97
 203 00af 20       		.byte	32
 204 00b0 E4       		.byte	-28
 205 00b1 10       		.byte	16
 206 00b2 E4       		.byte	-28
 207 00b3 10       		.byte	16
 208 00b4 08       		.byte	8
 209 00b5 01       		.byte	1
 210 00b6 16       		.byte	22
 211 00b7 03       		.byte	3
 212 00b8 32       		.byte	50
 213 00b9 02       		.byte	2
 214 00ba 34       		.byte	52
 215 00bb 01       		.byte	1
 216 00bc 3E       		.byte	62
 217 00bd 10       		.byte	16
 218 00be 56       		.byte	86
 219 00bf 08       		.byte	8
 220 00c0 58       		.byte	88
 221 00c1 04       		.byte	4
 222 00c2 5B       		.byte	91
 223 00c3 04       		.byte	4
 224 00c4 5C       		.byte	92
 225 00c5 03       		.byte	3
 226 00c6 5D       		.byte	93
 227 00c7 30       		.byte	48
 228 00c8 5F       		.byte	95
ARM GAS  C:\Users\cruiser\AppData\Local\Temp\ccMp22A7.s 			page 5


 229 00c9 01       		.byte	1
 230 00ca 9D       		.byte	-99
 231 00cb 01       		.byte	1
 232 00cc B7       		.byte	-73
 233 00cd 01       		.byte	1
 234 00ce BF       		.byte	-65
 235 00cf 40       		.byte	64
 236 00d0 D4       		.byte	-44
 237 00d1 20       		.byte	32
 238 00d2 D9       		.byte	-39
 239 00d3 04       		.byte	4
 240 00d4 DB       		.byte	-37
 241 00d5 04       		.byte	4
 242 00d6 DD       		.byte	-35
 243 00d7 30       		.byte	48
 244 00d8 DF       		.byte	-33
 245 00d9 01       		.byte	1
 246 00da 00       		.byte	0
 247 00db 10       		.byte	16
 248 00dc 08       		.byte	8
 249 00dd 08       		.byte	8
 250 00de 18       		.byte	24
 251 00df 10       		.byte	16
 252 00e0 19       		.byte	25
 253 00e1 20       		.byte	32
 254 00e2 25       		.byte	37
 255 00e3 80       		.byte	-128
 256 00e4 31       		.byte	49
 257 00e5 C0       		.byte	-64
 258 00e6 36       		.byte	54
 259 00e7 80       		.byte	-128
 260 00e8 5A       		.byte	90
 261 00e9 A8       		.byte	-88
 262 00ea 5D       		.byte	93
 263 00eb 02       		.byte	2
 264 00ec 60       		.byte	96
 265 00ed 08       		.byte	8
 266 00ee 63       		.byte	99
 267 00ef 12       		.byte	18
 268 00f0 65       		.byte	101
 269 00f1 60       		.byte	96
 270 00f2 67       		.byte	103
 271 00f3 10       		.byte	16
 272 00f4 92       		.byte	-110
 273 00f5 A8       		.byte	-88
 274 00f6 99       		.byte	-103
 275 00f7 02       		.byte	2
 276 00f8 A2       		.byte	-94
 277 00f9 80       		.byte	-128
 278 00fa A7       		.byte	-89
 279 00fb 01       		.byte	1
 280 00fc AB       		.byte	-85
 281 00fd 10       		.byte	16
 282 00fe AD       		.byte	-83
 283 00ff 20       		.byte	32
 284 0100 AF       		.byte	-81
 285 0101 30       		.byte	48
ARM GAS  C:\Users\cruiser\AppData\Local\Temp\ccMp22A7.s 			page 6


 286 0102 B0       		.byte	-80
 287 0103 18       		.byte	24
 288 0104 B3       		.byte	-77
 289 0105 01       		.byte	1
 290 0106 B6       		.byte	-74
 291 0107 40       		.byte	64
 292 0108 C0       		.byte	-64
 293 0109 02       		.byte	2
 294 010a C2       		.byte	-62
 295 010b 04       		.byte	4
 296 010c CC       		.byte	-52
 297 010d 10       		.byte	16
 298 010e D6       		.byte	-42
 299 010f 8E       		.byte	-114
 300 0110 D8       		.byte	-40
 301 0111 7E       		.byte	126
 302 0112 E2       		.byte	-30
 303 0113 08       		.byte	8
 304 0114 E8       		.byte	-24
 305 0115 02       		.byte	2
 306 0116 EE       		.byte	-18
 307 0117 03       		.byte	3
 308 0118 03       		.byte	3
 309 0119 01       		.byte	1
 310 011a 19       		.byte	25
 311 011b 05       		.byte	5
 312 011c 2F       		.byte	47
 313 011d 07       		.byte	7
 314 011e 33       		.byte	51
 315 011f 02       		.byte	2
 316 0120 35       		.byte	53
 317 0121 04       		.byte	4
 318 0122 37       		.byte	55
 319 0123 01       		.byte	1
 320 0124 3F       		.byte	63
 321 0125 50       		.byte	80
 322 0126 54       		.byte	84
 323 0127 41       		.byte	65
 324 0128 59       		.byte	89
 325 0129 04       		.byte	4
 326 012a 5B       		.byte	91
 327 012b 04       		.byte	4
 328 012c 5C       		.byte	92
 329 012d 30       		.byte	48
 330 012e 5D       		.byte	93
 331 012f 30       		.byte	48
 332 0130 5F       		.byte	95
 333 0131 01       		.byte	1
 334 0132 85       		.byte	-123
 335 0133 02       		.byte	2
 336 0134 89       		.byte	-119
 337 0135 02       		.byte	2
 338 0136 8A       		.byte	-118
 339 0137 1E       		.byte	30
 340 0138 93       		.byte	-109
 341 0139 02       		.byte	2
 342 013a 94       		.byte	-108
ARM GAS  C:\Users\cruiser\AppData\Local\Temp\ccMp22A7.s 			page 7


 343 013b 80       		.byte	-128
 344 013c 9A       		.byte	-102
 345 013d 21       		.byte	33
 346 013e 9B       		.byte	-101
 347 013f 02       		.byte	2
 348 0140 9D       		.byte	-99
 349 0141 02       		.byte	2
 350 0142 A0       		.byte	-96
 351 0143 41       		.byte	65
 352 0144 A2       		.byte	-94
 353 0145 02       		.byte	2
 354 0146 A4       		.byte	-92
 355 0147 41       		.byte	65
 356 0148 A6       		.byte	-90
 357 0149 04       		.byte	4
 358 014a A7       		.byte	-89
 359 014b 01       		.byte	1
 360 014c A8       		.byte	-88
 361 014d 41       		.byte	65
 362 014e A9       		.byte	-87
 363 014f 01       		.byte	1
 364 0150 AA       		.byte	-86
 365 0151 08       		.byte	8
 366 0152 AC       		.byte	-84
 367 0153 10       		.byte	16
 368 0154 AE       		.byte	-82
 369 0155 41       		.byte	65
 370 0156 B0       		.byte	-80
 371 0157 80       		.byte	-128
 372 0158 B2       		.byte	-78
 373 0159 20       		.byte	32
 374 015a B3       		.byte	-77
 375 015b 01       		.byte	1
 376 015c B4       		.byte	-76
 377 015d 40       		.byte	64
 378 015e B5       		.byte	-75
 379 015f 02       		.byte	2
 380 0160 B6       		.byte	-74
 381 0161 1F       		.byte	31
 382 0162 BE       		.byte	-66
 383 0163 51       		.byte	81
 384 0164 BF       		.byte	-65
 385 0165 14       		.byte	20
 386 0166 C0       		.byte	-64
 387 0167 02       		.byte	2
 388 0168 C1       		.byte	-63
 389 0169 04       		.byte	4
 390 016a C2       		.byte	-62
 391 016b 20       		.byte	32
 392 016c C4       		.byte	-60
 393 016d 01       		.byte	1
 394 016e C5       		.byte	-59
 395 016f FE       		.byte	-2
 396 0170 C6       		.byte	-58
 397 0171 DC       		.byte	-36
 398 0172 C7       		.byte	-57
 399 0173 0B       		.byte	11
ARM GAS  C:\Users\cruiser\AppData\Local\Temp\ccMp22A7.s 			page 8


 400 0174 C8       		.byte	-56
 401 0175 1F       		.byte	31
 402 0176 C9       		.byte	-55
 403 0177 FF       		.byte	-1
 404 0178 CA       		.byte	-54
 405 0179 FF       		.byte	-1
 406 017a CB       		.byte	-53
 407 017b FF       		.byte	-1
 408 017c CC       		.byte	-52
 409 017d 22       		.byte	34
 410 017e CE       		.byte	-50
 411 017f F0       		.byte	-16
 412 0180 CF       		.byte	-49
 413 0181 0C       		.byte	12
 414 0182 D0       		.byte	-48
 415 0183 8C       		.byte	-116
 416 0184 D1       		.byte	-47
 417 0185 10       		.byte	16
 418 0186 D6       		.byte	-42
 419 0187 02       		.byte	2
 420 0188 D7       		.byte	-41
 421 0189 2C       		.byte	44
 422 018a D8       		.byte	-40
 423 018b 04       		.byte	4
 424 018c D9       		.byte	-39
 425 018d 04       		.byte	4
 426 018e DA       		.byte	-38
 427 018f 24       		.byte	36
 428 0190 DB       		.byte	-37
 429 0191 24       		.byte	36
 430 0192 DC       		.byte	-36
 431 0193 08       		.byte	8
 432 0194 DD       		.byte	-35
 433 0195 88       		.byte	-120
 434 0196 DE       		.byte	-34
 435 0197 08       		.byte	8
 436 0198 DF       		.byte	-33
 437 0199 21       		.byte	33
 438 019a E8       		.byte	-24
 439 019b 40       		.byte	64
 440 019c E9       		.byte	-23
 441 019d 01       		.byte	1
 442 019e EA       		.byte	-22
 443 019f C0       		.byte	-64
 444 01a0 EB       		.byte	-21
 445 01a1 01       		.byte	1
 446 01a2 00       		.byte	0
 447 01a3 10       		.byte	16
 448 01a4 08       		.byte	8
 449 01a5 10       		.byte	16
 450 01a6 0A       		.byte	10
 451 01a7 80       		.byte	-128
 452 01a8 0B       		.byte	11
 453 01a9 A0       		.byte	-96
 454 01aa 10       		.byte	16
 455 01ab AA       		.byte	-86
 456 01ac 18       		.byte	24
ARM GAS  C:\Users\cruiser\AppData\Local\Temp\ccMp22A7.s 			page 9


 457 01ad 55       		.byte	85
 458 01ae 1A       		.byte	26
 459 01af 40       		.byte	64
 460 01b0 22       		.byte	34
 461 01b1 10       		.byte	16
 462 01b2 23       		.byte	35
 463 01b3 20       		.byte	32
 464 01b4 25       		.byte	37
 465 01b5 20       		.byte	32
 466 01b6 26       		.byte	38
 467 01b7 40       		.byte	64
 468 01b8 27       		.byte	39
 469 01b9 10       		.byte	16
 470 01ba 29       		.byte	41
 471 01bb 20       		.byte	32
 472 01bc 2A       		.byte	42
 473 01bd 04       		.byte	4
 474 01be 2B       		.byte	43
 475 01bf 08       		.byte	8
 476 01c0 2E       		.byte	46
 477 01c1 80       		.byte	-128
 478 01c2 30       		.byte	48
 479 01c3 82       		.byte	-126
 480 01c4 33       		.byte	51
 481 01c5 20       		.byte	32
 482 01c6 37       		.byte	55
 483 01c7 10       		.byte	16
 484 01c8 39       		.byte	57
 485 01c9 14       		.byte	20
 486 01ca 3F       		.byte	63
 487 01cb 02       		.byte	2
 488 01cc 40       		.byte	64
 489 01cd 05       		.byte	5
 490 01ce 42       		.byte	66
 491 01cf 40       		.byte	64
 492 01d0 45       		.byte	69
 493 01d1 20       		.byte	32
 494 01d2 46       		.byte	70
 495 01d3 08       		.byte	8
 496 01d4 49       		.byte	73
 497 01d5 02       		.byte	2
 498 01d6 4A       		.byte	74
 499 01d7 90       		.byte	-112
 500 01d8 52       		.byte	82
 501 01d9 04       		.byte	4
 502 01da 53       		.byte	83
 503 01db 60       		.byte	96
 504 01dc 5C       		.byte	92
 505 01dd 08       		.byte	8
 506 01de 5E       		.byte	94
 507 01df A0       		.byte	-96
 508 01e0 60       		.byte	96
 509 01e1 40       		.byte	64
 510 01e2 66       		.byte	102
 511 01e3 08       		.byte	8
 512 01e4 68       		.byte	104
 513 01e5 AA       		.byte	-86
ARM GAS  C:\Users\cruiser\AppData\Local\Temp\ccMp22A7.s 			page 10


 514 01e6 69       		.byte	105
 515 01e7 14       		.byte	20
 516 01e8 7B       		.byte	123
 517 01e9 18       		.byte	24
 518 01ea 86       		.byte	-122
 519 01eb 04       		.byte	4
 520 01ec 87       		.byte	-121
 521 01ed 20       		.byte	32
 522 01ee 94       		.byte	-108
 523 01ef 04       		.byte	4
 524 01f0 9A       		.byte	-102
 525 01f1 80       		.byte	-128
 526 01f2 A8       		.byte	-88
 527 01f3 04       		.byte	4
 528 01f4 AA       		.byte	-86
 529 01f5 40       		.byte	64
 530 01f6 B0       		.byte	-80
 531 01f7 A0       		.byte	-96
 532 01f8 C0       		.byte	-64
 533 01f9 02       		.byte	2
 534 01fa C2       		.byte	-62
 535 01fb 06       		.byte	6
 536 01fc C4       		.byte	-60
 537 01fd 0F       		.byte	15
 538 01fe CA       		.byte	-54
 539 01ff 16       		.byte	22
 540 0200 CC       		.byte	-52
 541 0201 2D       		.byte	45
 542 0202 CE       		.byte	-50
 543 0203 86       		.byte	-122
 544 0204 D0       		.byte	-48
 545 0205 0D       		.byte	13
 546 0206 D6       		.byte	-42
 547 0207 70       		.byte	112
 548 0208 D8       		.byte	-40
 549 0209 41       		.byte	65
 550 020a DE       		.byte	-34
 551 020b 06       		.byte	6
 552 020c E8       		.byte	-24
 553 020d 01       		.byte	1
 554 020e 56       		.byte	86
 555 020f 08       		.byte	8
 556 0210 5B       		.byte	91
 557 0211 04       		.byte	4
 558 0212 5D       		.byte	93
 559 0213 90       		.byte	-112
 560 0214 D6       		.byte	-42
 561 0215 08       		.byte	8
 562 0216 DB       		.byte	-37
 563 0217 04       		.byte	4
 564 0218 DD       		.byte	-35
 565 0219 30       		.byte	48
 566 021a 58       		.byte	88
 567 021b A0       		.byte	-96
 568 021c 5E       		.byte	94
 569 021d 40       		.byte	64
 570 021e 66       		.byte	102
ARM GAS  C:\Users\cruiser\AppData\Local\Temp\ccMp22A7.s 			page 11


 571 021f 80       		.byte	-128
 572 0220 D6       		.byte	-42
 573 0221 1C       		.byte	28
 574 0222 D8       		.byte	-40
 575 0223 10       		.byte	16
 576 0224 AF       		.byte	-81
 577 0225 20       		.byte	32
 578 0226 E8       		.byte	-24
 579 0227 04       		.byte	4
 580 0228 EA       		.byte	-22
 581 0229 01       		.byte	1
 582 022a 39       		.byte	57
 583 022b 08       		.byte	8
 584 022c 3F       		.byte	63
 585 022d 04       		.byte	4
 586 022e 59       		.byte	89
 587 022f 04       		.byte	4
 588 0230 5F       		.byte	95
 589 0231 01       		.byte	1
 590 0232 27       		.byte	39
 591 0233 20       		.byte	32
 592 0234 9F       		.byte	-97
 593 0235 20       		.byte	32
 594 0236 E6       		.byte	-26
 595 0237 04       		.byte	4
 596 0238 E8       		.byte	-24
 597 0239 02       		.byte	2
 598 023a EE       		.byte	-18
 599 023b 02       		.byte	2
 600 023c E6       		.byte	-26
 601 023d 04       		.byte	4
 602 023e E8       		.byte	-24
 603 023f 02       		.byte	2
 604 0240 EE       		.byte	-18
 605 0241 02       		.byte	2
 606 0242 E8       		.byte	-24
 607 0243 04       		.byte	4
 608 0244 EA       		.byte	-22
 609 0245 01       		.byte	1
 610 0246 14       		.byte	20
 611 0247 80       		.byte	-128
 612 0248 33       		.byte	51
 613 0249 01       		.byte	1
 614 024a 35       		.byte	53
 615 024b 80       		.byte	-128
 616 024c 37       		.byte	55
 617 024d 02       		.byte	2
 618 024e 38       		.byte	56
 619 024f 02       		.byte	2
 620 0250 3A       		.byte	58
 621 0251 40       		.byte	64
 622 0252 3C       		.byte	60
 623 0253 20       		.byte	32
 624 0254 6C       		.byte	108
 625 0255 01       		.byte	1
 626 0256 6F       		.byte	111
 627 0257 01       		.byte	1
ARM GAS  C:\Users\cruiser\AppData\Local\Temp\ccMp22A7.s 			page 12


 628 0258 C4       		.byte	-60
 629 0259 20       		.byte	32
 630 025a CC       		.byte	-52
 631 025b E0       		.byte	-32
 632 025c CE       		.byte	-50
 633 025d 70       		.byte	112
 634 025e 12       		.byte	18
 635 025f 40       		.byte	64
 636 0260 14       		.byte	20
 637 0261 40       		.byte	64
 638 0262 30       		.byte	48
 639 0263 40       		.byte	64
 640 0264 34       		.byte	52
 641 0265 80       		.byte	-128
 642 0266 38       		.byte	56
 643 0267 02       		.byte	2
 644 0268 3C       		.byte	60
 645 0269 20       		.byte	32
 646 026a 94       		.byte	-108
 647 026b 02       		.byte	2
 648 026c 98       		.byte	-104
 649 026d 80       		.byte	-128
 650 026e 9D       		.byte	-99
 651 026f 80       		.byte	-128
 652 0270 9E       		.byte	-98
 653 0271 40       		.byte	64
 654 0272 9F       		.byte	-97
 655 0273 02       		.byte	2
 656 0274 A4       		.byte	-92
 657 0275 10       		.byte	16
 658 0276 C4       		.byte	-60
 659 0277 30       		.byte	48
 660 0278 CC       		.byte	-52
 661 0279 30       		.byte	48
 662 027a CE       		.byte	-50
 663 027b 60       		.byte	96
 664 027c 3E       		.byte	62
 665 027d 10       		.byte	16
 666 027e 51       		.byte	81
 667 027f 08       		.byte	8
 668 0280 57       		.byte	87
 669 0281 04       		.byte	4
 670 0282 84       		.byte	-124
 671 0283 10       		.byte	16
 672 0284 85       		.byte	-123
 673 0285 80       		.byte	-128
 674 0286 94       		.byte	-108
 675 0287 02       		.byte	2
 676 0288 9D       		.byte	-99
 677 0289 80       		.byte	-128
 678 028a 9F       		.byte	-97
 679 028b 02       		.byte	2
 680 028c A4       		.byte	-92
 681 028d 10       		.byte	16
 682 028e CE       		.byte	-50
 683 028f 20       		.byte	32
 684 0290 D4       		.byte	-44
ARM GAS  C:\Users\cruiser\AppData\Local\Temp\ccMp22A7.s 			page 13


 685 0291 60       		.byte	96
 686 0292 E2       		.byte	-30
 687 0293 10       		.byte	16
 688 0294 1B       		.byte	27
 689 0295 04       		.byte	4
 690 0296 1D       		.byte	29
 691 0297 08       		.byte	8
 692 0298 8F       		.byte	-113
 693 0299 20       		.byte	32
 694 029a 94       		.byte	-108
 695 029b 02       		.byte	2
 696 029c 96       		.byte	-106
 697 029d 10       		.byte	16
 698 029e 9F       		.byte	-97
 699 029f 02       		.byte	2
 700 02a0 A5       		.byte	-91
 701 02a1 08       		.byte	8
 702 02a2 A7       		.byte	-89
 703 02a3 04       		.byte	4
 704 02a4 C6       		.byte	-58
 705 02a5 30       		.byte	48
 706 02a6 10       		.byte	16
 707 02a7 10       		.byte	16
 708 02a8 14       		.byte	20
 709 02a9 60       		.byte	96
 710 02aa 7D       		.byte	125
 711 02ab 20       		.byte	32
 712 02ac C4       		.byte	-60
 713 02ad 0C       		.byte	12
 714 02ae DE       		.byte	-34
 715 02af 01       		.byte	1
 716 02b0 08       		.byte	8
 717 02b1 80       		.byte	-128
 718 02b2 0B       		.byte	11
 719 02b3 40       		.byte	64
 720 02b4 0D       		.byte	13
 721 02b5 80       		.byte	-128
 722 02b6 62       		.byte	98
 723 02b7 02       		.byte	2
 724 02b8 6B       		.byte	107
 725 02b9 08       		.byte	8
 726 02ba 98       		.byte	-104
 727 02bb 30       		.byte	48
 728 02bc A9       		.byte	-87
 729 02bd 10       		.byte	16
 730 02be B0       		.byte	-80
 731 02bf 50       		.byte	80
 732 02c0 C2       		.byte	-62
 733 02c1 0B       		.byte	11
 734 02c2 D8       		.byte	-40
 735 02c3 02       		.byte	2
 736 02c4 DA       		.byte	-38
 737 02c5 02       		.byte	2
 738 02c6 EA       		.byte	-22
 739 02c7 05       		.byte	5
 740 02c8 1B       		.byte	27
 741 02c9 02       		.byte	2
ARM GAS  C:\Users\cruiser\AppData\Local\Temp\ccMp22A7.s 			page 14


 742 02ca 45       		.byte	69
 743 02cb 08       		.byte	8
 744 02cc 87       		.byte	-121
 745 02cd 02       		.byte	2
 746 02ce 98       		.byte	-104
 747 02cf 30       		.byte	48
 748 02d0 A9       		.byte	-87
 749 02d1 80       		.byte	-128
 750 02d2 AE       		.byte	-82
 751 02d3 02       		.byte	2
 752 02d4 AF       		.byte	-81
 753 02d5 40       		.byte	64
 754 02d6 B0       		.byte	-80
 755 02d7 80       		.byte	-128
 756 02d8 B7       		.byte	-73
 757 02d9 08       		.byte	8
 758 02da C6       		.byte	-58
 759 02db 08       		.byte	8
 760 02dc D0       		.byte	-48
 761 02dd 01       		.byte	1
 762 02de EA       		.byte	-22
 763 02df 04       		.byte	4
 764 02e0 EC       		.byte	-20
 765 02e1 02       		.byte	2
 766 02e2 0B       		.byte	11
 767 02e3 40       		.byte	64
 768 02e4 47       		.byte	71
 769 02e5 80       		.byte	-128
 770 02e6 8F       		.byte	-113
 771 02e7 80       		.byte	-128
 772 02e8 98       		.byte	-104
 773 02e9 30       		.byte	48
 774 02ea A5       		.byte	-91
 775 02eb 08       		.byte	8
 776 02ec C2       		.byte	-62
 777 02ed 08       		.byte	8
 778 02ee D0       		.byte	-48
 779 02ef 04       		.byte	4
 780 02f0 E4       		.byte	-28
 781 02f1 08       		.byte	8
 782 02f2 23       		.byte	35
 783 02f3 20       		.byte	32
 784 02f4 27       		.byte	39
 785 02f5 11       		.byte	17
 786 02f6 66       		.byte	102
 787 02f7 10       		.byte	16
 788 02f8 68       		.byte	104
 789 02f9 20       		.byte	32
 790 02fa 80       		.byte	-128
 791 02fb 01       		.byte	1
 792 02fc 94       		.byte	-108
 793 02fd 02       		.byte	2
 794 02fe 96       		.byte	-106
 795 02ff 10       		.byte	16
 796 0300 9F       		.byte	-97
 797 0301 21       		.byte	33
 798 0302 AF       		.byte	-81
ARM GAS  C:\Users\cruiser\AppData\Local\Temp\ccMp22A7.s 			page 15


 799 0303 03       		.byte	3
 800 0304 C8       		.byte	-56
 801 0305 E0       		.byte	-32
 802 0306 D8       		.byte	-40
 803 0307 80       		.byte	-128
 804 0308 DA       		.byte	-38
 805 0309 40       		.byte	64
 806 030a E6       		.byte	-26
 807 030b 20       		.byte	32
 808 030c E8       		.byte	-24
 809 030d 40       		.byte	64
 810 030e EE       		.byte	-18
 811 030f 40       		.byte	64
 812 0310 AA       		.byte	-86
 813 0311 10       		.byte	16
 814 0312 AB       		.byte	-85
 815 0313 10       		.byte	16
 816 0314 AC       		.byte	-84
 817 0315 20       		.byte	32
 818 0316 AE       		.byte	-82
 819 0317 10       		.byte	16
 820 0318 E8       		.byte	-24
 821 0319 20       		.byte	32
 822 031a EA       		.byte	-22
 823 031b C0       		.byte	-64
 824 031c 10       		.byte	16
 825 031d 40       		.byte	64
 826 031e 13       		.byte	19
 827 031f 20       		.byte	32
 828 0320 14       		.byte	20
 829 0321 80       		.byte	-128
 830 0322 1F       		.byte	31
 831 0323 20       		.byte	32
 832 0324 37       		.byte	55
 833 0325 08       		.byte	8
 834 0326 78       		.byte	120
 835 0327 10       		.byte	16
 836 0328 7C       		.byte	124
 837 0329 20       		.byte	32
 838 032a 83       		.byte	-125
 839 032b 20       		.byte	32
 840 032c 98       		.byte	-104
 841 032d 30       		.byte	48
 842 032e AD       		.byte	-83
 843 032f 08       		.byte	8
 844 0330 AF       		.byte	-81
 845 0331 40       		.byte	64
 846 0332 C4       		.byte	-60
 847 0333 0E       		.byte	14
 848 0334 C6       		.byte	-58
 849 0335 01       		.byte	1
 850 0336 CC       		.byte	-52
 851 0337 01       		.byte	1
 852 0338 DE       		.byte	-34
 853 0339 03       		.byte	3
 854 033a 78       		.byte	120
 855 033b 40       		.byte	64
ARM GAS  C:\Users\cruiser\AppData\Local\Temp\ccMp22A7.s 			page 16


 856 033c 7C       		.byte	124
 857 033d 80       		.byte	-128
 858 033e 98       		.byte	-104
 859 033f C0       		.byte	-64
 860 0340 AB       		.byte	-85
 861 0341 28       		.byte	40
 862 0342 DC       		.byte	-36
 863 0343 01       		.byte	1
 864 0344 DE       		.byte	-34
 865 0345 04       		.byte	4
 866 0346 00       		.byte	0
 867 0347 08       		.byte	8
 868 0348 01       		.byte	1
 869 0349 01       		.byte	1
 870 034a 02       		.byte	2
 871 034b 14       		.byte	20
 872 034c 0C       		.byte	12
 873 034d 08       		.byte	8
 874 034e 0E       		.byte	14
 875 034f 08       		.byte	8
 876 0350 0F       		.byte	15
 877 0351 01       		.byte	1
 878 0352 12       		.byte	18
 879 0353 14       		.byte	20
 880 0354 00       		.byte	0
 881 0355 BD       		.byte	-67
 882 0356 01       		.byte	1
 883 0357 3F       		.byte	63
 884 0358 03       		.byte	3
 885 0359 C0       		.byte	-64
 886 035a 10       		.byte	16
 887 035b 0A       		.byte	10
 888 035c 11       		.byte	17
 889 035d 0A       		.byte	10
 890 035e 00       		.byte	0
 891 035f 00       		.byte	0
 892 0360 00       		.byte	0
 893 0361 00       		.byte	0
 894 0362 00       		.byte	0
 895 0363 00       		.byte	0
 896 0364 00       		.byte	0
 897 0365 00       		.byte	0
 898 0366 FD       		.byte	-3
 899 0367 00       		.byte	0
 900 0368 30       		.byte	48
 901 0369 00       		.byte	0
 902 036a 00       		.byte	0
 903 036b 06       		.byte	6
 904 036c 36       		.byte	54
 905 036d 00       		.byte	0
 906 036e 36       		.byte	54
 907 036f 00       		.byte	0
 908 0370 00       		.byte	0
 909 0371 36       		.byte	54
 910 0372 00       		.byte	0
 911 0373 00       		.byte	0
 912 0374 00       		.byte	0
ARM GAS  C:\Users\cruiser\AppData\Local\Temp\ccMp22A7.s 			page 17


 913 0375 2A       		.byte	42
 914 0376 00       		.byte	0
 915 0377 00       		.byte	0
 916 0378 00       		.byte	0
 917 0379 00       		.byte	0
 918 037a 00       		.byte	0
 919 037b 00       		.byte	0
 920 037c 40       		.byte	64
 921 037d 00       		.byte	0
 922 037e 00       		.byte	0
 923 037f 00       		.byte	0
 924 0380 00       		.byte	0
 925 0381 00       		.byte	0
 926 0382 00       		.byte	0
 927 0383 00       		.byte	0
 928 0384 C3       		.byte	-61
 929 0385 00       		.byte	0
 930 0386 00       		.byte	0
 931 0387 00       		.byte	0
 932 0388 00       		.byte	0
 933 0389 00       		.byte	0
 934 038a 00       		.byte	0
 935 038b 00       		.byte	0
 936 038c 00       		.byte	0
 937 038d 00       		.byte	0
 938 038e F0       		.byte	-16
 939 038f 00       		.byte	0
 940 0390 D0       		.byte	-48
 941 0391 20       		.byte	32
 942 0392 20       		.byte	32
 943 0393 00       		.byte	0
 944 0394 20       		.byte	32
 945 0395 20       		.byte	32
 946 0396 06       		.byte	6
 947 0397 00       		.byte	0
 948 0398 00       		.byte	0
 949 0399 00       		.byte	0
 950 039a 00       		.byte	0
 951 039b 00       		.byte	0
 952 039c 00       		.byte	0
 953 039d 00       		.byte	0
 954 039e A0       		.byte	-96
 955 039f 00       		.byte	0
 956 03a0 86       		.byte	-122
 957 03a1 01       		.byte	1
 958 03a2 18       		.byte	24
 959 03a3 01       		.byte	1
 960 03a4 00       		.byte	0
 961 03a5 01       		.byte	1
 962 03a6 00       		.byte	0
 963 03a7 00       		.byte	0
 964 03a8 00       		.byte	0
 965 03a9 08       		.byte	8
 966 03aa 00       		.byte	0
 967 03ab 00       		.byte	0
 968 03ac 00       		.byte	0
 969 03ad 09       		.byte	9
ARM GAS  C:\Users\cruiser\AppData\Local\Temp\ccMp22A7.s 			page 18


 970 03ae 00       		.byte	0
 971 03af 00       		.byte	0
 972              		.section	.cywolatch,"a",%progbits
 973              		.align	2
 974              		.type	cy_meta_wonvl, %object
 975              		.size	cy_meta_wonvl, 4
 976              	cy_meta_wonvl:
 977 0000 BC       		.byte	-68
 978 0001 90       		.byte	-112
 979 0002 AC       		.byte	-84
 980 0003 AF       		.byte	-81
 981              		.section	.cycustnvl,"a",%progbits
 982              		.align	2
 983              		.type	cy_meta_custnvl, %object
 984              		.size	cy_meta_custnvl, 4
 985              	cy_meta_custnvl:
 986 0000 00       		.byte	0
 987 0001 00       		.byte	0
 988 0002 40       		.byte	64
 989 0003 05       		.byte	5
 990              		.section	.cymeta,"a",%progbits
 991              		.align	2
 992              		.type	cy_metadata, %object
 993              		.size	cy_metadata, 12
 994              	cy_metadata:
 995 0000 00       		.byte	0
 996 0001 01       		.byte	1
 997 0002 2E       		.byte	46
 998 0003 16       		.byte	22
 999 0004 10       		.byte	16
 1000 0005 69       		.byte	105
 1001 0006 00       		.byte	0
 1002 0007 01       		.byte	1
 1003 0008 00       		.byte	0
 1004 0009 00       		.byte	0
 1005 000a 00       		.byte	0
 1006 000b 00       		.byte	0
 1007              		.section	.cyflashprotect,"a",%progbits
 1008              		.align	2
 1009              		.type	cy_meta_flashprotect, %object
 1010              		.size	cy_meta_flashprotect, 256
 1011              	cy_meta_flashprotect:
 1012 0000 00000000 		.space	256
 1012      00000000 
 1012      00000000 
 1012      00000000 
 1012      00000000 
 1013              		.text
 1014              	.Letext0:
 1015              		.file 1 ".\\Generated_Source\\PSoC5\\cymetadata.c"
 1016              		.file 2 ".\\Generated_Source\\PSoC5\\cytypes.h"
 1017              		.section	.debug_info,"",%progbits
 1018              	.Ldebug_info0:
 1019 0000 37010000 		.4byte	0x137
 1020 0004 0400     		.2byte	0x4
 1021 0006 00000000 		.4byte	.Ldebug_abbrev0
 1022 000a 04       		.byte	0x4
ARM GAS  C:\Users\cruiser\AppData\Local\Temp\ccMp22A7.s 			page 19


 1023 000b 01       		.uleb128 0x1
 1024 000c D7000000 		.4byte	.LASF18
 1025 0010 01       		.byte	0x1
 1026 0011 43000000 		.4byte	.LASF19
 1027 0015 00000000 		.4byte	.LASF20
 1028 0019 00000000 		.4byte	.Ldebug_line0
 1029 001d 02       		.uleb128 0x2
 1030 001e 01       		.byte	0x1
 1031 001f 06       		.byte	0x6
 1032 0020 E1010000 		.4byte	.LASF0
 1033 0024 02       		.uleb128 0x2
 1034 0025 01       		.byte	0x1
 1035 0026 08       		.byte	0x8
 1036 0027 7B000000 		.4byte	.LASF1
 1037 002b 02       		.uleb128 0x2
 1038 002c 02       		.byte	0x2
 1039 002d 05       		.byte	0x5
 1040 002e C8010000 		.4byte	.LASF2
 1041 0032 02       		.uleb128 0x2
 1042 0033 02       		.byte	0x2
 1043 0034 07       		.byte	0x7
 1044 0035 9B000000 		.4byte	.LASF3
 1045 0039 02       		.uleb128 0x2
 1046 003a 04       		.byte	0x4
 1047 003b 05       		.byte	0x5
 1048 003c D8010000 		.4byte	.LASF4
 1049 0040 02       		.uleb128 0x2
 1050 0041 04       		.byte	0x4
 1051 0042 07       		.byte	0x7
 1052 0043 89000000 		.4byte	.LASF5
 1053 0047 02       		.uleb128 0x2
 1054 0048 08       		.byte	0x8
 1055 0049 05       		.byte	0x5
 1056 004a B5010000 		.4byte	.LASF6
 1057 004e 02       		.uleb128 0x2
 1058 004f 08       		.byte	0x8
 1059 0050 07       		.byte	0x7
 1060 0051 72010000 		.4byte	.LASF7
 1061 0055 03       		.uleb128 0x3
 1062 0056 04       		.byte	0x4
 1063 0057 05       		.byte	0x5
 1064 0058 696E7400 		.ascii	"int\000"
 1065 005c 02       		.uleb128 0x2
 1066 005d 04       		.byte	0x4
 1067 005e 07       		.byte	0x7
 1068 005f 65010000 		.4byte	.LASF8
 1069 0063 04       		.uleb128 0x4
 1070 0064 D2010000 		.4byte	.LASF21
 1071 0068 02       		.byte	0x2
 1072 0069 9201     		.2byte	0x192
 1073 006b 24000000 		.4byte	0x24
 1074 006f 02       		.uleb128 0x2
 1075 0070 04       		.byte	0x4
 1076 0071 04       		.byte	0x4
 1077 0072 75000000 		.4byte	.LASF9
 1078 0076 02       		.uleb128 0x2
 1079 0077 08       		.byte	0x8
ARM GAS  C:\Users\cruiser\AppData\Local\Temp\ccMp22A7.s 			page 20


 1080 0078 04       		.byte	0x4
 1081 0079 AE000000 		.4byte	.LASF10
 1082 007d 02       		.uleb128 0x2
 1083 007e 01       		.byte	0x1
 1084 007f 08       		.byte	0x8
 1085 0080 C3010000 		.4byte	.LASF11
 1086 0084 05       		.uleb128 0x5
 1087 0085 63000000 		.4byte	0x63
 1088 0089 95000000 		.4byte	0x95
 1089 008d 06       		.uleb128 0x6
 1090 008e 95000000 		.4byte	0x95
 1091 0092 AF03     		.2byte	0x3af
 1092 0094 00       		.byte	0
 1093 0095 02       		.uleb128 0x2
 1094 0096 04       		.byte	0x4
 1095 0097 07       		.byte	0x7
 1096 0098 AC010000 		.4byte	.LASF12
 1097 009c 07       		.uleb128 0x7
 1098 009d C5000000 		.4byte	.LASF13
 1099 00a1 01       		.byte	0x1
 1100 00a2 1F       		.byte	0x1f
 1101 00a3 AD000000 		.4byte	0xad
 1102 00a7 05       		.uleb128 0x5
 1103 00a8 03       		.byte	0x3
 1104 00a9 00000000 		.4byte	cy_meta_configecc
 1105 00ad 08       		.uleb128 0x8
 1106 00ae 84000000 		.4byte	0x84
 1107 00b2 05       		.uleb128 0x5
 1108 00b3 63000000 		.4byte	0x63
 1109 00b7 C2000000 		.4byte	0xc2
 1110 00bb 09       		.uleb128 0x9
 1111 00bc 95000000 		.4byte	0x95
 1112 00c0 03       		.byte	0x3
 1113 00c1 00       		.byte	0
 1114 00c2 07       		.uleb128 0x7
 1115 00c3 B5000000 		.4byte	.LASF14
 1116 00c7 01       		.byte	0x1
 1117 00c8 A2       		.byte	0xa2
 1118 00c9 D3000000 		.4byte	0xd3
 1119 00cd 05       		.uleb128 0x5
 1120 00ce 03       		.byte	0x3
 1121 00cf 00000000 		.4byte	cy_meta_custnvl
 1122 00d3 08       		.uleb128 0x8
 1123 00d4 B2000000 		.4byte	0xb2
 1124 00d8 07       		.uleb128 0x7
 1125 00d9 9E010000 		.4byte	.LASF15
 1126 00dd 01       		.byte	0x1
 1127 00de B0       		.byte	0xb0
 1128 00df E9000000 		.4byte	0xe9
 1129 00e3 05       		.uleb128 0x5
 1130 00e4 03       		.byte	0x3
 1131 00e5 00000000 		.4byte	cy_meta_wonvl
 1132 00e9 08       		.uleb128 0x8
 1133 00ea B2000000 		.4byte	0xb2
 1134 00ee 05       		.uleb128 0x5
 1135 00ef 63000000 		.4byte	0x63
 1136 00f3 FE000000 		.4byte	0xfe
ARM GAS  C:\Users\cruiser\AppData\Local\Temp\ccMp22A7.s 			page 21


 1137 00f7 09       		.uleb128 0x9
 1138 00f8 95000000 		.4byte	0x95
 1139 00fc FF       		.byte	0xff
 1140 00fd 00       		.byte	0
 1141 00fe 07       		.uleb128 0x7
 1142 00ff 89010000 		.4byte	.LASF16
 1143 0103 01       		.byte	0x1
 1144 0104 BE       		.byte	0xbe
 1145 0105 0F010000 		.4byte	0x10f
 1146 0109 05       		.uleb128 0x5
 1147 010a 03       		.byte	0x3
 1148 010b 00000000 		.4byte	cy_meta_flashprotect
 1149 010f 08       		.uleb128 0x8
 1150 0110 EE000000 		.4byte	0xee
 1151 0114 05       		.uleb128 0x5
 1152 0115 63000000 		.4byte	0x63
 1153 0119 24010000 		.4byte	0x124
 1154 011d 09       		.uleb128 0x9
 1155 011e 95000000 		.4byte	0x95
 1156 0122 0B       		.byte	0xb
 1157 0123 00       		.byte	0
 1158 0124 07       		.uleb128 0x7
 1159 0125 69000000 		.4byte	.LASF17
 1160 0129 01       		.byte	0x1
 1161 012a EB       		.byte	0xeb
 1162 012b 35010000 		.4byte	0x135
 1163 012f 05       		.uleb128 0x5
 1164 0130 03       		.byte	0x3
 1165 0131 00000000 		.4byte	cy_metadata
 1166 0135 08       		.uleb128 0x8
 1167 0136 14010000 		.4byte	0x114
 1168 013a 00       		.byte	0
 1169              		.section	.debug_abbrev,"",%progbits
 1170              	.Ldebug_abbrev0:
 1171 0000 01       		.uleb128 0x1
 1172 0001 11       		.uleb128 0x11
 1173 0002 01       		.byte	0x1
 1174 0003 25       		.uleb128 0x25
 1175 0004 0E       		.uleb128 0xe
 1176 0005 13       		.uleb128 0x13
 1177 0006 0B       		.uleb128 0xb
 1178 0007 03       		.uleb128 0x3
 1179 0008 0E       		.uleb128 0xe
 1180 0009 1B       		.uleb128 0x1b
 1181 000a 0E       		.uleb128 0xe
 1182 000b 10       		.uleb128 0x10
 1183 000c 17       		.uleb128 0x17
 1184 000d 00       		.byte	0
 1185 000e 00       		.byte	0
 1186 000f 02       		.uleb128 0x2
 1187 0010 24       		.uleb128 0x24
 1188 0011 00       		.byte	0
 1189 0012 0B       		.uleb128 0xb
 1190 0013 0B       		.uleb128 0xb
 1191 0014 3E       		.uleb128 0x3e
 1192 0015 0B       		.uleb128 0xb
 1193 0016 03       		.uleb128 0x3
ARM GAS  C:\Users\cruiser\AppData\Local\Temp\ccMp22A7.s 			page 22


 1194 0017 0E       		.uleb128 0xe
 1195 0018 00       		.byte	0
 1196 0019 00       		.byte	0
 1197 001a 03       		.uleb128 0x3
 1198 001b 24       		.uleb128 0x24
 1199 001c 00       		.byte	0
 1200 001d 0B       		.uleb128 0xb
 1201 001e 0B       		.uleb128 0xb
 1202 001f 3E       		.uleb128 0x3e
 1203 0020 0B       		.uleb128 0xb
 1204 0021 03       		.uleb128 0x3
 1205 0022 08       		.uleb128 0x8
 1206 0023 00       		.byte	0
 1207 0024 00       		.byte	0
 1208 0025 04       		.uleb128 0x4
 1209 0026 16       		.uleb128 0x16
 1210 0027 00       		.byte	0
 1211 0028 03       		.uleb128 0x3
 1212 0029 0E       		.uleb128 0xe
 1213 002a 3A       		.uleb128 0x3a
 1214 002b 0B       		.uleb128 0xb
 1215 002c 3B       		.uleb128 0x3b
 1216 002d 05       		.uleb128 0x5
 1217 002e 49       		.uleb128 0x49
 1218 002f 13       		.uleb128 0x13
 1219 0030 00       		.byte	0
 1220 0031 00       		.byte	0
 1221 0032 05       		.uleb128 0x5
 1222 0033 01       		.uleb128 0x1
 1223 0034 01       		.byte	0x1
 1224 0035 49       		.uleb128 0x49
 1225 0036 13       		.uleb128 0x13
 1226 0037 01       		.uleb128 0x1
 1227 0038 13       		.uleb128 0x13
 1228 0039 00       		.byte	0
 1229 003a 00       		.byte	0
 1230 003b 06       		.uleb128 0x6
 1231 003c 21       		.uleb128 0x21
 1232 003d 00       		.byte	0
 1233 003e 49       		.uleb128 0x49
 1234 003f 13       		.uleb128 0x13
 1235 0040 2F       		.uleb128 0x2f
 1236 0041 05       		.uleb128 0x5
 1237 0042 00       		.byte	0
 1238 0043 00       		.byte	0
 1239 0044 07       		.uleb128 0x7
 1240 0045 34       		.uleb128 0x34
 1241 0046 00       		.byte	0
 1242 0047 03       		.uleb128 0x3
 1243 0048 0E       		.uleb128 0xe
 1244 0049 3A       		.uleb128 0x3a
 1245 004a 0B       		.uleb128 0xb
 1246 004b 3B       		.uleb128 0x3b
 1247 004c 0B       		.uleb128 0xb
 1248 004d 49       		.uleb128 0x49
 1249 004e 13       		.uleb128 0x13
 1250 004f 3F       		.uleb128 0x3f
ARM GAS  C:\Users\cruiser\AppData\Local\Temp\ccMp22A7.s 			page 23


 1251 0050 19       		.uleb128 0x19
 1252 0051 02       		.uleb128 0x2
 1253 0052 18       		.uleb128 0x18
 1254 0053 00       		.byte	0
 1255 0054 00       		.byte	0
 1256 0055 08       		.uleb128 0x8
 1257 0056 26       		.uleb128 0x26
 1258 0057 00       		.byte	0
 1259 0058 49       		.uleb128 0x49
 1260 0059 13       		.uleb128 0x13
 1261 005a 00       		.byte	0
 1262 005b 00       		.byte	0
 1263 005c 09       		.uleb128 0x9
 1264 005d 21       		.uleb128 0x21
 1265 005e 00       		.byte	0
 1266 005f 49       		.uleb128 0x49
 1267 0060 13       		.uleb128 0x13
 1268 0061 2F       		.uleb128 0x2f
 1269 0062 0B       		.uleb128 0xb
 1270 0063 00       		.byte	0
 1271 0064 00       		.byte	0
 1272 0065 00       		.byte	0
 1273              		.section	.debug_aranges,"",%progbits
 1274 0000 14000000 		.4byte	0x14
 1275 0004 0200     		.2byte	0x2
 1276 0006 00000000 		.4byte	.Ldebug_info0
 1277 000a 04       		.byte	0x4
 1278 000b 00       		.byte	0
 1279 000c 0000     		.2byte	0
 1280 000e 0000     		.2byte	0
 1281 0010 00000000 		.4byte	0
 1282 0014 00000000 		.4byte	0
 1283              		.section	.debug_line,"",%progbits
 1284              	.Ldebug_line0:
 1285 0000 4F000000 		.section	.debug_str,"MS",%progbits,1
 1285      02004900 
 1285      00000201 
 1285      FB0E0D00 
 1285      01010101 
 1286              	.LASF20:
 1287 0000 433A5C55 		.ascii	"C:\\Users\\cruiser\\Documents\\PSoC Creator\\Voltro"
 1287      73657273 
 1287      5C637275 
 1287      69736572 
 1287      5C446F63 
 1288 002e 6E5C566F 		.ascii	"n\\Voltron Main.cydsn\000"
 1288      6C74726F 
 1288      6E204D61 
 1288      696E2E63 
 1288      7964736E 
 1289              	.LASF19:
 1290 0043 2E5C4765 		.ascii	".\\Generated_Source\\PSoC5\\cymetadata.c\000"
 1290      6E657261 
 1290      7465645F 
 1290      536F7572 
 1290      63655C50 
 1291              	.LASF17:
ARM GAS  C:\Users\cruiser\AppData\Local\Temp\ccMp22A7.s 			page 24


 1292 0069 63795F6D 		.ascii	"cy_metadata\000"
 1292      65746164 
 1292      61746100 
 1293              	.LASF9:
 1294 0075 666C6F61 		.ascii	"float\000"
 1294      7400
 1295              	.LASF1:
 1296 007b 756E7369 		.ascii	"unsigned char\000"
 1296      676E6564 
 1296      20636861 
 1296      7200
 1297              	.LASF5:
 1298 0089 6C6F6E67 		.ascii	"long unsigned int\000"
 1298      20756E73 
 1298      69676E65 
 1298      6420696E 
 1298      7400
 1299              	.LASF3:
 1300 009b 73686F72 		.ascii	"short unsigned int\000"
 1300      7420756E 
 1300      7369676E 
 1300      65642069 
 1300      6E7400
 1301              	.LASF10:
 1302 00ae 646F7562 		.ascii	"double\000"
 1302      6C6500
 1303              	.LASF14:
 1304 00b5 63795F6D 		.ascii	"cy_meta_custnvl\000"
 1304      6574615F 
 1304      63757374 
 1304      6E766C00 
 1305              	.LASF13:
 1306 00c5 63795F6D 		.ascii	"cy_meta_configecc\000"
 1306      6574615F 
 1306      636F6E66 
 1306      69676563 
 1306      6300
 1307              	.LASF18:
 1308 00d7 474E5520 		.ascii	"GNU C 4.9.3 20150303 (release) [ARM/embedded-4_9-br"
 1308      4320342E 
 1308      392E3320 
 1308      32303135 
 1308      30333033 
 1309 010a 616E6368 		.ascii	"anch revision 221220] -mcpu=cortex-m3 -mthumb -g -O"
 1309      20726576 
 1309      6973696F 
 1309      6E203232 
 1309      31323230 
 1310 013d 67202D66 		.ascii	"g -ffunction-sections -ffat-lto-objects\000"
 1310      66756E63 
 1310      74696F6E 
 1310      2D736563 
 1310      74696F6E 
 1311              	.LASF8:
 1312 0165 756E7369 		.ascii	"unsigned int\000"
 1312      676E6564 
 1312      20696E74 
ARM GAS  C:\Users\cruiser\AppData\Local\Temp\ccMp22A7.s 			page 25


 1312      00
 1313              	.LASF7:
 1314 0172 6C6F6E67 		.ascii	"long long unsigned int\000"
 1314      206C6F6E 
 1314      6720756E 
 1314      7369676E 
 1314      65642069 
 1315              	.LASF16:
 1316 0189 63795F6D 		.ascii	"cy_meta_flashprotect\000"
 1316      6574615F 
 1316      666C6173 
 1316      6870726F 
 1316      74656374 
 1317              	.LASF15:
 1318 019e 63795F6D 		.ascii	"cy_meta_wonvl\000"
 1318      6574615F 
 1318      776F6E76 
 1318      6C00
 1319              	.LASF12:
 1320 01ac 73697A65 		.ascii	"sizetype\000"
 1320      74797065 
 1320      00
 1321              	.LASF6:
 1322 01b5 6C6F6E67 		.ascii	"long long int\000"
 1322      206C6F6E 
 1322      6720696E 
 1322      7400
 1323              	.LASF11:
 1324 01c3 63686172 		.ascii	"char\000"
 1324      00
 1325              	.LASF2:
 1326 01c8 73686F72 		.ascii	"short int\000"
 1326      7420696E 
 1326      7400
 1327              	.LASF21:
 1328 01d2 75696E74 		.ascii	"uint8\000"
 1328      3800
 1329              	.LASF4:
 1330 01d8 6C6F6E67 		.ascii	"long int\000"
 1330      20696E74 
 1330      00
 1331              	.LASF0:
 1332 01e1 7369676E 		.ascii	"signed char\000"
 1332      65642063 
 1332      68617200 
 1333              		.ident	"GCC: (GNU Tools for ARM Embedded Processors) 4.9.3 20150303 (release) [ARM/embedded-4_9-br
