--------------- Build Started: 09/10/2016 23:37:11 Project: Voltron Main, Configuration: ARM GCC 4.9-2015-q1-update Debug ---------------
cydsfit.exe -.appdatapath "C:\Users\cruiser\AppData\Local\Cypress Semiconductor\PSoC Creator\3.3" -.fdsnotice -.fdswarpdepfile=warp_dependencies.txt -.fdselabdepfile=elab_dependencies.txt -.fdsbldfile=generated_files.txt -p "C:\Users\cruiser\Documents\PSoC Creator\Voltron\Voltron Main.cydsn\Voltron Main.cyprj" -d CY8C5888LTI-LP097 -s "C:\Users\cruiser\Documents\PSoC Creator\Voltron\Voltron Main.cydsn\Generated_Source\PSoC5" -- -yv2 -q10 -ygs -o2 -v3 -.fftcfgtype=LE
Elaborating Design...
ADD: sdb.M0065: information: Analog terminal "AMux_DelSig.BinTerm2" on TopDesign is unconnected.
 * C:\Users\cruiser\Documents\PSoC Creator\Voltron\Voltron Main.cydsn\TopDesign\TopDesign.cysch (Signal: Net_7812)
 * C:\Users\cruiser\Documents\PSoC Creator\Voltron\Voltron Main.cydsn\TopDesign\TopDesign.cysch (Shape_503.6)
ADD: sdb.M0065: information: Analog terminal "AMux_DelSig.AinTerm2" on TopDesign is unconnected.
 * C:\Users\cruiser\Documents\PSoC Creator\Voltron\Voltron Main.cydsn\TopDesign\TopDesign.cysch (Signal: Net_7811)
 * C:\Users\cruiser\Documents\PSoC Creator\Voltron\Voltron Main.cydsn\TopDesign\TopDesign.cysch (Shape_503.5)
ADD: sdb.M0065: information: Analog terminal "AMux_DelSig.BinTerm3" on TopDesign is unconnected.
 * C:\Users\cruiser\Documents\PSoC Creator\Voltron\Voltron Main.cydsn\TopDesign\TopDesign.cysch (Signal: Net_7814)
 * C:\Users\cruiser\Documents\PSoC Creator\Voltron\Voltron Main.cydsn\TopDesign\TopDesign.cysch (Shape_503.8)
ADD: sdb.M0065: information: Analog terminal "AMux_DelSig.AinTerm3" on TopDesign is unconnected.
 * C:\Users\cruiser\Documents\PSoC Creator\Voltron\Voltron Main.cydsn\TopDesign\TopDesign.cysch (Signal: Net_7813)
 * C:\Users\cruiser\Documents\PSoC Creator\Voltron\Voltron Main.cydsn\TopDesign\TopDesign.cysch (Shape_503.7)
ADD: pft.M0035: information: Voltage Reference Information: Vref 'Vdda/2' is connected to terminal 'analog_0' of 'Pin_VDDAdiv2' but no direct hardware connection exists.
 * C:\Users\cruiser\Documents\PSoC Creator\Voltron\Voltron Main.cydsn\TopDesign\TopDesign.cysch (Instance:vRef_1)
 * C:\Users\cruiser\Documents\PSoC Creator\Voltron\Voltron Main.cydsn\TopDesign\TopDesign.cysch (Instance:Pin_VDDAdiv2)
ADD: pft.M0035: information: Voltage Reference Information: Vref '0.256V' is connected to terminal 'analog_0' of 'Pin_DACREF' but no direct hardware connection exists.
 * C:\Users\cruiser\Documents\PSoC Creator\Voltron\Voltron Main.cydsn\TopDesign\TopDesign.cysch (Instance:vRef_4)
 * C:\Users\cruiser\Documents\PSoC Creator\Voltron\Voltron Main.cydsn\TopDesign\TopDesign.cysch (Instance:Pin_DACREF)
HDL Generation ...
Synthesis ...
Place and Route ...
Tech mapping ...
Analog Placement ...
Info: apr.M0002: Analog signal "Net_7811" is connected to one terminal only. (App=cydsfit)
Info: apr.M0002: Analog signal "Net_7813" is connected to one terminal only. (App=cydsfit)
Info: apr.M0002: Analog signal "Net_7812" is connected to one terminal only. (App=cydsfit)
Info: apr.M0002: Analog signal "Net_7814" is connected to one terminal only. (App=cydsfit)
Log: apr.M0058: The analog placement iterative improvement is 46% done. (App=cydsfit)
Log: apr.M0058: The analog placement iterative improvement is 100% done. (App=cydsfit)
Analog Routing ...
Analog Code Generation ...
Digital Placement ...
Digital Routing ...
Bitstream Generation ...
Static timing analysis ...
API Generation ...
Dependency Generation ...
Clean Temporary Files ...
--------------- Build Succeeded: 09/10/2016 23:37:38 ---------------
