ARM GAS  C:\Users\cruiser\AppData\Local\Temp\ccKJN6ha.s 			page 1


   1              		.syntax unified
   2              		.cpu cortex-m3
   3              		.fpu softvfp
   4              		.eabi_attribute 20, 1
   5              		.eabi_attribute 21, 1
   6              		.eabi_attribute 23, 3
   7              		.eabi_attribute 24, 1
   8              		.eabi_attribute 25, 1
   9              		.eabi_attribute 26, 1
  10              		.eabi_attribute 30, 1
  11              		.eabi_attribute 34, 1
  12              		.eabi_attribute 18, 4
  13              		.thumb
  14              		.file	"I2C_Pins.c"
  15              		.text
  16              	.Ltext0:
  17              		.cfi_sections	.debug_frame
  18              		.section	.text.I2C_Pins_Write,"ax",%progbits
  19              		.align	2
  20              		.global	I2C_Pins_Write
  21              		.thumb
  22              		.thumb_func
  23              		.type	I2C_Pins_Write, %function
  24              	I2C_Pins_Write:
  25              	.LFB0:
  26              		.file 1 ".\\Generated_Source\\PSoC5\\I2C_Pins.c"
   1:.\Generated_Source\PSoC5/I2C_Pins.c **** /*******************************************************************************
   2:.\Generated_Source\PSoC5/I2C_Pins.c **** * File Name: I2C_Pins.c  
   3:.\Generated_Source\PSoC5/I2C_Pins.c **** * Version 2.20
   4:.\Generated_Source\PSoC5/I2C_Pins.c **** *
   5:.\Generated_Source\PSoC5/I2C_Pins.c **** * Description:
   6:.\Generated_Source\PSoC5/I2C_Pins.c **** *  This file contains API to enable firmware control of a Pins component.
   7:.\Generated_Source\PSoC5/I2C_Pins.c **** *
   8:.\Generated_Source\PSoC5/I2C_Pins.c **** * Note:
   9:.\Generated_Source\PSoC5/I2C_Pins.c **** *
  10:.\Generated_Source\PSoC5/I2C_Pins.c **** ********************************************************************************
  11:.\Generated_Source\PSoC5/I2C_Pins.c **** * Copyright 2008-2015, Cypress Semiconductor Corporation.  All rights reserved.
  12:.\Generated_Source\PSoC5/I2C_Pins.c **** * You may use this file only in accordance with the license, terms, conditions, 
  13:.\Generated_Source\PSoC5/I2C_Pins.c **** * disclaimers, and limitations in the end user license agreement accompanying 
  14:.\Generated_Source\PSoC5/I2C_Pins.c **** * the software package with which this file was provided.
  15:.\Generated_Source\PSoC5/I2C_Pins.c **** *******************************************************************************/
  16:.\Generated_Source\PSoC5/I2C_Pins.c **** 
  17:.\Generated_Source\PSoC5/I2C_Pins.c **** #include "cytypes.h"
  18:.\Generated_Source\PSoC5/I2C_Pins.c **** #include "I2C_Pins.h"
  19:.\Generated_Source\PSoC5/I2C_Pins.c **** 
  20:.\Generated_Source\PSoC5/I2C_Pins.c **** /* APIs are not generated for P15[7:6] on PSoC 5 */
  21:.\Generated_Source\PSoC5/I2C_Pins.c **** #if !(CY_PSOC5A &&\
  22:.\Generated_Source\PSoC5/I2C_Pins.c **** 	 I2C_Pins__PORT == 15 && ((I2C_Pins__MASK & 0xC0) != 0))
  23:.\Generated_Source\PSoC5/I2C_Pins.c **** 
  24:.\Generated_Source\PSoC5/I2C_Pins.c **** 
  25:.\Generated_Source\PSoC5/I2C_Pins.c **** /*******************************************************************************
  26:.\Generated_Source\PSoC5/I2C_Pins.c **** * Function Name: I2C_Pins_Write
  27:.\Generated_Source\PSoC5/I2C_Pins.c **** ****************************************************************************//**
  28:.\Generated_Source\PSoC5/I2C_Pins.c **** *
  29:.\Generated_Source\PSoC5/I2C_Pins.c **** * \brief Writes the value to the physical port (data output register), masking
  30:.\Generated_Source\PSoC5/I2C_Pins.c **** *  and shifting the bits appropriately. 
  31:.\Generated_Source\PSoC5/I2C_Pins.c **** *
ARM GAS  C:\Users\cruiser\AppData\Local\Temp\ccKJN6ha.s 			page 2


  32:.\Generated_Source\PSoC5/I2C_Pins.c **** * The data output register controls the signal applied to the physical pin in 
  33:.\Generated_Source\PSoC5/I2C_Pins.c **** * conjunction with the drive mode parameter. This function avoids changing 
  34:.\Generated_Source\PSoC5/I2C_Pins.c **** * other bits in the port by using the appropriate method (read-modify-write or
  35:.\Generated_Source\PSoC5/I2C_Pins.c **** * bit banding).
  36:.\Generated_Source\PSoC5/I2C_Pins.c **** *
  37:.\Generated_Source\PSoC5/I2C_Pins.c **** * <b>Note</b> This function should not be used on a hardware digital output pin 
  38:.\Generated_Source\PSoC5/I2C_Pins.c **** * as it is driven by the hardware signal attached to it.
  39:.\Generated_Source\PSoC5/I2C_Pins.c **** *
  40:.\Generated_Source\PSoC5/I2C_Pins.c **** * \param value
  41:.\Generated_Source\PSoC5/I2C_Pins.c **** *  Value to write to the component instance.
  42:.\Generated_Source\PSoC5/I2C_Pins.c **** *
  43:.\Generated_Source\PSoC5/I2C_Pins.c **** * \return 
  44:.\Generated_Source\PSoC5/I2C_Pins.c **** *  None 
  45:.\Generated_Source\PSoC5/I2C_Pins.c **** *
  46:.\Generated_Source\PSoC5/I2C_Pins.c **** * \sideeffect
  47:.\Generated_Source\PSoC5/I2C_Pins.c **** *  If you use read-modify-write operations that are not atomic; the Interrupt 
  48:.\Generated_Source\PSoC5/I2C_Pins.c **** *  Service Routines (ISR) can cause corruption of this function. An ISR that 
  49:.\Generated_Source\PSoC5/I2C_Pins.c **** *  interrupts this function and performs writes to the Pins component data 
  50:.\Generated_Source\PSoC5/I2C_Pins.c **** *  register can cause corrupted port data. To avoid this issue, you should 
  51:.\Generated_Source\PSoC5/I2C_Pins.c **** *  either use the Per-Pin APIs (primary method) or disable interrupts around 
  52:.\Generated_Source\PSoC5/I2C_Pins.c **** *  this function.
  53:.\Generated_Source\PSoC5/I2C_Pins.c **** *
  54:.\Generated_Source\PSoC5/I2C_Pins.c **** * \funcusage
  55:.\Generated_Source\PSoC5/I2C_Pins.c **** *  \snippet I2C_Pins_SUT.c usage_I2C_Pins_Write
  56:.\Generated_Source\PSoC5/I2C_Pins.c **** *******************************************************************************/
  57:.\Generated_Source\PSoC5/I2C_Pins.c **** void I2C_Pins_Write(uint8 value)
  58:.\Generated_Source\PSoC5/I2C_Pins.c **** {
  27              		.loc 1 58 0
  28              		.cfi_startproc
  29              		@ args = 0, pretend = 0, frame = 0
  30              		@ frame_needed = 0, uses_anonymous_args = 0
  31              		@ link register save eliminated.
  32              	.LVL0:
  59:.\Generated_Source\PSoC5/I2C_Pins.c ****     uint8 staticBits = (I2C_Pins_DR & (uint8)(~I2C_Pins_MASK));
  33              		.loc 1 59 0
  34 0000 044A     		ldr	r2, .L2
  35 0002 1378     		ldrb	r3, [r2]	@ zero_extendqisi2
  36 0004 03F0CF03 		and	r3, r3, #207
  37              	.LVL1:
  60:.\Generated_Source\PSoC5/I2C_Pins.c ****     I2C_Pins_DR = staticBits | ((uint8)(value << I2C_Pins_SHIFT) & I2C_Pins_MASK);
  38              		.loc 1 60 0
  39 0008 0001     		lsls	r0, r0, #4
  40              	.LVL2:
  41 000a 00F03000 		and	r0, r0, #48
  42 000e 1843     		orrs	r0, r0, r3
  43 0010 1070     		strb	r0, [r2]
  44 0012 7047     		bx	lr
  45              	.L3:
  46              		.align	2
  47              	.L2:
  48 0014 C0510040 		.word	1073762752
  49              		.cfi_endproc
  50              	.LFE0:
  51              		.size	I2C_Pins_Write, .-I2C_Pins_Write
  52              		.section	.text.I2C_Pins_SetDriveMode,"ax",%progbits
  53              		.align	2
  54              		.global	I2C_Pins_SetDriveMode
ARM GAS  C:\Users\cruiser\AppData\Local\Temp\ccKJN6ha.s 			page 3


  55              		.thumb
  56              		.thumb_func
  57              		.type	I2C_Pins_SetDriveMode, %function
  58              	I2C_Pins_SetDriveMode:
  59              	.LFB1:
  61:.\Generated_Source\PSoC5/I2C_Pins.c **** }
  62:.\Generated_Source\PSoC5/I2C_Pins.c **** 
  63:.\Generated_Source\PSoC5/I2C_Pins.c **** 
  64:.\Generated_Source\PSoC5/I2C_Pins.c **** /*******************************************************************************
  65:.\Generated_Source\PSoC5/I2C_Pins.c **** * Function Name: I2C_Pins_SetDriveMode
  66:.\Generated_Source\PSoC5/I2C_Pins.c **** ****************************************************************************//**
  67:.\Generated_Source\PSoC5/I2C_Pins.c **** *
  68:.\Generated_Source\PSoC5/I2C_Pins.c **** * \brief Sets the drive mode for each of the Pins component's pins.
  69:.\Generated_Source\PSoC5/I2C_Pins.c **** * 
  70:.\Generated_Source\PSoC5/I2C_Pins.c **** * <b>Note</b> This affects all pins in the Pins component instance. Use the
  71:.\Generated_Source\PSoC5/I2C_Pins.c **** * Per-Pin APIs if you wish to control individual pin's drive modes.
  72:.\Generated_Source\PSoC5/I2C_Pins.c **** *
  73:.\Generated_Source\PSoC5/I2C_Pins.c **** * \param mode
  74:.\Generated_Source\PSoC5/I2C_Pins.c **** *  Mode for the selected signals. Valid options are documented in 
  75:.\Generated_Source\PSoC5/I2C_Pins.c **** *  \ref driveMode.
  76:.\Generated_Source\PSoC5/I2C_Pins.c **** *
  77:.\Generated_Source\PSoC5/I2C_Pins.c **** * \return
  78:.\Generated_Source\PSoC5/I2C_Pins.c **** *  None
  79:.\Generated_Source\PSoC5/I2C_Pins.c **** *
  80:.\Generated_Source\PSoC5/I2C_Pins.c **** * \sideeffect
  81:.\Generated_Source\PSoC5/I2C_Pins.c **** *  If you use read-modify-write operations that are not atomic, the ISR can
  82:.\Generated_Source\PSoC5/I2C_Pins.c **** *  cause corruption of this function. An ISR that interrupts this function 
  83:.\Generated_Source\PSoC5/I2C_Pins.c **** *  and performs writes to the Pins component Drive Mode registers can cause 
  84:.\Generated_Source\PSoC5/I2C_Pins.c **** *  corrupted port data. To avoid this issue, you should either use the Per-Pin
  85:.\Generated_Source\PSoC5/I2C_Pins.c **** *  APIs (primary method) or disable interrupts around this function.
  86:.\Generated_Source\PSoC5/I2C_Pins.c **** *
  87:.\Generated_Source\PSoC5/I2C_Pins.c **** * \funcusage
  88:.\Generated_Source\PSoC5/I2C_Pins.c **** *  \snippet I2C_Pins_SUT.c usage_I2C_Pins_SetDriveMode
  89:.\Generated_Source\PSoC5/I2C_Pins.c **** *******************************************************************************/
  90:.\Generated_Source\PSoC5/I2C_Pins.c **** void I2C_Pins_SetDriveMode(uint8 mode)
  91:.\Generated_Source\PSoC5/I2C_Pins.c **** {
  60              		.loc 1 91 0
  61              		.cfi_startproc
  62              		@ args = 0, pretend = 0, frame = 0
  63              		@ frame_needed = 0, uses_anonymous_args = 0
  64              		@ link register save eliminated.
  65              	.LVL3:
  92:.\Generated_Source\PSoC5/I2C_Pins.c **** 	CyPins_SetPinDriveMode(I2C_Pins_0, mode);
  66              		.loc 1 92 0
  67 0000 074A     		ldr	r2, .L5
  68 0002 1378     		ldrb	r3, [r2]	@ zero_extendqisi2
  69 0004 00F00E00 		and	r0, r0, #14
  70              	.LVL4:
  71 0008 03F0F103 		and	r3, r3, #241
  72 000c 0343     		orrs	r3, r3, r0
  73 000e 1370     		strb	r3, [r2]
  93:.\Generated_Source\PSoC5/I2C_Pins.c **** 	CyPins_SetPinDriveMode(I2C_Pins_1, mode);
  74              		.loc 1 93 0
  75 0010 0132     		adds	r2, r2, #1
  76 0012 1378     		ldrb	r3, [r2]	@ zero_extendqisi2
  77 0014 03F0F103 		and	r3, r3, #241
  78 0018 1843     		orrs	r0, r0, r3
ARM GAS  C:\Users\cruiser\AppData\Local\Temp\ccKJN6ha.s 			page 4


  79 001a 1070     		strb	r0, [r2]
  80 001c 7047     		bx	lr
  81              	.L6:
  82 001e 00BF     		.align	2
  83              	.L5:
  84 0020 64500040 		.word	1073762404
  85              		.cfi_endproc
  86              	.LFE1:
  87              		.size	I2C_Pins_SetDriveMode, .-I2C_Pins_SetDriveMode
  88              		.section	.text.I2C_Pins_Read,"ax",%progbits
  89              		.align	2
  90              		.global	I2C_Pins_Read
  91              		.thumb
  92              		.thumb_func
  93              		.type	I2C_Pins_Read, %function
  94              	I2C_Pins_Read:
  95              	.LFB2:
  94:.\Generated_Source\PSoC5/I2C_Pins.c **** }
  95:.\Generated_Source\PSoC5/I2C_Pins.c **** 
  96:.\Generated_Source\PSoC5/I2C_Pins.c **** 
  97:.\Generated_Source\PSoC5/I2C_Pins.c **** /*******************************************************************************
  98:.\Generated_Source\PSoC5/I2C_Pins.c **** * Function Name: I2C_Pins_Read
  99:.\Generated_Source\PSoC5/I2C_Pins.c **** ****************************************************************************//**
 100:.\Generated_Source\PSoC5/I2C_Pins.c **** *
 101:.\Generated_Source\PSoC5/I2C_Pins.c **** * \brief Reads the associated physical port (pin status register) and masks 
 102:.\Generated_Source\PSoC5/I2C_Pins.c **** *  the required bits according to the width and bit position of the component
 103:.\Generated_Source\PSoC5/I2C_Pins.c **** *  instance. 
 104:.\Generated_Source\PSoC5/I2C_Pins.c **** *
 105:.\Generated_Source\PSoC5/I2C_Pins.c **** * The pin's status register returns the current logic level present on the 
 106:.\Generated_Source\PSoC5/I2C_Pins.c **** * physical pin.
 107:.\Generated_Source\PSoC5/I2C_Pins.c **** *
 108:.\Generated_Source\PSoC5/I2C_Pins.c **** * \return 
 109:.\Generated_Source\PSoC5/I2C_Pins.c **** *  The current value for the pins in the component as a right justified number.
 110:.\Generated_Source\PSoC5/I2C_Pins.c **** *
 111:.\Generated_Source\PSoC5/I2C_Pins.c **** * \funcusage
 112:.\Generated_Source\PSoC5/I2C_Pins.c **** *  \snippet I2C_Pins_SUT.c usage_I2C_Pins_Read  
 113:.\Generated_Source\PSoC5/I2C_Pins.c **** *******************************************************************************/
 114:.\Generated_Source\PSoC5/I2C_Pins.c **** uint8 I2C_Pins_Read(void)
 115:.\Generated_Source\PSoC5/I2C_Pins.c **** {
  96              		.loc 1 115 0
  97              		.cfi_startproc
  98              		@ args = 0, pretend = 0, frame = 0
  99              		@ frame_needed = 0, uses_anonymous_args = 0
 100              		@ link register save eliminated.
 116:.\Generated_Source\PSoC5/I2C_Pins.c ****     return (I2C_Pins_PS & I2C_Pins_MASK) >> I2C_Pins_SHIFT;
 101              		.loc 1 116 0
 102 0000 024B     		ldr	r3, .L8
 103 0002 1878     		ldrb	r0, [r3]	@ zero_extendqisi2
 117:.\Generated_Source\PSoC5/I2C_Pins.c **** }
 104              		.loc 1 117 0
 105 0004 C0F30110 		ubfx	r0, r0, #4, #2
 106 0008 7047     		bx	lr
 107              	.L9:
 108 000a 00BF     		.align	2
 109              	.L8:
 110 000c C1510040 		.word	1073762753
 111              		.cfi_endproc
ARM GAS  C:\Users\cruiser\AppData\Local\Temp\ccKJN6ha.s 			page 5


 112              	.LFE2:
 113              		.size	I2C_Pins_Read, .-I2C_Pins_Read
 114              		.section	.text.I2C_Pins_ReadDataReg,"ax",%progbits
 115              		.align	2
 116              		.global	I2C_Pins_ReadDataReg
 117              		.thumb
 118              		.thumb_func
 119              		.type	I2C_Pins_ReadDataReg, %function
 120              	I2C_Pins_ReadDataReg:
 121              	.LFB3:
 118:.\Generated_Source\PSoC5/I2C_Pins.c **** 
 119:.\Generated_Source\PSoC5/I2C_Pins.c **** 
 120:.\Generated_Source\PSoC5/I2C_Pins.c **** /*******************************************************************************
 121:.\Generated_Source\PSoC5/I2C_Pins.c **** * Function Name: I2C_Pins_ReadDataReg
 122:.\Generated_Source\PSoC5/I2C_Pins.c **** ****************************************************************************//**
 123:.\Generated_Source\PSoC5/I2C_Pins.c **** *
 124:.\Generated_Source\PSoC5/I2C_Pins.c **** * \brief Reads the associated physical port's data output register and masks 
 125:.\Generated_Source\PSoC5/I2C_Pins.c **** *  the correct bits according to the width and bit position of the component 
 126:.\Generated_Source\PSoC5/I2C_Pins.c **** *  instance. 
 127:.\Generated_Source\PSoC5/I2C_Pins.c **** *
 128:.\Generated_Source\PSoC5/I2C_Pins.c **** * The data output register controls the signal applied to the physical pin in 
 129:.\Generated_Source\PSoC5/I2C_Pins.c **** * conjunction with the drive mode parameter. This is not the same as the 
 130:.\Generated_Source\PSoC5/I2C_Pins.c **** * preferred I2C_Pins_Read() API because the 
 131:.\Generated_Source\PSoC5/I2C_Pins.c **** * I2C_Pins_ReadDataReg() reads the data register instead of the status 
 132:.\Generated_Source\PSoC5/I2C_Pins.c **** * register. For output pins this is a useful function to determine the value 
 133:.\Generated_Source\PSoC5/I2C_Pins.c **** * just written to the pin.
 134:.\Generated_Source\PSoC5/I2C_Pins.c **** *
 135:.\Generated_Source\PSoC5/I2C_Pins.c **** * \return 
 136:.\Generated_Source\PSoC5/I2C_Pins.c **** *  The current value of the data register masked and shifted into a right 
 137:.\Generated_Source\PSoC5/I2C_Pins.c **** *  justified number for the component instance.
 138:.\Generated_Source\PSoC5/I2C_Pins.c **** *
 139:.\Generated_Source\PSoC5/I2C_Pins.c **** * \funcusage
 140:.\Generated_Source\PSoC5/I2C_Pins.c **** *  \snippet I2C_Pins_SUT.c usage_I2C_Pins_ReadDataReg 
 141:.\Generated_Source\PSoC5/I2C_Pins.c **** *******************************************************************************/
 142:.\Generated_Source\PSoC5/I2C_Pins.c **** uint8 I2C_Pins_ReadDataReg(void)
 143:.\Generated_Source\PSoC5/I2C_Pins.c **** {
 122              		.loc 1 143 0
 123              		.cfi_startproc
 124              		@ args = 0, pretend = 0, frame = 0
 125              		@ frame_needed = 0, uses_anonymous_args = 0
 126              		@ link register save eliminated.
 144:.\Generated_Source\PSoC5/I2C_Pins.c ****     return (I2C_Pins_DR & I2C_Pins_MASK) >> I2C_Pins_SHIFT;
 127              		.loc 1 144 0
 128 0000 024B     		ldr	r3, .L11
 129 0002 1878     		ldrb	r0, [r3]	@ zero_extendqisi2
 145:.\Generated_Source\PSoC5/I2C_Pins.c **** }
 130              		.loc 1 145 0
 131 0004 C0F30110 		ubfx	r0, r0, #4, #2
 132 0008 7047     		bx	lr
 133              	.L12:
 134 000a 00BF     		.align	2
 135              	.L11:
 136 000c C0510040 		.word	1073762752
 137              		.cfi_endproc
 138              	.LFE3:
 139              		.size	I2C_Pins_ReadDataReg, .-I2C_Pins_ReadDataReg
 140              		.text
ARM GAS  C:\Users\cruiser\AppData\Local\Temp\ccKJN6ha.s 			page 6


 141              	.Letext0:
 142              		.file 2 ".\\Generated_Source\\PSoC5\\cytypes.h"
 143              		.section	.debug_info,"",%progbits
 144              	.Ldebug_info0:
 145 0000 1B010000 		.4byte	0x11b
 146 0004 0400     		.2byte	0x4
 147 0006 00000000 		.4byte	.Ldebug_abbrev0
 148 000a 04       		.byte	0x4
 149 000b 01       		.uleb128 0x1
 150 000c BE000000 		.4byte	.LASF20
 151 0010 01       		.byte	0x1
 152 0011 BB010000 		.4byte	.LASF21
 153 0015 00000000 		.4byte	.LASF22
 154 0019 00000000 		.4byte	.Ldebug_ranges0+0
 155 001d 00000000 		.4byte	0
 156 0021 00000000 		.4byte	.Ldebug_line0
 157 0025 02       		.uleb128 0x2
 158 0026 01       		.byte	0x1
 159 0027 06       		.byte	0x6
 160 0028 E8010000 		.4byte	.LASF0
 161 002c 02       		.uleb128 0x2
 162 002d 01       		.byte	0x1
 163 002e 08       		.byte	0x8
 164 002f 7F000000 		.4byte	.LASF1
 165 0033 02       		.uleb128 0x2
 166 0034 02       		.byte	0x2
 167 0035 05       		.byte	0x5
 168 0036 AB010000 		.4byte	.LASF2
 169 003a 02       		.uleb128 0x2
 170 003b 02       		.byte	0x2
 171 003c 07       		.byte	0x7
 172 003d A4000000 		.4byte	.LASF3
 173 0041 02       		.uleb128 0x2
 174 0042 04       		.byte	0x4
 175 0043 05       		.byte	0x5
 176 0044 DF010000 		.4byte	.LASF4
 177 0048 02       		.uleb128 0x2
 178 0049 04       		.byte	0x4
 179 004a 07       		.byte	0x7
 180 004b 92000000 		.4byte	.LASF5
 181 004f 02       		.uleb128 0x2
 182 0050 08       		.byte	0x8
 183 0051 05       		.byte	0x5
 184 0052 83010000 		.4byte	.LASF6
 185 0056 02       		.uleb128 0x2
 186 0057 08       		.byte	0x8
 187 0058 07       		.byte	0x7
 188 0059 67010000 		.4byte	.LASF7
 189 005d 03       		.uleb128 0x3
 190 005e 04       		.byte	0x4
 191 005f 05       		.byte	0x5
 192 0060 696E7400 		.ascii	"int\000"
 193 0064 02       		.uleb128 0x2
 194 0065 04       		.byte	0x4
 195 0066 07       		.byte	0x7
 196 0067 4C010000 		.4byte	.LASF8
 197 006b 04       		.uleb128 0x4
ARM GAS  C:\Users\cruiser\AppData\Local\Temp\ccKJN6ha.s 			page 7


 198 006c B5010000 		.4byte	.LASF12
 199 0070 02       		.byte	0x2
 200 0071 9201     		.2byte	0x192
 201 0073 2C000000 		.4byte	0x2c
 202 0077 02       		.uleb128 0x2
 203 0078 04       		.byte	0x4
 204 0079 04       		.byte	0x4
 205 007a 79000000 		.4byte	.LASF9
 206 007e 02       		.uleb128 0x2
 207 007f 08       		.byte	0x8
 208 0080 04       		.byte	0x4
 209 0081 B7000000 		.4byte	.LASF10
 210 0085 02       		.uleb128 0x2
 211 0086 01       		.byte	0x1
 212 0087 08       		.byte	0x8
 213 0088 91010000 		.4byte	.LASF11
 214 008c 04       		.uleb128 0x4
 215 008d 8D000000 		.4byte	.LASF13
 216 0091 02       		.byte	0x2
 217 0092 3C02     		.2byte	0x23c
 218 0094 98000000 		.4byte	0x98
 219 0098 05       		.uleb128 0x5
 220 0099 6B000000 		.4byte	0x6b
 221 009d 06       		.uleb128 0x6
 222 009e 43000000 		.4byte	.LASF14
 223 00a2 01       		.byte	0x1
 224 00a3 39       		.byte	0x39
 225 00a4 00000000 		.4byte	.LFB0
 226 00a8 18000000 		.4byte	.LFE0-.LFB0
 227 00ac 01       		.uleb128 0x1
 228 00ad 9C       		.byte	0x9c
 229 00ae CF000000 		.4byte	0xcf
 230 00b2 07       		.uleb128 0x7
 231 00b3 52000000 		.4byte	.LASF16
 232 00b7 01       		.byte	0x1
 233 00b8 39       		.byte	0x39
 234 00b9 6B000000 		.4byte	0x6b
 235 00bd 00000000 		.4byte	.LLST0
 236 00c1 08       		.uleb128 0x8
 237 00c2 58000000 		.4byte	.LASF23
 238 00c6 01       		.byte	0x1
 239 00c7 3B       		.byte	0x3b
 240 00c8 6B000000 		.4byte	0x6b
 241 00cc 01       		.uleb128 0x1
 242 00cd 53       		.byte	0x53
 243 00ce 00       		.byte	0
 244 00cf 06       		.uleb128 0x6
 245 00d0 63000000 		.4byte	.LASF15
 246 00d4 01       		.byte	0x1
 247 00d5 5A       		.byte	0x5a
 248 00d6 00000000 		.4byte	.LFB1
 249 00da 24000000 		.4byte	.LFE1-.LFB1
 250 00de 01       		.uleb128 0x1
 251 00df 9C       		.byte	0x9c
 252 00e0 F4000000 		.4byte	0xf4
 253 00e4 07       		.uleb128 0x7
 254 00e5 7E010000 		.4byte	.LASF17
ARM GAS  C:\Users\cruiser\AppData\Local\Temp\ccKJN6ha.s 			page 8


 255 00e9 01       		.byte	0x1
 256 00ea 5A       		.byte	0x5a
 257 00eb 6B000000 		.4byte	0x6b
 258 00ef 21000000 		.4byte	.LLST1
 259 00f3 00       		.byte	0
 260 00f4 09       		.uleb128 0x9
 261 00f5 59010000 		.4byte	.LASF18
 262 00f9 01       		.byte	0x1
 263 00fa 72       		.byte	0x72
 264 00fb 6B000000 		.4byte	0x6b
 265 00ff 00000000 		.4byte	.LFB2
 266 0103 10000000 		.4byte	.LFE2-.LFB2
 267 0107 01       		.uleb128 0x1
 268 0108 9C       		.byte	0x9c
 269 0109 09       		.uleb128 0x9
 270 010a 96010000 		.4byte	.LASF19
 271 010e 01       		.byte	0x1
 272 010f 8E       		.byte	0x8e
 273 0110 6B000000 		.4byte	0x6b
 274 0114 00000000 		.4byte	.LFB3
 275 0118 10000000 		.4byte	.LFE3-.LFB3
 276 011c 01       		.uleb128 0x1
 277 011d 9C       		.byte	0x9c
 278 011e 00       		.byte	0
 279              		.section	.debug_abbrev,"",%progbits
 280              	.Ldebug_abbrev0:
 281 0000 01       		.uleb128 0x1
 282 0001 11       		.uleb128 0x11
 283 0002 01       		.byte	0x1
 284 0003 25       		.uleb128 0x25
 285 0004 0E       		.uleb128 0xe
 286 0005 13       		.uleb128 0x13
 287 0006 0B       		.uleb128 0xb
 288 0007 03       		.uleb128 0x3
 289 0008 0E       		.uleb128 0xe
 290 0009 1B       		.uleb128 0x1b
 291 000a 0E       		.uleb128 0xe
 292 000b 55       		.uleb128 0x55
 293 000c 17       		.uleb128 0x17
 294 000d 11       		.uleb128 0x11
 295 000e 01       		.uleb128 0x1
 296 000f 10       		.uleb128 0x10
 297 0010 17       		.uleb128 0x17
 298 0011 00       		.byte	0
 299 0012 00       		.byte	0
 300 0013 02       		.uleb128 0x2
 301 0014 24       		.uleb128 0x24
 302 0015 00       		.byte	0
 303 0016 0B       		.uleb128 0xb
 304 0017 0B       		.uleb128 0xb
 305 0018 3E       		.uleb128 0x3e
 306 0019 0B       		.uleb128 0xb
 307 001a 03       		.uleb128 0x3
 308 001b 0E       		.uleb128 0xe
 309 001c 00       		.byte	0
 310 001d 00       		.byte	0
 311 001e 03       		.uleb128 0x3
ARM GAS  C:\Users\cruiser\AppData\Local\Temp\ccKJN6ha.s 			page 9


 312 001f 24       		.uleb128 0x24
 313 0020 00       		.byte	0
 314 0021 0B       		.uleb128 0xb
 315 0022 0B       		.uleb128 0xb
 316 0023 3E       		.uleb128 0x3e
 317 0024 0B       		.uleb128 0xb
 318 0025 03       		.uleb128 0x3
 319 0026 08       		.uleb128 0x8
 320 0027 00       		.byte	0
 321 0028 00       		.byte	0
 322 0029 04       		.uleb128 0x4
 323 002a 16       		.uleb128 0x16
 324 002b 00       		.byte	0
 325 002c 03       		.uleb128 0x3
 326 002d 0E       		.uleb128 0xe
 327 002e 3A       		.uleb128 0x3a
 328 002f 0B       		.uleb128 0xb
 329 0030 3B       		.uleb128 0x3b
 330 0031 05       		.uleb128 0x5
 331 0032 49       		.uleb128 0x49
 332 0033 13       		.uleb128 0x13
 333 0034 00       		.byte	0
 334 0035 00       		.byte	0
 335 0036 05       		.uleb128 0x5
 336 0037 35       		.uleb128 0x35
 337 0038 00       		.byte	0
 338 0039 49       		.uleb128 0x49
 339 003a 13       		.uleb128 0x13
 340 003b 00       		.byte	0
 341 003c 00       		.byte	0
 342 003d 06       		.uleb128 0x6
 343 003e 2E       		.uleb128 0x2e
 344 003f 01       		.byte	0x1
 345 0040 3F       		.uleb128 0x3f
 346 0041 19       		.uleb128 0x19
 347 0042 03       		.uleb128 0x3
 348 0043 0E       		.uleb128 0xe
 349 0044 3A       		.uleb128 0x3a
 350 0045 0B       		.uleb128 0xb
 351 0046 3B       		.uleb128 0x3b
 352 0047 0B       		.uleb128 0xb
 353 0048 27       		.uleb128 0x27
 354 0049 19       		.uleb128 0x19
 355 004a 11       		.uleb128 0x11
 356 004b 01       		.uleb128 0x1
 357 004c 12       		.uleb128 0x12
 358 004d 06       		.uleb128 0x6
 359 004e 40       		.uleb128 0x40
 360 004f 18       		.uleb128 0x18
 361 0050 9742     		.uleb128 0x2117
 362 0052 19       		.uleb128 0x19
 363 0053 01       		.uleb128 0x1
 364 0054 13       		.uleb128 0x13
 365 0055 00       		.byte	0
 366 0056 00       		.byte	0
 367 0057 07       		.uleb128 0x7
 368 0058 05       		.uleb128 0x5
ARM GAS  C:\Users\cruiser\AppData\Local\Temp\ccKJN6ha.s 			page 10


 369 0059 00       		.byte	0
 370 005a 03       		.uleb128 0x3
 371 005b 0E       		.uleb128 0xe
 372 005c 3A       		.uleb128 0x3a
 373 005d 0B       		.uleb128 0xb
 374 005e 3B       		.uleb128 0x3b
 375 005f 0B       		.uleb128 0xb
 376 0060 49       		.uleb128 0x49
 377 0061 13       		.uleb128 0x13
 378 0062 02       		.uleb128 0x2
 379 0063 17       		.uleb128 0x17
 380 0064 00       		.byte	0
 381 0065 00       		.byte	0
 382 0066 08       		.uleb128 0x8
 383 0067 34       		.uleb128 0x34
 384 0068 00       		.byte	0
 385 0069 03       		.uleb128 0x3
 386 006a 0E       		.uleb128 0xe
 387 006b 3A       		.uleb128 0x3a
 388 006c 0B       		.uleb128 0xb
 389 006d 3B       		.uleb128 0x3b
 390 006e 0B       		.uleb128 0xb
 391 006f 49       		.uleb128 0x49
 392 0070 13       		.uleb128 0x13
 393 0071 02       		.uleb128 0x2
 394 0072 18       		.uleb128 0x18
 395 0073 00       		.byte	0
 396 0074 00       		.byte	0
 397 0075 09       		.uleb128 0x9
 398 0076 2E       		.uleb128 0x2e
 399 0077 00       		.byte	0
 400 0078 3F       		.uleb128 0x3f
 401 0079 19       		.uleb128 0x19
 402 007a 03       		.uleb128 0x3
 403 007b 0E       		.uleb128 0xe
 404 007c 3A       		.uleb128 0x3a
 405 007d 0B       		.uleb128 0xb
 406 007e 3B       		.uleb128 0x3b
 407 007f 0B       		.uleb128 0xb
 408 0080 27       		.uleb128 0x27
 409 0081 19       		.uleb128 0x19
 410 0082 49       		.uleb128 0x49
 411 0083 13       		.uleb128 0x13
 412 0084 11       		.uleb128 0x11
 413 0085 01       		.uleb128 0x1
 414 0086 12       		.uleb128 0x12
 415 0087 06       		.uleb128 0x6
 416 0088 40       		.uleb128 0x40
 417 0089 18       		.uleb128 0x18
 418 008a 9742     		.uleb128 0x2117
 419 008c 19       		.uleb128 0x19
 420 008d 00       		.byte	0
 421 008e 00       		.byte	0
 422 008f 00       		.byte	0
 423              		.section	.debug_loc,"",%progbits
 424              	.Ldebug_loc0:
 425              	.LLST0:
ARM GAS  C:\Users\cruiser\AppData\Local\Temp\ccKJN6ha.s 			page 11


 426 0000 00000000 		.4byte	.LVL0
 427 0004 0A000000 		.4byte	.LVL2
 428 0008 0100     		.2byte	0x1
 429 000a 50       		.byte	0x50
 430 000b 0A000000 		.4byte	.LVL2
 431 000f 18000000 		.4byte	.LFE0
 432 0013 0400     		.2byte	0x4
 433 0015 F3       		.byte	0xf3
 434 0016 01       		.uleb128 0x1
 435 0017 50       		.byte	0x50
 436 0018 9F       		.byte	0x9f
 437 0019 00000000 		.4byte	0
 438 001d 00000000 		.4byte	0
 439              	.LLST1:
 440 0021 00000000 		.4byte	.LVL3
 441 0025 08000000 		.4byte	.LVL4
 442 0029 0100     		.2byte	0x1
 443 002b 50       		.byte	0x50
 444 002c 08000000 		.4byte	.LVL4
 445 0030 24000000 		.4byte	.LFE1
 446 0034 0400     		.2byte	0x4
 447 0036 F3       		.byte	0xf3
 448 0037 01       		.uleb128 0x1
 449 0038 50       		.byte	0x50
 450 0039 9F       		.byte	0x9f
 451 003a 00000000 		.4byte	0
 452 003e 00000000 		.4byte	0
 453              		.section	.debug_aranges,"",%progbits
 454 0000 34000000 		.4byte	0x34
 455 0004 0200     		.2byte	0x2
 456 0006 00000000 		.4byte	.Ldebug_info0
 457 000a 04       		.byte	0x4
 458 000b 00       		.byte	0
 459 000c 0000     		.2byte	0
 460 000e 0000     		.2byte	0
 461 0010 00000000 		.4byte	.LFB0
 462 0014 18000000 		.4byte	.LFE0-.LFB0
 463 0018 00000000 		.4byte	.LFB1
 464 001c 24000000 		.4byte	.LFE1-.LFB1
 465 0020 00000000 		.4byte	.LFB2
 466 0024 10000000 		.4byte	.LFE2-.LFB2
 467 0028 00000000 		.4byte	.LFB3
 468 002c 10000000 		.4byte	.LFE3-.LFB3
 469 0030 00000000 		.4byte	0
 470 0034 00000000 		.4byte	0
 471              		.section	.debug_ranges,"",%progbits
 472              	.Ldebug_ranges0:
 473 0000 00000000 		.4byte	.LFB0
 474 0004 18000000 		.4byte	.LFE0
 475 0008 00000000 		.4byte	.LFB1
 476 000c 24000000 		.4byte	.LFE1
 477 0010 00000000 		.4byte	.LFB2
 478 0014 10000000 		.4byte	.LFE2
 479 0018 00000000 		.4byte	.LFB3
 480 001c 10000000 		.4byte	.LFE3
 481 0020 00000000 		.4byte	0
 482 0024 00000000 		.4byte	0
ARM GAS  C:\Users\cruiser\AppData\Local\Temp\ccKJN6ha.s 			page 12


 483              		.section	.debug_line,"",%progbits
 484              	.Ldebug_line0:
 485 0000 94000000 		.section	.debug_str,"MS",%progbits,1
 485      02004700 
 485      00000201 
 485      FB0E0D00 
 485      01010101 
 486              	.LASF22:
 487 0000 433A5C55 		.ascii	"C:\\Users\\cruiser\\Documents\\PSoC Creator\\Voltro"
 487      73657273 
 487      5C637275 
 487      69736572 
 487      5C446F63 
 488 002e 6E5C566F 		.ascii	"n\\Voltron Main.cydsn\000"
 488      6C74726F 
 488      6E204D61 
 488      696E2E63 
 488      7964736E 
 489              	.LASF14:
 490 0043 4932435F 		.ascii	"I2C_Pins_Write\000"
 490      50696E73 
 490      5F577269 
 490      746500
 491              	.LASF16:
 492 0052 76616C75 		.ascii	"value\000"
 492      6500
 493              	.LASF23:
 494 0058 73746174 		.ascii	"staticBits\000"
 494      69634269 
 494      747300
 495              	.LASF15:
 496 0063 4932435F 		.ascii	"I2C_Pins_SetDriveMode\000"
 496      50696E73 
 496      5F536574 
 496      44726976 
 496      654D6F64 
 497              	.LASF9:
 498 0079 666C6F61 		.ascii	"float\000"
 498      7400
 499              	.LASF1:
 500 007f 756E7369 		.ascii	"unsigned char\000"
 500      676E6564 
 500      20636861 
 500      7200
 501              	.LASF13:
 502 008d 72656738 		.ascii	"reg8\000"
 502      00
 503              	.LASF5:
 504 0092 6C6F6E67 		.ascii	"long unsigned int\000"
 504      20756E73 
 504      69676E65 
 504      6420696E 
 504      7400
 505              	.LASF3:
 506 00a4 73686F72 		.ascii	"short unsigned int\000"
 506      7420756E 
 506      7369676E 
ARM GAS  C:\Users\cruiser\AppData\Local\Temp\ccKJN6ha.s 			page 13


 506      65642069 
 506      6E7400
 507              	.LASF10:
 508 00b7 646F7562 		.ascii	"double\000"
 508      6C6500
 509              	.LASF20:
 510 00be 474E5520 		.ascii	"GNU C 4.9.3 20150303 (release) [ARM/embedded-4_9-br"
 510      4320342E 
 510      392E3320 
 510      32303135 
 510      30333033 
 511 00f1 616E6368 		.ascii	"anch revision 221220] -mcpu=cortex-m3 -mthumb -g -O"
 511      20726576 
 511      6973696F 
 511      6E203232 
 511      31323230 
 512 0124 67202D66 		.ascii	"g -ffunction-sections -ffat-lto-objects\000"
 512      66756E63 
 512      74696F6E 
 512      2D736563 
 512      74696F6E 
 513              	.LASF8:
 514 014c 756E7369 		.ascii	"unsigned int\000"
 514      676E6564 
 514      20696E74 
 514      00
 515              	.LASF18:
 516 0159 4932435F 		.ascii	"I2C_Pins_Read\000"
 516      50696E73 
 516      5F526561 
 516      6400
 517              	.LASF7:
 518 0167 6C6F6E67 		.ascii	"long long unsigned int\000"
 518      206C6F6E 
 518      6720756E 
 518      7369676E 
 518      65642069 
 519              	.LASF17:
 520 017e 6D6F6465 		.ascii	"mode\000"
 520      00
 521              	.LASF6:
 522 0183 6C6F6E67 		.ascii	"long long int\000"
 522      206C6F6E 
 522      6720696E 
 522      7400
 523              	.LASF11:
 524 0191 63686172 		.ascii	"char\000"
 524      00
 525              	.LASF19:
 526 0196 4932435F 		.ascii	"I2C_Pins_ReadDataReg\000"
 526      50696E73 
 526      5F526561 
 526      64446174 
 526      61526567 
 527              	.LASF2:
 528 01ab 73686F72 		.ascii	"short int\000"
 528      7420696E 
ARM GAS  C:\Users\cruiser\AppData\Local\Temp\ccKJN6ha.s 			page 14


 528      7400
 529              	.LASF12:
 530 01b5 75696E74 		.ascii	"uint8\000"
 530      3800
 531              	.LASF21:
 532 01bb 2E5C4765 		.ascii	".\\Generated_Source\\PSoC5\\I2C_Pins.c\000"
 532      6E657261 
 532      7465645F 
 532      536F7572 
 532      63655C50 
 533              	.LASF4:
 534 01df 6C6F6E67 		.ascii	"long int\000"
 534      20696E74 
 534      00
 535              	.LASF0:
 536 01e8 7369676E 		.ascii	"signed char\000"
 536      65642063 
 536      68617200 
 537              		.ident	"GCC: (GNU Tools for ARM Embedded Processors) 4.9.3 20150303 (release) [ARM/embedded-4_9-br
