ARM GAS  C:\Users\cruiser\AppData\Local\Temp\ccuSb6Su.s 			page 1


   1              		.syntax unified
   2              		.cpu cortex-m3
   3              		.fpu softvfp
   4              		.eabi_attribute 20, 1
   5              		.eabi_attribute 21, 1
   6              		.eabi_attribute 23, 3
   7              		.eabi_attribute 24, 1
   8              		.eabi_attribute 25, 1
   9              		.eabi_attribute 26, 1
  10              		.eabi_attribute 30, 1
  11              		.eabi_attribute 34, 1
  12              		.eabi_attribute 18, 4
  13              		.thumb
  14              		.file	"ShiftBy1_1_ShiftBy1.c"
  15              		.text
  16              	.Ltext0:
  17              		.cfi_sections	.debug_frame
  18              		.section	.text.ShiftBy1_1_SetInput,"ax",%progbits
  19              		.align	2
  20              		.global	ShiftBy1_1_SetInput
  21              		.thumb
  22              		.thumb_func
  23              		.type	ShiftBy1_1_SetInput, %function
  24              	ShiftBy1_1_SetInput:
  25              	.LFB0:
  26              		.file 1 ".\\Generated_Source\\PSoC5\\ShiftBy1_1_ShiftBy1.c"
   1:.\Generated_Source\PSoC5/ShiftBy1_1_ShiftBy1.c **** /* ========================================
   2:.\Generated_Source\PSoC5/ShiftBy1_1_ShiftBy1.c ****  *
   3:.\Generated_Source\PSoC5/ShiftBy1_1_ShiftBy1.c ****  * Copyright YOUR COMPANY, THE YEAR
   4:.\Generated_Source\PSoC5/ShiftBy1_1_ShiftBy1.c ****  * All Rights Reserved
   5:.\Generated_Source\PSoC5/ShiftBy1_1_ShiftBy1.c ****  * UNPUBLISHED, LICENSED SOFTWARE.
   6:.\Generated_Source\PSoC5/ShiftBy1_1_ShiftBy1.c ****  *
   7:.\Generated_Source\PSoC5/ShiftBy1_1_ShiftBy1.c ****  * CONFIDENTIAL AND PROPRIETARY INFORMATION
   8:.\Generated_Source\PSoC5/ShiftBy1_1_ShiftBy1.c ****  * WHICH IS THE PROPERTY OF your company.
   9:.\Generated_Source\PSoC5/ShiftBy1_1_ShiftBy1.c ****  *
  10:.\Generated_Source\PSoC5/ShiftBy1_1_ShiftBy1.c ****  * ========================================
  11:.\Generated_Source\PSoC5/ShiftBy1_1_ShiftBy1.c **** */
  12:.\Generated_Source\PSoC5/ShiftBy1_1_ShiftBy1.c **** 
  13:.\Generated_Source\PSoC5/ShiftBy1_1_ShiftBy1.c **** #include "cytypes.h" 
  14:.\Generated_Source\PSoC5/ShiftBy1_1_ShiftBy1.c **** #include "ShiftBy1_1_ShiftBy1.h" 
  15:.\Generated_Source\PSoC5/ShiftBy1_1_ShiftBy1.c **** #include "ShiftBy1_1_defs.h" 
  16:.\Generated_Source\PSoC5/ShiftBy1_1_ShiftBy1.c ****  
  17:.\Generated_Source\PSoC5/ShiftBy1_1_ShiftBy1.c **** void ShiftBy1_1_SetInput(uint8 val) 
  18:.\Generated_Source\PSoC5/ShiftBy1_1_ShiftBy1.c **** { 
  27              		.loc 1 18 0
  28              		.cfi_startproc
  29              		@ args = 0, pretend = 0, frame = 0
  30              		@ frame_needed = 0, uses_anonymous_args = 0
  31              		@ link register save eliminated.
  32              	.LVL0:
  19:.\Generated_Source\PSoC5/ShiftBy1_1_ShiftBy1.c ****     /* Datapath_1 is the instance name from the UDB Editor */ 
  20:.\Generated_Source\PSoC5/ShiftBy1_1_ShiftBy1.c ****     CY_SET_REG8(ShiftBy1_1_Datapath_1_A0_PTR,val);  
  33              		.loc 1 20 0
  34 0000 014B     		ldr	r3, .L2
  35 0002 1870     		strb	r0, [r3]
  36 0004 7047     		bx	lr
  37              	.L3:
ARM GAS  C:\Users\cruiser\AppData\Local\Temp\ccuSb6Su.s 			page 2


  38 0006 00BF     		.align	2
  39              	.L2:
  40 0008 0B640040 		.word	1073767435
  41              		.cfi_endproc
  42              	.LFE0:
  43              		.size	ShiftBy1_1_SetInput, .-ShiftBy1_1_SetInput
  44              		.section	.text.ShiftBy1_1_GetInput,"ax",%progbits
  45              		.align	2
  46              		.global	ShiftBy1_1_GetInput
  47              		.thumb
  48              		.thumb_func
  49              		.type	ShiftBy1_1_GetInput, %function
  50              	ShiftBy1_1_GetInput:
  51              	.LFB1:
  21:.\Generated_Source\PSoC5/ShiftBy1_1_ShiftBy1.c **** } 
  22:.\Generated_Source\PSoC5/ShiftBy1_1_ShiftBy1.c ****  
  23:.\Generated_Source\PSoC5/ShiftBy1_1_ShiftBy1.c **** uint8 ShiftBy1_1_GetInput() 
  24:.\Generated_Source\PSoC5/ShiftBy1_1_ShiftBy1.c **** { 
  52              		.loc 1 24 0
  53              		.cfi_startproc
  54              		@ args = 0, pretend = 0, frame = 0
  55              		@ frame_needed = 0, uses_anonymous_args = 0
  56              		@ link register save eliminated.
  25:.\Generated_Source\PSoC5/ShiftBy1_1_ShiftBy1.c ****     return CY_GET_REG8(ShiftBy1_1_Datapath_1_A0_PTR); 
  57              		.loc 1 25 0
  58 0000 014B     		ldr	r3, .L5
  59 0002 1878     		ldrb	r0, [r3]	@ zero_extendqisi2
  26:.\Generated_Source\PSoC5/ShiftBy1_1_ShiftBy1.c **** } 
  60              		.loc 1 26 0
  61 0004 7047     		bx	lr
  62              	.L6:
  63 0006 00BF     		.align	2
  64              	.L5:
  65 0008 0B640040 		.word	1073767435
  66              		.cfi_endproc
  67              	.LFE1:
  68              		.size	ShiftBy1_1_GetInput, .-ShiftBy1_1_GetInput
  69              		.section	.text.ShiftBy1_1_GetOutput,"ax",%progbits
  70              		.align	2
  71              		.global	ShiftBy1_1_GetOutput
  72              		.thumb
  73              		.thumb_func
  74              		.type	ShiftBy1_1_GetOutput, %function
  75              	ShiftBy1_1_GetOutput:
  76              	.LFB2:
  27:.\Generated_Source\PSoC5/ShiftBy1_1_ShiftBy1.c ****  
  28:.\Generated_Source\PSoC5/ShiftBy1_1_ShiftBy1.c **** uint8 ShiftBy1_1_GetOutput(void) 
  29:.\Generated_Source\PSoC5/ShiftBy1_1_ShiftBy1.c **** { 
  77              		.loc 1 29 0
  78              		.cfi_startproc
  79              		@ args = 0, pretend = 0, frame = 0
  80              		@ frame_needed = 0, uses_anonymous_args = 0
  81              		@ link register save eliminated.
  30:.\Generated_Source\PSoC5/ShiftBy1_1_ShiftBy1.c ****     return CY_GET_REG8(ShiftBy1_1_Datapath_1_A1_PTR); 
  82              		.loc 1 30 0
  83 0000 014B     		ldr	r3, .L8
  84 0002 1878     		ldrb	r0, [r3]	@ zero_extendqisi2
ARM GAS  C:\Users\cruiser\AppData\Local\Temp\ccuSb6Su.s 			page 3


  31:.\Generated_Source\PSoC5/ShiftBy1_1_ShiftBy1.c **** } 
  85              		.loc 1 31 0
  86 0004 7047     		bx	lr
  87              	.L9:
  88 0006 00BF     		.align	2
  89              	.L8:
  90 0008 1B640040 		.word	1073767451
  91              		.cfi_endproc
  92              	.LFE2:
  93              		.size	ShiftBy1_1_GetOutput, .-ShiftBy1_1_GetOutput
  94              		.text
  95              	.Letext0:
  96              		.file 2 ".\\Generated_Source\\PSoC5\\cytypes.h"
  97              		.section	.debug_info,"",%progbits
  98              	.Ldebug_info0:
  99 0000 E7000000 		.4byte	0xe7
 100 0004 0400     		.2byte	0x4
 101 0006 00000000 		.4byte	.Ldebug_abbrev0
 102 000a 04       		.byte	0x4
 103 000b 01       		.uleb128 0x1
 104 000c B7000000 		.4byte	.LASF14
 105 0010 01       		.byte	0x1
 106 0011 43000000 		.4byte	.LASF15
 107 0015 00000000 		.4byte	.LASF16
 108 0019 00000000 		.4byte	.Ldebug_ranges0+0
 109 001d 00000000 		.4byte	0
 110 0021 00000000 		.4byte	.Ldebug_line0
 111 0025 02       		.uleb128 0x2
 112 0026 01       		.byte	0x1
 113 0027 06       		.byte	0x6
 114 0028 D2010000 		.4byte	.LASF0
 115 002c 02       		.uleb128 0x2
 116 002d 01       		.byte	0x1
 117 002e 08       		.byte	0x8
 118 002f 78000000 		.4byte	.LASF1
 119 0033 02       		.uleb128 0x2
 120 0034 02       		.byte	0x2
 121 0035 05       		.byte	0x5
 122 0036 B9010000 		.4byte	.LASF2
 123 003a 02       		.uleb128 0x2
 124 003b 02       		.byte	0x2
 125 003c 07       		.byte	0x7
 126 003d 9D000000 		.4byte	.LASF3
 127 0041 02       		.uleb128 0x2
 128 0042 04       		.byte	0x4
 129 0043 05       		.byte	0x5
 130 0044 C9010000 		.4byte	.LASF4
 131 0048 02       		.uleb128 0x2
 132 0049 04       		.byte	0x4
 133 004a 07       		.byte	0x7
 134 004b 8B000000 		.4byte	.LASF5
 135 004f 02       		.uleb128 0x2
 136 0050 08       		.byte	0x8
 137 0051 05       		.byte	0x5
 138 0052 92010000 		.4byte	.LASF6
 139 0056 02       		.uleb128 0x2
 140 0057 08       		.byte	0x8
ARM GAS  C:\Users\cruiser\AppData\Local\Temp\ccuSb6Su.s 			page 4


 141 0058 07       		.byte	0x7
 142 0059 66010000 		.4byte	.LASF7
 143 005d 03       		.uleb128 0x3
 144 005e 04       		.byte	0x4
 145 005f 05       		.byte	0x5
 146 0060 696E7400 		.ascii	"int\000"
 147 0064 02       		.uleb128 0x2
 148 0065 04       		.byte	0x4
 149 0066 07       		.byte	0x7
 150 0067 45010000 		.4byte	.LASF8
 151 006b 04       		.uleb128 0x4
 152 006c C3010000 		.4byte	.LASF12
 153 0070 02       		.byte	0x2
 154 0071 9201     		.2byte	0x192
 155 0073 2C000000 		.4byte	0x2c
 156 0077 02       		.uleb128 0x2
 157 0078 04       		.byte	0x4
 158 0079 04       		.byte	0x4
 159 007a 72000000 		.4byte	.LASF9
 160 007e 02       		.uleb128 0x2
 161 007f 08       		.byte	0x8
 162 0080 04       		.byte	0x4
 163 0081 B0000000 		.4byte	.LASF10
 164 0085 02       		.uleb128 0x2
 165 0086 01       		.byte	0x1
 166 0087 08       		.byte	0x8
 167 0088 A0010000 		.4byte	.LASF11
 168 008c 04       		.uleb128 0x4
 169 008d 86000000 		.4byte	.LASF13
 170 0091 02       		.byte	0x2
 171 0092 3C02     		.2byte	0x23c
 172 0094 98000000 		.4byte	0x98
 173 0098 05       		.uleb128 0x5
 174 0099 6B000000 		.4byte	0x6b
 175 009d 06       		.uleb128 0x6
 176 009e 52010000 		.4byte	.LASF17
 177 00a2 01       		.byte	0x1
 178 00a3 11       		.byte	0x11
 179 00a4 00000000 		.4byte	.LFB0
 180 00a8 0C000000 		.4byte	.LFE0-.LFB0
 181 00ac 01       		.uleb128 0x1
 182 00ad 9C       		.byte	0x9c
 183 00ae C0000000 		.4byte	0xc0
 184 00b2 07       		.uleb128 0x7
 185 00b3 76616C00 		.ascii	"val\000"
 186 00b7 01       		.byte	0x1
 187 00b8 11       		.byte	0x11
 188 00b9 6B000000 		.4byte	0x6b
 189 00bd 01       		.uleb128 0x1
 190 00be 50       		.byte	0x50
 191 00bf 00       		.byte	0
 192 00c0 08       		.uleb128 0x8
 193 00c1 A5010000 		.4byte	.LASF18
 194 00c5 01       		.byte	0x1
 195 00c6 17       		.byte	0x17
 196 00c7 6B000000 		.4byte	0x6b
 197 00cb 00000000 		.4byte	.LFB1
ARM GAS  C:\Users\cruiser\AppData\Local\Temp\ccuSb6Su.s 			page 5


 198 00cf 0C000000 		.4byte	.LFE1-.LFB1
 199 00d3 01       		.uleb128 0x1
 200 00d4 9C       		.byte	0x9c
 201 00d5 09       		.uleb128 0x9
 202 00d6 7D010000 		.4byte	.LASF19
 203 00da 01       		.byte	0x1
 204 00db 1C       		.byte	0x1c
 205 00dc 6B000000 		.4byte	0x6b
 206 00e0 00000000 		.4byte	.LFB2
 207 00e4 0C000000 		.4byte	.LFE2-.LFB2
 208 00e8 01       		.uleb128 0x1
 209 00e9 9C       		.byte	0x9c
 210 00ea 00       		.byte	0
 211              		.section	.debug_abbrev,"",%progbits
 212              	.Ldebug_abbrev0:
 213 0000 01       		.uleb128 0x1
 214 0001 11       		.uleb128 0x11
 215 0002 01       		.byte	0x1
 216 0003 25       		.uleb128 0x25
 217 0004 0E       		.uleb128 0xe
 218 0005 13       		.uleb128 0x13
 219 0006 0B       		.uleb128 0xb
 220 0007 03       		.uleb128 0x3
 221 0008 0E       		.uleb128 0xe
 222 0009 1B       		.uleb128 0x1b
 223 000a 0E       		.uleb128 0xe
 224 000b 55       		.uleb128 0x55
 225 000c 17       		.uleb128 0x17
 226 000d 11       		.uleb128 0x11
 227 000e 01       		.uleb128 0x1
 228 000f 10       		.uleb128 0x10
 229 0010 17       		.uleb128 0x17
 230 0011 00       		.byte	0
 231 0012 00       		.byte	0
 232 0013 02       		.uleb128 0x2
 233 0014 24       		.uleb128 0x24
 234 0015 00       		.byte	0
 235 0016 0B       		.uleb128 0xb
 236 0017 0B       		.uleb128 0xb
 237 0018 3E       		.uleb128 0x3e
 238 0019 0B       		.uleb128 0xb
 239 001a 03       		.uleb128 0x3
 240 001b 0E       		.uleb128 0xe
 241 001c 00       		.byte	0
 242 001d 00       		.byte	0
 243 001e 03       		.uleb128 0x3
 244 001f 24       		.uleb128 0x24
 245 0020 00       		.byte	0
 246 0021 0B       		.uleb128 0xb
 247 0022 0B       		.uleb128 0xb
 248 0023 3E       		.uleb128 0x3e
 249 0024 0B       		.uleb128 0xb
 250 0025 03       		.uleb128 0x3
 251 0026 08       		.uleb128 0x8
 252 0027 00       		.byte	0
 253 0028 00       		.byte	0
 254 0029 04       		.uleb128 0x4
ARM GAS  C:\Users\cruiser\AppData\Local\Temp\ccuSb6Su.s 			page 6


 255 002a 16       		.uleb128 0x16
 256 002b 00       		.byte	0
 257 002c 03       		.uleb128 0x3
 258 002d 0E       		.uleb128 0xe
 259 002e 3A       		.uleb128 0x3a
 260 002f 0B       		.uleb128 0xb
 261 0030 3B       		.uleb128 0x3b
 262 0031 05       		.uleb128 0x5
 263 0032 49       		.uleb128 0x49
 264 0033 13       		.uleb128 0x13
 265 0034 00       		.byte	0
 266 0035 00       		.byte	0
 267 0036 05       		.uleb128 0x5
 268 0037 35       		.uleb128 0x35
 269 0038 00       		.byte	0
 270 0039 49       		.uleb128 0x49
 271 003a 13       		.uleb128 0x13
 272 003b 00       		.byte	0
 273 003c 00       		.byte	0
 274 003d 06       		.uleb128 0x6
 275 003e 2E       		.uleb128 0x2e
 276 003f 01       		.byte	0x1
 277 0040 3F       		.uleb128 0x3f
 278 0041 19       		.uleb128 0x19
 279 0042 03       		.uleb128 0x3
 280 0043 0E       		.uleb128 0xe
 281 0044 3A       		.uleb128 0x3a
 282 0045 0B       		.uleb128 0xb
 283 0046 3B       		.uleb128 0x3b
 284 0047 0B       		.uleb128 0xb
 285 0048 27       		.uleb128 0x27
 286 0049 19       		.uleb128 0x19
 287 004a 11       		.uleb128 0x11
 288 004b 01       		.uleb128 0x1
 289 004c 12       		.uleb128 0x12
 290 004d 06       		.uleb128 0x6
 291 004e 40       		.uleb128 0x40
 292 004f 18       		.uleb128 0x18
 293 0050 9742     		.uleb128 0x2117
 294 0052 19       		.uleb128 0x19
 295 0053 01       		.uleb128 0x1
 296 0054 13       		.uleb128 0x13
 297 0055 00       		.byte	0
 298 0056 00       		.byte	0
 299 0057 07       		.uleb128 0x7
 300 0058 05       		.uleb128 0x5
 301 0059 00       		.byte	0
 302 005a 03       		.uleb128 0x3
 303 005b 08       		.uleb128 0x8
 304 005c 3A       		.uleb128 0x3a
 305 005d 0B       		.uleb128 0xb
 306 005e 3B       		.uleb128 0x3b
 307 005f 0B       		.uleb128 0xb
 308 0060 49       		.uleb128 0x49
 309 0061 13       		.uleb128 0x13
 310 0062 02       		.uleb128 0x2
 311 0063 18       		.uleb128 0x18
ARM GAS  C:\Users\cruiser\AppData\Local\Temp\ccuSb6Su.s 			page 7


 312 0064 00       		.byte	0
 313 0065 00       		.byte	0
 314 0066 08       		.uleb128 0x8
 315 0067 2E       		.uleb128 0x2e
 316 0068 00       		.byte	0
 317 0069 3F       		.uleb128 0x3f
 318 006a 19       		.uleb128 0x19
 319 006b 03       		.uleb128 0x3
 320 006c 0E       		.uleb128 0xe
 321 006d 3A       		.uleb128 0x3a
 322 006e 0B       		.uleb128 0xb
 323 006f 3B       		.uleb128 0x3b
 324 0070 0B       		.uleb128 0xb
 325 0071 49       		.uleb128 0x49
 326 0072 13       		.uleb128 0x13
 327 0073 11       		.uleb128 0x11
 328 0074 01       		.uleb128 0x1
 329 0075 12       		.uleb128 0x12
 330 0076 06       		.uleb128 0x6
 331 0077 40       		.uleb128 0x40
 332 0078 18       		.uleb128 0x18
 333 0079 9742     		.uleb128 0x2117
 334 007b 19       		.uleb128 0x19
 335 007c 00       		.byte	0
 336 007d 00       		.byte	0
 337 007e 09       		.uleb128 0x9
 338 007f 2E       		.uleb128 0x2e
 339 0080 00       		.byte	0
 340 0081 3F       		.uleb128 0x3f
 341 0082 19       		.uleb128 0x19
 342 0083 03       		.uleb128 0x3
 343 0084 0E       		.uleb128 0xe
 344 0085 3A       		.uleb128 0x3a
 345 0086 0B       		.uleb128 0xb
 346 0087 3B       		.uleb128 0x3b
 347 0088 0B       		.uleb128 0xb
 348 0089 27       		.uleb128 0x27
 349 008a 19       		.uleb128 0x19
 350 008b 49       		.uleb128 0x49
 351 008c 13       		.uleb128 0x13
 352 008d 11       		.uleb128 0x11
 353 008e 01       		.uleb128 0x1
 354 008f 12       		.uleb128 0x12
 355 0090 06       		.uleb128 0x6
 356 0091 40       		.uleb128 0x40
 357 0092 18       		.uleb128 0x18
 358 0093 9742     		.uleb128 0x2117
 359 0095 19       		.uleb128 0x19
 360 0096 00       		.byte	0
 361 0097 00       		.byte	0
 362 0098 00       		.byte	0
 363              		.section	.debug_aranges,"",%progbits
 364 0000 2C000000 		.4byte	0x2c
 365 0004 0200     		.2byte	0x2
 366 0006 00000000 		.4byte	.Ldebug_info0
 367 000a 04       		.byte	0x4
 368 000b 00       		.byte	0
ARM GAS  C:\Users\cruiser\AppData\Local\Temp\ccuSb6Su.s 			page 8


 369 000c 0000     		.2byte	0
 370 000e 0000     		.2byte	0
 371 0010 00000000 		.4byte	.LFB0
 372 0014 0C000000 		.4byte	.LFE0-.LFB0
 373 0018 00000000 		.4byte	.LFB1
 374 001c 0C000000 		.4byte	.LFE1-.LFB1
 375 0020 00000000 		.4byte	.LFB2
 376 0024 0C000000 		.4byte	.LFE2-.LFB2
 377 0028 00000000 		.4byte	0
 378 002c 00000000 		.4byte	0
 379              		.section	.debug_ranges,"",%progbits
 380              	.Ldebug_ranges0:
 381 0000 00000000 		.4byte	.LFB0
 382 0004 0C000000 		.4byte	.LFE0
 383 0008 00000000 		.4byte	.LFB1
 384 000c 0C000000 		.4byte	.LFE1
 385 0010 00000000 		.4byte	.LFB2
 386 0014 0C000000 		.4byte	.LFE2
 387 0018 00000000 		.4byte	0
 388 001c 00000000 		.4byte	0
 389              		.section	.debug_line,"",%progbits
 390              	.Ldebug_line0:
 391 0000 8A000000 		.section	.debug_str,"MS",%progbits,1
 391      02005200 
 391      00000201 
 391      FB0E0D00 
 391      01010101 
 392              	.LASF16:
 393 0000 433A5C55 		.ascii	"C:\\Users\\cruiser\\Documents\\PSoC Creator\\Voltro"
 393      73657273 
 393      5C637275 
 393      69736572 
 393      5C446F63 
 394 002e 6E5C566F 		.ascii	"n\\Voltron Main.cydsn\000"
 394      6C74726F 
 394      6E204D61 
 394      696E2E63 
 394      7964736E 
 395              	.LASF15:
 396 0043 2E5C4765 		.ascii	".\\Generated_Source\\PSoC5\\ShiftBy1_1_ShiftBy1.c\000"
 396      6E657261 
 396      7465645F 
 396      536F7572 
 396      63655C50 
 397              	.LASF9:
 398 0072 666C6F61 		.ascii	"float\000"
 398      7400
 399              	.LASF1:
 400 0078 756E7369 		.ascii	"unsigned char\000"
 400      676E6564 
 400      20636861 
 400      7200
 401              	.LASF13:
 402 0086 72656738 		.ascii	"reg8\000"
 402      00
 403              	.LASF5:
 404 008b 6C6F6E67 		.ascii	"long unsigned int\000"
ARM GAS  C:\Users\cruiser\AppData\Local\Temp\ccuSb6Su.s 			page 9


 404      20756E73 
 404      69676E65 
 404      6420696E 
 404      7400
 405              	.LASF3:
 406 009d 73686F72 		.ascii	"short unsigned int\000"
 406      7420756E 
 406      7369676E 
 406      65642069 
 406      6E7400
 407              	.LASF10:
 408 00b0 646F7562 		.ascii	"double\000"
 408      6C6500
 409              	.LASF14:
 410 00b7 474E5520 		.ascii	"GNU C 4.9.3 20150303 (release) [ARM/embedded-4_9-br"
 410      4320342E 
 410      392E3320 
 410      32303135 
 410      30333033 
 411 00ea 616E6368 		.ascii	"anch revision 221220] -mcpu=cortex-m3 -mthumb -g -O"
 411      20726576 
 411      6973696F 
 411      6E203232 
 411      31323230 
 412 011d 67202D66 		.ascii	"g -ffunction-sections -ffat-lto-objects\000"
 412      66756E63 
 412      74696F6E 
 412      2D736563 
 412      74696F6E 
 413              	.LASF8:
 414 0145 756E7369 		.ascii	"unsigned int\000"
 414      676E6564 
 414      20696E74 
 414      00
 415              	.LASF17:
 416 0152 53686966 		.ascii	"ShiftBy1_1_SetInput\000"
 416      74427931 
 416      5F315F53 
 416      6574496E 
 416      70757400 
 417              	.LASF7:
 418 0166 6C6F6E67 		.ascii	"long long unsigned int\000"
 418      206C6F6E 
 418      6720756E 
 418      7369676E 
 418      65642069 
 419              	.LASF19:
 420 017d 53686966 		.ascii	"ShiftBy1_1_GetOutput\000"
 420      74427931 
 420      5F315F47 
 420      65744F75 
 420      74707574 
 421              	.LASF6:
 422 0192 6C6F6E67 		.ascii	"long long int\000"
 422      206C6F6E 
 422      6720696E 
 422      7400
ARM GAS  C:\Users\cruiser\AppData\Local\Temp\ccuSb6Su.s 			page 10


 423              	.LASF11:
 424 01a0 63686172 		.ascii	"char\000"
 424      00
 425              	.LASF18:
 426 01a5 53686966 		.ascii	"ShiftBy1_1_GetInput\000"
 426      74427931 
 426      5F315F47 
 426      6574496E 
 426      70757400 
 427              	.LASF2:
 428 01b9 73686F72 		.ascii	"short int\000"
 428      7420696E 
 428      7400
 429              	.LASF12:
 430 01c3 75696E74 		.ascii	"uint8\000"
 430      3800
 431              	.LASF4:
 432 01c9 6C6F6E67 		.ascii	"long int\000"
 432      20696E74 
 432      00
 433              	.LASF0:
 434 01d2 7369676E 		.ascii	"signed char\000"
 434      65642063 
 434      68617200 
 435              		.ident	"GCC: (GNU Tools for ARM Embedded Processors) 4.9.3 20150303 (release) [ARM/embedded-4_9-br
