#***************************************************************************

#sjplacer

#Version:            1.1

#Build Date:         Apr 25 2016 12:55:34

#File Generated:     Sep 7 2016 21:40:05

#Purpose:            

#Copyright (C) 2010-2011 by Softjin Technologies Pvt Ltd. All rights reserved.

#***************************************************************************

Executing : C:\Program Files (x86)\Cypress\PSoC Creator\3.3\PSoC Creator\bin/sjplacer.exe --proj-name Voltron Main --netlist-vh2 Voltron Main_p.vh2 --arch-file C:\Program Files (x86)\Cypress\PSoC Creator\3.3\PSoC Creator\dev/arch/p35_udb4x6.ark --rrg-file C:\Program Files (x86)\Cypress\PSoC Creator\3.3\PSoC Creator\dev/psoc5/psoc5lp/route_arch-rrg.cydata --irq-file C:\Program Files (x86)\Cypress\PSoC Creator\3.3\PSoC Creator\dev/psoc5/psoc5lp/irqconn.cydata --drq-file C:\Program Files (x86)\Cypress\PSoC Creator\3.3\PSoC Creator\dev/psoc5/psoc5lp/dmaconn.cydata --dsi-conn-file C:\Program Files (x86)\Cypress\PSoC Creator\3.3\PSoC Creator\dev/psoc5/psoc5lp/dsiconn.cydata --pins-file pins_68-QFN.xml --lib-file Voltron Main_p.lib --sdc-file Voltron Main.sdc --io-pcf Voltron Main.pci --outdir .

		Softjin Techologies Placer, Version 1.1

Build Date : Apr 25 2016	12:53:53

D2004: Option and Settings Summary
=============================================================
Netlist vh2 file          - Voltron Main_p.vh2
Architecture file         - C:\Program Files (x86)\Cypress\PSoC Creator\3.3\PSoC Creator\dev/arch/p35_udb4x6.ark
Package                   - 
Defparam file             - 
SDC file                  - Voltron Main.sdc
Output directory          - .
Timing library            - Voltron Main_p.lib
IO Placement file         - Voltron Main.pci

D2050: Starting reading inputs for placer
=============================================================
D2065: Reading netlist file : "Voltron Main_p.vh2"
D2065: Reading arch file : "C:\Program Files (x86)\Cypress\PSoC Creator\3.3\PSoC Creator\dev/arch/p35_udb4x6.ark"
D2051: Reading of inputs for placer completed successfully

D2053: Starting placement of the design
=============================================================

Phase 2
Phase 3

Design Statistics after Packing
    Number of Combinational MCs 	:	12
    Number of Sequential MCs    	:	27
    Number of DPs               	:	1
    Number of Controls          	:	1
    Number of Status            	:	2
    Number of SyncCells         	:	6
    Number of count7cells       	:	1

Device Utilization Summary after Packing
    Macrocells                  :	39/192
    UDBS                        :	7/24
    IOs                         :	31/72


D2088: Phase 3, elapsed time : 0.0 (sec)

Phase 4
D2088: Phase 4, elapsed time : 0.0 (sec)

Phase 5
D2088: Phase 5, elapsed time : 0.0 (sec)

Phase 6

######################################################################
Placement Timing Summary

The timing summary is based on estimated routing delays after
placement. For final timing report, please carry out the timing
analysis after routing.
======================================================================

######################################################################
                     Clock Summary 
======================================================================
Number of clocks: 19
Clock: CyBUS_CLK            | Frequency: N/A       | Target:  72.0 MHz
Clock: CyBUS_CLK(fixed-function) | Frequency: N/A       | Target:  72.0 MHz
Clock: CyILO                | Frequency: N/A       | Target:   0.1 MHz
Clock: CyIMO                | Frequency: N/A       | Target:  24.0 MHz
Clock: CyMASTER_CLK         | Frequency: N/A       | Target:  72.0 MHz
Clock: CyPLL_OUT            | Frequency: N/A       | Target:  72.0 MHz
Clock: DelSig_Ext_CP_Clk    | Frequency: N/A       | Target:  72.0 MHz
Clock: DelSig_Ext_CP_Clk(routed) | Frequency: N/A       | Target:  72.0 MHz
Clock: DelSig_theACLK       | Frequency: N/A       | Target:   0.2 MHz
Clock: DelSig_theACLK(fixed-function) | Frequency: N/A       | Target:   0.2 MHz
Clock: RAM2FILTER1/termout  | Frequency:  70.2 MHz | Target:  36.0 MHz
Clock: SAR1_theACLK         | Frequency: N/A       | Target:  18.0 MHz
Clock: SAR1_theACLK(routed) | Frequency: N/A       | Target:  18.0 MHz
Clock: SAR2RAM1/termout     | Frequency:  70.2 MHz | Target:  36.0 MHz
Clock: SAR2_theACLK         | Frequency: N/A       | Target:  18.0 MHz
Clock: SAR2_theACLK(routed) | Frequency: N/A       | Target:  18.0 MHz
Clock: SPIS_IntClock        | Frequency:  94.4 MHz | Target:   2.0 MHz
Clock: SPI_SCLK(0)_PAD      | Frequency:  45.2 MHz | Target:   0.1 MHz
Clock: \DelSig:DSM\/dec_clock | Frequency: N/A       | Target:   0.1 MHz

======================================================================
                     End of Clock Summary
######################################################################

D2088: Phase 6, elapsed time : 0.1 (sec)

Phase 7
######################################################################
                     Clock Summary 
======================================================================
Number of clocks: 19
Clock: CyBUS_CLK            | Frequency: N/A       | Target:  72.0 MHz
Clock: CyBUS_CLK(fixed-function) | Frequency: N/A       | Target:  72.0 MHz
Clock: CyILO                | Frequency: N/A       | Target:   0.1 MHz
Clock: CyIMO                | Frequency: N/A       | Target:  24.0 MHz
Clock: CyMASTER_CLK         | Frequency: N/A       | Target:  72.0 MHz
Clock: CyPLL_OUT            | Frequency: N/A       | Target:  72.0 MHz
Clock: DelSig_Ext_CP_Clk    | Frequency: N/A       | Target:  72.0 MHz
Clock: DelSig_Ext_CP_Clk(routed) | Frequency: N/A       | Target:  72.0 MHz
Clock: DelSig_theACLK       | Frequency: N/A       | Target:   0.2 MHz
Clock: DelSig_theACLK(fixed-function) | Frequency: N/A       | Target:   0.2 MHz
Clock: RAM2FILTER1/termout  | Frequency:  70.2 MHz | Target:  36.0 MHz
Clock: SAR1_theACLK         | Frequency: N/A       | Target:  18.0 MHz
Clock: SAR1_theACLK(routed) | Frequency: N/A       | Target:  18.0 MHz
Clock: SAR2RAM1/termout     | Frequency:  70.2 MHz | Target:  36.0 MHz
Clock: SAR2_theACLK         | Frequency: N/A       | Target:  18.0 MHz
Clock: SAR2_theACLK(routed) | Frequency: N/A       | Target:  18.0 MHz
Clock: SPIS_IntClock        | Frequency:  94.4 MHz | Target:   2.0 MHz
Clock: SPI_SCLK(0)_PAD      | Frequency:  45.2 MHz | Target:   0.1 MHz
Clock: \DelSig:DSM\/dec_clock | Frequency: N/A       | Target:   0.1 MHz

======================================================================
                     End of Clock Summary
######################################################################
D2088: Phase 7, elapsed time : 0.7 (sec)

Final Design Statistics
    Number of Combinational MCs 	:	12
    Number of Sequential MCs    	:	27
    Number of DPs               	:	1
    Number of Controls          	:	1
    Number of Status            	:	2
    Number of SyncCells         	:	6
    Number of count7cells       	:	1
    Number of IOs       	:	31

Device Utilization Summary
    Macrocells                  :	39/192
    IOs                         :	31/72



######################################################################
Placement Timing Summary

The timing summary is based on estimated routing delays after
placement. For final timing report, please carry out the timing
analysis after routing.
======================================================================


######################################################################
                     Clock Summary 
======================================================================
Number of clocks: 19
Clock: CyBUS_CLK            | Frequency: N/A       | Target:  72.0 MHz
Clock: CyBUS_CLK(fixed-function) | Frequency: N/A       | Target:  72.0 MHz
Clock: CyILO                | Frequency: N/A       | Target:   0.1 MHz
Clock: CyIMO                | Frequency: N/A       | Target:  24.0 MHz
Clock: CyMASTER_CLK         | Frequency: N/A       | Target:  72.0 MHz
Clock: CyPLL_OUT            | Frequency: N/A       | Target:  72.0 MHz
Clock: DelSig_Ext_CP_Clk    | Frequency: N/A       | Target:  72.0 MHz
Clock: DelSig_Ext_CP_Clk(routed) | Frequency: N/A       | Target:  72.0 MHz
Clock: DelSig_theACLK       | Frequency: N/A       | Target:   0.2 MHz
Clock: DelSig_theACLK(fixed-function) | Frequency: N/A       | Target:   0.2 MHz
Clock: RAM2FILTER1/termout  | Frequency:  70.2 MHz | Target:  38.5 MHz
Clock: SAR1_theACLK         | Frequency: N/A       | Target:  18.0 MHz
Clock: SAR1_theACLK(routed) | Frequency: N/A       | Target:  18.0 MHz
Clock: SAR2RAM1/termout     | Frequency:  70.2 MHz | Target:  38.5 MHz
Clock: SAR2_theACLK         | Frequency: N/A       | Target:  18.0 MHz
Clock: SAR2_theACLK(routed) | Frequency: N/A       | Target:  18.0 MHz
Clock: SPIS_IntClock        | Frequency:  85.5 MHz | Target:   2.2 MHz
Clock: SPI_SCLK(0)_PAD      | Frequency:  45.2 MHz | Target:   0.1 MHz
Clock: \DelSig:DSM\/dec_clock | Frequency: N/A       | Target:   0.1 MHz

======================================================================
                     End of Clock Summary
######################################################################

Phase 8
D2088: Phase 8, elapsed time : 0.0 (sec)

D2054: Placement of the design completed successfully

I2076: Total run-time: 1.9 sec.

